Using pre-set license
Built from '2022.3/staging' branch; Version is '2022.3.7f1 (b16b3b16c7a0) revision 11627323'; Using compiler version '192829333'; Build Type 'Release'
OS: 'Windows 11  (10.0.22631) 64bit Core' Language: 'da' Physical Memory: 16123 MB
BatchMode: 1, IsHumanControllingUs: 0, StartBugReporterOnCrash: 0, Is64bit: 1, IsPro: 1

COMMAND LINE ARGUMENTS:
C:\Program Files\Unity\Hub\Editor\2022.3.7f1\Editor\Unity.exe
-adb2
-batchMode
-noUpm
-name
AssetImportWorker2
-projectPath
C:/Users/patri/Space Invader
-logFile
Logs/AssetImportWorker2.log
-srvPort
50387
Successfully changed project path to: C:/Users/patri/Space Invader
C:/Users/patri/Space Invader
[UnityMemory] Configuration Parameters - Can be set up in boot.config
    "memorysetup-bucket-allocator-granularity=16"
    "memorysetup-bucket-allocator-bucket-count=8"
    "memorysetup-bucket-allocator-block-size=33554432"
    "memorysetup-bucket-allocator-block-count=8"
    "memorysetup-main-allocator-block-size=16777216"
    "memorysetup-thread-allocator-block-size=16777216"
    "memorysetup-gfx-main-allocator-block-size=16777216"
    "memorysetup-gfx-thread-allocator-block-size=16777216"
    "memorysetup-cache-allocator-block-size=4194304"
    "memorysetup-typetree-allocator-block-size=2097152"
    "memorysetup-profiler-bucket-allocator-granularity=16"
    "memorysetup-profiler-bucket-allocator-bucket-count=8"
    "memorysetup-profiler-bucket-allocator-block-size=33554432"
    "memorysetup-profiler-bucket-allocator-block-count=8"
    "memorysetup-profiler-allocator-block-size=16777216"
    "memorysetup-profiler-editor-allocator-block-size=1048576"
    "memorysetup-temp-allocator-size-main=16777216"
    "memorysetup-job-temp-allocator-block-size=2097152"
    "memorysetup-job-temp-allocator-block-size-background=1048576"
    "memorysetup-job-temp-allocator-reduction-small-platforms=262144"
    "memorysetup-allocator-temp-initial-block-size-main=262144"
    "memorysetup-allocator-temp-initial-block-size-worker=262144"
    "memorysetup-temp-allocator-size-background-worker=32768"
    "memorysetup-temp-allocator-size-job-worker=262144"
    "memorysetup-temp-allocator-size-preload-manager=33554432"
    "memorysetup-temp-allocator-size-nav-mesh-worker=65536"
    "memorysetup-temp-allocator-size-audio-worker=65536"
    "memorysetup-temp-allocator-size-cloud-worker=32768"
    "memorysetup-temp-allocator-size-gi-baking-worker=262144"
    "memorysetup-temp-allocator-size-gfx=262144"
Player connection [32776] Host "[IP] 192.168.230.1 [Port] 0 [Flags] 2 [Guid] 2803546561 [EditorId] 2803546561 [Version] 1048832 [Id] WindowsEditor(7,RexStarGame) [Debug] 1 [PackageName] WindowsEditor [ProjectName] Editor" joined multi-casting on [225.0.0.222:54997]...

Player connection [32776] Host "[IP] 192.168.230.1 [Port] 0 [Flags] 2 [Guid] 2803546561 [EditorId] 2803546561 [Version] 1048832 [Id] WindowsEditor(7,RexStarGame) [Debug] 1 [PackageName] WindowsEditor [ProjectName] Editor" joined alternative multi-casting on [225.0.0.222:34997]...

Refreshing native plugins compatible for Editor in 3846.06 ms, found 4 plugins.
Preloading 0 native plugins for Editor in 0.00 ms.
Initialize engine version: 2022.3.7f1 (b16b3b16c7a0)
[Subsystems] Discovering subsystems at path C:/Program Files/Unity/Hub/Editor/2022.3.7f1/Editor/Data/Resources/UnitySubsystems
[Subsystems] Discovering subsystems at path C:/Users/patri/Space Invader/Assets
GfxDevice: creating device client; threaded=0; jobified=0
Direct3D:
    Version:  Direct3D 11.0 [level 11.1]
    Renderer: NVIDIA GeForce RTX 4070 Laptop GPU (ID=0x2860)
    Vendor:   NVIDIA
    VRAM:     7962 MB
    Driver:   31.0.15.3210
Initialize mono
Mono path[0] = 'C:/Program Files/Unity/Hub/Editor/2022.3.7f1/Editor/Data/Managed'
Mono path[1] = 'C:/Program Files/Unity/Hub/Editor/2022.3.7f1/Editor/Data/MonoBleedingEdge/lib/mono/unityjit-win32'
Mono config path = 'C:/Program Files/Unity/Hub/Editor/2022.3.7f1/Editor/Data/MonoBleedingEdge/etc'
Using monoOptions --debugger-agent=transport=dt_socket,embedding=1,server=y,suspend=n,address=127.0.0.1:56860
Begin MonoManager ReloadAssembly
Registering precompiled unity dll's ...
Register platform support module: C:/Program Files/Unity/Hub/Editor/2022.3.7f1/Editor/Data/PlaybackEngines/AndroidPlayer/UnityEditor.Android.Extensions.dll
Register platform support module: C:/Program Files/Unity/Hub/Editor/2022.3.7f1/Editor/Data/PlaybackEngines/WindowsStandaloneSupport/UnityEditor.WindowsStandalone.Extensions.dll
Registered in 0.012638 seconds.
- Loaded All Assemblies, in  8.123 seconds
Native extension for WindowsStandalone target not found
Native extension for Android target not found
Android Extension - Scanning For ADB Devices 300 ms
Mono: successfully reloaded assembly
- Finished resetting the current domain, in  0.529 seconds
Domain Reload Profiling: 8649ms
	BeginReloadAssembly (5219ms)
		ExecutionOrderSort (0ms)
		DisableScriptedObjects (0ms)
		BackupInstance (0ms)
		ReleaseScriptingObjects (0ms)
		CreateAndSetChildDomain (0ms)
	RebuildCommonClasses (596ms)
	RebuildNativeTypeToScriptingClass (6ms)
	initialDomainReloadingComplete (51ms)
	LoadAllAssembliesAndSetupDomain (2248ms)
		LoadAssemblies (5220ms)
		RebuildTransferFunctionScriptingTraits (0ms)
		AnalyzeDomain (2244ms)
			TypeCache.Refresh (2243ms)
				TypeCache.ScanAssembly (1564ms)
			ScanForSourceGeneratedMonoScriptInfo (0ms)
			ResolveRequiredComponents (0ms)
	FinalizeReload (529ms)
		ReleaseScriptCaches (0ms)
		RebuildScriptCaches (0ms)
		SetupLoadedEditorAssemblies (494ms)
			LogAssemblyErrors (0ms)
			InitializePlatformSupportModulesInManaged (399ms)
			SetLoadedEditorAssemblies (2ms)
			RefreshPlugins (0ms)
			BeforeProcessingInitializeOnLoad (1ms)
			ProcessInitializeOnLoadAttributes (51ms)
			ProcessInitializeOnLoadMethodAttributes (40ms)
			AfterProcessingInitializeOnLoad (0ms)
			EditorAssembliesLoaded (0ms)
		ExecutionOrderSort2 (0ms)
		AwakeInstancesAfterBackupRestoration (0ms)
========================================================================
Worker process is ready to serve import requests
Begin MonoManager ReloadAssembly
Symbol file LoadedFromMemory doesn't match image C:\Users\patri\Space Invader\Library\PackageCache\com.unity.visualscripting@1.8.0\Editor\VisualScripting.Core\Dependencies\YamlDotNet\Unity.VisualScripting.YamlDotNet.dll
Symbol file LoadedFromMemory doesn't match image C:\Users\patri\Space Invader\Library\PackageCache\com.unity.visualscripting@1.8.0\Editor\VisualScripting.Core\Dependencies\DotNetZip\Unity.VisualScripting.IonicZip.dll
- Loaded All Assemblies, in  4.890 seconds
Refreshing native plugins compatible for Editor in 6.69 ms, found 4 plugins.
Native extension for WindowsStandalone target not found
Native extension for Android target not found
Mono: successfully reloaded assembly
- Finished resetting the current domain, in  0.365 seconds
Domain Reload Profiling: 5248ms
	BeginReloadAssembly (107ms)
		ExecutionOrderSort (0ms)
		DisableScriptedObjects (3ms)
		BackupInstance (0ms)
		ReleaseScriptingObjects (0ms)
		CreateAndSetChildDomain (14ms)
	RebuildCommonClasses (22ms)
	RebuildNativeTypeToScriptingClass (7ms)
	initialDomainReloadingComplete (37ms)
	LoadAllAssembliesAndSetupDomain (4710ms)
		LoadAssemblies (4268ms)
		RebuildTransferFunctionScriptingTraits (0ms)
		AnalyzeDomain (509ms)
			TypeCache.Refresh (494ms)
				TypeCache.ScanAssembly (352ms)
			ScanForSourceGeneratedMonoScriptInfo (12ms)
			ResolveRequiredComponents (3ms)
	FinalizeReload (365ms)
		ReleaseScriptCaches (0ms)
		RebuildScriptCaches (0ms)
		SetupLoadedEditorAssemblies (263ms)
			LogAssemblyErrors (0ms)
			InitializePlatformSupportModulesInManaged (16ms)
			SetLoadedEditorAssemblies (3ms)
			RefreshPlugins (0ms)
			BeforeProcessingInitializeOnLoad (50ms)
			ProcessInitializeOnLoadAttributes (164ms)
			ProcessInitializeOnLoadMethodAttributes (19ms)
			AfterProcessingInitializeOnLoad (9ms)
			EditorAssembliesLoaded (0ms)
		ExecutionOrderSort2 (0ms)
		AwakeInstancesAfterBackupRestoration (4ms)
Launched and connected shader compiler UnityShaderCompiler.exe after 0.06 seconds
Refreshing native plugins compatible for Editor in 5.88 ms, found 4 plugins.
Preloading 0 native plugins for Editor in 0.00 ms.
Unloading 4112 Unused Serialized files (Serialized files now loaded: 0)
Unloading 63 unused Assets / (60.5 KB). Loaded Objects now: 4584.
Memory consumption went from 151.0 MB to 150.9 MB.
Total: 3.494000 ms (FindLiveObjects: 0.251900 ms CreateObjectMapping: 0.089300 ms MarkObjects: 3.046800 ms  DeleteObjects: 0.105100 ms)

AssetImportParameters requested are different than current active one (requested -> active):
  custom:container-demuxer-ogg: 62fdf1f143b41e24485cea50d1cbac27 -> 
  custom:video-codec-MediaFoundation-h265: 746d11721c4dcdbdad8f713fa42b33f4 -> 
  custom:video-decoder-ogg-theora: a1e56fd34408186e4bbccfd4996cb3dc -> 
  custom:framework-win-MediaFoundation: 216162199b28c13a410421893ffa2e32 -> 
  custom:CustomObjectIndexerAttribute: 756ad292c208cfabdd7b50bc23989ffe -> 
  custom:container-demuxer-webm: 4f35f7cbe854078d1ac9338744f61a02 -> 
  custom:container-muxer-webm: aa71ff27fc2769a1b78a27578f13a17b -> 
  custom:video-decoder-webm-vp8: 9c59270c3fd7afecdb556c50c9e8de78 -> 
  custom:SearchIndexIgnoredProperties: e643bd26f0fe6173181afceb89e7c659 -> 
  custom:AudioImporter_EditorPlatform: d09bf68614088b80899f8185d706f6e7 -> 
  custom:video-encoder-webm-vp8: eb34c28f22e8b96e1ab97ce403110664 -> 
  custom:audio-decoder-ogg-vorbis: bf7c407c2cedff20999df2af8eb42d56 -> 
  custom:audio-encoder-webm-vorbis: bf7c407c2cedff20999df2af8eb42d56 -> 
  custom:scripting/precompiled-assembly-types:Assembly-CSharp: 8c483833661e58470d6c8a2d7dff384f -> 5f2b980374b139da5d427aaec25b3f15
  custom:scripting/monoscript/fileName/MiniBossEnemy.cs:  -> 5a220e917fd8c460ccb30b3704ef970d
========================================================================
Received Prepare
Begin MonoManager ReloadAssembly
Symbol file LoadedFromMemory doesn't match image C:\Users\patri\Space Invader\Library\PackageCache\com.unity.visualscripting@1.8.0\Editor\VisualScripting.Core\Dependencies\YamlDotNet\Unity.VisualScripting.YamlDotNet.dll
Symbol file LoadedFromMemory doesn't match image C:\Users\patri\Space Invader\Library\PackageCache\com.unity.visualscripting@1.8.0\Editor\VisualScripting.Core\Dependencies\DotNetZip\Unity.VisualScripting.IonicZip.dll
- Loaded All Assemblies, in  0.378 seconds
Refreshing native plugins compatible for Editor in 5.43 ms, found 4 plugins.
Native extension for WindowsStandalone target not found
Native extension for Android target not found
Mono: successfully reloaded assembly
- Finished resetting the current domain, in  1.135 seconds
Domain Reload Profiling: 1506ms
	BeginReloadAssembly (118ms)
		ExecutionOrderSort (0ms)
		DisableScriptedObjects (7ms)
		BackupInstance (0ms)
		ReleaseScriptingObjects (0ms)
		CreateAndSetChildDomain (22ms)
	RebuildCommonClasses (24ms)
	RebuildNativeTypeToScriptingClass (8ms)
	initialDomainReloadingComplete (28ms)
	LoadAllAssembliesAndSetupDomain (194ms)
		LoadAssemblies (247ms)
		RebuildTransferFunctionScriptingTraits (0ms)
		AnalyzeDomain (9ms)
			TypeCache.Refresh (5ms)
				TypeCache.ScanAssembly (0ms)
			ScanForSourceGeneratedMonoScriptInfo (0ms)
			ResolveRequiredComponents (4ms)
	FinalizeReload (1135ms)
		ReleaseScriptCaches (0ms)
		RebuildScriptCaches (0ms)
		SetupLoadedEditorAssemblies (244ms)
			LogAssemblyErrors (0ms)
			InitializePlatformSupportModulesInManaged (19ms)
			SetLoadedEditorAssemblies (3ms)
			RefreshPlugins (0ms)
			BeforeProcessingInitializeOnLoad (56ms)
			ProcessInitializeOnLoadAttributes (136ms)
			ProcessInitializeOnLoadMethodAttributes (19ms)
			AfterProcessingInitializeOnLoad (10ms)
			EditorAssembliesLoaded (0ms)
		ExecutionOrderSort2 (0ms)
		AwakeInstancesAfterBackupRestoration (8ms)
Refreshing native plugins compatible for Editor in 5.51 ms, found 4 plugins.
Preloading 0 native plugins for Editor in 0.00 ms.
Unloading 4081 Unused Serialized files (Serialized files now loaded: 0)
Unloading 35 unused Assets / (34.6 KB). Loaded Objects now: 4589.
Memory consumption went from 142.9 MB to 142.8 MB.
Total: 3.027500 ms (FindLiveObjects: 0.202200 ms CreateObjectMapping: 0.091100 ms MarkObjects: 2.689600 ms  DeleteObjects: 0.043800 ms)

Prepare: number of updated asset objects reloaded= 0
AssetImportParameters requested are different than current active one (requested -> active):
  custom:container-demuxer-ogg: 62fdf1f143b41e24485cea50d1cbac27 -> 
  custom:video-codec-MediaFoundation-h265: 746d11721c4dcdbdad8f713fa42b33f4 -> 
  custom:video-decoder-ogg-theora: a1e56fd34408186e4bbccfd4996cb3dc -> 
  custom:framework-win-MediaFoundation: 216162199b28c13a410421893ffa2e32 -> 
  custom:CustomObjectIndexerAttribute: 756ad292c208cfabdd7b50bc23989ffe -> 
  custom:container-demuxer-webm: 4f35f7cbe854078d1ac9338744f61a02 -> 
  custom:container-muxer-webm: aa71ff27fc2769a1b78a27578f13a17b -> 
  custom:video-decoder-webm-vp8: 9c59270c3fd7afecdb556c50c9e8de78 -> 
  custom:SearchIndexIgnoredProperties: e643bd26f0fe6173181afceb89e7c659 -> 
  custom:AudioImporter_EditorPlatform: d09bf68614088b80899f8185d706f6e7 -> 
  custom:video-encoder-webm-vp8: eb34c28f22e8b96e1ab97ce403110664 -> 
  custom:audio-decoder-ogg-vorbis: bf7c407c2cedff20999df2af8eb42d56 -> 
  custom:audio-encoder-webm-vorbis: bf7c407c2cedff20999df2af8eb42d56 -> 
========================================================================
Received Import Request.
  Time since last request: 30214.456593 seconds.
  path: Assets/2D Pixel Spaceships (2 Small Ships + Explosions)/Prefabs/Fireball.prefab
  artifactKey: Guid(d17799e01588538449a360ded5bd038c) Importer(815301076,1909f56bfc062723c751e8b465ee728b)
Start importing Assets/2D Pixel Spaceships (2 Small Ships + Explosions)/Prefabs/Fireball.prefab using Guid(d17799e01588538449a360ded5bd038c) Importer(815301076,1909f56bfc062723c751e8b465ee728b)  -> (artifact id: '7cfd738b8157ed45bfcce7649a9ba69a') in 0.074932 seconds
Number of updated asset objects reloaded before import = 0
Number of asset objects unloaded after import = 10
========================================================================
Received Import Request.
  Time since last request: 1.638112 seconds.
  path: Assets/2D Pixel Spaceships (2 Small Ships + Explosions)/Prefabs/Fireball.prefab
  artifactKey: Guid(d17799e01588538449a360ded5bd038c) Importer(815301076,1909f56bfc062723c751e8b465ee728b)
Start importing Assets/2D Pixel Spaceships (2 Small Ships + Explosions)/Prefabs/Fireball.prefab using Guid(d17799e01588538449a360ded5bd038c) Importer(815301076,1909f56bfc062723c751e8b465ee728b)  -> (artifact id: '5c7d17a9e2d97bc2b4d2da0079e0bc6e') in 0.007786 seconds
Number of updated asset objects reloaded before import = 0
Number of asset objects unloaded after import = 10
========================================================================
Received Import Request.
  Time since last request: 2.388752 seconds.
  path: Assets/2D Pixel Spaceships (2 Small Ships + Explosions)/Prefabs/Fireball.prefab
  artifactKey: Guid(d17799e01588538449a360ded5bd038c) Importer(815301076,1909f56bfc062723c751e8b465ee728b)
Start importing Assets/2D Pixel Spaceships (2 Small Ships + Explosions)/Prefabs/Fireball.prefab using Guid(d17799e01588538449a360ded5bd038c) Importer(815301076,1909f56bfc062723c751e8b465ee728b)  -> (artifact id: '414ae5db2430fd79447ba639724f2e3e') in 0.012891 seconds
Number of updated asset objects reloaded before import = 0
Number of asset objects unloaded after import = 10
========================================================================
Received Prepare
Begin MonoManager ReloadAssembly
Symbol file LoadedFromMemory doesn't match image C:\Users\patri\Space Invader\Library\PackageCache\com.unity.visualscripting@1.8.0\Editor\VisualScripting.Core\Dependencies\YamlDotNet\Unity.VisualScripting.YamlDotNet.dll
Symbol file LoadedFromMemory doesn't match image C:\Users\patri\Space Invader\Library\PackageCache\com.unity.visualscripting@1.8.0\Editor\VisualScripting.Core\Dependencies\DotNetZip\Unity.VisualScripting.IonicZip.dll
- Loaded All Assemblies, in  0.343 seconds
Refreshing native plugins compatible for Editor in 5.07 ms, found 4 plugins.
Native extension for WindowsStandalone target not found
Native extension for Android target not found
Mono: successfully reloaded assembly
- Finished resetting the current domain, in  1.043 seconds
Domain Reload Profiling: 1380ms
	BeginReloadAssembly (108ms)
		ExecutionOrderSort (0ms)
		DisableScriptedObjects (6ms)
		BackupInstance (0ms)
		ReleaseScriptingObjects (0ms)
		CreateAndSetChildDomain (21ms)
	RebuildCommonClasses (18ms)
	RebuildNativeTypeToScriptingClass (6ms)
	initialDomainReloadingComplete (22ms)
	LoadAllAssembliesAndSetupDomain (183ms)
		LoadAssemblies (229ms)
		RebuildTransferFunctionScriptingTraits (0ms)
		AnalyzeDomain (9ms)
			TypeCache.Refresh (4ms)
				TypeCache.ScanAssembly (0ms)
			ScanForSourceGeneratedMonoScriptInfo (0ms)
			ResolveRequiredComponents (3ms)
	FinalizeReload (1043ms)
		ReleaseScriptCaches (0ms)
		RebuildScriptCaches (0ms)
		SetupLoadedEditorAssemblies (243ms)
			LogAssemblyErrors (0ms)
			InitializePlatformSupportModulesInManaged (17ms)
			SetLoadedEditorAssemblies (4ms)
			RefreshPlugins (0ms)
			BeforeProcessingInitializeOnLoad (53ms)
			ProcessInitializeOnLoadAttributes (139ms)
			ProcessInitializeOnLoadMethodAttributes (21ms)
			AfterProcessingInitializeOnLoad (8ms)
			EditorAssembliesLoaded (0ms)
		ExecutionOrderSort2 (0ms)
		AwakeInstancesAfterBackupRestoration (8ms)
Refreshing native plugins compatible for Editor in 5.02 ms, found 4 plugins.
Preloading 0 native plugins for Editor in 0.00 ms.
Unloading 4080 Unused Serialized files (Serialized files now loaded: 0)
Unloading 35 unused Assets / (34.7 KB). Loaded Objects now: 4600.
Memory consumption went from 142.7 MB to 142.7 MB.
Total: 2.460800 ms (FindLiveObjects: 0.161300 ms CreateObjectMapping: 0.054700 ms MarkObjects: 2.200300 ms  DeleteObjects: 0.043800 ms)

Prepare: number of updated asset objects reloaded= 0
AssetImportParameters requested are different than current active one (requested -> active):
  custom:container-demuxer-ogg: 62fdf1f143b41e24485cea50d1cbac27 -> 
  custom:video-codec-MediaFoundation-h265: 746d11721c4dcdbdad8f713fa42b33f4 -> 
  custom:video-decoder-ogg-theora: a1e56fd34408186e4bbccfd4996cb3dc -> 
  custom:framework-win-MediaFoundation: 216162199b28c13a410421893ffa2e32 -> 
  custom:CustomObjectIndexerAttribute: 756ad292c208cfabdd7b50bc23989ffe -> 
  custom:container-demuxer-webm: 4f35f7cbe854078d1ac9338744f61a02 -> 
  custom:container-muxer-webm: aa71ff27fc2769a1b78a27578f13a17b -> 
  custom:video-decoder-webm-vp8: 9c59270c3fd7afecdb556c50c9e8de78 -> 
  custom:SearchIndexIgnoredProperties: e643bd26f0fe6173181afceb89e7c659 -> 
  custom:AudioImporter_EditorPlatform: d09bf68614088b80899f8185d706f6e7 -> 
  custom:video-encoder-webm-vp8: eb34c28f22e8b96e1ab97ce403110664 -> 
  custom:audio-decoder-ogg-vorbis: bf7c407c2cedff20999df2af8eb42d56 -> 
  custom:audio-encoder-webm-vorbis: bf7c407c2cedff20999df2af8eb42d56 -> 
========================================================================
Received Import Request.
  Time since last request: 138.163291 seconds.
  path: Assets/Prefabs/Enemies-List.prefab
  artifactKey: Guid(e5ce6216359ab0344a1d8bdc800449e8) Importer(815301076,1909f56bfc062723c751e8b465ee728b)
Start importing Assets/Prefabs/Enemies-List.prefab using Guid(e5ce6216359ab0344a1d8bdc800449e8) Importer(815301076,1909f56bfc062723c751e8b465ee728b)  -> (artifact id: '7d178a8e98d85e44a8caa1db97e1c27e') in 0.155223 seconds
Number of updated asset objects reloaded before import = 0
Number of asset objects unloaded after import = 177
========================================================================
Received Import Request.
  Time since last request: 29.295551 seconds.
  path: Assets/2D Pixel Spaceships (2 Small Ships + Explosions)/Prefabs/Fireball.prefab
  artifactKey: Guid(d17799e01588538449a360ded5bd038c) Importer(815301076,1909f56bfc062723c751e8b465ee728b)
Start importing Assets/2D Pixel Spaceships (2 Small Ships + Explosions)/Prefabs/Fireball.prefab using Guid(d17799e01588538449a360ded5bd038c) Importer(815301076,1909f56bfc062723c751e8b465ee728b)  -> (artifact id: 'ebf8aa2004c64a4f81f49551e754e941') in 0.019879 seconds
Number of updated asset objects reloaded before import = 0
Number of asset objects unloaded after import = 10
========================================================================
Received Prepare
Begin MonoManager ReloadAssembly
Symbol file LoadedFromMemory doesn't match image C:\Users\patri\Space Invader\Library\PackageCache\com.unity.visualscripting@1.8.0\Editor\VisualScripting.Core\Dependencies\YamlDotNet\Unity.VisualScripting.YamlDotNet.dll
Symbol file LoadedFromMemory doesn't match image C:\Users\patri\Space Invader\Library\PackageCache\com.unity.visualscripting@1.8.0\Editor\VisualScripting.Core\Dependencies\DotNetZip\Unity.VisualScripting.IonicZip.dll
- Loaded All Assemblies, in  0.330 seconds
Refreshing native plugins compatible for Editor in 4.79 ms, found 4 plugins.
Native extension for WindowsStandalone target not found
Native extension for Android target not found
Mono: successfully reloaded assembly
- Finished resetting the current domain, in  0.676 seconds
Domain Reload Profiling: 1000ms
	BeginReloadAssembly (106ms)
		ExecutionOrderSort (0ms)
		DisableScriptedObjects (6ms)
		BackupInstance (0ms)
		ReleaseScriptingObjects (0ms)
		CreateAndSetChildDomain (23ms)
	RebuildCommonClasses (18ms)
	RebuildNativeTypeToScriptingClass (6ms)
	initialDomainReloadingComplete (23ms)
	LoadAllAssembliesAndSetupDomain (171ms)
		LoadAssemblies (216ms)
		RebuildTransferFunctionScriptingTraits (0ms)
		AnalyzeDomain (8ms)
			TypeCache.Refresh (4ms)
				TypeCache.ScanAssembly (0ms)
			ScanForSourceGeneratedMonoScriptInfo (0ms)
			ResolveRequiredComponents (3ms)
	FinalizeReload (676ms)
		ReleaseScriptCaches (0ms)
		RebuildScriptCaches (0ms)
		SetupLoadedEditorAssemblies (226ms)
			LogAssemblyErrors (0ms)
			InitializePlatformSupportModulesInManaged (17ms)
			SetLoadedEditorAssemblies (4ms)
			RefreshPlugins (0ms)
			BeforeProcessingInitializeOnLoad (53ms)
			ProcessInitializeOnLoadAttributes (127ms)
			ProcessInitializeOnLoadMethodAttributes (17ms)
			AfterProcessingInitializeOnLoad (8ms)
			EditorAssembliesLoaded (0ms)
		ExecutionOrderSort2 (0ms)
		AwakeInstancesAfterBackupRestoration (8ms)
Refreshing native plugins compatible for Editor in 5.75 ms, found 4 plugins.
Preloading 0 native plugins for Editor in 0.00 ms.
Unloading 4080 Unused Serialized files (Serialized files now loaded: 0)
Unloading 35 unused Assets / (34.6 KB). Loaded Objects now: 4605.
Memory consumption went from 142.7 MB to 142.7 MB.
Total: 2.288200 ms (FindLiveObjects: 0.207700 ms CreateObjectMapping: 0.055400 ms MarkObjects: 1.969200 ms  DeleteObjects: 0.054100 ms)

Prepare: number of updated asset objects reloaded= 0
AssetImportParameters requested are different than current active one (requested -> active):
  custom:container-demuxer-ogg: 62fdf1f143b41e24485cea50d1cbac27 -> 
  custom:video-codec-MediaFoundation-h265: 746d11721c4dcdbdad8f713fa42b33f4 -> 
  custom:video-decoder-ogg-theora: a1e56fd34408186e4bbccfd4996cb3dc -> 
  custom:framework-win-MediaFoundation: 216162199b28c13a410421893ffa2e32 -> 
  custom:CustomObjectIndexerAttribute: 756ad292c208cfabdd7b50bc23989ffe -> 
  custom:container-demuxer-webm: 4f35f7cbe854078d1ac9338744f61a02 -> 
  custom:container-muxer-webm: aa71ff27fc2769a1b78a27578f13a17b -> 
  custom:video-decoder-webm-vp8: 9c59270c3fd7afecdb556c50c9e8de78 -> 
  custom:SearchIndexIgnoredProperties: e643bd26f0fe6173181afceb89e7c659 -> 
  custom:AudioImporter_EditorPlatform: d09bf68614088b80899f8185d706f6e7 -> 
  custom:video-encoder-webm-vp8: eb34c28f22e8b96e1ab97ce403110664 -> 
  custom:audio-decoder-ogg-vorbis: bf7c407c2cedff20999df2af8eb42d56 -> 
  custom:audio-encoder-webm-vorbis: bf7c407c2cedff20999df2af8eb42d56 -> 
========================================================================
Received Import Request.
  Time since last request: 378.369684 seconds.
  path: Assets/Prefabs/Enemies-List.prefab
  artifactKey: Guid(e5ce6216359ab0344a1d8bdc800449e8) Importer(815301076,1909f56bfc062723c751e8b465ee728b)
Start importing Assets/Prefabs/Enemies-List.prefab using Guid(e5ce6216359ab0344a1d8bdc800449e8) Importer(815301076,1909f56bfc062723c751e8b465ee728b)  -> (artifact id: '5239b29ab190462b24b2a09b144dd5f6') in 0.058897 seconds
Number of updated asset objects reloaded before import = 0
Number of asset objects unloaded after import = 177
========================================================================
Received Prepare
Begin MonoManager ReloadAssembly
Symbol file LoadedFromMemory doesn't match image C:\Users\patri\Space Invader\Library\PackageCache\com.unity.visualscripting@1.8.0\Editor\VisualScripting.Core\Dependencies\YamlDotNet\Unity.VisualScripting.YamlDotNet.dll
Symbol file LoadedFromMemory doesn't match image C:\Users\patri\Space Invader\Library\PackageCache\com.unity.visualscripting@1.8.0\Editor\VisualScripting.Core\Dependencies\DotNetZip\Unity.VisualScripting.IonicZip.dll
- Loaded All Assemblies, in  0.385 seconds
Refreshing native plugins compatible for Editor in 5.12 ms, found 4 plugins.
Native extension for WindowsStandalone target not found
Native extension for Android target not found
Mono: successfully reloaded assembly
- Finished resetting the current domain, in  1.176 seconds
Domain Reload Profiling: 1552ms
	BeginReloadAssembly (111ms)
		ExecutionOrderSort (0ms)
		DisableScriptedObjects (6ms)
		BackupInstance (0ms)
		ReleaseScriptingObjects (0ms)
		CreateAndSetChildDomain (25ms)
	RebuildCommonClasses (18ms)
	RebuildNativeTypeToScriptingClass (6ms)
	initialDomainReloadingComplete (31ms)
	LoadAllAssembliesAndSetupDomain (210ms)
		LoadAssemblies (247ms)
		RebuildTransferFunctionScriptingTraits (0ms)
		AnalyzeDomain (17ms)
			TypeCache.Refresh (7ms)
				TypeCache.ScanAssembly (1ms)
			ScanForSourceGeneratedMonoScriptInfo (6ms)
			ResolveRequiredComponents (3ms)
	FinalizeReload (1176ms)
		ReleaseScriptCaches (0ms)
		RebuildScriptCaches (0ms)
		SetupLoadedEditorAssemblies (240ms)
			LogAssemblyErrors (0ms)
			InitializePlatformSupportModulesInManaged (18ms)
			SetLoadedEditorAssemblies (3ms)
			RefreshPlugins (0ms)
			BeforeProcessingInitializeOnLoad (58ms)
			ProcessInitializeOnLoadAttributes (127ms)
			ProcessInitializeOnLoadMethodAttributes (24ms)
			AfterProcessingInitializeOnLoad (9ms)
			EditorAssembliesLoaded (0ms)
		ExecutionOrderSort2 (0ms)
		AwakeInstancesAfterBackupRestoration (11ms)
Refreshing native plugins compatible for Editor in 4.91 ms, found 4 plugins.
Preloading 0 native plugins for Editor in 0.00 ms.
Unloading 4080 Unused Serialized files (Serialized files now loaded: 0)
Unloading 35 unused Assets / (34.7 KB). Loaded Objects now: 4609.
Memory consumption went from 142.7 MB to 142.7 MB.
Total: 2.922100 ms (FindLiveObjects: 0.184000 ms CreateObjectMapping: 0.064400 ms MarkObjects: 2.628900 ms  DeleteObjects: 0.044100 ms)

Prepare: number of updated asset objects reloaded= 0
AssetImportParameters requested are different than current active one (requested -> active):
  custom:container-demuxer-ogg: 62fdf1f143b41e24485cea50d1cbac27 -> 
  custom:video-codec-MediaFoundation-h265: 746d11721c4dcdbdad8f713fa42b33f4 -> 
  custom:video-decoder-ogg-theora: a1e56fd34408186e4bbccfd4996cb3dc -> 
  custom:framework-win-MediaFoundation: 216162199b28c13a410421893ffa2e32 -> 
  custom:CustomObjectIndexerAttribute: 756ad292c208cfabdd7b50bc23989ffe -> 
  custom:container-demuxer-webm: 4f35f7cbe854078d1ac9338744f61a02 -> 
  custom:container-muxer-webm: aa71ff27fc2769a1b78a27578f13a17b -> 
  custom:video-decoder-webm-vp8: 9c59270c3fd7afecdb556c50c9e8de78 -> 
  custom:SearchIndexIgnoredProperties: e643bd26f0fe6173181afceb89e7c659 -> 
  custom:AudioImporter_EditorPlatform: d09bf68614088b80899f8185d706f6e7 -> 
  custom:video-encoder-webm-vp8: eb34c28f22e8b96e1ab97ce403110664 -> 
  custom:audio-decoder-ogg-vorbis: bf7c407c2cedff20999df2af8eb42d56 -> 
  custom:audio-encoder-webm-vorbis: bf7c407c2cedff20999df2af8eb42d56 -> 
========================================================================
Received Import Request.
  Time since last request: 201.496372 seconds.
  path: Assets/Simple Vector Icons/Icons_Black outline/PSD icons_black outline/Devices PSD/Joystick.psd
  artifactKey: Guid(6b86c79a2e723944bb85de3b4f6daa81) Importer(815301076,1909f56bfc062723c751e8b465ee728b)
Start importing Assets/Simple Vector Icons/Icons_Black outline/PSD icons_black outline/Devices PSD/Joystick.psd using Guid(6b86c79a2e723944bb85de3b4f6daa81) Importer(815301076,1909f56bfc062723c751e8b465ee728b)  -> (artifact id: 'b8b193e761b017458486b73f86982b3a') in 0.063627 seconds
Number of updated asset objects reloaded before import = 0
Number of asset objects unloaded after import = 3
========================================================================
Received Import Request.
  Time since last request: 0.000196 seconds.
  path: Assets/Simple Vector Icons/Icons_Black outline/PNG icons_black outline/UI PNG/Joystick.png
  artifactKey: Guid(65aaeb71ece9a1c4885f51419f99e8da) Importer(815301076,1909f56bfc062723c751e8b465ee728b)
Start importing Assets/Simple Vector Icons/Icons_Black outline/PNG icons_black outline/UI PNG/Joystick.png using Guid(65aaeb71ece9a1c4885f51419f99e8da) Importer(815301076,1909f56bfc062723c751e8b465ee728b)  -> (artifact id: '6ffb65fa0300c78170bf4d0121849669') in 0.028119 seconds
Number of updated asset objects reloaded before import = 0
Number of asset objects unloaded after import = 3
========================================================================
Received Import Request.
  Time since last request: 0.035245 seconds.
  path: Assets/Simple Vector Icons/Icons_White/PNG icons_white/Map markers PNG/Marker 13.png
  artifactKey: Guid(ac01c11b23f4ee34a840be4f9c4c8e41) Importer(815301076,1909f56bfc062723c751e8b465ee728b)
Start importing Assets/Simple Vector Icons/Icons_White/PNG icons_white/Map markers PNG/Marker 13.png using Guid(ac01c11b23f4ee34a840be4f9c4c8e41) Importer(815301076,1909f56bfc062723c751e8b465ee728b)  -> (artifact id: 'f5ee453f2e0d758810c981a315eafff3') in 0.026927 seconds
Number of updated asset objects reloaded before import = 0
Number of asset objects unloaded after import = 3
========================================================================
Received Import Request.
  Time since last request: 0.017877 seconds.
  path: Assets/Simple Vector Icons/Icons_White/PSD icons_white/Map markers PSD/Marker 14.psd
  artifactKey: Guid(fe91f0dec4aa35c47b0a862a1e2127bf) Importer(815301076,1909f56bfc062723c751e8b465ee728b)
Start importing Assets/Simple Vector Icons/Icons_White/PSD icons_white/Map markers PSD/Marker 14.psd using Guid(fe91f0dec4aa35c47b0a862a1e2127bf) Importer(815301076,1909f56bfc062723c751e8b465ee728b)  -> (artifact id: 'df6ed11c5f9863c6cf8c9832e1b00a74') in 0.035736 seconds
Number of updated asset objects reloaded before import = 0
Number of asset objects unloaded after import = 3
========================================================================
Received Import Request.
  Time since last request: 0.006769 seconds.
  path: Assets/Simple Vector Icons/Icons_White/PNG icons_white/Map markers PNG/Marker 14.png
  artifactKey: Guid(1b789672eaad0e84fa3e03a47e1eeee6) Importer(815301076,1909f56bfc062723c751e8b465ee728b)
Start importing Assets/Simple Vector Icons/Icons_White/PNG icons_white/Map markers PNG/Marker 14.png using Guid(1b789672eaad0e84fa3e03a47e1eeee6) Importer(815301076,1909f56bfc062723c751e8b465ee728b)  -> (artifact id: 'b43838fb583fb9f1651d30d79a1a4281') in 0.018687 seconds
Number of updated asset objects reloaded before import = 0
Number of asset objects unloaded after import = 3
========================================================================
Received Import Request.
  Time since last request: 0.000034 seconds.
  path: Assets/Simple Vector Icons/Icons_White/PSD icons_white/Map markers PSD/Marker 15.psd
  artifactKey: Guid(68a06ca61f9a80544b23ae5d65123aa6) Importer(815301076,1909f56bfc062723c751e8b465ee728b)
Start importing Assets/Simple Vector Icons/Icons_White/PSD icons_white/Map markers PSD/Marker 15.psd using Guid(68a06ca61f9a80544b23ae5d65123aa6) Importer(815301076,1909f56bfc062723c751e8b465ee728b)  -> (artifact id: '58b64280be5577b5d56e1b45f36f322a') in 0.018175 seconds
Number of updated asset objects reloaded before import = 0
Number of asset objects unloaded after import = 3
========================================================================
Received Import Request.
  Time since last request: 0.000013 seconds.
  path: Assets/Simple Vector Icons/Icons_Black outline/PSD icons_black outline/Map markers PSD/Marker 14.psd
  artifactKey: Guid(0c11bdb0e9cee6749ac4e3a776edabe2) Importer(815301076,1909f56bfc062723c751e8b465ee728b)
Start importing Assets/Simple Vector Icons/Icons_Black outline/PSD icons_black outline/Map markers PSD/Marker 14.psd using Guid(0c11bdb0e9cee6749ac4e3a776edabe2) Importer(815301076,1909f56bfc062723c751e8b465ee728b)  -> (artifact id: '775a2b4e4debfc0b745c0ca5357f711c') in 0.029107 seconds
Number of updated asset objects reloaded before import = 0
Number of asset objects unloaded after import = 3
========================================================================
Received Import Request.
  Time since last request: 0.000023 seconds.
  path: Assets/Simple Vector Icons/Icons_White/PSD icons_white/Map markers PSD/Marker 18.psd
  artifactKey: Guid(1261b9487a5f2834abe4642134c58c28) Importer(815301076,1909f56bfc062723c751e8b465ee728b)
Start importing Assets/Simple Vector Icons/Icons_White/PSD icons_white/Map markers PSD/Marker 18.psd using Guid(1261b9487a5f2834abe4642134c58c28) Importer(815301076,1909f56bfc062723c751e8b465ee728b)  -> (artifact id: '49a58756d56872371c144bf5cbc12316') in 0.033284 seconds
Number of updated asset objects reloaded before import = 0
Number of asset objects unloaded after import = 3
========================================================================
Received Import Request.
  Time since last request: 0.019592 seconds.
  path: Assets/Simple Vector Icons/Icons_White/PNG icons_white/Map markers PNG/Marker 19.png
  artifactKey: Guid(e858f6ecc02b7db45867e5a3e1b92009) Importer(815301076,1909f56bfc062723c751e8b465ee728b)
Start importing Assets/Simple Vector Icons/Icons_White/PNG icons_white/Map markers PNG/Marker 19.png using Guid(e858f6ecc02b7db45867e5a3e1b92009) Importer(815301076,1909f56bfc062723c751e8b465ee728b)  -> (artifact id: '00ee20cd3d073da2ff5986b32e963c4c') in 0.029905 seconds
Number of updated asset objects reloaded before import = 0
Number of asset objects unloaded after import = 3
========================================================================
Received Import Request.
  Time since last request: 0.009937 seconds.
  path: Assets/Simple Vector Icons/Icons_White/PNG icons_white/Map markers PNG/Marker 20.png
  artifactKey: Guid(c7d370777990ee945a1d9f5e7ab74c20) Importer(815301076,1909f56bfc062723c751e8b465ee728b)
Start importing Assets/Simple Vector Icons/Icons_White/PNG icons_white/Map markers PNG/Marker 20.png using Guid(c7d370777990ee945a1d9f5e7ab74c20) Importer(815301076,1909f56bfc062723c751e8b465ee728b)  -> (artifact id: 'b8f2a645faf51e6c961d4371c77fcda3') in 0.032435 seconds
Number of updated asset objects reloaded before import = 0
Number of asset objects unloaded after import = 3
========================================================================
Received Import Request.
  Time since last request: 0.000128 seconds.
  path: Assets/Simple Vector Icons/Icons_White/PNG icons_white/Awards PNG/Medal.png
  artifactKey: Guid(85674029705accb468d76e49f964f9ec) Importer(815301076,1909f56bfc062723c751e8b465ee728b)
Start importing Assets/Simple Vector Icons/Icons_White/PNG icons_white/Awards PNG/Medal.png using Guid(85674029705accb468d76e49f964f9ec) Importer(815301076,1909f56bfc062723c751e8b465ee728b)  -> (artifact id: '48885773b383017a2b49105bedc57937') in 0.036540 seconds
Number of updated asset objects reloaded before import = 0
Number of asset objects unloaded after import = 3
========================================================================
Received Import Request.
  Time since last request: 0.000014 seconds.
  path: Assets/Simple Vector Icons/Icons_Black outline/PNG icons_black outline/Map markers PNG/Marker 19.png
  artifactKey: Guid(b4f2eb2c563048344978f3a7f0e89077) Importer(815301076,1909f56bfc062723c751e8b465ee728b)
Start importing Assets/Simple Vector Icons/Icons_Black outline/PNG icons_black outline/Map markers PNG/Marker 19.png using Guid(b4f2eb2c563048344978f3a7f0e89077) Importer(815301076,1909f56bfc062723c751e8b465ee728b)  -> (artifact id: 'b9253f896a10d3e88836b246edde6b1c') in 0.031542 seconds
Number of updated asset objects reloaded before import = 0
Number of asset objects unloaded after import = 3
========================================================================
Received Import Request.
  Time since last request: 0.033272 seconds.
  path: Assets/Simple Vector Icons/Icons_Black outline/PNG icons_black outline/Awards PNG/Medal 1.png
  artifactKey: Guid(6af3f0e52563732449fa5e23589f2353) Importer(815301076,1909f56bfc062723c751e8b465ee728b)
Start importing Assets/Simple Vector Icons/Icons_Black outline/PNG icons_black outline/Awards PNG/Medal 1.png using Guid(6af3f0e52563732449fa5e23589f2353) Importer(815301076,1909f56bfc062723c751e8b465ee728b)  -> (artifact id: '3ee59b579b1b4a6caa1805deaa64680f') in 0.030232 seconds
Number of updated asset objects reloaded before import = 0
Number of asset objects unloaded after import = 3
========================================================================
Received Import Request.
  Time since last request: 0.000116 seconds.
  path: Assets/Simple Vector Icons/Icons_White/PNG icons_white/Devices PNG/Megaphone.png
  artifactKey: Guid(6fb9ba4363512ca4e9616f0de510a465) Importer(815301076,1909f56bfc062723c751e8b465ee728b)
Start importing Assets/Simple Vector Icons/Icons_White/PNG icons_white/Devices PNG/Megaphone.png using Guid(6fb9ba4363512ca4e9616f0de510a465) Importer(815301076,1909f56bfc062723c751e8b465ee728b)  -> (artifact id: '7a5aebaef9fd7f87c6ffe03f16655555') in 0.032575 seconds
Number of updated asset objects reloaded before import = 0
Number of asset objects unloaded after import = 3
========================================================================
Received Import Request.
  Time since last request: 0.000020 seconds.
  path: Assets/Simple Vector Icons/Icons_White/PNG icons_white/UI PNG/Menu.png
  artifactKey: Guid(87147285fa113434e83811d5e341606e) Importer(815301076,1909f56bfc062723c751e8b465ee728b)
Start importing Assets/Simple Vector Icons/Icons_White/PNG icons_white/UI PNG/Menu.png using Guid(87147285fa113434e83811d5e341606e) Importer(815301076,1909f56bfc062723c751e8b465ee728b)  -> (artifact id: 'b7518658011e53793404137931d76954') in 0.034404 seconds
Number of updated asset objects reloaded before import = 0
Number of asset objects unloaded after import = 3
========================================================================
Received Import Request.
  Time since last request: 0.000184 seconds.
  path: Assets/Simple Vector Icons/Icons_White/PNG icons_white/UI PNG/Menu 1.png
  artifactKey: Guid(6b7f2f159c9d2234a9eaad862e2c31c0) Importer(815301076,1909f56bfc062723c751e8b465ee728b)
Start importing Assets/Simple Vector Icons/Icons_White/PNG icons_white/UI PNG/Menu 1.png using Guid(6b7f2f159c9d2234a9eaad862e2c31c0) Importer(815301076,1909f56bfc062723c751e8b465ee728b)  -> (artifact id: 'be185d0e9f2d7ebc993e30957945662a') in 0.049011 seconds
Number of updated asset objects reloaded before import = 0
Number of asset objects unloaded after import = 3
========================================================================
Received Import Request.
  Time since last request: 0.000021 seconds.
  path: Assets/Simple Vector Icons/Icons_Black outline/PSD icons_black outline/UI PSD/Menu 1.psd
  artifactKey: Guid(88f077a580002ff469f88ee2a3fcd2ca) Importer(815301076,1909f56bfc062723c751e8b465ee728b)
Start importing Assets/Simple Vector Icons/Icons_Black outline/PSD icons_black outline/UI PSD/Menu 1.psd using Guid(88f077a580002ff469f88ee2a3fcd2ca) Importer(815301076,1909f56bfc062723c751e8b465ee728b)  -> (artifact id: 'de6e559cbd95823bdca196c5b9614570') in 0.042646 seconds
Number of updated asset objects reloaded before import = 0
Number of asset objects unloaded after import = 3
========================================================================
Received Import Request.
  Time since last request: 0.000022 seconds.
  path: Assets/Simple Vector Icons/Icons_Black outline/PSD icons_black outline/UI PSD/Menu 3.psd
  artifactKey: Guid(f29845556eeb4d6489f9493c1f9ab02d) Importer(815301076,1909f56bfc062723c751e8b465ee728b)
Start importing Assets/Simple Vector Icons/Icons_Black outline/PSD icons_black outline/UI PSD/Menu 3.psd using Guid(f29845556eeb4d6489f9493c1f9ab02d) Importer(815301076,1909f56bfc062723c751e8b465ee728b)  -> (artifact id: '1bdf20e46e9e50a232ae43c7c9f7ce99') in 0.032370 seconds
Number of updated asset objects reloaded before import = 0
Number of asset objects unloaded after import = 3
========================================================================
Received Import Request.
  Time since last request: 0.000086 seconds.
  path: Assets/Simple Vector Icons/Icons_Black outline/PNG icons_black outline/UI PNG/Menu 2.png
  artifactKey: Guid(e49bffc03d12c9b4397ca2f7fdc931bc) Importer(815301076,1909f56bfc062723c751e8b465ee728b)
Start importing Assets/Simple Vector Icons/Icons_Black outline/PNG icons_black outline/UI PNG/Menu 2.png using Guid(e49bffc03d12c9b4397ca2f7fdc931bc) Importer(815301076,1909f56bfc062723c751e8b465ee728b)  -> (artifact id: '4f1f8934693a3ca489542abbfaa555aa') in 0.038157 seconds
Number of updated asset objects reloaded before import = 0
Number of asset objects unloaded after import = 3
========================================================================
Received Import Request.
  Time since last request: 0.000019 seconds.
  path: Assets/Simple Vector Icons/Icons_White/PSD icons_white/UI PSD/Menu 1.psd
  artifactKey: Guid(b3072250b5cb5184c8e771ee81d9acf0) Importer(815301076,1909f56bfc062723c751e8b465ee728b)
Start importing Assets/Simple Vector Icons/Icons_White/PSD icons_white/UI PSD/Menu 1.psd using Guid(b3072250b5cb5184c8e771ee81d9acf0) Importer(815301076,1909f56bfc062723c751e8b465ee728b)  -> (artifact id: '0dd639caee7a3df0bf6e095b05fe0f91') in 0.035946 seconds
Number of updated asset objects reloaded before import = 0
Number of asset objects unloaded after import = 3
========================================================================
Received Import Request.
  Time since last request: 0.000065 seconds.
  path: Assets/Simple Vector Icons/Icons_White/PSD icons_white/UI PSD/Menu 2.psd
  artifactKey: Guid(ede8a91f7c0763441b0dd0638570015e) Importer(815301076,1909f56bfc062723c751e8b465ee728b)
Start importing Assets/Simple Vector Icons/Icons_White/PSD icons_white/UI PSD/Menu 2.psd using Guid(ede8a91f7c0763441b0dd0638570015e) Importer(815301076,1909f56bfc062723c751e8b465ee728b)  -> (artifact id: '5296be7877000d4d897d1232ab9ebc99') in 0.018509 seconds
Number of updated asset objects reloaded before import = 0
Number of asset objects unloaded after import = 3
========================================================================
Received Import Request.
  Time since last request: 0.000092 seconds.
  path: Assets/Simple Vector Icons/Icons_Black outline/PNG icons_black outline/UI PNG/Menu 5.png
  artifactKey: Guid(fe5de192507d55b44a4dcc1e92506fc6) Importer(815301076,1909f56bfc062723c751e8b465ee728b)
Start importing Assets/Simple Vector Icons/Icons_Black outline/PNG icons_black outline/UI PNG/Menu 5.png using Guid(fe5de192507d55b44a4dcc1e92506fc6) Importer(815301076,1909f56bfc062723c751e8b465ee728b)  -> (artifact id: 'bf5652085df17d1880ee39061aa52fc4') in 0.028861 seconds
Number of updated asset objects reloaded before import = 0
Number of asset objects unloaded after import = 3
========================================================================
Received Import Request.
  Time since last request: 0.000020 seconds.
  path: Assets/Simple Vector Icons/Icons_White/PSD icons_white/Devices PSD/Megaphone.psd
  artifactKey: Guid(af7c197effa700649bf09c8ba37dd5d9) Importer(815301076,1909f56bfc062723c751e8b465ee728b)
Start importing Assets/Simple Vector Icons/Icons_White/PSD icons_white/Devices PSD/Megaphone.psd using Guid(af7c197effa700649bf09c8ba37dd5d9) Importer(815301076,1909f56bfc062723c751e8b465ee728b)  -> (artifact id: '64458910e877be89a523d80e731b3355') in 0.020351 seconds
Number of updated asset objects reloaded before import = 0
Number of asset objects unloaded after import = 3
========================================================================
Received Import Request.
  Time since last request: 0.000429 seconds.
  path: Assets/Simple Vector Icons/Icons_Black outline/PNG icons_black outline/Devices PNG/Megaphone.png
  artifactKey: Guid(71f9e9460a7d5c3428d1908ad584bd0f) Importer(815301076,1909f56bfc062723c751e8b465ee728b)
Start importing Assets/Simple Vector Icons/Icons_Black outline/PNG icons_black outline/Devices PNG/Megaphone.png using Guid(71f9e9460a7d5c3428d1908ad584bd0f) Importer(815301076,1909f56bfc062723c751e8b465ee728b)  -> (artifact id: '9d7426b6eca7b3fb8fa02f7f7e1d3f87') in 0.025193 seconds
Number of updated asset objects reloaded before import = 0
Number of asset objects unloaded after import = 3
========================================================================
Received Import Request.
  Time since last request: 0.000180 seconds.
  path: Assets/Simple Vector Icons/Icons_Black outline/PNG icons_black outline/Map markers PNG/Marker 14.png
  artifactKey: Guid(204048e3680d93049942611d460c879d) Importer(815301076,1909f56bfc062723c751e8b465ee728b)
Start importing Assets/Simple Vector Icons/Icons_Black outline/PNG icons_black outline/Map markers PNG/Marker 14.png using Guid(204048e3680d93049942611d460c879d) Importer(815301076,1909f56bfc062723c751e8b465ee728b)  -> (artifact id: 'b0e79b4d80c82992bbf6ee0f29646618') in 0.033768 seconds
Number of updated asset objects reloaded before import = 0
Number of asset objects unloaded after import = 3
========================================================================
Received Import Request.
  Time since last request: 0.000026 seconds.
  path: Assets/Simple Vector Icons/Icons_Black outline/PSD icons_black outline/Map markers PSD/Marker 20.psd
  artifactKey: Guid(409afbd656de1a2438b299bd7f4734da) Importer(815301076,1909f56bfc062723c751e8b465ee728b)
Start importing Assets/Simple Vector Icons/Icons_Black outline/PSD icons_black outline/Map markers PSD/Marker 20.psd using Guid(409afbd656de1a2438b299bd7f4734da) Importer(815301076,1909f56bfc062723c751e8b465ee728b)  -> (artifact id: '5b061127329e314d6d3f17a8ff96485a') in 0.034549 seconds
Number of updated asset objects reloaded before import = 0
Number of asset objects unloaded after import = 3
========================================================================
Received Import Request.
  Time since last request: 0.457965 seconds.
  path: Assets/Simple Vector Icons/Icons_White/PSD icons_white/UI PSD/Menu 5.psd
  artifactKey: Guid(b9848ac076846f846a753be5817c7588) Importer(815301076,1909f56bfc062723c751e8b465ee728b)
Start importing Assets/Simple Vector Icons/Icons_White/PSD icons_white/UI PSD/Menu 5.psd using Guid(b9848ac076846f846a753be5817c7588) Importer(815301076,1909f56bfc062723c751e8b465ee728b)  -> (artifact id: 'cd25222d64d856d0b2ab2bdc90eff1b3') in 0.040830 seconds
Number of updated asset objects reloaded before import = 0
Number of asset objects unloaded after import = 3
========================================================================
Received Import Request.
  Time since last request: 0.000458 seconds.
  path: Assets/Simple Vector Icons/Icons_Black outline/PSD icons_black outline/Social media PSD/Mesenger.psd
  artifactKey: Guid(84b9f237076cc774787f3a55ccbd26a5) Importer(815301076,1909f56bfc062723c751e8b465ee728b)
Start importing Assets/Simple Vector Icons/Icons_Black outline/PSD icons_black outline/Social media PSD/Mesenger.psd using Guid(84b9f237076cc774787f3a55ccbd26a5) Importer(815301076,1909f56bfc062723c751e8b465ee728b)  -> (artifact id: '248b54894091631dac671ea087bf6bae') in 0.046906 seconds
Number of updated asset objects reloaded before import = 0
Number of asset objects unloaded after import = 3
========================================================================
Received Import Request.
  Time since last request: 0.000021 seconds.
  path: Assets/Simple Vector Icons/Icons_White/PNG icons_white/UI PNG/Menu 5.png
  artifactKey: Guid(c750a33fe293f87489efe0ac494c972c) Importer(815301076,1909f56bfc062723c751e8b465ee728b)
Start importing Assets/Simple Vector Icons/Icons_White/PNG icons_white/UI PNG/Menu 5.png using Guid(c750a33fe293f87489efe0ac494c972c) Importer(815301076,1909f56bfc062723c751e8b465ee728b)  -> (artifact id: '6daaf56dde55c9d48a62447b3c5b60cf') in 0.021353 seconds
Number of updated asset objects reloaded before import = 0
Number of asset objects unloaded after import = 3
========================================================================
Received Import Request.
  Time since last request: 0.000017 seconds.
  path: Assets/Simple Vector Icons/Icons_White/PNG icons_white/Social media PNG/Mesenger.png
  artifactKey: Guid(4d18a737dfa5816478301d93b13d61d3) Importer(815301076,1909f56bfc062723c751e8b465ee728b)
Start importing Assets/Simple Vector Icons/Icons_White/PNG icons_white/Social media PNG/Mesenger.png using Guid(4d18a737dfa5816478301d93b13d61d3) Importer(815301076,1909f56bfc062723c751e8b465ee728b)  -> (artifact id: 'b506e5a1b0e5292c13dd1a2d908e89cd') in 0.056231 seconds
Number of updated asset objects reloaded before import = 0
Number of asset objects unloaded after import = 3
========================================================================
Received Import Request.
  Time since last request: 0.000021 seconds.
  path: Assets/Simple Vector Icons/Icons_White/PNG icons_white/Devices PNG/Microphone.png
  artifactKey: Guid(56a1b3d5f26eba64d9779a28b0bdfb43) Importer(815301076,1909f56bfc062723c751e8b465ee728b)
Start importing Assets/Simple Vector Icons/Icons_White/PNG icons_white/Devices PNG/Microphone.png using Guid(56a1b3d5f26eba64d9779a28b0bdfb43) Importer(815301076,1909f56bfc062723c751e8b465ee728b)  -> (artifact id: '4bde1e0dc9a94d39745e4f4627845657') in 0.040052 seconds
Number of updated asset objects reloaded before import = 0
Number of asset objects unloaded after import = 3
========================================================================
Received Import Request.
  Time since last request: 0.092681 seconds.
  path: Assets/Simple Vector Icons/Icons_Black outline/PSD icons_black outline/Devices PSD/Microphone.psd
  artifactKey: Guid(6ae0264ee95f56e45a555abe7e452223) Importer(815301076,1909f56bfc062723c751e8b465ee728b)
Start importing Assets/Simple Vector Icons/Icons_Black outline/PSD icons_black outline/Devices PSD/Microphone.psd using Guid(6ae0264ee95f56e45a555abe7e452223) Importer(815301076,1909f56bfc062723c751e8b465ee728b)  -> (artifact id: 'ee0a2ad0021ad0655db040e64a65726d') in 0.035772 seconds
Number of updated asset objects reloaded before import = 0
Number of asset objects unloaded after import = 3
========================================================================
Received Import Request.
  Time since last request: 0.027808 seconds.
  path: Assets/Simple Vector Icons/Icons_Black outline/PNG icons_black outline/On Off PNG/Microphone on.png
  artifactKey: Guid(d95e06710be87844b892a2b252538fc7) Importer(815301076,1909f56bfc062723c751e8b465ee728b)
Start importing Assets/Simple Vector Icons/Icons_Black outline/PNG icons_black outline/On Off PNG/Microphone on.png using Guid(d95e06710be87844b892a2b252538fc7) Importer(815301076,1909f56bfc062723c751e8b465ee728b)  -> (artifact id: 'a3c27fdc88423d6d8207646e9835b267') in 0.052893 seconds
Number of updated asset objects reloaded before import = 0
Number of asset objects unloaded after import = 3
========================================================================
Received Import Request.
  Time since last request: 0.000024 seconds.
  path: Assets/Simple Vector Icons/Icons_Black outline/PSD icons_black outline/On Off PSD/Microphone on.psd
  artifactKey: Guid(53b023dd96242b640b893994e301fdcb) Importer(815301076,1909f56bfc062723c751e8b465ee728b)
Start importing Assets/Simple Vector Icons/Icons_Black outline/PSD icons_black outline/On Off PSD/Microphone on.psd using Guid(53b023dd96242b640b893994e301fdcb) Importer(815301076,1909f56bfc062723c751e8b465ee728b)  -> (artifact id: '162f23d0d12109dd4ac08f653ade3794') in 0.025672 seconds
Number of updated asset objects reloaded before import = 0
Number of asset objects unloaded after import = 3
========================================================================
Received Import Request.
  Time since last request: 0.000088 seconds.
  path: Assets/Simple Vector Icons/Icons_Black outline/PSD icons_black outline/Arrows PSD/Middle arrow D.psd
  artifactKey: Guid(42d19d703b406754eb74aeaef60b6c49) Importer(815301076,1909f56bfc062723c751e8b465ee728b)
Start importing Assets/Simple Vector Icons/Icons_Black outline/PSD icons_black outline/Arrows PSD/Middle arrow D.psd using Guid(42d19d703b406754eb74aeaef60b6c49) Importer(815301076,1909f56bfc062723c751e8b465ee728b)  -> (artifact id: '6720d21610f57cb5c7fc7d191b66425a') in 0.027501 seconds
Number of updated asset objects reloaded before import = 0
Number of asset objects unloaded after import = 3
========================================================================
Received Import Request.
  Time since last request: 0.217282 seconds.
  path: Assets/Simple Vector Icons/Icons_Black outline/PNG icons_black outline/Arrows PNG/Middle arrow R.png
  artifactKey: Guid(7e4019a030ba04a4dace8986545a7c28) Importer(815301076,1909f56bfc062723c751e8b465ee728b)
Start importing Assets/Simple Vector Icons/Icons_Black outline/PNG icons_black outline/Arrows PNG/Middle arrow R.png using Guid(7e4019a030ba04a4dace8986545a7c28) Importer(815301076,1909f56bfc062723c751e8b465ee728b)  -> (artifact id: '61e39acfc168547c013bb96236fa1be7') in 0.030111 seconds
Number of updated asset objects reloaded before import = 0
Number of asset objects unloaded after import = 3
========================================================================
Received Import Request.
  Time since last request: 0.000082 seconds.
  path: Assets/Simple Vector Icons/Icons_White/PNG icons_white/Arrows PNG/Middle arrow R.png
  artifactKey: Guid(1d351bb469f909d48b138b4071ed9f62) Importer(815301076,1909f56bfc062723c751e8b465ee728b)
Start importing Assets/Simple Vector Icons/Icons_White/PNG icons_white/Arrows PNG/Middle arrow R.png using Guid(1d351bb469f909d48b138b4071ed9f62) Importer(815301076,1909f56bfc062723c751e8b465ee728b)  -> (artifact id: '371ad8127696e57dfdd8c7b9b5857740') in 0.025740 seconds
Number of updated asset objects reloaded before import = 0
Number of asset objects unloaded after import = 3
========================================================================
Received Import Request.
  Time since last request: 0.000034 seconds.
  path: Assets/Simple Vector Icons/Icons_White/PSD icons_white/Arrows PSD/Middle arrow R.psd
  artifactKey: Guid(232e1ce164f7ae143afb41a718ad8a90) Importer(815301076,1909f56bfc062723c751e8b465ee728b)
Start importing Assets/Simple Vector Icons/Icons_White/PSD icons_white/Arrows PSD/Middle arrow R.psd using Guid(232e1ce164f7ae143afb41a718ad8a90) Importer(815301076,1909f56bfc062723c751e8b465ee728b)  -> (artifact id: '0cdd441e0a9295edc36c9037ced037b4') in 0.015690 seconds
Number of updated asset objects reloaded before import = 0
Number of asset objects unloaded after import = 3
========================================================================
Received Import Request.
  Time since last request: 0.000065 seconds.
  path: Assets/Simple Vector Icons/Icons_Black outline/PSD icons_black outline/Arrows PSD/Middle arrow U.psd
  artifactKey: Guid(ee1a5f7f30eef814ba921536bcfcea16) Importer(815301076,1909f56bfc062723c751e8b465ee728b)
Start importing Assets/Simple Vector Icons/Icons_Black outline/PSD icons_black outline/Arrows PSD/Middle arrow U.psd using Guid(ee1a5f7f30eef814ba921536bcfcea16) Importer(815301076,1909f56bfc062723c751e8b465ee728b)  -> (artifact id: '34798c849365ae0a79559d2c925a4d9e') in 0.030102 seconds
Number of updated asset objects reloaded before import = 0
Number of asset objects unloaded after import = 3
========================================================================
Received Import Request.
  Time since last request: 0.000016 seconds.
  path: Assets/Simple Vector Icons/Icons_Black outline/PSD icons_black outline/Kitchen PSD/Milkshake.psd
  artifactKey: Guid(ccbe621202422694693a9e8ac86b1c67) Importer(815301076,1909f56bfc062723c751e8b465ee728b)
Start importing Assets/Simple Vector Icons/Icons_Black outline/PSD icons_black outline/Kitchen PSD/Milkshake.psd using Guid(ccbe621202422694693a9e8ac86b1c67) Importer(815301076,1909f56bfc062723c751e8b465ee728b)  -> (artifact id: 'cf54d81fa2b8a3599d071fadf24a971c') in 0.034530 seconds
Number of updated asset objects reloaded before import = 0
Number of asset objects unloaded after import = 3
========================================================================
Received Import Request.
  Time since last request: 0.000149 seconds.
  path: Assets/Simple Vector Icons/Icons_Black outline/PNG icons_black outline/Health and beauty PNG/Mirror.png
  artifactKey: Guid(3ec6b06b966553e48966538be1b60cf4) Importer(815301076,1909f56bfc062723c751e8b465ee728b)
Start importing Assets/Simple Vector Icons/Icons_Black outline/PNG icons_black outline/Health and beauty PNG/Mirror.png using Guid(3ec6b06b966553e48966538be1b60cf4) Importer(815301076,1909f56bfc062723c751e8b465ee728b)  -> (artifact id: '50efc0cb4913701e7c7800fab2e73240') in 0.030178 seconds
Number of updated asset objects reloaded before import = 0
Number of asset objects unloaded after import = 3
========================================================================
Received Import Request.
  Time since last request: 0.000017 seconds.
  path: Assets/Simple Vector Icons/Icons_White/PSD icons_white/Symbol PSD/Minus.psd
  artifactKey: Guid(4a43bd08f9a648945a89e40a6b5f132a) Importer(815301076,1909f56bfc062723c751e8b465ee728b)
Start importing Assets/Simple Vector Icons/Icons_White/PSD icons_white/Symbol PSD/Minus.psd using Guid(4a43bd08f9a648945a89e40a6b5f132a) Importer(815301076,1909f56bfc062723c751e8b465ee728b)  -> (artifact id: 'dcb440101f7a3758bd1b74495efeae80') in 0.027366 seconds
Number of updated asset objects reloaded before import = 0
Number of asset objects unloaded after import = 3
========================================================================
Received Import Request.
  Time since last request: 0.000299 seconds.
  path: Assets/Simple Vector Icons/Icons_Black outline/PNG icons_black outline/Arrows PNG/Middle arrow U.png
  artifactKey: Guid(40c400f79667af840804593d29d97a2a) Importer(815301076,1909f56bfc062723c751e8b465ee728b)
Start importing Assets/Simple Vector Icons/Icons_Black outline/PNG icons_black outline/Arrows PNG/Middle arrow U.png using Guid(40c400f79667af840804593d29d97a2a) Importer(815301076,1909f56bfc062723c751e8b465ee728b)  -> (artifact id: '5253fbcc1a45bc4653e8f3dfb81fcc2d') in 0.028508 seconds
Number of updated asset objects reloaded before import = 0
Number of asset objects unloaded after import = 3
========================================================================
Received Import Request.
  Time since last request: 0.339207 seconds.
  path: Assets/Simple Vector Icons/Icons_Black outline/PSD icons_black outline/Health and beauty PSD/Mirror.psd
  artifactKey: Guid(15b7e818042a591478b0dc52dfbb4c84) Importer(815301076,1909f56bfc062723c751e8b465ee728b)
Start importing Assets/Simple Vector Icons/Icons_Black outline/PSD icons_black outline/Health and beauty PSD/Mirror.psd using Guid(15b7e818042a591478b0dc52dfbb4c84) Importer(815301076,1909f56bfc062723c751e8b465ee728b)  -> (artifact id: '0d7306620ca25664c9d36037fcde11dd') in 0.032761 seconds
Number of updated asset objects reloaded before import = 0
Number of asset objects unloaded after import = 3
========================================================================
Received Import Request.
  Time since last request: 0.000020 seconds.
  path: Assets/Simple Vector Icons/Icons_White/PNG icons_white/Bags PNG/Money bag.png
  artifactKey: Guid(25e9cff9a003d3449a34b12d43321d82) Importer(815301076,1909f56bfc062723c751e8b465ee728b)
Start importing Assets/Simple Vector Icons/Icons_White/PNG icons_white/Bags PNG/Money bag.png using Guid(25e9cff9a003d3449a34b12d43321d82) Importer(815301076,1909f56bfc062723c751e8b465ee728b)  -> (artifact id: 'a8fa6c5906e69cda31679cf26f7644be') in 0.026551 seconds
Number of updated asset objects reloaded before import = 0
Number of asset objects unloaded after import = 3
========================================================================
Received Import Request.
  Time since last request: 0.000029 seconds.
  path: Assets/Simple Vector Icons/Icons_Black outline/PNG icons_black outline/Bags PNG/Money bag.png
  artifactKey: Guid(14acb95eb8a18b04da642d20102bb88f) Importer(815301076,1909f56bfc062723c751e8b465ee728b)
Start importing Assets/Simple Vector Icons/Icons_Black outline/PNG icons_black outline/Bags PNG/Money bag.png using Guid(14acb95eb8a18b04da642d20102bb88f) Importer(815301076,1909f56bfc062723c751e8b465ee728b)  -> (artifact id: '1e1f785e0b32a430e84ec39c947fcf88') in 0.022403 seconds
Number of updated asset objects reloaded before import = 0
Number of asset objects unloaded after import = 3
========================================================================
Received Import Request.
  Time since last request: 0.418611 seconds.
  path: Assets/Simple Vector Icons/Icons_White/PSD icons_white/Bags PSD/Money bag.psd
  artifactKey: Guid(cea93009d7e36a145a5c7d972b2d1f33) Importer(815301076,1909f56bfc062723c751e8b465ee728b)
Start importing Assets/Simple Vector Icons/Icons_White/PSD icons_white/Bags PSD/Money bag.psd using Guid(cea93009d7e36a145a5c7d972b2d1f33) Importer(815301076,1909f56bfc062723c751e8b465ee728b)  -> (artifact id: 'b9efdcdee7a15212ae00d0622f85a0a5') in 0.068134 seconds
Number of updated asset objects reloaded before import = 0
Number of asset objects unloaded after import = 3
========================================================================
Received Import Request.
  Time since last request: 0.000022 seconds.
  path: Assets/Simple Vector Icons/Icons_White/PSD icons_white/Devices PSD/Monitor.psd
  artifactKey: Guid(4dd9bbba6af08124099d5553dbb9d543) Importer(815301076,1909f56bfc062723c751e8b465ee728b)
Start importing Assets/Simple Vector Icons/Icons_White/PSD icons_white/Devices PSD/Monitor.psd using Guid(4dd9bbba6af08124099d5553dbb9d543) Importer(815301076,1909f56bfc062723c751e8b465ee728b)  -> (artifact id: '9bcdb4b84632fa0e31d8155b3ca1e8b9') in 0.031177 seconds
Number of updated asset objects reloaded before import = 0
Number of asset objects unloaded after import = 3
========================================================================
Received Import Request.
  Time since last request: 0.000041 seconds.
  path: Assets/Simple Vector Icons/Icons_Black outline/PSD icons_black outline/Weather PSD/Moon.psd
  artifactKey: Guid(acf37492fca23734ebe9d25407d03a58) Importer(815301076,1909f56bfc062723c751e8b465ee728b)
Start importing Assets/Simple Vector Icons/Icons_Black outline/PSD icons_black outline/Weather PSD/Moon.psd using Guid(acf37492fca23734ebe9d25407d03a58) Importer(815301076,1909f56bfc062723c751e8b465ee728b)  -> (artifact id: '6ce454e8e25f4c39791633e3b99ddafe') in 0.027632 seconds
Number of updated asset objects reloaded before import = 0
Number of asset objects unloaded after import = 3
========================================================================
Received Import Request.
  Time since last request: 0.000044 seconds.
  path: Assets/Simple Vector Icons/Icons_Black outline/PNG icons_black outline/Devices PNG/Monitor.png
  artifactKey: Guid(6ca606288a9c7744fbc60f4fef72112e) Importer(815301076,1909f56bfc062723c751e8b465ee728b)
Start importing Assets/Simple Vector Icons/Icons_Black outline/PNG icons_black outline/Devices PNG/Monitor.png using Guid(6ca606288a9c7744fbc60f4fef72112e) Importer(815301076,1909f56bfc062723c751e8b465ee728b)  -> (artifact id: 'c76e91caf7a4fd8310df1d88588913ef') in 0.018607 seconds
Number of updated asset objects reloaded before import = 0
Number of asset objects unloaded after import = 3
========================================================================
Received Import Request.
  Time since last request: 0.000019 seconds.
  path: Assets/Simple Vector Icons/Icons_White/PNG icons_white/Weather PNG/Moon.png
  artifactKey: Guid(febe25b468533a04ca8eb57fea0dee74) Importer(815301076,1909f56bfc062723c751e8b465ee728b)
Start importing Assets/Simple Vector Icons/Icons_White/PNG icons_white/Weather PNG/Moon.png using Guid(febe25b468533a04ca8eb57fea0dee74) Importer(815301076,1909f56bfc062723c751e8b465ee728b)  -> (artifact id: 'a6dbd1998b444dd2db0ea8805ddce6b4') in 0.016626 seconds
Number of updated asset objects reloaded before import = 0
Number of asset objects unloaded after import = 3
========================================================================
Received Import Request.
  Time since last request: 2.134446 seconds.
  path: Assets/Simple Vector Icons/Icons_White/PNG icons_white/IT PNG/Motherboard.png
  artifactKey: Guid(fcfbcefb8478b4ad1bcb687b34d735f0) Importer(815301076,1909f56bfc062723c751e8b465ee728b)
Start importing Assets/Simple Vector Icons/Icons_White/PNG icons_white/IT PNG/Motherboard.png using Guid(fcfbcefb8478b4ad1bcb687b34d735f0) Importer(815301076,1909f56bfc062723c751e8b465ee728b)  -> (artifact id: '0c44a52b076a9ceb986be6ab88814bed') in 0.039875 seconds
Number of updated asset objects reloaded before import = 0
Number of asset objects unloaded after import = 3
========================================================================
Received Import Request.
  Time since last request: 0.000245 seconds.
  path: Assets/Simple Vector Icons/Icons_White/PNG icons_white/Kitchen PNG/Mushroom.png
  artifactKey: Guid(0d88c292f5c7fbc408d41ad90625a722) Importer(815301076,1909f56bfc062723c751e8b465ee728b)
Start importing Assets/Simple Vector Icons/Icons_White/PNG icons_white/Kitchen PNG/Mushroom.png using Guid(0d88c292f5c7fbc408d41ad90625a722) Importer(815301076,1909f56bfc062723c751e8b465ee728b)  -> (artifact id: '478dd0b4fbdff8271e34fb6a407217e5') in 0.029305 seconds
Number of updated asset objects reloaded before import = 0
Number of asset objects unloaded after import = 3
========================================================================
Received Import Request.
  Time since last request: 0.751845 seconds.
  path: Assets/Simple Vector Icons/Icons_Black outline/PSD icons_black outline/Kitchen PSD/Mushroom 1.psd
  artifactKey: Guid(722094055c9d2cf4f9040aa1447eae20) Importer(815301076,1909f56bfc062723c751e8b465ee728b)
Start importing Assets/Simple Vector Icons/Icons_Black outline/PSD icons_black outline/Kitchen PSD/Mushroom 1.psd using Guid(722094055c9d2cf4f9040aa1447eae20) Importer(815301076,1909f56bfc062723c751e8b465ee728b)  -> (artifact id: 'c393ae9339262929afac7dbb1e988b57') in 0.061400 seconds
Number of updated asset objects reloaded before import = 0
Number of asset objects unloaded after import = 3
========================================================================
Received Import Request.
  Time since last request: 0.000377 seconds.
  path: Assets/Simple Vector Icons/Icons_Black outline/PSD icons_black outline/On Off PSD/Music on.psd
  artifactKey: Guid(279004c23ddff6349958ea013d6e6416) Importer(815301076,1909f56bfc062723c751e8b465ee728b)
Start importing Assets/Simple Vector Icons/Icons_Black outline/PSD icons_black outline/On Off PSD/Music on.psd using Guid(279004c23ddff6349958ea013d6e6416) Importer(815301076,1909f56bfc062723c751e8b465ee728b)  -> (artifact id: '27b9bd3f3823906aa9b5a1f7876824d0') in 0.038324 seconds
Number of updated asset objects reloaded before import = 0
Number of asset objects unloaded after import = 3
========================================================================
Received Import Request.
  Time since last request: 0.248800 seconds.
  path: Assets/Simple Vector Icons/Icons_Black outline/PNG icons_black outline/On Off PNG/Music on.png
  artifactKey: Guid(249faf0cf0e9aaa48bd85c7776ff7a23) Importer(815301076,1909f56bfc062723c751e8b465ee728b)
Start importing Assets/Simple Vector Icons/Icons_Black outline/PNG icons_black outline/On Off PNG/Music on.png using Guid(249faf0cf0e9aaa48bd85c7776ff7a23) Importer(815301076,1909f56bfc062723c751e8b465ee728b)  -> (artifact id: '41b431bfdd3f554b9400628727202fa6') in 0.032025 seconds
Number of updated asset objects reloaded before import = 0
Number of asset objects unloaded after import = 3
========================================================================
Received Import Request.
  Time since last request: 0.000104 seconds.
  path: Assets/Simple Vector Icons/Icons_White/PSD icons_white/IT PSD/Network.psd
  artifactKey: Guid(aba63caa64095244e87c23451c60f9de) Importer(815301076,1909f56bfc062723c751e8b465ee728b)
Start importing Assets/Simple Vector Icons/Icons_White/PSD icons_white/IT PSD/Network.psd using Guid(aba63caa64095244e87c23451c60f9de) Importer(815301076,1909f56bfc062723c751e8b465ee728b)  -> (artifact id: '67ce6813749b8ff25b41dc90a33108bc') in 0.026470 seconds
Number of updated asset objects reloaded before import = 0
Number of asset objects unloaded after import = 3
========================================================================
Received Import Request.
  Time since last request: 0.037238 seconds.
  path: Assets/Simple Vector Icons/Icons_Black outline/PNG icons_black outline/IT PNG/Network.png
  artifactKey: Guid(395ddd63e88a5a643ae5d8f6fb1833cb) Importer(815301076,1909f56bfc062723c751e8b465ee728b)
Start importing Assets/Simple Vector Icons/Icons_Black outline/PNG icons_black outline/IT PNG/Network.png using Guid(395ddd63e88a5a643ae5d8f6fb1833cb) Importer(815301076,1909f56bfc062723c751e8b465ee728b)  -> (artifact id: '2b1bb96a3c3682bfdae7e69f98a14192') in 0.026700 seconds
Number of updated asset objects reloaded before import = 0
Number of asset objects unloaded after import = 3
========================================================================
Received Import Request.
  Time since last request: 0.000194 seconds.
  path: Assets/Simple Vector Icons/Icons_Black outline/PNG icons_black outline/Devices PNG/Night-vision device.png
  artifactKey: Guid(f67560be47121c44bb1c73a0906ca59f) Importer(815301076,1909f56bfc062723c751e8b465ee728b)
Start importing Assets/Simple Vector Icons/Icons_Black outline/PNG icons_black outline/Devices PNG/Night-vision device.png using Guid(f67560be47121c44bb1c73a0906ca59f) Importer(815301076,1909f56bfc062723c751e8b465ee728b)  -> (artifact id: '53440fa55c8183a3072cba390731ab87') in 0.029074 seconds
Number of updated asset objects reloaded before import = 0
Number of asset objects unloaded after import = 3
========================================================================
Received Import Request.
  Time since last request: 0.000048 seconds.
  path: Assets/Simple Vector Icons/Icons_Black outline/PNG icons_black outline/On Off PNG/No AD.png
  artifactKey: Guid(0e2430ef3d6727149af494e43c3839db) Importer(815301076,1909f56bfc062723c751e8b465ee728b)
Start importing Assets/Simple Vector Icons/Icons_Black outline/PNG icons_black outline/On Off PNG/No AD.png using Guid(0e2430ef3d6727149af494e43c3839db) Importer(815301076,1909f56bfc062723c751e8b465ee728b)  -> (artifact id: '8e7e89c569f69ecbb18552c23c0b0607') in 0.028533 seconds
Number of updated asset objects reloaded before import = 0
Number of asset objects unloaded after import = 3
========================================================================
Received Import Request.
  Time since last request: 0.000014 seconds.
  path: Assets/Simple Vector Icons/Icons_Black outline/PSD icons_black outline/Devices PSD/Night-vision device.psd
  artifactKey: Guid(8f639c8feccd39448909496286224b5a) Importer(815301076,1909f56bfc062723c751e8b465ee728b)
Start importing Assets/Simple Vector Icons/Icons_Black outline/PSD icons_black outline/Devices PSD/Night-vision device.psd using Guid(8f639c8feccd39448909496286224b5a) Importer(815301076,1909f56bfc062723c751e8b465ee728b)  -> (artifact id: '2046a2944a69d2b0dba181939680bbda') in 0.017805 seconds
Number of updated asset objects reloaded before import = 0
Number of asset objects unloaded after import = 3
========================================================================
Received Import Request.
  Time since last request: 0.000016 seconds.
  path: Assets/Simple Vector Icons/Icons_White/PSD icons_white/On Off PSD/No AD.psd
  artifactKey: Guid(4d7453ebac8dfd94cad180e38936e080) Importer(815301076,1909f56bfc062723c751e8b465ee728b)
Start importing Assets/Simple Vector Icons/Icons_White/PSD icons_white/On Off PSD/No AD.psd using Guid(4d7453ebac8dfd94cad180e38936e080) Importer(815301076,1909f56bfc062723c751e8b465ee728b)  -> (artifact id: '5ca4cb1ef815affd75db655e97a632dc') in 0.033362 seconds
Number of updated asset objects reloaded before import = 0
Number of asset objects unloaded after import = 3
========================================================================
Received Import Request.
  Time since last request: 60.885884 seconds.
  path: Assets/Simple Vector Icons/Icons_White/PSD icons_white/Hazard signs PSD/Flammable materials Symbol.psd
  artifactKey: Guid(ffb22f24323bd9142a40063b5a2e6b42) Importer(815301076,1909f56bfc062723c751e8b465ee728b)
Start importing Assets/Simple Vector Icons/Icons_White/PSD icons_white/Hazard signs PSD/Flammable materials Symbol.psd using Guid(ffb22f24323bd9142a40063b5a2e6b42) Importer(815301076,1909f56bfc062723c751e8b465ee728b)  -> (artifact id: '6f31ae73507eea404e44aa3a2f3c6268') in 0.037552 seconds
Number of updated asset objects reloaded before import = 0
Number of asset objects unloaded after import = 3
========================================================================
Received Import Request.
  Time since last request: 0.000314 seconds.
  path: Assets/Simple Vector Icons/Icons_White/PSD icons_white/Graphics editor PSD/Flip figure.psd
  artifactKey: Guid(7b4db3aeba8590b4091f458ae3969d73) Importer(815301076,1909f56bfc062723c751e8b465ee728b)
Start importing Assets/Simple Vector Icons/Icons_White/PSD icons_white/Graphics editor PSD/Flip figure.psd using Guid(7b4db3aeba8590b4091f458ae3969d73) Importer(815301076,1909f56bfc062723c751e8b465ee728b)  -> (artifact id: 'ddd558e82b7dcd9183c964508e28563a') in 0.061570 seconds
Number of updated asset objects reloaded before import = 0
Number of asset objects unloaded after import = 3
========================================================================
Received Import Request.
  Time since last request: 1.372686 seconds.
  path: Assets/Simple Vector Icons/Icons_White/PSD icons_white/Nature PSD/Flower.psd
  artifactKey: Guid(9c3e224b3369fef42853b6c9f42bbf00) Importer(815301076,1909f56bfc062723c751e8b465ee728b)
Start importing Assets/Simple Vector Icons/Icons_White/PSD icons_white/Nature PSD/Flower.psd using Guid(9c3e224b3369fef42853b6c9f42bbf00) Importer(815301076,1909f56bfc062723c751e8b465ee728b)  -> (artifact id: '76b7c4a14058e466251e2482b70a6b53') in 0.029668 seconds
Number of updated asset objects reloaded before import = 0
Number of asset objects unloaded after import = 3
========================================================================
Received Import Request.
  Time since last request: 0.000135 seconds.
  path: Assets/Simple Vector Icons/Icons_White/PNG icons_white/Office PNG/Foders.png
  artifactKey: Guid(5cb9119cc2312c0458563b3584df2491) Importer(815301076,1909f56bfc062723c751e8b465ee728b)
Start importing Assets/Simple Vector Icons/Icons_White/PNG icons_white/Office PNG/Foders.png using Guid(5cb9119cc2312c0458563b3584df2491) Importer(815301076,1909f56bfc062723c751e8b465ee728b)  -> (artifact id: 'e1422495a586d308b64d82021b74eceb') in 0.037311 seconds
Number of updated asset objects reloaded before import = 0
Number of asset objects unloaded after import = 3
========================================================================
Received Import Request.
  Time since last request: 2.352310 seconds.
  path: Assets/Simple Vector Icons/Icons_White/PSD icons_white/UI PSD/Folder.psd
  artifactKey: Guid(49949b3f4368a284e9d669fa5361407e) Importer(815301076,1909f56bfc062723c751e8b465ee728b)
Start importing Assets/Simple Vector Icons/Icons_White/PSD icons_white/UI PSD/Folder.psd using Guid(49949b3f4368a284e9d669fa5361407e) Importer(815301076,1909f56bfc062723c751e8b465ee728b)  -> (artifact id: '832114f2efe15baf1603ad9fe6043919') in 0.030573 seconds
Number of updated asset objects reloaded before import = 0
Number of asset objects unloaded after import = 3
========================================================================
Received Import Request.
  Time since last request: 0.000357 seconds.
  path: Assets/Simple Vector Icons/Icons_Black outline/PNG icons_black outline/Body PNG/Foot.png
  artifactKey: Guid(b61c70c4c496d416681d23053edf9f1a) Importer(815301076,1909f56bfc062723c751e8b465ee728b)
Start importing Assets/Simple Vector Icons/Icons_Black outline/PNG icons_black outline/Body PNG/Foot.png using Guid(b61c70c4c496d416681d23053edf9f1a) Importer(815301076,1909f56bfc062723c751e8b465ee728b)  -> (artifact id: '4e5780cf7e7fb3c4e5ac899b58488515') in 0.027712 seconds
Number of updated asset objects reloaded before import = 0
Number of asset objects unloaded after import = 3
========================================================================
Received Import Request.
  Time since last request: 0.810936 seconds.
  path: Assets/Simple Vector Icons/Icons_White/PNG icons_white/Body PNG/Foot.png
  artifactKey: Guid(150e6771e7ab7464a81a150f31a264b0) Importer(815301076,1909f56bfc062723c751e8b465ee728b)
Start importing Assets/Simple Vector Icons/Icons_White/PNG icons_white/Body PNG/Foot.png using Guid(150e6771e7ab7464a81a150f31a264b0) Importer(815301076,1909f56bfc062723c751e8b465ee728b)  -> (artifact id: 'f5ffa7b710bbb07b3cd2526f223b5948') in 0.037172 seconds
Number of updated asset objects reloaded before import = 0
Number of asset objects unloaded after import = 3
========================================================================
Received Import Request.
  Time since last request: 0.423030 seconds.
  path: Assets/Simple Vector Icons/Icons_Black outline/PSD icons_black outline/Kitchen PSD/Fork Knife 1.psd
  artifactKey: Guid(35b6c1e7992618c4590fa76aeb28c0db) Importer(815301076,1909f56bfc062723c751e8b465ee728b)
Start importing Assets/Simple Vector Icons/Icons_Black outline/PSD icons_black outline/Kitchen PSD/Fork Knife 1.psd using Guid(35b6c1e7992618c4590fa76aeb28c0db) Importer(815301076,1909f56bfc062723c751e8b465ee728b)  -> (artifact id: 'adb2589caab605e8cf17a3b2b0688c61') in 0.025448 seconds
Number of updated asset objects reloaded before import = 0
Number of asset objects unloaded after import = 3
========================================================================
Received Import Request.
  Time since last request: 0.299218 seconds.
  path: Assets/Simple Vector Icons/Icons_White/PSD icons_white/Kitchen PSD/Fork Knife Plate.psd
  artifactKey: Guid(5af2c88a1d892334fbf207ebd40e3f77) Importer(815301076,1909f56bfc062723c751e8b465ee728b)
Start importing Assets/Simple Vector Icons/Icons_White/PSD icons_white/Kitchen PSD/Fork Knife Plate.psd using Guid(5af2c88a1d892334fbf207ebd40e3f77) Importer(815301076,1909f56bfc062723c751e8b465ee728b)  -> (artifact id: 'ca5d4f382f31635ce8ba75580303f332') in 0.034612 seconds
Number of updated asset objects reloaded before import = 0
Number of asset objects unloaded after import = 3
========================================================================
Received Import Request.
  Time since last request: 0.000046 seconds.
  path: Assets/Simple Vector Icons/Icons_White/PNG icons_white/Hazard signs PNG/Fork lift.png
  artifactKey: Guid(647a7171497b52c4c92758c7c128f1e3) Importer(815301076,1909f56bfc062723c751e8b465ee728b)
Start importing Assets/Simple Vector Icons/Icons_White/PNG icons_white/Hazard signs PNG/Fork lift.png using Guid(647a7171497b52c4c92758c7c128f1e3) Importer(815301076,1909f56bfc062723c751e8b465ee728b)  -> (artifact id: '43f327b03d4cef1b750cd3a400a8d2ca') in 0.034602 seconds
Number of updated asset objects reloaded before import = 0
Number of asset objects unloaded after import = 3
========================================================================
Received Import Request.
  Time since last request: 0.043324 seconds.
  path: Assets/Simple Vector Icons/Icons_Black outline/PSD icons_black outline/Hazard signs PSD/Fork lift in operation Symbol.psd
  artifactKey: Guid(2af9b8e1682362342bbbbdc6396000a9) Importer(815301076,1909f56bfc062723c751e8b465ee728b)
Start importing Assets/Simple Vector Icons/Icons_Black outline/PSD icons_black outline/Hazard signs PSD/Fork lift in operation Symbol.psd using Guid(2af9b8e1682362342bbbbdc6396000a9) Importer(815301076,1909f56bfc062723c751e8b465ee728b)  -> (artifact id: '4b1944090f74c73b6fedb897a9f3ce1b') in 0.037963 seconds
Number of updated asset objects reloaded before import = 0
Number of asset objects unloaded after import = 3
========================================================================
Received Import Request.
  Time since last request: 0.366299 seconds.
  path: Assets/Simple Vector Icons/Icons_White/PSD icons_white/Hazard signs PSD/Gas bottle.psd
  artifactKey: Guid(c6326e8972207a4488b9c5fc63854d95) Importer(815301076,1909f56bfc062723c751e8b465ee728b)
Start importing Assets/Simple Vector Icons/Icons_White/PSD icons_white/Hazard signs PSD/Gas bottle.psd using Guid(c6326e8972207a4488b9c5fc63854d95) Importer(815301076,1909f56bfc062723c751e8b465ee728b)  -> (artifact id: '2e2f035f80c72464a627eedc38ec8709') in 0.043708 seconds
Number of updated asset objects reloaded before import = 0
Number of asset objects unloaded after import = 3
========================================================================
Received Import Request.
  Time since last request: 0.326051 seconds.
  path: Assets/Simple Vector Icons/Icons_Black outline/PNG icons_black outline/Hazard signs PNG/Gas bottle Symbol.png
  artifactKey: Guid(e4a5ed886ac0bf447a5987769b51399f) Importer(815301076,1909f56bfc062723c751e8b465ee728b)
Start importing Assets/Simple Vector Icons/Icons_Black outline/PNG icons_black outline/Hazard signs PNG/Gas bottle Symbol.png using Guid(e4a5ed886ac0bf447a5987769b51399f) Importer(815301076,1909f56bfc062723c751e8b465ee728b)  -> (artifact id: 'be867e5d37ad04e9965db0863820de14') in 0.021297 seconds
Number of updated asset objects reloaded before import = 0
Number of asset objects unloaded after import = 3
========================================================================
Received Import Request.
  Time since last request: 0.486003 seconds.
  path: Assets/Simple Vector Icons/Icons_White/PNG icons_white/UI PNG/Gears.png
  artifactKey: Guid(0c2a8b8c9ed51fc4899708254100335c) Importer(815301076,1909f56bfc062723c751e8b465ee728b)
Start importing Assets/Simple Vector Icons/Icons_White/PNG icons_white/UI PNG/Gears.png using Guid(0c2a8b8c9ed51fc4899708254100335c) Importer(815301076,1909f56bfc062723c751e8b465ee728b)  -> (artifact id: '9c1eee0f43a9f80f36f9c75002cda332') in 0.053399 seconds
Number of updated asset objects reloaded before import = 0
Number of asset objects unloaded after import = 3
========================================================================
Received Import Request.
  Time since last request: 1.488432 seconds.
  path: Assets/Simple Vector Icons/Icons_Black outline/PNG icons_black outline/People PNG/Gender 2.png
  artifactKey: Guid(296a94362b7949d40bd18c78706f6a46) Importer(815301076,1909f56bfc062723c751e8b465ee728b)
Start importing Assets/Simple Vector Icons/Icons_Black outline/PNG icons_black outline/People PNG/Gender 2.png using Guid(296a94362b7949d40bd18c78706f6a46) Importer(815301076,1909f56bfc062723c751e8b465ee728b)  -> (artifact id: '527d619e11e306f30d86e778a83b1a71') in 0.030624 seconds
Number of updated asset objects reloaded before import = 0
Number of asset objects unloaded after import = 3
========================================================================
Received Import Request.
  Time since last request: 1.139714 seconds.
  path: Assets/Simple Vector Icons/Icons_White/PSD icons_white/Office PSD/Globe.psd
  artifactKey: Guid(f9177c8bbabf6c7449d3d49bc7f75cd3) Importer(815301076,1909f56bfc062723c751e8b465ee728b)
Start importing Assets/Simple Vector Icons/Icons_White/PSD icons_white/Office PSD/Globe.psd using Guid(f9177c8bbabf6c7449d3d49bc7f75cd3) Importer(815301076,1909f56bfc062723c751e8b465ee728b)  -> (artifact id: '492165c94e7695664ac618bef8883a88') in 0.025047 seconds
Number of updated asset objects reloaded before import = 0
Number of asset objects unloaded after import = 3
========================================================================
Received Import Request.
  Time since last request: 0.264720 seconds.
  path: Assets/Simple Vector Icons/Icons_Black outline/PNG icons_black outline/Office PNG/Globe.png
  artifactKey: Guid(0029dd4d02f84fd4c8d6378af0c8ef01) Importer(815301076,1909f56bfc062723c751e8b465ee728b)
Start importing Assets/Simple Vector Icons/Icons_Black outline/PNG icons_black outline/Office PNG/Globe.png using Guid(0029dd4d02f84fd4c8d6378af0c8ef01) Importer(815301076,1909f56bfc062723c751e8b465ee728b)  -> (artifact id: '1b618a434bb118d641cdf4c3f675e507') in 0.028621 seconds
Number of updated asset objects reloaded before import = 0
Number of asset objects unloaded after import = 3
Editor requested this worker to shutdown with reason: Scaling down because of idle timeout
TcpMessagingSession - receive error: operation aborted. errorcode: 995, details: I/O-handlingen er blevet afbrudt pga. en afsluttende trd eller programanmodning.
AssetImportWorker is now disconnected from the server
Process exiting
Exiting without the bug reporter. Application will terminate with return code 0