Using pre-set license
Built from '2022.3/staging' branch; Version is '2022.3.7f1 (b16b3b16c7a0) revision 11627323'; Using compiler version '192829333'; Build Type 'Release'
OS: 'Windows 11  (10.0.22631) 64bit Core' Language: 'da' Physical Memory: 16123 MB
BatchMode: 1, IsHumanControllingUs: 0, StartBugReporterOnCrash: 0, Is64bit: 1, IsPro: 1

COMMAND LINE ARGUMENTS:
C:\Program Files\Unity\Hub\Editor\2022.3.7f1\Editor\Unity.exe
-adb2
-batchMode
-noUpm
-name
AssetImportWorker38
-projectPath
C:/Users/patri/Space Invader
-logFile
Logs/AssetImportWorker38.log
-srvPort
57267
Successfully changed project path to: C:/Users/patri/Space Invader
C:/Users/patri/Space Invader
[UnityMemory] Configuration Parameters - Can be set up in boot.config
    "memorysetup-bucket-allocator-granularity=16"
    "memorysetup-bucket-allocator-bucket-count=8"
    "memorysetup-bucket-allocator-block-size=33554432"
    "memorysetup-bucket-allocator-block-count=8"
    "memorysetup-main-allocator-block-size=16777216"
    "memorysetup-thread-allocator-block-size=16777216"
    "memorysetup-gfx-main-allocator-block-size=16777216"
    "memorysetup-gfx-thread-allocator-block-size=16777216"
    "memorysetup-cache-allocator-block-size=4194304"
    "memorysetup-typetree-allocator-block-size=2097152"
    "memorysetup-profiler-bucket-allocator-granularity=16"
    "memorysetup-profiler-bucket-allocator-bucket-count=8"
    "memorysetup-profiler-bucket-allocator-block-size=33554432"
    "memorysetup-profiler-bucket-allocator-block-count=8"
    "memorysetup-profiler-allocator-block-size=16777216"
    "memorysetup-profiler-editor-allocator-block-size=1048576"
    "memorysetup-temp-allocator-size-main=16777216"
    "memorysetup-job-temp-allocator-block-size=2097152"
    "memorysetup-job-temp-allocator-block-size-background=1048576"
    "memorysetup-job-temp-allocator-reduction-small-platforms=262144"
    "memorysetup-allocator-temp-initial-block-size-main=262144"
    "memorysetup-allocator-temp-initial-block-size-worker=262144"
    "memorysetup-temp-allocator-size-background-worker=32768"
    "memorysetup-temp-allocator-size-job-worker=262144"
    "memorysetup-temp-allocator-size-preload-manager=33554432"
    "memorysetup-temp-allocator-size-nav-mesh-worker=65536"
    "memorysetup-temp-allocator-size-audio-worker=65536"
    "memorysetup-temp-allocator-size-cloud-worker=32768"
    "memorysetup-temp-allocator-size-gi-baking-worker=262144"
    "memorysetup-temp-allocator-size-gfx=262144"
Player connection [16768] Host "[IP] 192.168.230.1 [Port] 0 [Flags] 2 [Guid] 3754175742 [EditorId] 3754175742 [Version] 1048832 [Id] WindowsEditor(7,RexStarGame) [Debug] 1 [PackageName] WindowsEditor [ProjectName] Editor" joined multi-casting on [225.0.0.222:54997]...

Player connection [16768] Host "[IP] 192.168.230.1 [Port] 0 [Flags] 2 [Guid] 3754175742 [EditorId] 3754175742 [Version] 1048832 [Id] WindowsEditor(7,RexStarGame) [Debug] 1 [PackageName] WindowsEditor [ProjectName] Editor" joined alternative multi-casting on [225.0.0.222:34997]...

Refreshing native plugins compatible for Editor in 13.56 ms, found 4 plugins.
Preloading 0 native plugins for Editor in 0.00 ms.
Initialize engine version: 2022.3.7f1 (b16b3b16c7a0)
[Subsystems] Discovering subsystems at path C:/Program Files/Unity/Hub/Editor/2022.3.7f1/Editor/Data/Resources/UnitySubsystems
[Subsystems] Discovering subsystems at path C:/Users/patri/Space Invader/Assets
GfxDevice: creating device client; threaded=0; jobified=0
Direct3D:
    Version:  Direct3D 11.0 [level 11.1]
    Renderer: NVIDIA GeForce RTX 4070 Laptop GPU (ID=0x2860)
    Vendor:   NVIDIA
    VRAM:     7962 MB
    Driver:   31.0.15.3210
Initialize mono
Mono path[0] = 'C:/Program Files/Unity/Hub/Editor/2022.3.7f1/Editor/Data/Managed'
Mono path[1] = 'C:/Program Files/Unity/Hub/Editor/2022.3.7f1/Editor/Data/MonoBleedingEdge/lib/mono/unityjit-win32'
Mono config path = 'C:/Program Files/Unity/Hub/Editor/2022.3.7f1/Editor/Data/MonoBleedingEdge/etc'
Using monoOptions --debugger-agent=transport=dt_socket,embedding=1,server=y,suspend=n,address=127.0.0.1:56128
Begin MonoManager ReloadAssembly
Registering precompiled unity dll's ...
Register platform support module: C:/Program Files/Unity/Hub/Editor/2022.3.7f1/Editor/Data/PlaybackEngines/AndroidPlayer/UnityEditor.Android.Extensions.dll
Register platform support module: C:/Program Files/Unity/Hub/Editor/2022.3.7f1/Editor/Data/PlaybackEngines/WindowsStandaloneSupport/UnityEditor.WindowsStandalone.Extensions.dll
Registered in 0.013920 seconds.
- Loaded All Assemblies, in  0.275 seconds
Native extension for WindowsStandalone target not found
Native extension for Android target not found
Android Extension - Scanning For ADB Devices 448 ms
Mono: successfully reloaded assembly
- Finished resetting the current domain, in  0.666 seconds
Domain Reload Profiling: 937ms
	BeginReloadAssembly (90ms)
		ExecutionOrderSort (0ms)
		DisableScriptedObjects (0ms)
		BackupInstance (0ms)
		ReleaseScriptingObjects (0ms)
		CreateAndSetChildDomain (0ms)
	RebuildCommonClasses (21ms)
	RebuildNativeTypeToScriptingClass (7ms)
	initialDomainReloadingComplete (61ms)
	LoadAllAssembliesAndSetupDomain (93ms)
		LoadAssemblies (87ms)
		RebuildTransferFunctionScriptingTraits (0ms)
		AnalyzeDomain (91ms)
			TypeCache.Refresh (90ms)
				TypeCache.ScanAssembly (81ms)
			ScanForSourceGeneratedMonoScriptInfo (0ms)
			ResolveRequiredComponents (0ms)
	FinalizeReload (667ms)
		ReleaseScriptCaches (0ms)
		RebuildScriptCaches (0ms)
		SetupLoadedEditorAssemblies (632ms)
			LogAssemblyErrors (0ms)
			InitializePlatformSupportModulesInManaged (543ms)
			SetLoadedEditorAssemblies (3ms)
			RefreshPlugins (0ms)
			BeforeProcessingInitializeOnLoad (1ms)
			ProcessInitializeOnLoadAttributes (57ms)
			ProcessInitializeOnLoadMethodAttributes (29ms)
			AfterProcessingInitializeOnLoad (0ms)
			EditorAssembliesLoaded (0ms)
		ExecutionOrderSort2 (0ms)
		AwakeInstancesAfterBackupRestoration (0ms)
========================================================================
Worker process is ready to serve import requests
Begin MonoManager ReloadAssembly
Symbol file LoadedFromMemory doesn't match image C:\Users\patri\Space Invader\Library\PackageCache\com.unity.visualscripting@1.8.0\Editor\VisualScripting.Core\Dependencies\YamlDotNet\Unity.VisualScripting.YamlDotNet.dll
Symbol file LoadedFromMemory doesn't match image C:\Users\patri\Space Invader\Library\PackageCache\com.unity.visualscripting@1.8.0\Editor\VisualScripting.Core\Dependencies\DotNetZip\Unity.VisualScripting.IonicZip.dll
- Loaded All Assemblies, in  0.663 seconds
Refreshing native plugins compatible for Editor in 6.41 ms, found 4 plugins.
Native extension for WindowsStandalone target not found
Native extension for Android target not found
Mono: successfully reloaded assembly
- Finished resetting the current domain, in  0.429 seconds
Domain Reload Profiling: 1085ms
	BeginReloadAssembly (112ms)
		ExecutionOrderSort (0ms)
		DisableScriptedObjects (3ms)
		BackupInstance (0ms)
		ReleaseScriptingObjects (0ms)
		CreateAndSetChildDomain (16ms)
	RebuildCommonClasses (20ms)
	RebuildNativeTypeToScriptingClass (6ms)
	initialDomainReloadingComplete (41ms)
	LoadAllAssembliesAndSetupDomain (476ms)
		LoadAssemblies (419ms)
		RebuildTransferFunctionScriptingTraits (0ms)
		AnalyzeDomain (121ms)
			TypeCache.Refresh (104ms)
				TypeCache.ScanAssembly (92ms)
			ScanForSourceGeneratedMonoScriptInfo (13ms)
			ResolveRequiredComponents (3ms)
	FinalizeReload (429ms)
		ReleaseScriptCaches (0ms)
		RebuildScriptCaches (0ms)
		SetupLoadedEditorAssemblies (316ms)
			LogAssemblyErrors (0ms)
			InitializePlatformSupportModulesInManaged (23ms)
			SetLoadedEditorAssemblies (3ms)
			RefreshPlugins (0ms)
			BeforeProcessingInitializeOnLoad (62ms)
			ProcessInitializeOnLoadAttributes (184ms)
			ProcessInitializeOnLoadMethodAttributes (29ms)
			AfterProcessingInitializeOnLoad (15ms)
			EditorAssembliesLoaded (0ms)
		ExecutionOrderSort2 (0ms)
		AwakeInstancesAfterBackupRestoration (5ms)
Launched and connected shader compiler UnityShaderCompiler.exe after 0.08 seconds
Refreshing native plugins compatible for Editor in 8.60 ms, found 4 plugins.
Preloading 0 native plugins for Editor in 0.00 ms.
Unloading 4109 Unused Serialized files (Serialized files now loaded: 0)
Unloading 63 unused Assets / (60.7 KB). Loaded Objects now: 4581.
Memory consumption went from 151.0 MB to 150.9 MB.
Total: 2.986500 ms (FindLiveObjects: 0.194100 ms CreateObjectMapping: 0.074100 ms MarkObjects: 2.574500 ms  DeleteObjects: 0.142900 ms)

AssetImportParameters requested are different than current active one (requested -> active):
  custom:scripting/monoscript/fileName/RankManager.cs: 24645d1ede8a91362888d054032edad7 -> 
  custom:container-demuxer-ogg: 62fdf1f143b41e24485cea50d1cbac27 -> 
  custom:scripting/monoscript/fileName/SavingManger.cs: 9f2c9ab29eeea47eb8da8df12ad98a3e -> 
  custom:video-codec-MediaFoundation-h265: 746d11721c4dcdbdad8f713fa42b33f4 -> 
  custom:scripting/monoscript/fileName/DataSaver.cs: e5681b44ae8383125a80832a4035ce35 -> 
  custom:scripting/monoscript/fileName/ScoreBoard.cs: 2ca190c64ec05b6119eb41d7e54ba2d4 -> 
  custom:video-decoder-ogg-theora: a1e56fd34408186e4bbccfd4996cb3dc -> 
  custom:framework-win-MediaFoundation: 216162199b28c13a410421893ffa2e32 -> 
  custom:scripting/monoscript/fileName/HighscoreTable.cs: 4cdff648e39922ecd1f5acb83bde9a5f -> 
  custom:scripting/monoscript/fileName/LeaderboardController.cs: 02cb9b4f5eaf82a61d8494d0b042e884 -> 
  custom:scripting/monoscript/fileName/ConfirmScoreNickName.cs: e43e1510442a8c1218a159d3caef3301 -> 
  custom:scripting/monoscript/fileName/PlayerData.cs: e4b7b96b5a8bcbcb4be40bfb1d4ff5c1 -> 
  custom:CustomObjectIndexerAttribute: 756ad292c208cfabdd7b50bc23989ffe -> 
  custom:container-demuxer-webm: 4f35f7cbe854078d1ac9338744f61a02 -> 
  custom:scripting/monoscript/fileName/PowerUps.cs: 7c757ecc48ed423bf7bd18effe0bc5d3 -> 
  custom:container-muxer-webm: aa71ff27fc2769a1b78a27578f13a17b -> 
  custom:scripting/monoscript/fileName/ReloadSpeedBuff.cs: 750500572565b29ddd6a8336b79f9c13 -> 
  custom:video-decoder-webm-vp8: 9c59270c3fd7afecdb556c50c9e8de78 -> 
  custom:SearchIndexIgnoredProperties: e643bd26f0fe6173181afceb89e7c659 -> 
  custom:AudioImporter_EditorPlatform: d09bf68614088b80899f8185d706f6e7 -> 
  custom:scripting/monoscript/fileName/Group.cs: 903723bd4660a2f6afba1f16e84958ee -> 
  custom:scripting/monoscript/fileName/TestCompare.cs: d1d09ed6974a4f4d94c6b4ebd171ced5 -> 
  custom:video-encoder-webm-vp8: eb34c28f22e8b96e1ab97ce403110664 -> 
  custom:audio-decoder-ogg-vorbis: bf7c407c2cedff20999df2af8eb42d56 -> 
  custom:scripting/monoscript/fileName/PowerUpsObject.cs: b571f3528db386ba0ea50f58df874678 -> 
  custom:audio-encoder-webm-vorbis: bf7c407c2cedff20999df2af8eb42d56 -> 
========================================================================
Received Import Request.
  Time since last request: 209306.269037 seconds.
  path: Assets/Simple Vector Icons/Icons_White/PNG icons_white/Graph PNG/Diagram 2.png
  artifactKey: Guid(21663a357dd28114fb4c75d81e0159a0) Importer(815301076,1909f56bfc062723c751e8b465ee728b)
Start importing Assets/Simple Vector Icons/Icons_White/PNG icons_white/Graph PNG/Diagram 2.png using Guid(21663a357dd28114fb4c75d81e0159a0) Importer(815301076,1909f56bfc062723c751e8b465ee728b)  -> (artifact id: '2252f4bcbebd361631669da6074874f6') in 0.079486 seconds
Number of updated asset objects reloaded before import = 0
Number of asset objects unloaded after import = 3
========================================================================
Received Import Request.
  Time since last request: 0.000013 seconds.
  path: Assets/Simple Vector Icons/Icons_White/PSD icons_white/Graph PSD/Diagram 3.psd
  artifactKey: Guid(2c7ecc278ad2a1d45a4e2a1188eab754) Importer(815301076,1909f56bfc062723c751e8b465ee728b)
Start importing Assets/Simple Vector Icons/Icons_White/PSD icons_white/Graph PSD/Diagram 3.psd using Guid(2c7ecc278ad2a1d45a4e2a1188eab754) Importer(815301076,1909f56bfc062723c751e8b465ee728b)  -> (artifact id: '6239b65adc06aa237c25cedbbc1f6d67') in 0.035280 seconds
Number of updated asset objects reloaded before import = 0
Number of asset objects unloaded after import = 3
========================================================================
Received Import Request.
  Time since last request: 0.313247 seconds.
  path: Assets/Simple Vector Icons/Icons_White/PSD icons_white/Graph PSD/Diagram 5.psd
  artifactKey: Guid(22288bff207004c439173ac7fc83f089) Importer(815301076,1909f56bfc062723c751e8b465ee728b)
Start importing Assets/Simple Vector Icons/Icons_White/PSD icons_white/Graph PSD/Diagram 5.psd using Guid(22288bff207004c439173ac7fc83f089) Importer(815301076,1909f56bfc062723c751e8b465ee728b)  -> (artifact id: '830581ba3b03a39762093d100ac7afc8') in 0.029515 seconds
Number of updated asset objects reloaded before import = 0
Number of asset objects unloaded after import = 3
========================================================================
Received Import Request.
  Time since last request: 0.000014 seconds.
  path: Assets/Simple Vector Icons/Icons_Black outline/PNG icons_black outline/Graph PNG/Diagram 6.png
  artifactKey: Guid(2647bce5f993def44a7352dbe49d6fd5) Importer(815301076,1909f56bfc062723c751e8b465ee728b)
Start importing Assets/Simple Vector Icons/Icons_Black outline/PNG icons_black outline/Graph PNG/Diagram 6.png using Guid(2647bce5f993def44a7352dbe49d6fd5) Importer(815301076,1909f56bfc062723c751e8b465ee728b)  -> (artifact id: 'f79d0cb45f6dea4dccc2303e9fbef587') in 0.025010 seconds
Number of updated asset objects reloaded before import = 0
Number of asset objects unloaded after import = 3
========================================================================
Received Import Request.
  Time since last request: 0.013239 seconds.
  path: Assets/Simple Vector Icons/Icons_White/PSD icons_white/Graph PSD/Diagram 6.psd
  artifactKey: Guid(6317e4a3e85cb914182aebb6fb0aee01) Importer(815301076,1909f56bfc062723c751e8b465ee728b)
Start importing Assets/Simple Vector Icons/Icons_White/PSD icons_white/Graph PSD/Diagram 6.psd using Guid(6317e4a3e85cb914182aebb6fb0aee01) Importer(815301076,1909f56bfc062723c751e8b465ee728b)  -> (artifact id: '4f068e7dae10df5d1ff727c986fe1c66') in 0.017366 seconds
Number of updated asset objects reloaded before import = 0
Number of asset objects unloaded after import = 3
========================================================================
Received Import Request.
  Time since last request: 0.002859 seconds.
  path: Assets/Simple Vector Icons/Icons_Black outline/PSD icons_black outline/Money PSD/Diamond.psd
  artifactKey: Guid(0e0a6940fa1db9047af9ca2db1847a66) Importer(815301076,1909f56bfc062723c751e8b465ee728b)
Start importing Assets/Simple Vector Icons/Icons_Black outline/PSD icons_black outline/Money PSD/Diamond.psd using Guid(0e0a6940fa1db9047af9ca2db1847a66) Importer(815301076,1909f56bfc062723c751e8b465ee728b)  -> (artifact id: '0bfd7aab73a5645385ed5c26142baf12') in 0.026061 seconds
Number of updated asset objects reloaded before import = 0
Number of asset objects unloaded after import = 3
========================================================================
Received Import Request.
  Time since last request: 0.522470 seconds.
  path: Assets/Simple Vector Icons/Icons_Black outline/PSD icons_black outline/Dice PSD/Dice 1.psd
  artifactKey: Guid(33fba3e38c8b53c45ab21b52125be527) Importer(815301076,1909f56bfc062723c751e8b465ee728b)
Start importing Assets/Simple Vector Icons/Icons_Black outline/PSD icons_black outline/Dice PSD/Dice 1.psd using Guid(33fba3e38c8b53c45ab21b52125be527) Importer(815301076,1909f56bfc062723c751e8b465ee728b)  -> (artifact id: '1f1ec5c2ac482e42a3e687556668fa46') in 0.037795 seconds
Number of updated asset objects reloaded before import = 0
Number of asset objects unloaded after import = 3
========================================================================
Received Import Request.
  Time since last request: 0.000049 seconds.
  path: Assets/Simple Vector Icons/Icons_Black outline/PNG icons_black outline/Dice PNG/Dice 2.png
  artifactKey: Guid(040e94e84fd5d60469dccf30dfefe08b) Importer(815301076,1909f56bfc062723c751e8b465ee728b)
Start importing Assets/Simple Vector Icons/Icons_Black outline/PNG icons_black outline/Dice PNG/Dice 2.png using Guid(040e94e84fd5d60469dccf30dfefe08b) Importer(815301076,1909f56bfc062723c751e8b465ee728b)  -> (artifact id: '83ad6d6a362978c9fac1bd869a92dabf') in 0.022327 seconds
Number of updated asset objects reloaded before import = 0
Number of asset objects unloaded after import = 3
========================================================================
Received Import Request.
  Time since last request: 0.039215 seconds.
  path: Assets/Simple Vector Icons/Icons_White/PSD icons_white/Dice PSD/Dice 3.psd
  artifactKey: Guid(73967a083222aca41838fecee3cc7a04) Importer(815301076,1909f56bfc062723c751e8b465ee728b)
Start importing Assets/Simple Vector Icons/Icons_White/PSD icons_white/Dice PSD/Dice 3.psd using Guid(73967a083222aca41838fecee3cc7a04) Importer(815301076,1909f56bfc062723c751e8b465ee728b)  -> (artifact id: '83ac1d7b69d25b4f6a178c6fc4b7bcc0') in 0.021302 seconds
Number of updated asset objects reloaded before import = 0
Number of asset objects unloaded after import = 3
========================================================================
Received Import Request.
  Time since last request: 0.003069 seconds.
  path: Assets/Simple Vector Icons/Icons_Black outline/PNG icons_black outline/Dice PNG/Dice 4.png
  artifactKey: Guid(bbbe80809d44fa94eb3bdcb624b29f08) Importer(815301076,1909f56bfc062723c751e8b465ee728b)
Start importing Assets/Simple Vector Icons/Icons_Black outline/PNG icons_black outline/Dice PNG/Dice 4.png using Guid(bbbe80809d44fa94eb3bdcb624b29f08) Importer(815301076,1909f56bfc062723c751e8b465ee728b)  -> (artifact id: '2d90ad299a73676b8a8c7e242bf1634d') in 0.039323 seconds
Number of updated asset objects reloaded before import = 0
Number of asset objects unloaded after import = 3
========================================================================
Received Import Request.
  Time since last request: 0.250846 seconds.
  path: Assets/Simple Vector Icons/Icons_White/PSD icons_white/Dice PSD/Dice 5.psd
  artifactKey: Guid(f1db94b86e12cc342a683ba903fc555b) Importer(815301076,1909f56bfc062723c751e8b465ee728b)
Start importing Assets/Simple Vector Icons/Icons_White/PSD icons_white/Dice PSD/Dice 5.psd using Guid(f1db94b86e12cc342a683ba903fc555b) Importer(815301076,1909f56bfc062723c751e8b465ee728b)  -> (artifact id: 'cd334453cd8249682ac1167f8a4ea55d') in 0.030729 seconds
Number of updated asset objects reloaded before import = 0
Number of asset objects unloaded after import = 3
========================================================================
Received Import Request.
  Time since last request: 0.000030 seconds.
  path: Assets/Simple Vector Icons/Icons_White/PSD icons_white/Dice PSD/Dice 6.psd
  artifactKey: Guid(842dfcc31b03d2b46b5454381a3c78f7) Importer(815301076,1909f56bfc062723c751e8b465ee728b)
Start importing Assets/Simple Vector Icons/Icons_White/PSD icons_white/Dice PSD/Dice 6.psd using Guid(842dfcc31b03d2b46b5454381a3c78f7) Importer(815301076,1909f56bfc062723c751e8b465ee728b)  -> (artifact id: '33138d801ac40ff8265829bae6f106be') in 0.019115 seconds
Number of updated asset objects reloaded before import = 0
Number of asset objects unloaded after import = 3
========================================================================
Received Import Request.
  Time since last request: 0.344774 seconds.
  path: Assets/Simple Vector Icons/Icons_Black outline/PNG icons_black outline/Social media PNG/Discord.png
  artifactKey: Guid(efdbea0e4373d4a549874270f8e018e6) Importer(815301076,1909f56bfc062723c751e8b465ee728b)
Start importing Assets/Simple Vector Icons/Icons_Black outline/PNG icons_black outline/Social media PNG/Discord.png using Guid(efdbea0e4373d4a549874270f8e018e6) Importer(815301076,1909f56bfc062723c751e8b465ee728b)  -> (artifact id: '5d38180f257f4adf975f4806233fa495') in 0.038611 seconds
Number of updated asset objects reloaded before import = 0
Number of asset objects unloaded after import = 3
========================================================================
Received Import Request.
  Time since last request: 0.000090 seconds.
  path: Assets/Simple Vector Icons/Icons_White/PSD icons_white/UI PSD/Document.psd
  artifactKey: Guid(7d22e9da2cb331d4a909fa549a5723fe) Importer(815301076,1909f56bfc062723c751e8b465ee728b)
Start importing Assets/Simple Vector Icons/Icons_White/PSD icons_white/UI PSD/Document.psd using Guid(7d22e9da2cb331d4a909fa549a5723fe) Importer(815301076,1909f56bfc062723c751e8b465ee728b)  -> (artifact id: '30f05591edd17fdb7def8b868d46b72c') in 0.025699 seconds
Number of updated asset objects reloaded before import = 0
Number of asset objects unloaded after import = 3
========================================================================
Received Import Request.
  Time since last request: 0.040309 seconds.
  path: Assets/Simple Vector Icons/Icons_Black outline/PNG icons_black outline/Animals PNG/Dog.png
  artifactKey: Guid(c770c45e6eb5aca4cb3c935cf91247a9) Importer(815301076,1909f56bfc062723c751e8b465ee728b)
Start importing Assets/Simple Vector Icons/Icons_Black outline/PNG icons_black outline/Animals PNG/Dog.png using Guid(c770c45e6eb5aca4cb3c935cf91247a9) Importer(815301076,1909f56bfc062723c751e8b465ee728b)  -> (artifact id: 'b25919ff58ff02dc747d1d4500e30818') in 0.029785 seconds
Number of updated asset objects reloaded before import = 0
Number of asset objects unloaded after import = 3
========================================================================
Received Import Request.
  Time since last request: 0.000065 seconds.
  path: Assets/Simple Vector Icons/Icons_Black outline/PSD icons_black outline/Animals PSD/Dog kennel.psd
  artifactKey: Guid(cb2c51ccf771406408832fd6262a7b60) Importer(815301076,1909f56bfc062723c751e8b465ee728b)
Start importing Assets/Simple Vector Icons/Icons_Black outline/PSD icons_black outline/Animals PSD/Dog kennel.psd using Guid(cb2c51ccf771406408832fd6262a7b60) Importer(815301076,1909f56bfc062723c751e8b465ee728b)  -> (artifact id: '61ae1fe33edc4e2b86c436b34e740d7d') in 0.029843 seconds
Number of updated asset objects reloaded before import = 0
Number of asset objects unloaded after import = 3
========================================================================
Received Import Request.
  Time since last request: 0.275616 seconds.
  path: Assets/Simple Vector Icons/Icons_Black outline/PNG icons_black outline/Money PNG/Dollars.png
  artifactKey: Guid(a6323b93c6885994e83579b54edb10cc) Importer(815301076,1909f56bfc062723c751e8b465ee728b)
Start importing Assets/Simple Vector Icons/Icons_Black outline/PNG icons_black outline/Money PNG/Dollars.png using Guid(a6323b93c6885994e83579b54edb10cc) Importer(815301076,1909f56bfc062723c751e8b465ee728b)  -> (artifact id: 'f9cdeaef2db13d6e0266078b9131e461') in 0.027608 seconds
Number of updated asset objects reloaded before import = 0
Number of asset objects unloaded after import = 3
========================================================================
Received Import Request.
  Time since last request: 0.000013 seconds.
  path: Assets/Simple Vector Icons/Icons_White/PNG icons_white/Home PNG/Door 1.png
  artifactKey: Guid(11a76da0316880a46a40e7654342a53c) Importer(815301076,1909f56bfc062723c751e8b465ee728b)
Start importing Assets/Simple Vector Icons/Icons_White/PNG icons_white/Home PNG/Door 1.png using Guid(11a76da0316880a46a40e7654342a53c) Importer(815301076,1909f56bfc062723c751e8b465ee728b)  -> (artifact id: '3a070da483a17877f50d751c4ed475dc') in 0.014399 seconds
Number of updated asset objects reloaded before import = 0
Number of asset objects unloaded after import = 3
========================================================================
Received Import Request.
  Time since last request: 0.325195 seconds.
  path: Assets/Simple Vector Icons/Icons_Black outline/PSD icons_black outline/Home PSD/Door 2.psd
  artifactKey: Guid(5133461937cecab488ee2dd326d4876f) Importer(815301076,1909f56bfc062723c751e8b465ee728b)
Start importing Assets/Simple Vector Icons/Icons_Black outline/PSD icons_black outline/Home PSD/Door 2.psd using Guid(5133461937cecab488ee2dd326d4876f) Importer(815301076,1909f56bfc062723c751e8b465ee728b)  -> (artifact id: '4fc8f17e559ec820b6d1b23b517b2ad9') in 0.017234 seconds
Number of updated asset objects reloaded before import = 0
Number of asset objects unloaded after import = 3
========================================================================
Received Import Request.
  Time since last request: 0.002571 seconds.
  path: Assets/Simple Vector Icons/Icons_White/PNG icons_white/UI PNG/Dots.png
  artifactKey: Guid(a45d90f7bc619524f9d1f5e37c192471) Importer(815301076,1909f56bfc062723c751e8b465ee728b)
Start importing Assets/Simple Vector Icons/Icons_White/PNG icons_white/UI PNG/Dots.png using Guid(a45d90f7bc619524f9d1f5e37c192471) Importer(815301076,1909f56bfc062723c751e8b465ee728b)  -> (artifact id: 'd16250043750f26a41754bbc0d966227') in 0.026416 seconds
Number of updated asset objects reloaded before import = 0
Number of asset objects unloaded after import = 3
========================================================================
Received Import Request.
  Time since last request: 0.538041 seconds.
  path: Assets/Simple Vector Icons/Icons_White/PNG icons_white/Symbol PNG/Double quotes U.png
  artifactKey: Guid(feeb176929bb05740817974c017483ec) Importer(815301076,1909f56bfc062723c751e8b465ee728b)
Start importing Assets/Simple Vector Icons/Icons_White/PNG icons_white/Symbol PNG/Double quotes U.png using Guid(feeb176929bb05740817974c017483ec) Importer(815301076,1909f56bfc062723c751e8b465ee728b)  -> (artifact id: 'c135d28fac4d84655e39a95867506ebd') in 0.034370 seconds
Number of updated asset objects reloaded before import = 0
Number of asset objects unloaded after import = 3
========================================================================
Received Import Request.
  Time since last request: 0.000074 seconds.
  path: Assets/Simple Vector Icons/Icons_Black outline/PSD icons_black outline/Animals PSD/Dove Pigeon.psd
  artifactKey: Guid(610a3093d82d20446ac0f3d97a5307ea) Importer(815301076,1909f56bfc062723c751e8b465ee728b)
Start importing Assets/Simple Vector Icons/Icons_Black outline/PSD icons_black outline/Animals PSD/Dove Pigeon.psd using Guid(610a3093d82d20446ac0f3d97a5307ea) Importer(815301076,1909f56bfc062723c751e8b465ee728b)  -> (artifact id: '18396bf73dd4804147a58e733da0dcfc') in 0.025321 seconds
Number of updated asset objects reloaded before import = 0
Number of asset objects unloaded after import = 3
========================================================================
Received Import Request.
  Time since last request: 0.026756 seconds.
  path: Assets/Simple Vector Icons/Icons_Black outline/PSD icons_black outline/IT PSD/Download.psd
  artifactKey: Guid(fa43e1288c64fad46811bffe8cd7f819) Importer(815301076,1909f56bfc062723c751e8b465ee728b)
Start importing Assets/Simple Vector Icons/Icons_Black outline/PSD icons_black outline/IT PSD/Download.psd using Guid(fa43e1288c64fad46811bffe8cd7f819) Importer(815301076,1909f56bfc062723c751e8b465ee728b)  -> (artifact id: '4cb4de21483fc298c7c93b224cf874ed') in 0.028107 seconds
Number of updated asset objects reloaded before import = 0
Number of asset objects unloaded after import = 3
========================================================================
Received Import Request.
  Time since last request: 0.000046 seconds.
  path: Assets/Simple Vector Icons/Icons_Black outline/PNG icons_black outline/Clothes PNG/Dress.png
  artifactKey: Guid(42e15752ba3caa74da2b45d6b71bf027) Importer(815301076,1909f56bfc062723c751e8b465ee728b)
Start importing Assets/Simple Vector Icons/Icons_Black outline/PNG icons_black outline/Clothes PNG/Dress.png using Guid(42e15752ba3caa74da2b45d6b71bf027) Importer(815301076,1909f56bfc062723c751e8b465ee728b)  -> (artifact id: '942a17ed3494374c7174405a104086b4') in 0.027682 seconds
Number of updated asset objects reloaded before import = 0
Number of asset objects unloaded after import = 3
========================================================================
Received Import Request.
  Time since last request: 0.768577 seconds.
  path: Assets/Simple Vector Icons/Icons_White/PSD icons_white/Transport PSD/Drive.psd
  artifactKey: Guid(0bb3162fd4ed6614e9296d663aaf3190) Importer(815301076,1909f56bfc062723c751e8b465ee728b)
Start importing Assets/Simple Vector Icons/Icons_White/PSD icons_white/Transport PSD/Drive.psd using Guid(0bb3162fd4ed6614e9296d663aaf3190) Importer(815301076,1909f56bfc062723c751e8b465ee728b)  -> (artifact id: '7208f5178041161dfde3f7c4d6f1fcf9') in 0.026593 seconds
Number of updated asset objects reloaded before import = 0
Number of asset objects unloaded after import = 3
========================================================================
Received Import Request.
  Time since last request: 0.042180 seconds.
  path: Assets/Simple Vector Icons/Icons_Black outline/PSD icons_black outline/Transport PSD/Drive.psd
  artifactKey: Guid(420c80bc32ca67145a81b4b1bfafc2f5) Importer(815301076,1909f56bfc062723c751e8b465ee728b)
Start importing Assets/Simple Vector Icons/Icons_Black outline/PSD icons_black outline/Transport PSD/Drive.psd using Guid(420c80bc32ca67145a81b4b1bfafc2f5) Importer(815301076,1909f56bfc062723c751e8b465ee728b)  -> (artifact id: '826647ed55f7d58006d6863063463b24') in 0.026627 seconds
Number of updated asset objects reloaded before import = 0
Number of asset objects unloaded after import = 3
========================================================================
Received Import Request.
  Time since last request: 0.000099 seconds.
  path: Assets/Simple Vector Icons/Icons_White/PNG icons_white/Transport PNG/Drive 1.png
  artifactKey: Guid(a73f4f924ee76c846bc7b892fb6403d3) Importer(815301076,1909f56bfc062723c751e8b465ee728b)
Start importing Assets/Simple Vector Icons/Icons_White/PNG icons_white/Transport PNG/Drive 1.png using Guid(a73f4f924ee76c846bc7b892fb6403d3) Importer(815301076,1909f56bfc062723c751e8b465ee728b)  -> (artifact id: '22e94ea25c426c616583e3fedd1d1544') in 0.016367 seconds
Number of updated asset objects reloaded before import = 0
Number of asset objects unloaded after import = 3
========================================================================
Received Import Request.
  Time since last request: 0.379189 seconds.
  path: Assets/Simple Vector Icons/Icons_Black outline/PSD icons_black outline/Weather PSD/Drop.psd
  artifactKey: Guid(a2b5543f4192fe544810ae74744c95b4) Importer(815301076,1909f56bfc062723c751e8b465ee728b)
Start importing Assets/Simple Vector Icons/Icons_Black outline/PSD icons_black outline/Weather PSD/Drop.psd using Guid(a2b5543f4192fe544810ae74744c95b4) Importer(815301076,1909f56bfc062723c751e8b465ee728b)  -> (artifact id: '14bb8cdf0688c2910bea0bd99fb1612e') in 0.037492 seconds
Number of updated asset objects reloaded before import = 0
Number of asset objects unloaded after import = 3
========================================================================
Received Import Request.
  Time since last request: 0.000108 seconds.
  path: Assets/Simple Vector Icons/Icons_White/PSD icons_white/Keyboard PSD/E.psd
  artifactKey: Guid(b71bb0d26be604640a6c7cd1124f719b) Importer(815301076,1909f56bfc062723c751e8b465ee728b)
Start importing Assets/Simple Vector Icons/Icons_White/PSD icons_white/Keyboard PSD/E.psd using Guid(b71bb0d26be604640a6c7cd1124f719b) Importer(815301076,1909f56bfc062723c751e8b465ee728b)  -> (artifact id: '719697ebe2968b1404009bc40169efc6') in 0.033737 seconds
Number of updated asset objects reloaded before import = 0
Number of asset objects unloaded after import = 3
========================================================================
Received Import Request.
  Time since last request: 0.459018 seconds.
  path: Assets/Simple Vector Icons/Icons_White/PNG icons_white/Body PNG/Ear.png
  artifactKey: Guid(2c385645a60ac454c8a95c17f8d2be26) Importer(815301076,1909f56bfc062723c751e8b465ee728b)
Start importing Assets/Simple Vector Icons/Icons_White/PNG icons_white/Body PNG/Ear.png using Guid(2c385645a60ac454c8a95c17f8d2be26) Importer(815301076,1909f56bfc062723c751e8b465ee728b)  -> (artifact id: '455c4339a37cd8b25fa2a44657160c04') in 0.032718 seconds
Number of updated asset objects reloaded before import = 0
Number of asset objects unloaded after import = 3
========================================================================
Received Import Request.
  Time since last request: 0.001523 seconds.
  path: Assets/Simple Vector Icons/Icons_White/PSD icons_white/Earth PSD/Earth 1.psd
  artifactKey: Guid(c737032d6c0c4904baca29ad0b6fd2c5) Importer(815301076,1909f56bfc062723c751e8b465ee728b)
Start importing Assets/Simple Vector Icons/Icons_White/PSD icons_white/Earth PSD/Earth 1.psd using Guid(c737032d6c0c4904baca29ad0b6fd2c5) Importer(815301076,1909f56bfc062723c751e8b465ee728b)  -> (artifact id: 'd1ae4dc37f84fdefa179b17690cafede') in 0.028950 seconds
Number of updated asset objects reloaded before import = 0
Number of asset objects unloaded after import = 3
========================================================================
Received Import Request.
  Time since last request: 0.020104 seconds.
  path: Assets/Simple Vector Icons/Icons_Black outline/PSD icons_black outline/Earth PSD/Earth 1.psd
  artifactKey: Guid(50edc051bb91cc44696e33dec05c46fd) Importer(815301076,1909f56bfc062723c751e8b465ee728b)
Start importing Assets/Simple Vector Icons/Icons_Black outline/PSD icons_black outline/Earth PSD/Earth 1.psd using Guid(50edc051bb91cc44696e33dec05c46fd) Importer(815301076,1909f56bfc062723c751e8b465ee728b)  -> (artifact id: '10b9d99073f6f44d84f35d759f9402e4') in 0.028480 seconds
Number of updated asset objects reloaded before import = 0
Number of asset objects unloaded after import = 3
========================================================================
Received Import Request.
  Time since last request: 0.000119 seconds.
  path: Assets/Simple Vector Icons/Icons_Black outline/PNG icons_black outline/Graphics editor PNG/Edit 1.png
  artifactKey: Guid(adb3c3da342e20f4e9270c137b763f9a) Importer(815301076,1909f56bfc062723c751e8b465ee728b)
Start importing Assets/Simple Vector Icons/Icons_Black outline/PNG icons_black outline/Graphics editor PNG/Edit 1.png using Guid(adb3c3da342e20f4e9270c137b763f9a) Importer(815301076,1909f56bfc062723c751e8b465ee728b)  -> (artifact id: 'f7010663d8ffbde0019e93d6a952b0c3') in 0.033742 seconds
Number of updated asset objects reloaded before import = 0
Number of asset objects unloaded after import = 3
========================================================================
Received Import Request.
  Time since last request: 0.262453 seconds.
  path: Assets/Simple Vector Icons/Icons_Black outline/PSD icons_black outline/Graphics editor PSD/Edit 1.psd
  artifactKey: Guid(b2750d08f9787854084adfc5ebc36cee) Importer(815301076,1909f56bfc062723c751e8b465ee728b)
Start importing Assets/Simple Vector Icons/Icons_Black outline/PSD icons_black outline/Graphics editor PSD/Edit 1.psd using Guid(b2750d08f9787854084adfc5ebc36cee) Importer(815301076,1909f56bfc062723c751e8b465ee728b)  -> (artifact id: '07e0b70bd8182bd0f29c3636222e2ca5') in 0.026800 seconds
Number of updated asset objects reloaded before import = 0
Number of asset objects unloaded after import = 3
========================================================================
Received Import Request.
  Time since last request: 0.001375 seconds.
  path: Assets/Simple Vector Icons/Icons_Black outline/PNG icons_black outline/Hazard signs PNG/Electricity.png
  artifactKey: Guid(17996190e66806c4fb614ae73664726f) Importer(815301076,1909f56bfc062723c751e8b465ee728b)
Start importing Assets/Simple Vector Icons/Icons_Black outline/PNG icons_black outline/Hazard signs PNG/Electricity.png using Guid(17996190e66806c4fb614ae73664726f) Importer(815301076,1909f56bfc062723c751e8b465ee728b)  -> (artifact id: '18691c26bddbfc6fc35aeb566350e3e7') in 0.028702 seconds
Number of updated asset objects reloaded before import = 0
Number of asset objects unloaded after import = 3
========================================================================
Received Import Request.
  Time since last request: 0.023222 seconds.
  path: Assets/Simple Vector Icons/Icons_White/PSD icons_white/Hazard signs PSD/Electricity.psd
  artifactKey: Guid(0e29c35d204fdd14ab92f8e7db8e93a5) Importer(815301076,1909f56bfc062723c751e8b465ee728b)
Start importing Assets/Simple Vector Icons/Icons_White/PSD icons_white/Hazard signs PSD/Electricity.psd using Guid(0e29c35d204fdd14ab92f8e7db8e93a5) Importer(815301076,1909f56bfc062723c751e8b465ee728b)  -> (artifact id: '498f471aa6db9759aacf217e8fc75a5f') in 0.027217 seconds
Number of updated asset objects reloaded before import = 0
Number of asset objects unloaded after import = 3
========================================================================
Received Import Request.
  Time since last request: 0.000122 seconds.
  path: Assets/Simple Vector Icons/Icons_White/PSD icons_white/Hazard signs PSD/Electrocution risk.psd
  artifactKey: Guid(d951670043c60e64fb854d8724891c59) Importer(815301076,1909f56bfc062723c751e8b465ee728b)
Start importing Assets/Simple Vector Icons/Icons_White/PSD icons_white/Hazard signs PSD/Electrocution risk.psd using Guid(d951670043c60e64fb854d8724891c59) Importer(815301076,1909f56bfc062723c751e8b465ee728b)  -> (artifact id: '3c8fc934da16bff15f1b59d2ceae036e') in 0.045373 seconds
Number of updated asset objects reloaded before import = 0
Number of asset objects unloaded after import = 3
========================================================================
Received Import Request.
  Time since last request: 0.244463 seconds.
  path: Assets/Simple Vector Icons/Icons_White/PSD icons_white/Hazard signs PSD/Electrocution risk Symbol.psd
  artifactKey: Guid(4041933389f25b6408cfddb59f19241b) Importer(815301076,1909f56bfc062723c751e8b465ee728b)
Start importing Assets/Simple Vector Icons/Icons_White/PSD icons_white/Hazard signs PSD/Electrocution risk Symbol.psd using Guid(4041933389f25b6408cfddb59f19241b) Importer(815301076,1909f56bfc062723c751e8b465ee728b)  -> (artifact id: '53b4511d4e1477cadfc9a7c5165feab2') in 0.028880 seconds
Number of updated asset objects reloaded before import = 0
Number of asset objects unloaded after import = 3
========================================================================
Received Import Request.
  Time since last request: 0.000013 seconds.
  path: Assets/Simple Vector Icons/Icons_White/PSD icons_white/Keyboard PSD/Enter.psd
  artifactKey: Guid(1045a810c5b2a384d943fde5f98a2ff6) Importer(815301076,1909f56bfc062723c751e8b465ee728b)
Start importing Assets/Simple Vector Icons/Icons_White/PSD icons_white/Keyboard PSD/Enter.psd using Guid(1045a810c5b2a384d943fde5f98a2ff6) Importer(815301076,1909f56bfc062723c751e8b465ee728b)  -> (artifact id: 'd5f509a0798a2dfa6524bdc1e94c49b5') in 0.029940 seconds
Number of updated asset objects reloaded before import = 0
Number of asset objects unloaded after import = 3
========================================================================
Received Import Request.
  Time since last request: 0.329769 seconds.
  path: Assets/Simple Vector Icons/Icons_Black outline/PNG icons_black outline/Hazard signs PNG/Entrapment risk.png
  artifactKey: Guid(58e7061becb6c9a4eb13abd4575dd07e) Importer(815301076,1909f56bfc062723c751e8b465ee728b)
Start importing Assets/Simple Vector Icons/Icons_Black outline/PNG icons_black outline/Hazard signs PNG/Entrapment risk.png using Guid(58e7061becb6c9a4eb13abd4575dd07e) Importer(815301076,1909f56bfc062723c751e8b465ee728b)  -> (artifact id: 'e8aa73d7302487326d24b6d47a3af907') in 0.032088 seconds
Number of updated asset objects reloaded before import = 0
Number of asset objects unloaded after import = 3
========================================================================
Received Import Request.
  Time since last request: 0.000013 seconds.
  path: Assets/Simple Vector Icons/Icons_White/PNG icons_white/Hazard signs PNG/Entrapment risk Symbol.png
  artifactKey: Guid(85277218d1b024c42980e724c44c311c) Importer(815301076,1909f56bfc062723c751e8b465ee728b)
Start importing Assets/Simple Vector Icons/Icons_White/PNG icons_white/Hazard signs PNG/Entrapment risk Symbol.png using Guid(85277218d1b024c42980e724c44c311c) Importer(815301076,1909f56bfc062723c751e8b465ee728b)  -> (artifact id: 'bffde93c9a0265e2b1bc7f161c0d942b') in 0.030429 seconds
Number of updated asset objects reloaded before import = 0
Number of asset objects unloaded after import = 3
========================================================================
Received Import Request.
  Time since last request: 0.025401 seconds.
  path: Assets/Simple Vector Icons/Icons_White/PNG icons_white/Hazard signs PNG/Environmental hazard Symbol.png
  artifactKey: Guid(27805c571a3ab08438346d976c59517b) Importer(815301076,1909f56bfc062723c751e8b465ee728b)
Start importing Assets/Simple Vector Icons/Icons_White/PNG icons_white/Hazard signs PNG/Environmental hazard Symbol.png using Guid(27805c571a3ab08438346d976c59517b) Importer(815301076,1909f56bfc062723c751e8b465ee728b)  -> (artifact id: '8d26a1ca3531ea59bafbd5732473cf32') in 0.033198 seconds
Number of updated asset objects reloaded before import = 0
Number of asset objects unloaded after import = 3
========================================================================
Received Import Request.
  Time since last request: 0.000046 seconds.
  path: Assets/Simple Vector Icons/Icons_Black outline/PNG icons_black outline/UI PNG/Equalizer.png
  artifactKey: Guid(30d45234721294d4e93b1effa63e4bea) Importer(815301076,1909f56bfc062723c751e8b465ee728b)
Start importing Assets/Simple Vector Icons/Icons_Black outline/PNG icons_black outline/UI PNG/Equalizer.png using Guid(30d45234721294d4e93b1effa63e4bea) Importer(815301076,1909f56bfc062723c751e8b465ee728b)  -> (artifact id: '29fb1c5036c316490ea85be01a23f345') in 0.014368 seconds
Number of updated asset objects reloaded before import = 0
Number of asset objects unloaded after import = 3
========================================================================
Received Import Request.
  Time since last request: 0.424304 seconds.
  path: Assets/Simple Vector Icons/Icons_White/PNG icons_white/Office PNG/Erase.png
  artifactKey: Guid(7c0725ade98687c4b93a1244293395f6) Importer(815301076,1909f56bfc062723c751e8b465ee728b)
Start importing Assets/Simple Vector Icons/Icons_White/PNG icons_white/Office PNG/Erase.png using Guid(7c0725ade98687c4b93a1244293395f6) Importer(815301076,1909f56bfc062723c751e8b465ee728b)  -> (artifact id: 'a2269f50130d16f2e681ab7c03bf43b6') in 0.017721 seconds
Number of updated asset objects reloaded before import = 0
Number of asset objects unloaded after import = 3
========================================================================
Received Import Request.
  Time since last request: 0.002013 seconds.
  path: Assets/Simple Vector Icons/Icons_White/PSD icons_white/Money PSD/Euro.psd
  artifactKey: Guid(de0c049d4e36eaf40980ea2ce9e95632) Importer(815301076,1909f56bfc062723c751e8b465ee728b)
Start importing Assets/Simple Vector Icons/Icons_White/PSD icons_white/Money PSD/Euro.psd using Guid(de0c049d4e36eaf40980ea2ce9e95632) Importer(815301076,1909f56bfc062723c751e8b465ee728b)  -> (artifact id: 'bd394553e563f7b958274dc4e36d15e3') in 0.025224 seconds
Number of updated asset objects reloaded before import = 0
Number of asset objects unloaded after import = 3
========================================================================
Received Import Request.
  Time since last request: 0.054147 seconds.
  path: Assets/Simple Vector Icons/Icons_Black outline/PNG icons_black outline/Other PNG/Explosion.png
  artifactKey: Guid(19f90f3503d177144b6f07ad45b275eb) Importer(815301076,1909f56bfc062723c751e8b465ee728b)
Start importing Assets/Simple Vector Icons/Icons_Black outline/PNG icons_black outline/Other PNG/Explosion.png using Guid(19f90f3503d177144b6f07ad45b275eb) Importer(815301076,1909f56bfc062723c751e8b465ee728b)  -> (artifact id: 'ded0d79b3d14cc192d4ad5962aa663d1') in 0.030195 seconds
Number of updated asset objects reloaded before import = 0
Number of asset objects unloaded after import = 3
========================================================================
Received Import Request.
  Time since last request: 0.499824 seconds.
  path: Assets/Simple Vector Icons/Icons_White/PNG icons_white/Hazard signs PNG/Explosion risk.png
  artifactKey: Guid(d81ea66680dd58a458d9a275940c6878) Importer(815301076,1909f56bfc062723c751e8b465ee728b)
Start importing Assets/Simple Vector Icons/Icons_White/PNG icons_white/Hazard signs PNG/Explosion risk.png using Guid(d81ea66680dd58a458d9a275940c6878) Importer(815301076,1909f56bfc062723c751e8b465ee728b)  -> (artifact id: '1396e6721edfbc97a222c764e523194c') in 0.032010 seconds
Number of updated asset objects reloaded before import = 0
Number of asset objects unloaded after import = 3
========================================================================
Received Import Request.
  Time since last request: 0.000012 seconds.
  path: Assets/Simple Vector Icons/Icons_White/PNG icons_white/Hazard signs PNG/Explosion risk Symbol.png
  artifactKey: Guid(7a493a6d939be5d4fbd52b4fe2a1d99b) Importer(815301076,1909f56bfc062723c751e8b465ee728b)
Start importing Assets/Simple Vector Icons/Icons_White/PNG icons_white/Hazard signs PNG/Explosion risk Symbol.png using Guid(7a493a6d939be5d4fbd52b4fe2a1d99b) Importer(815301076,1909f56bfc062723c751e8b465ee728b)  -> (artifact id: 'e70ff755e7cc2cf29dbec674b28f8ebb') in 0.033957 seconds
Number of updated asset objects reloaded before import = 0
Number of asset objects unloaded after import = 3
========================================================================
Received Import Request.
  Time since last request: 0.770197 seconds.
  path: Assets/Simple Vector Icons/Icons_Black outline/PSD icons_black outline/On Off PSD/Eye off.psd
  artifactKey: Guid(c64a1860e68ca2049a50375dc5508dad) Importer(815301076,1909f56bfc062723c751e8b465ee728b)
Start importing Assets/Simple Vector Icons/Icons_Black outline/PSD icons_black outline/On Off PSD/Eye off.psd using Guid(c64a1860e68ca2049a50375dc5508dad) Importer(815301076,1909f56bfc062723c751e8b465ee728b)  -> (artifact id: '98b04e4466e3b61558b518f2964d7803') in 0.033360 seconds
Number of updated asset objects reloaded before import = 0
Number of asset objects unloaded after import = 3
========================================================================
Received Import Request.
  Time since last request: 0.047630 seconds.
  path: Assets/Simple Vector Icons/Icons_White/PSD icons_white/On Off PSD/Eye off.psd
  artifactKey: Guid(adc6c9449f00ed241ac123624a8a243f) Importer(815301076,1909f56bfc062723c751e8b465ee728b)
Start importing Assets/Simple Vector Icons/Icons_White/PSD icons_white/On Off PSD/Eye off.psd using Guid(adc6c9449f00ed241ac123624a8a243f) Importer(815301076,1909f56bfc062723c751e8b465ee728b)  -> (artifact id: '7299a5af20a79e8267366a3b7c8d2e2a') in 0.016552 seconds
Number of updated asset objects reloaded before import = 0
Number of asset objects unloaded after import = 3
========================================================================
Received Import Request.
  Time since last request: 0.002547 seconds.
  path: Assets/Simple Vector Icons/Icons_Black outline/PSD icons_black outline/Body PSD/Eye open.psd
  artifactKey: Guid(8326df9cede094065b35ad28b1f95143) Importer(815301076,1909f56bfc062723c751e8b465ee728b)
Start importing Assets/Simple Vector Icons/Icons_Black outline/PSD icons_black outline/Body PSD/Eye open.psd using Guid(8326df9cede094065b35ad28b1f95143) Importer(815301076,1909f56bfc062723c751e8b465ee728b)  -> (artifact id: '3e2b692c8833dd85d7b808eb9bee70be') in 0.027371 seconds
Number of updated asset objects reloaded before import = 0
Number of asset objects unloaded after import = 3
========================================================================
Received Import Request.
  Time since last request: 0.240781 seconds.
  path: Assets/Simple Vector Icons/Icons_Black outline/PNG icons_black outline/Keyboard PNG/F.png
  artifactKey: Guid(51a5a633c6191f14c9f5d13c11914537) Importer(815301076,1909f56bfc062723c751e8b465ee728b)
Start importing Assets/Simple Vector Icons/Icons_Black outline/PNG icons_black outline/Keyboard PNG/F.png using Guid(51a5a633c6191f14c9f5d13c11914537) Importer(815301076,1909f56bfc062723c751e8b465ee728b)  -> (artifact id: 'b9ac6478e94b363b4a3b34ae74901a1e') in 0.036879 seconds
Number of updated asset objects reloaded before import = 0
Number of asset objects unloaded after import = 3
========================================================================
Received Import Request.
  Time since last request: 0.000012 seconds.
  path: Assets/Simple Vector Icons/Icons_Black outline/PSD icons_black outline/Keyboard PSD/F1.psd
  artifactKey: Guid(7a8e20293df7caa4cac7c87380f1d534) Importer(815301076,1909f56bfc062723c751e8b465ee728b)
Start importing Assets/Simple Vector Icons/Icons_Black outline/PSD icons_black outline/Keyboard PSD/F1.psd using Guid(7a8e20293df7caa4cac7c87380f1d534) Importer(815301076,1909f56bfc062723c751e8b465ee728b)  -> (artifact id: '9fa0bc2e63b428d4dbffba29e0807b5a') in 0.032889 seconds
Number of updated asset objects reloaded before import = 0
Number of asset objects unloaded after import = 3
========================================================================
Received Import Request.
  Time since last request: 0.374785 seconds.
  path: Assets/Simple Vector Icons/Icons_Black outline/PNG icons_black outline/Keyboard PNG/F2.png
  artifactKey: Guid(18f39155955c86447a311763ff27b8a7) Importer(815301076,1909f56bfc062723c751e8b465ee728b)
Start importing Assets/Simple Vector Icons/Icons_Black outline/PNG icons_black outline/Keyboard PNG/F2.png using Guid(18f39155955c86447a311763ff27b8a7) Importer(815301076,1909f56bfc062723c751e8b465ee728b)  -> (artifact id: '9a0efe75aeddc45a5413c2830d356f7c') in 0.030733 seconds
Number of updated asset objects reloaded before import = 0
Number of asset objects unloaded after import = 3
========================================================================
Received Import Request.
  Time since last request: 0.047981 seconds.
  path: Assets/Simple Vector Icons/Icons_White/PNG icons_white/Keyboard PNG/F4.png
  artifactKey: Guid(6e4215f428cf833458fb1e0509a37e57) Importer(815301076,1909f56bfc062723c751e8b465ee728b)
Start importing Assets/Simple Vector Icons/Icons_White/PNG icons_white/Keyboard PNG/F4.png using Guid(6e4215f428cf833458fb1e0509a37e57) Importer(815301076,1909f56bfc062723c751e8b465ee728b)  -> (artifact id: 'ca717bbff35eb25eeaed86cfe7056849') in 0.016404 seconds
Number of updated asset objects reloaded before import = 0
Number of asset objects unloaded after import = 3
========================================================================
Received Import Request.
  Time since last request: 0.002627 seconds.
  path: Assets/Simple Vector Icons/Icons_White/PNG icons_white/Keyboard PNG/F5.png
  artifactKey: Guid(6b115dd00bb93ef4299f8bbea9af5c50) Importer(815301076,1909f56bfc062723c751e8b465ee728b)
Start importing Assets/Simple Vector Icons/Icons_White/PNG icons_white/Keyboard PNG/F5.png using Guid(6b115dd00bb93ef4299f8bbea9af5c50) Importer(815301076,1909f56bfc062723c751e8b465ee728b)  -> (artifact id: '26924ccbed3942eaf86149d6acb06be6') in 0.029684 seconds
Number of updated asset objects reloaded before import = 0
Number of asset objects unloaded after import = 3
========================================================================
Received Import Request.
  Time since last request: 0.373204 seconds.
  path: Assets/Simple Vector Icons/Icons_White/PNG icons_white/Keyboard PNG/F6.png
  artifactKey: Guid(42d3a8dbdcc6d96459f9344cbda9a79e) Importer(815301076,1909f56bfc062723c751e8b465ee728b)
Start importing Assets/Simple Vector Icons/Icons_White/PNG icons_white/Keyboard PNG/F6.png using Guid(42d3a8dbdcc6d96459f9344cbda9a79e) Importer(815301076,1909f56bfc062723c751e8b465ee728b)  -> (artifact id: 'eef355811770f1911ce25e9316a47bc9') in 0.019599 seconds
Number of updated asset objects reloaded before import = 0
Number of asset objects unloaded after import = 3
========================================================================
Received Import Request.
  Time since last request: 0.012229 seconds.
  path: Assets/Simple Vector Icons/Icons_Black outline/PSD icons_black outline/Keyboard PSD/F8.psd
  artifactKey: Guid(dc0150f03bdeae84484637a827c54c7b) Importer(815301076,1909f56bfc062723c751e8b465ee728b)
Start importing Assets/Simple Vector Icons/Icons_Black outline/PSD icons_black outline/Keyboard PSD/F8.psd using Guid(dc0150f03bdeae84484637a827c54c7b) Importer(815301076,1909f56bfc062723c751e8b465ee728b)  -> (artifact id: 'd864c188aca0ae883edd4fce6b3ee555') in 0.023653 seconds
Number of updated asset objects reloaded before import = 0
Number of asset objects unloaded after import = 3
========================================================================
Received Import Request.
  Time since last request: 0.353165 seconds.
  path: Assets/Simple Vector Icons/Icons_White/PNG icons_white/Keyboard PNG/F9.png
  artifactKey: Guid(2af256168150aa54abe8498feec85aeb) Importer(815301076,1909f56bfc062723c751e8b465ee728b)
Start importing Assets/Simple Vector Icons/Icons_White/PNG icons_white/Keyboard PNG/F9.png using Guid(2af256168150aa54abe8498feec85aeb) Importer(815301076,1909f56bfc062723c751e8b465ee728b)  -> (artifact id: '1244a800311b8d56b8066b71dd8ea2bf') in 0.030532 seconds
Number of updated asset objects reloaded before import = 0
Number of asset objects unloaded after import = 3
========================================================================
Received Import Request.
  Time since last request: 0.000178 seconds.
  path: Assets/Simple Vector Icons/Icons_Black outline/PNG icons_black outline/Keyboard PNG/F10.png
  artifactKey: Guid(9ccfaf8b6ab9de946a2a6c4540b25062) Importer(815301076,1909f56bfc062723c751e8b465ee728b)
Start importing Assets/Simple Vector Icons/Icons_Black outline/PNG icons_black outline/Keyboard PNG/F10.png using Guid(9ccfaf8b6ab9de946a2a6c4540b25062) Importer(815301076,1909f56bfc062723c751e8b465ee728b)  -> (artifact id: '1b81d812764b77acf4824b36e75c3db3') in 0.024627 seconds
Number of updated asset objects reloaded before import = 0
Number of asset objects unloaded after import = 3
========================================================================
Received Import Request.
  Time since last request: 0.010799 seconds.
  path: Assets/Simple Vector Icons/Icons_Black outline/PNG icons_black outline/Keyboard PNG/F11.png
  artifactKey: Guid(ba94521b80ff50c458d21393771325f0) Importer(815301076,1909f56bfc062723c751e8b465ee728b)
Start importing Assets/Simple Vector Icons/Icons_Black outline/PNG icons_black outline/Keyboard PNG/F11.png using Guid(ba94521b80ff50c458d21393771325f0) Importer(815301076,1909f56bfc062723c751e8b465ee728b)  -> (artifact id: 'fd2a41f78e8577337dda732d2b908e27') in 0.026270 seconds
Number of updated asset objects reloaded before import = 0
Number of asset objects unloaded after import = 3
========================================================================
Received Import Request.
  Time since last request: 0.000034 seconds.
  path: Assets/Simple Vector Icons/Icons_White/PNG icons_white/Social media PNG/Facebook.png
  artifactKey: Guid(3cd8eb412a788bf409c4bb17995d240d) Importer(815301076,1909f56bfc062723c751e8b465ee728b)
Start importing Assets/Simple Vector Icons/Icons_White/PNG icons_white/Social media PNG/Facebook.png using Guid(3cd8eb412a788bf409c4bb17995d240d) Importer(815301076,1909f56bfc062723c751e8b465ee728b)  -> (artifact id: '4fb6e7ee6aeb76927e3844ca2579dbe0') in 0.025020 seconds
Number of updated asset objects reloaded before import = 0
Number of asset objects unloaded after import = 3
========================================================================
Received Import Request.
  Time since last request: 0.412343 seconds.
  path: Assets/Simple Vector Icons/Icons_White/PSD icons_white/Social media PSD/Facebook.psd
  artifactKey: Guid(aff423c9f24e1fb41ac688ec5db394b5) Importer(815301076,1909f56bfc062723c751e8b465ee728b)
Start importing Assets/Simple Vector Icons/Icons_White/PSD icons_white/Social media PSD/Facebook.psd using Guid(aff423c9f24e1fb41ac688ec5db394b5) Importer(815301076,1909f56bfc062723c751e8b465ee728b)  -> (artifact id: 'c099d5458a822be56aa65799527d22b8') in 0.016559 seconds
Number of updated asset objects reloaded before import = 0
Number of asset objects unloaded after import = 3
========================================================================
Received Import Request.
  Time since last request: 0.001809 seconds.
  path: Assets/Simple Vector Icons/Icons_Black outline/PSD icons_black outline/Social media PSD/Facebook 1.psd
  artifactKey: Guid(22cb413121a78d546ab6b8d655df7735) Importer(815301076,1909f56bfc062723c751e8b465ee728b)
Start importing Assets/Simple Vector Icons/Icons_Black outline/PSD icons_black outline/Social media PSD/Facebook 1.psd using Guid(22cb413121a78d546ab6b8d655df7735) Importer(815301076,1909f56bfc062723c751e8b465ee728b)  -> (artifact id: '709685d390a21078d644c357a603018b') in 0.026860 seconds
Number of updated asset objects reloaded before import = 0
Number of asset objects unloaded after import = 3
========================================================================
Received Import Request.
  Time since last request: 0.306409 seconds.
  path: Assets/Simple Vector Icons/Icons_Black outline/PNG icons_black outline/Hazard signs PNG/Falling object.png
  artifactKey: Guid(b7f2666dc22354e4bbc8c5613d3177d2) Importer(815301076,1909f56bfc062723c751e8b465ee728b)
Start importing Assets/Simple Vector Icons/Icons_Black outline/PNG icons_black outline/Hazard signs PNG/Falling object.png using Guid(b7f2666dc22354e4bbc8c5613d3177d2) Importer(815301076,1909f56bfc062723c751e8b465ee728b)  -> (artifact id: 'e4c41d1edc583d5b07c677d7e890840e') in 0.029496 seconds
Number of updated asset objects reloaded before import = 0
Number of asset objects unloaded after import = 3
========================================================================
Received Import Request.
  Time since last request: 0.034551 seconds.
  path: Assets/Simple Vector Icons/Icons_White/PSD icons_white/Home PSD/Fence.psd
  artifactKey: Guid(69df2bb236e35b049a72e4003f271ffd) Importer(815301076,1909f56bfc062723c751e8b465ee728b)
Start importing Assets/Simple Vector Icons/Icons_White/PSD icons_white/Home PSD/Fence.psd using Guid(69df2bb236e35b049a72e4003f271ffd) Importer(815301076,1909f56bfc062723c751e8b465ee728b)  -> (artifact id: 'b2b6bf8c697ea8d97f0ec679eed53053') in 0.030066 seconds
Number of updated asset objects reloaded before import = 0
Number of asset objects unloaded after import = 3
========================================================================
Received Import Request.
  Time since last request: 0.000227 seconds.
  path: Assets/Simple Vector Icons/Icons_Black outline/PSD icons_black outline/UI PSD/Filter.psd
  artifactKey: Guid(3a0f0429ce6af054093bb0ce60586cf1) Importer(815301076,1909f56bfc062723c751e8b465ee728b)
Start importing Assets/Simple Vector Icons/Icons_Black outline/PSD icons_black outline/UI PSD/Filter.psd using Guid(3a0f0429ce6af054093bb0ce60586cf1) Importer(815301076,1909f56bfc062723c751e8b465ee728b)  -> (artifact id: '386dfad5d1a2b9f9a055a501e6772422') in 0.028913 seconds
Number of updated asset objects reloaded before import = 0
Number of asset objects unloaded after import = 3
========================================================================
Received Import Request.
  Time since last request: 0.309256 seconds.
  path: Assets/Simple Vector Icons/Icons_Black outline/PSD icons_black outline/Other PSD/Fire.psd
  artifactKey: Guid(bbc0bc1add2f03d4e8cd88097129a3de) Importer(815301076,1909f56bfc062723c751e8b465ee728b)
Start importing Assets/Simple Vector Icons/Icons_Black outline/PSD icons_black outline/Other PSD/Fire.psd using Guid(bbc0bc1add2f03d4e8cd88097129a3de) Importer(815301076,1909f56bfc062723c751e8b465ee728b)  -> (artifact id: 'e60c05137e0214c721142e0f0c4e976f') in 0.029859 seconds
Number of updated asset objects reloaded before import = 0
Number of asset objects unloaded after import = 3
========================================================================
Received Import Request.
  Time since last request: 0.263351 seconds.
  path: Assets/Simple Vector Icons/Icons_Black outline/PSD icons_black outline/Kitchen PSD/Fish.psd
  artifactKey: Guid(a9d54e92ad017fc4db012a871dcbf6df) Importer(815301076,1909f56bfc062723c751e8b465ee728b)
Start importing Assets/Simple Vector Icons/Icons_Black outline/PSD icons_black outline/Kitchen PSD/Fish.psd using Guid(a9d54e92ad017fc4db012a871dcbf6df) Importer(815301076,1909f56bfc062723c751e8b465ee728b)  -> (artifact id: 'ba58a1ec8cd2db2c6c4a50a81bae50e5') in 0.036621 seconds
Number of updated asset objects reloaded before import = 0
Number of asset objects unloaded after import = 3
========================================================================
Received Import Request.
  Time since last request: 1.545592 seconds.
  path: Assets/Simple Vector Icons/Icons_Black outline/PSD icons_black outline/Gestures PSD/Fist.psd
  artifactKey: Guid(22f84aabaa870c645a06d63bfb52555c) Importer(815301076,1909f56bfc062723c751e8b465ee728b)
Start importing Assets/Simple Vector Icons/Icons_Black outline/PSD icons_black outline/Gestures PSD/Fist.psd using Guid(22f84aabaa870c645a06d63bfb52555c) Importer(815301076,1909f56bfc062723c751e8b465ee728b)  -> (artifact id: '7f2cb77fba2c4606a31bfe9657b2bd33') in 0.032161 seconds
Number of updated asset objects reloaded before import = 0
Number of asset objects unloaded after import = 3
========================================================================
Received Import Request.
  Time since last request: 0.000066 seconds.
  path: Assets/Simple Vector Icons/Icons_White/PSD icons_white/Other PSD/Flags.psd
  artifactKey: Guid(841cbdad8e06e754fbae9b351df50a1e) Importer(815301076,1909f56bfc062723c751e8b465ee728b)
Start importing Assets/Simple Vector Icons/Icons_White/PSD icons_white/Other PSD/Flags.psd using Guid(841cbdad8e06e754fbae9b351df50a1e) Importer(815301076,1909f56bfc062723c751e8b465ee728b)  -> (artifact id: '71536b129b003c61488a5749818b552e') in 0.027918 seconds
Number of updated asset objects reloaded before import = 0
Number of asset objects unloaded after import = 3
========================================================================
Received Import Request.
  Time since last request: 0.000012 seconds.
  path: Assets/Simple Vector Icons/Icons_White/PSD icons_white/Hazard signs PSD/Flammable materials.psd
  artifactKey: Guid(4aeea392abe094641a798d3c5f058662) Importer(815301076,1909f56bfc062723c751e8b465ee728b)
Start importing Assets/Simple Vector Icons/Icons_White/PSD icons_white/Hazard signs PSD/Flammable materials.psd using Guid(4aeea392abe094641a798d3c5f058662) Importer(815301076,1909f56bfc062723c751e8b465ee728b)  -> (artifact id: '3e23e10077ad62e683de37fd4dea8966') in 0.034025 seconds
Number of updated asset objects reloaded before import = 0
Number of asset objects unloaded after import = 3
========================================================================
Received Import Request.
  Time since last request: 0.149792 seconds.
  path: Assets/Simple Vector Icons/Icons_White/PSD icons_white/Body PSD/Nose.psd
  artifactKey: Guid(2d23bfce525134ef098def302da963e0) Importer(815301076,1909f56bfc062723c751e8b465ee728b)
Start importing Assets/Simple Vector Icons/Icons_White/PSD icons_white/Body PSD/Nose.psd using Guid(2d23bfce525134ef098def302da963e0) Importer(815301076,1909f56bfc062723c751e8b465ee728b)  -> (artifact id: 'a27661ce94eb4122a268e264171711f0') in 0.030840 seconds
Number of updated asset objects reloaded before import = 0
Number of asset objects unloaded after import = 3
========================================================================
Received Import Request.
  Time since last request: 0.000107 seconds.
  path: Assets/Simple Vector Icons/Icons_White/PNG icons_white/Keyboard PNG/O.png
  artifactKey: Guid(844f1149aa85086439bc2ce5e81ec599) Importer(815301076,1909f56bfc062723c751e8b465ee728b)
Start importing Assets/Simple Vector Icons/Icons_White/PNG icons_white/Keyboard PNG/O.png using Guid(844f1149aa85086439bc2ce5e81ec599) Importer(815301076,1909f56bfc062723c751e8b465ee728b)  -> (artifact id: 'eeb3a452964c0ce3d89f592c5a2a3703') in 0.014373 seconds
Number of updated asset objects reloaded before import = 0
Number of asset objects unloaded after import = 3
========================================================================
Received Import Request.
  Time since last request: 0.859103 seconds.
  path: Assets/Simple Vector Icons/Icons_Black outline/PSD icons_black outline/Player PSD/Stop.psd
  artifactKey: Guid(f4ee8e90242945648b083008a9566720) Importer(815301076,1909f56bfc062723c751e8b465ee728b)
Start importing Assets/Simple Vector Icons/Icons_Black outline/PSD icons_black outline/Player PSD/Stop.psd using Guid(f4ee8e90242945648b083008a9566720) Importer(815301076,1909f56bfc062723c751e8b465ee728b)  -> (artifact id: '83b850f8b8825189de5d170155c541e8') in 0.032187 seconds
Number of updated asset objects reloaded before import = 0
Number of asset objects unloaded after import = 3
========================================================================
Received Import Request.
  Time since last request: 0.001878 seconds.
  path: Assets/Simple Vector Icons/Icons_Black outline/PNG icons_black outline/UI PNG/Stop.png
  artifactKey: Guid(a3360dd8203f50d4191f9eab22406046) Importer(815301076,1909f56bfc062723c751e8b465ee728b)
Start importing Assets/Simple Vector Icons/Icons_Black outline/PNG icons_black outline/UI PNG/Stop.png using Guid(a3360dd8203f50d4191f9eab22406046) Importer(815301076,1909f56bfc062723c751e8b465ee728b)  -> (artifact id: '1af19c8b03ecdaaa104bc5e9ad069cd5') in 0.030713 seconds
Number of updated asset objects reloaded before import = 0
Number of asset objects unloaded after import = 3
========================================================================
Received Import Request.
  Time since last request: 0.001693 seconds.
  path: Assets/Simple Vector Icons/Icons_Black outline/PSD icons_black outline/Bags PSD/Sutecase.psd
  artifactKey: Guid(783317c30362cab4abe6b4ddeb466f63) Importer(815301076,1909f56bfc062723c751e8b465ee728b)
Start importing Assets/Simple Vector Icons/Icons_Black outline/PSD icons_black outline/Bags PSD/Sutecase.psd using Guid(783317c30362cab4abe6b4ddeb466f63) Importer(815301076,1909f56bfc062723c751e8b465ee728b)  -> (artifact id: 'bcd95167d6ba4dd11bdadf30fb5fc35c') in 0.035859 seconds
Number of updated asset objects reloaded before import = 0
Number of asset objects unloaded after import = 3
========================================================================
Received Import Request.
  Time since last request: 0.000012 seconds.
  path: Assets/Simple Vector Icons/Icons_Black outline/PNG icons_black outline/Clothes PNG/Swimsuit.png
  artifactKey: Guid(de95e74a66d7270419580ee57bf8dc8d) Importer(815301076,1909f56bfc062723c751e8b465ee728b)
Start importing Assets/Simple Vector Icons/Icons_Black outline/PNG icons_black outline/Clothes PNG/Swimsuit.png using Guid(de95e74a66d7270419580ee57bf8dc8d) Importer(815301076,1909f56bfc062723c751e8b465ee728b)  -> (artifact id: 'c3bb46637ae19948d50302a358a4e784') in 0.032899 seconds
Number of updated asset objects reloaded before import = 0
Number of asset objects unloaded after import = 3
========================================================================
Received Import Request.
  Time since last request: 0.000012 seconds.
  path: Assets/Simple Vector Icons/Icons_White/PSD icons_white/Military PSD/Sword.psd
  artifactKey: Guid(1efba0d43d7b36e46a2eac782fa29cda) Importer(815301076,1909f56bfc062723c751e8b465ee728b)
Start importing Assets/Simple Vector Icons/Icons_White/PSD icons_white/Military PSD/Sword.psd using Guid(1efba0d43d7b36e46a2eac782fa29cda) Importer(815301076,1909f56bfc062723c751e8b465ee728b)  -> (artifact id: 'c218f00435637557511c538d59681782') in 0.040121 seconds
Number of updated asset objects reloaded before import = 0
Number of asset objects unloaded after import = 3
========================================================================
Received Import Request.
  Time since last request: 0.004918 seconds.
  path: Assets/Simple Vector Icons/Icons_Black outline/PNG icons_black outline/Arrows PNG/Thin arrow U.png
  artifactKey: Guid(18df0a274acb5064c93f2563e1eb46b0) Importer(815301076,1909f56bfc062723c751e8b465ee728b)
Start importing Assets/Simple Vector Icons/Icons_Black outline/PNG icons_black outline/Arrows PNG/Thin arrow U.png using Guid(18df0a274acb5064c93f2563e1eb46b0) Importer(815301076,1909f56bfc062723c751e8b465ee728b)  -> (artifact id: 'bce2220ef3293e4350d92177eece2fad') in 0.030960 seconds
Number of updated asset objects reloaded before import = 0
Number of asset objects unloaded after import = 3
========================================================================
Received Import Request.
  Time since last request: 14.485464 seconds.
  path: Assets/Simple Vector Icons/Icons_Black outline/PSD icons_black outline/Keyboard PSD/T.psd
  artifactKey: Guid(a3d94280181f8f944a133fca6a693273) Importer(815301076,1909f56bfc062723c751e8b465ee728b)
Start importing Assets/Simple Vector Icons/Icons_Black outline/PSD icons_black outline/Keyboard PSD/T.psd using Guid(a3d94280181f8f944a133fca6a693273) Importer(815301076,1909f56bfc062723c751e8b465ee728b)  -> (artifact id: 'c012afdd32c9a0e5e11ecd47998f58c6') in 0.029097 seconds
Number of updated asset objects reloaded before import = 0
Number of asset objects unloaded after import = 3
========================================================================
Received Import Request.
  Time since last request: 0.053716 seconds.
  path: Assets/Simple Vector Icons/Icons_Black outline/PNG icons_black outline/Military PNG/Sword.png
  artifactKey: Guid(b1befe6da66f38d4ebc50d98becb9ebb) Importer(815301076,1909f56bfc062723c751e8b465ee728b)
Start importing Assets/Simple Vector Icons/Icons_Black outline/PNG icons_black outline/Military PNG/Sword.png using Guid(b1befe6da66f38d4ebc50d98becb9ebb) Importer(815301076,1909f56bfc062723c751e8b465ee728b)  -> (artifact id: '78e3ec14d0803a1153d5d60973609f93') in 0.027581 seconds
Number of updated asset objects reloaded before import = 0
Number of asset objects unloaded after import = 3
========================================================================
Received Import Request.
  Time since last request: 0.000314 seconds.
  path: Assets/Simple Vector Icons/Icons_White/PSD icons_white/Keyboard PSD/T.psd
  artifactKey: Guid(0e773c813379bd848a2e1f313f4359e5) Importer(815301076,1909f56bfc062723c751e8b465ee728b)
Start importing Assets/Simple Vector Icons/Icons_White/PSD icons_white/Keyboard PSD/T.psd using Guid(0e773c813379bd848a2e1f313f4359e5) Importer(815301076,1909f56bfc062723c751e8b465ee728b)  -> (artifact id: '4bed2a1ac0346b1f3720706c100adc53') in 0.022846 seconds
Number of updated asset objects reloaded before import = 0
Number of asset objects unloaded after import = 3
========================================================================
Received Import Request.
  Time since last request: 3.173236 seconds.
  path: Assets/Simple Vector Icons/Icons_Black outline/PNG icons_black outline/Transport PNG/Steering wheel.png
  artifactKey: Guid(4dbf54f43fbb6304cad6e921aee75092) Importer(815301076,1909f56bfc062723c751e8b465ee728b)
Start importing Assets/Simple Vector Icons/Icons_Black outline/PNG icons_black outline/Transport PNG/Steering wheel.png using Guid(4dbf54f43fbb6304cad6e921aee75092) Importer(815301076,1909f56bfc062723c751e8b465ee728b)  -> (artifact id: '1e7a8676f18098017f0f51ce62f8c630') in 0.030003 seconds
Number of updated asset objects reloaded before import = 0
Number of asset objects unloaded after import = 3
========================================================================
Received Import Request.
  Time since last request: 0.000012 seconds.
  path: Assets/Simple Vector Icons/Icons_White/PNG icons_white/Body PNG/Stomach.png
  artifactKey: Guid(e8f69abef0d1d4a86b2b5af8a71d4938) Importer(815301076,1909f56bfc062723c751e8b465ee728b)
Start importing Assets/Simple Vector Icons/Icons_White/PNG icons_white/Body PNG/Stomach.png using Guid(e8f69abef0d1d4a86b2b5af8a71d4938) Importer(815301076,1909f56bfc062723c751e8b465ee728b)  -> (artifact id: '84c73b7688eef750c774a405e5a66381') in 0.030727 seconds
Number of updated asset objects reloaded before import = 0
Number of asset objects unloaded after import = 3
========================================================================
Received Prepare
Begin MonoManager ReloadAssembly
Symbol file LoadedFromMemory doesn't match image C:\Users\patri\Space Invader\Library\PackageCache\com.unity.visualscripting@1.8.0\Editor\VisualScripting.Core\Dependencies\YamlDotNet\Unity.VisualScripting.YamlDotNet.dll
Symbol file LoadedFromMemory doesn't match image C:\Users\patri\Space Invader\Library\PackageCache\com.unity.visualscripting@1.8.0\Editor\VisualScripting.Core\Dependencies\DotNetZip\Unity.VisualScripting.IonicZip.dll
- Loaded All Assemblies, in  0.391 seconds
Refreshing native plugins compatible for Editor in 5.50 ms, found 4 plugins.
Native extension for WindowsStandalone target not found
Native extension for Android target not found
Mono: successfully reloaded assembly
- Finished resetting the current domain, in  0.731 seconds
Domain Reload Profiling: 1113ms
	BeginReloadAssembly (125ms)
		ExecutionOrderSort (0ms)
		DisableScriptedObjects (7ms)
		BackupInstance (0ms)
		ReleaseScriptingObjects (0ms)
		CreateAndSetChildDomain (26ms)
	RebuildCommonClasses (22ms)
	RebuildNativeTypeToScriptingClass (7ms)
	initialDomainReloadingComplete (32ms)
	LoadAllAssembliesAndSetupDomain (196ms)
		LoadAssemblies (249ms)
		RebuildTransferFunctionScriptingTraits (0ms)
		AnalyzeDomain (9ms)
			TypeCache.Refresh (4ms)
				TypeCache.ScanAssembly (0ms)
			ScanForSourceGeneratedMonoScriptInfo (0ms)
			ResolveRequiredComponents (4ms)
	FinalizeReload (731ms)
		ReleaseScriptCaches (0ms)
		RebuildScriptCaches (0ms)
		SetupLoadedEditorAssemblies (237ms)
			LogAssemblyErrors (0ms)
			InitializePlatformSupportModulesInManaged (19ms)
			SetLoadedEditorAssemblies (2ms)
			RefreshPlugins (0ms)
			BeforeProcessingInitializeOnLoad (60ms)
			ProcessInitializeOnLoadAttributes (129ms)
			ProcessInitializeOnLoadMethodAttributes (17ms)
			AfterProcessingInitializeOnLoad (9ms)
			EditorAssembliesLoaded (0ms)
		ExecutionOrderSort2 (0ms)
		AwakeInstancesAfterBackupRestoration (7ms)
Refreshing native plugins compatible for Editor in 9.17 ms, found 4 plugins.
Preloading 0 native plugins for Editor in 0.00 ms.
Unloading 4077 Unused Serialized files (Serialized files now loaded: 0)
Unloading 35 unused Assets / (34.6 KB). Loaded Objects now: 4591.
Memory consumption went from 142.7 MB to 142.7 MB.
Total: 3.908400 ms (FindLiveObjects: 0.216600 ms CreateObjectMapping: 0.072300 ms MarkObjects: 3.545000 ms  DeleteObjects: 0.073300 ms)

Prepare: number of updated asset objects reloaded= 0
AssetImportParameters requested are different than current active one (requested -> active):
  custom:scripting/monoscript/fileName/RankManager.cs: 24645d1ede8a91362888d054032edad7 -> 
  custom:container-demuxer-ogg: 62fdf1f143b41e24485cea50d1cbac27 -> 
  custom:scripting/monoscript/fileName/SavingManger.cs: 9f2c9ab29eeea47eb8da8df12ad98a3e -> 
  custom:video-codec-MediaFoundation-h265: 746d11721c4dcdbdad8f713fa42b33f4 -> 
  custom:scripting/monoscript/fileName/DataSaver.cs: e5681b44ae8383125a80832a4035ce35 -> 
  custom:scripting/monoscript/fileName/ScoreBoard.cs: 2ca190c64ec05b6119eb41d7e54ba2d4 -> 
  custom:video-decoder-ogg-theora: a1e56fd34408186e4bbccfd4996cb3dc -> 
  custom:framework-win-MediaFoundation: 216162199b28c13a410421893ffa2e32 -> 
  custom:scripting/monoscript/fileName/HighscoreTable.cs: 4cdff648e39922ecd1f5acb83bde9a5f -> 
  custom:scripting/monoscript/fileName/LeaderboardController.cs: 02cb9b4f5eaf82a61d8494d0b042e884 -> 
  custom:scripting/monoscript/fileName/ConfirmScoreNickName.cs: e43e1510442a8c1218a159d3caef3301 -> 
  custom:scripting/monoscript/fileName/PlayerData.cs: e4b7b96b5a8bcbcb4be40bfb1d4ff5c1 -> 
  custom:CustomObjectIndexerAttribute: 756ad292c208cfabdd7b50bc23989ffe -> 
  custom:container-demuxer-webm: 4f35f7cbe854078d1ac9338744f61a02 -> 
  custom:scripting/monoscript/fileName/PowerUps.cs: 7c757ecc48ed423bf7bd18effe0bc5d3 -> 
  custom:container-muxer-webm: aa71ff27fc2769a1b78a27578f13a17b -> 
  custom:scripting/monoscript/fileName/ReloadSpeedBuff.cs: 750500572565b29ddd6a8336b79f9c13 -> 
  custom:video-decoder-webm-vp8: 9c59270c3fd7afecdb556c50c9e8de78 -> 
  custom:SearchIndexIgnoredProperties: e643bd26f0fe6173181afceb89e7c659 -> 
  custom:AudioImporter_EditorPlatform: d09bf68614088b80899f8185d706f6e7 -> 
  custom:scripting/monoscript/fileName/Group.cs: 903723bd4660a2f6afba1f16e84958ee -> 
  custom:scripting/monoscript/fileName/TestCompare.cs: d1d09ed6974a4f4d94c6b4ebd171ced5 -> 
  custom:video-encoder-webm-vp8: eb34c28f22e8b96e1ab97ce403110664 -> 
  custom:audio-decoder-ogg-vorbis: bf7c407c2cedff20999df2af8eb42d56 -> 
  custom:scripting/monoscript/fileName/PowerUpsObject.cs: b571f3528db386ba0ea50f58df874678 -> 
  custom:audio-encoder-webm-vorbis: bf7c407c2cedff20999df2af8eb42d56 -> 
========================================================================
Received Import Request.
  Time since last request: 80.157798 seconds.
  path: Assets/TextMesh Pro/Examples & Extras/Resources/Fonts & Materials/Anton SDF.asset
  artifactKey: Guid(8a89fa14b10d46a99122fd4f73fca9a2) Importer(815301076,1909f56bfc062723c751e8b465ee728b)
Start importing Assets/TextMesh Pro/Examples & Extras/Resources/Fonts & Materials/Anton SDF.asset using Guid(8a89fa14b10d46a99122fd4f73fca9a2) Importer(815301076,1909f56bfc062723c751e8b465ee728b)  -> (artifact id: '0f8a665b6dce66f5981eb55792e9c411') in 0.105056 seconds
Number of updated asset objects reloaded before import = 0
Number of asset objects unloaded after import = 6
========================================================================
Received Import Request.
  Time since last request: 0.000016 seconds.
  path: Assets/TextMesh Pro/Examples & Extras/Resources/Fonts & Materials/Roboto-Bold SDF.asset
  artifactKey: Guid(5302535af1044152a457ed104f1f4b91) Importer(815301076,1909f56bfc062723c751e8b465ee728b)
Start importing Assets/TextMesh Pro/Examples & Extras/Resources/Fonts & Materials/Roboto-Bold SDF.asset using Guid(5302535af1044152a457ed104f1f4b91) Importer(815301076,1909f56bfc062723c751e8b465ee728b)  -> (artifact id: 'bc48fcffe403803313446f0e105f6a12') in 0.040305 seconds
Number of updated asset objects reloaded before import = 0
Number of asset objects unloaded after import = 6
========================================================================
Received Import Request.
  Time since last request: 0.000019 seconds.
  path: Assets/TextMesh Pro/Examples & Extras/Resources/Fonts & Materials/Oswald Bold SDF.asset
  artifactKey: Guid(0161d805a3764c089bef00bfe00793f5) Importer(815301076,1909f56bfc062723c751e8b465ee728b)
Start importing Assets/TextMesh Pro/Examples & Extras/Resources/Fonts & Materials/Oswald Bold SDF.asset using Guid(0161d805a3764c089bef00bfe00793f5) Importer(815301076,1909f56bfc062723c751e8b465ee728b)  -> (artifact id: '34b61f9426d706b925e8f8105c5d2b63') in 0.036302 seconds
Number of updated asset objects reloaded before import = 0
Number of asset objects unloaded after import = 6
========================================================================
Received Prepare
Begin MonoManager ReloadAssembly
Symbol file LoadedFromMemory doesn't match image C:\Users\patri\Space Invader\Library\PackageCache\com.unity.visualscripting@1.8.0\Editor\VisualScripting.Core\Dependencies\YamlDotNet\Unity.VisualScripting.YamlDotNet.dll
Symbol file LoadedFromMemory doesn't match image C:\Users\patri\Space Invader\Library\PackageCache\com.unity.visualscripting@1.8.0\Editor\VisualScripting.Core\Dependencies\DotNetZip\Unity.VisualScripting.IonicZip.dll
- Loaded All Assemblies, in  0.329 seconds
Refreshing native plugins compatible for Editor in 4.86 ms, found 4 plugins.
Native extension for WindowsStandalone target not found
Native extension for Android target not found
Mono: successfully reloaded assembly
- Finished resetting the current domain, in  0.667 seconds
Domain Reload Profiling: 990ms
	BeginReloadAssembly (105ms)
		ExecutionOrderSort (0ms)
		DisableScriptedObjects (6ms)
		BackupInstance (0ms)
		ReleaseScriptingObjects (0ms)
		CreateAndSetChildDomain (21ms)
	RebuildCommonClasses (18ms)
	RebuildNativeTypeToScriptingClass (6ms)
	initialDomainReloadingComplete (22ms)
	LoadAllAssembliesAndSetupDomain (171ms)
		LoadAssemblies (216ms)
		RebuildTransferFunctionScriptingTraits (0ms)
		AnalyzeDomain (8ms)
			TypeCache.Refresh (4ms)
				TypeCache.ScanAssembly (0ms)
			ScanForSourceGeneratedMonoScriptInfo (0ms)
			ResolveRequiredComponents (3ms)
	FinalizeReload (667ms)
		ReleaseScriptCaches (0ms)
		RebuildScriptCaches (0ms)
		SetupLoadedEditorAssemblies (214ms)
			LogAssemblyErrors (0ms)
			InitializePlatformSupportModulesInManaged (17ms)
			SetLoadedEditorAssemblies (2ms)
			RefreshPlugins (0ms)
			BeforeProcessingInitializeOnLoad (52ms)
			ProcessInitializeOnLoadAttributes (119ms)
			ProcessInitializeOnLoadMethodAttributes (16ms)
			AfterProcessingInitializeOnLoad (7ms)
			EditorAssembliesLoaded (0ms)
		ExecutionOrderSort2 (0ms)
		AwakeInstancesAfterBackupRestoration (7ms)
Refreshing native plugins compatible for Editor in 6.41 ms, found 4 plugins.
Preloading 0 native plugins for Editor in 0.00 ms.
Unloading 4077 Unused Serialized files (Serialized files now loaded: 0)
Unloading 35 unused Assets / (34.7 KB). Loaded Objects now: 4634.
Memory consumption went from 143.1 MB to 143.0 MB.
Total: 3.267900 ms (FindLiveObjects: 0.187700 ms CreateObjectMapping: 0.083100 ms MarkObjects: 2.963700 ms  DeleteObjects: 0.032600 ms)

Prepare: number of updated asset objects reloaded= 0
AssetImportParameters requested are different than current active one (requested -> active):
  custom:scripting/monoscript/fileName/RankManager.cs: 24645d1ede8a91362888d054032edad7 -> 
  custom:container-demuxer-ogg: 62fdf1f143b41e24485cea50d1cbac27 -> 
  custom:scripting/monoscript/fileName/SavingManger.cs: 9f2c9ab29eeea47eb8da8df12ad98a3e -> 
  custom:video-codec-MediaFoundation-h265: 746d11721c4dcdbdad8f713fa42b33f4 -> 
  custom:scripting/monoscript/fileName/DataSaver.cs: e5681b44ae8383125a80832a4035ce35 -> 
  custom:scripting/monoscript/fileName/ScoreBoard.cs: 2ca190c64ec05b6119eb41d7e54ba2d4 -> 
  custom:video-decoder-ogg-theora: a1e56fd34408186e4bbccfd4996cb3dc -> 
  custom:framework-win-MediaFoundation: 216162199b28c13a410421893ffa2e32 -> 
  custom:scripting/monoscript/fileName/HighscoreTable.cs: 4cdff648e39922ecd1f5acb83bde9a5f -> 
  custom:scripting/monoscript/fileName/LeaderboardController.cs: 02cb9b4f5eaf82a61d8494d0b042e884 -> 
  custom:scripting/monoscript/fileName/ConfirmScoreNickName.cs: e43e1510442a8c1218a159d3caef3301 -> 
  custom:scripting/monoscript/fileName/PlayerData.cs: e4b7b96b5a8bcbcb4be40bfb1d4ff5c1 -> 
  custom:CustomObjectIndexerAttribute: 756ad292c208cfabdd7b50bc23989ffe -> 
  custom:container-demuxer-webm: 4f35f7cbe854078d1ac9338744f61a02 -> 
  custom:scripting/monoscript/fileName/PowerUps.cs: 7c757ecc48ed423bf7bd18effe0bc5d3 -> 
  custom:container-muxer-webm: aa71ff27fc2769a1b78a27578f13a17b -> 
  custom:scripting/monoscript/fileName/ReloadSpeedBuff.cs: 750500572565b29ddd6a8336b79f9c13 -> 
  custom:video-decoder-webm-vp8: 9c59270c3fd7afecdb556c50c9e8de78 -> 
  custom:SearchIndexIgnoredProperties: e643bd26f0fe6173181afceb89e7c659 -> 
  custom:AudioImporter_EditorPlatform: d09bf68614088b80899f8185d706f6e7 -> 
  custom:scripting/monoscript/fileName/Group.cs: 903723bd4660a2f6afba1f16e84958ee -> 
  custom:scripting/monoscript/fileName/TestCompare.cs: d1d09ed6974a4f4d94c6b4ebd171ced5 -> 
  custom:video-encoder-webm-vp8: eb34c28f22e8b96e1ab97ce403110664 -> 
  custom:audio-decoder-ogg-vorbis: bf7c407c2cedff20999df2af8eb42d56 -> 
  custom:scripting/monoscript/fileName/PowerUpsObject.cs: b571f3528db386ba0ea50f58df874678 -> 
  custom:audio-encoder-webm-vorbis: bf7c407c2cedff20999df2af8eb42d56 -> 
========================================================================
Received Prepare
Begin MonoManager ReloadAssembly
Symbol file LoadedFromMemory doesn't match image C:\Users\patri\Space Invader\Library\PackageCache\com.unity.visualscripting@1.8.0\Editor\VisualScripting.Core\Dependencies\YamlDotNet\Unity.VisualScripting.YamlDotNet.dll
Symbol file LoadedFromMemory doesn't match image C:\Users\patri\Space Invader\Library\PackageCache\com.unity.visualscripting@1.8.0\Editor\VisualScripting.Core\Dependencies\DotNetZip\Unity.VisualScripting.IonicZip.dll
- Loaded All Assemblies, in  1.467 seconds
Refreshing native plugins compatible for Editor in 50.42 ms, found 4 plugins.
Native extension for WindowsStandalone target not found
Native extension for Android target not found
Mono: successfully reloaded assembly
- Finished resetting the current domain, in  3.250 seconds
Domain Reload Profiling: 4695ms
	BeginReloadAssembly (284ms)
		ExecutionOrderSort (0ms)
		DisableScriptedObjects (12ms)
		BackupInstance (0ms)
		ReleaseScriptingObjects (0ms)
		CreateAndSetChildDomain (39ms)
	RebuildCommonClasses (35ms)
	RebuildNativeTypeToScriptingClass (11ms)
	initialDomainReloadingComplete (110ms)
	LoadAllAssembliesAndSetupDomain (1004ms)
		LoadAssemblies (1146ms)
		RebuildTransferFunctionScriptingTraits (0ms)
		AnalyzeDomain (15ms)
			TypeCache.Refresh (8ms)
				TypeCache.ScanAssembly (0ms)
			ScanForSourceGeneratedMonoScriptInfo (0ms)
			ResolveRequiredComponents (6ms)
	FinalizeReload (3251ms)
		ReleaseScriptCaches (0ms)
		RebuildScriptCaches (0ms)
		SetupLoadedEditorAssemblies (480ms)
			LogAssemblyErrors (0ms)
			InitializePlatformSupportModulesInManaged (51ms)
			SetLoadedEditorAssemblies (7ms)
			RefreshPlugins (0ms)
			BeforeProcessingInitializeOnLoad (102ms)
			ProcessInitializeOnLoadAttributes (247ms)
			ProcessInitializeOnLoadMethodAttributes (33ms)
			AfterProcessingInitializeOnLoad (40ms)
			EditorAssembliesLoaded (0ms)
		ExecutionOrderSort2 (0ms)
		AwakeInstancesAfterBackupRestoration (14ms)
Refreshing native plugins compatible for Editor in 13.14 ms, found 4 plugins.
Preloading 0 native plugins for Editor in 0.00 ms.
Unloading 4078 Unused Serialized files (Serialized files now loaded: 0)
Unloading 35 unused Assets / (34.7 KB). Loaded Objects now: 4638.
Memory consumption went from 143.3 MB to 143.3 MB.
Total: 4.840300 ms (FindLiveObjects: 0.261600 ms CreateObjectMapping: 0.101400 ms MarkObjects: 4.410900 ms  DeleteObjects: 0.065100 ms)

Prepare: number of updated asset objects reloaded= 0
AssetImportParameters requested are different than current active one (requested -> active):
  custom:scripting/monoscript/fileName/RankManager.cs: 24645d1ede8a91362888d054032edad7 -> 
  custom:container-demuxer-ogg: 62fdf1f143b41e24485cea50d1cbac27 -> 
  custom:scripting/monoscript/fileName/SavingManger.cs: 9f2c9ab29eeea47eb8da8df12ad98a3e -> 
  custom:video-codec-MediaFoundation-h265: 746d11721c4dcdbdad8f713fa42b33f4 -> 
  custom:scripting/monoscript/fileName/DataSaver.cs: e5681b44ae8383125a80832a4035ce35 -> 
  custom:scripting/monoscript/fileName/ScoreBoard.cs: 2ca190c64ec05b6119eb41d7e54ba2d4 -> 
  custom:video-decoder-ogg-theora: a1e56fd34408186e4bbccfd4996cb3dc -> 
  custom:framework-win-MediaFoundation: 216162199b28c13a410421893ffa2e32 -> 
  custom:scripting/monoscript/fileName/HighscoreTable.cs: 4cdff648e39922ecd1f5acb83bde9a5f -> 
  custom:scripting/monoscript/fileName/LeaderboardController.cs: 02cb9b4f5eaf82a61d8494d0b042e884 -> 
  custom:scripting/monoscript/fileName/ConfirmScoreNickName.cs: e43e1510442a8c1218a159d3caef3301 -> 
  custom:scripting/monoscript/fileName/PlayerData.cs: e4b7b96b5a8bcbcb4be40bfb1d4ff5c1 -> 
  custom:CustomObjectIndexerAttribute: 756ad292c208cfabdd7b50bc23989ffe -> 
  custom:container-demuxer-webm: 4f35f7cbe854078d1ac9338744f61a02 -> 
  custom:scripting/monoscript/fileName/PowerUps.cs: 7c757ecc48ed423bf7bd18effe0bc5d3 -> 
  custom:container-muxer-webm: aa71ff27fc2769a1b78a27578f13a17b -> 
  custom:scripting/monoscript/fileName/ReloadSpeedBuff.cs: 750500572565b29ddd6a8336b79f9c13 -> 
  custom:video-decoder-webm-vp8: 9c59270c3fd7afecdb556c50c9e8de78 -> 
  custom:SearchIndexIgnoredProperties: e643bd26f0fe6173181afceb89e7c659 -> 
  custom:AudioImporter_EditorPlatform: d09bf68614088b80899f8185d706f6e7 -> 
  custom:scripting/monoscript/fileName/Group.cs: 903723bd4660a2f6afba1f16e84958ee -> 
  custom:scripting/monoscript/fileName/TestCompare.cs: d1d09ed6974a4f4d94c6b4ebd171ced5 -> 
  custom:video-encoder-webm-vp8: eb34c28f22e8b96e1ab97ce403110664 -> 
  custom:audio-decoder-ogg-vorbis: bf7c407c2cedff20999df2af8eb42d56 -> 
  custom:scripting/monoscript/fileName/PowerUpsObject.cs: b571f3528db386ba0ea50f58df874678 -> 
  custom:audio-encoder-webm-vorbis: bf7c407c2cedff20999df2af8eb42d56 -> 
========================================================================
Received Prepare
Begin MonoManager ReloadAssembly
Symbol file LoadedFromMemory doesn't match image C:\Users\patri\Space Invader\Library\PackageCache\com.unity.visualscripting@1.8.0\Editor\VisualScripting.Core\Dependencies\YamlDotNet\Unity.VisualScripting.YamlDotNet.dll
Symbol file LoadedFromMemory doesn't match image C:\Users\patri\Space Invader\Library\PackageCache\com.unity.visualscripting@1.8.0\Editor\VisualScripting.Core\Dependencies\DotNetZip\Unity.VisualScripting.IonicZip.dll
- Loaded All Assemblies, in  0.609 seconds
Refreshing native plugins compatible for Editor in 10.78 ms, found 4 plugins.
Native extension for WindowsStandalone target not found
Native extension for Android target not found
Mono: successfully reloaded assembly
- Finished resetting the current domain, in  1.282 seconds
Domain Reload Profiling: 1881ms
	BeginReloadAssembly (181ms)
		ExecutionOrderSort (0ms)
		DisableScriptedObjects (16ms)
		BackupInstance (0ms)
		ReleaseScriptingObjects (0ms)
		CreateAndSetChildDomain (31ms)
	RebuildCommonClasses (33ms)
	RebuildNativeTypeToScriptingClass (11ms)
	initialDomainReloadingComplete (38ms)
	LoadAllAssembliesAndSetupDomain (335ms)
		LoadAssemblies (419ms)
		RebuildTransferFunctionScriptingTraits (0ms)
		AnalyzeDomain (15ms)
			TypeCache.Refresh (8ms)
				TypeCache.ScanAssembly (0ms)
			ScanForSourceGeneratedMonoScriptInfo (0ms)
			ResolveRequiredComponents (6ms)
	FinalizeReload (1282ms)
		ReleaseScriptCaches (0ms)
		RebuildScriptCaches (0ms)
		SetupLoadedEditorAssemblies (443ms)
			LogAssemblyErrors (0ms)
			InitializePlatformSupportModulesInManaged (34ms)
			SetLoadedEditorAssemblies (7ms)
			RefreshPlugins (0ms)
			BeforeProcessingInitializeOnLoad (107ms)
			ProcessInitializeOnLoadAttributes (243ms)
			ProcessInitializeOnLoadMethodAttributes (33ms)
			AfterProcessingInitializeOnLoad (18ms)
			EditorAssembliesLoaded (0ms)
		ExecutionOrderSort2 (0ms)
		AwakeInstancesAfterBackupRestoration (15ms)
Refreshing native plugins compatible for Editor in 10.81 ms, found 4 plugins.
Preloading 0 native plugins for Editor in 0.00 ms.
Unloading 4078 Unused Serialized files (Serialized files now loaded: 0)
Unloading 35 unused Assets / (34.6 KB). Loaded Objects now: 4642.
Memory consumption went from 143.3 MB to 143.3 MB.
Total: 4.547400 ms (FindLiveObjects: 0.274200 ms CreateObjectMapping: 0.096200 ms MarkObjects: 4.098600 ms  DeleteObjects: 0.076900 ms)

Prepare: number of updated asset objects reloaded= 0
AssetImportParameters requested are different than current active one (requested -> active):
  custom:scripting/monoscript/fileName/RankManager.cs: 24645d1ede8a91362888d054032edad7 -> 
  custom:container-demuxer-ogg: 62fdf1f143b41e24485cea50d1cbac27 -> 
  custom:scripting/monoscript/fileName/SavingManger.cs: 9f2c9ab29eeea47eb8da8df12ad98a3e -> 
  custom:video-codec-MediaFoundation-h265: 746d11721c4dcdbdad8f713fa42b33f4 -> 
  custom:scripting/monoscript/fileName/DataSaver.cs: e5681b44ae8383125a80832a4035ce35 -> 
  custom:scripting/monoscript/fileName/ScoreBoard.cs: 2ca190c64ec05b6119eb41d7e54ba2d4 -> 
  custom:video-decoder-ogg-theora: a1e56fd34408186e4bbccfd4996cb3dc -> 
  custom:framework-win-MediaFoundation: 216162199b28c13a410421893ffa2e32 -> 
  custom:scripting/monoscript/fileName/HighscoreTable.cs: 4cdff648e39922ecd1f5acb83bde9a5f -> 
  custom:scripting/monoscript/fileName/LeaderboardController.cs: 02cb9b4f5eaf82a61d8494d0b042e884 -> 
  custom:scripting/monoscript/fileName/ConfirmScoreNickName.cs: e43e1510442a8c1218a159d3caef3301 -> 
  custom:scripting/monoscript/fileName/PlayerData.cs: e4b7b96b5a8bcbcb4be40bfb1d4ff5c1 -> 
  custom:CustomObjectIndexerAttribute: 756ad292c208cfabdd7b50bc23989ffe -> 
  custom:container-demuxer-webm: 4f35f7cbe854078d1ac9338744f61a02 -> 
  custom:scripting/monoscript/fileName/PowerUps.cs: 7c757ecc48ed423bf7bd18effe0bc5d3 -> 
  custom:container-muxer-webm: aa71ff27fc2769a1b78a27578f13a17b -> 
  custom:scripting/monoscript/fileName/ReloadSpeedBuff.cs: 750500572565b29ddd6a8336b79f9c13 -> 
  custom:video-decoder-webm-vp8: 9c59270c3fd7afecdb556c50c9e8de78 -> 
  custom:SearchIndexIgnoredProperties: e643bd26f0fe6173181afceb89e7c659 -> 
  custom:AudioImporter_EditorPlatform: d09bf68614088b80899f8185d706f6e7 -> 
  custom:scripting/monoscript/fileName/Group.cs: 903723bd4660a2f6afba1f16e84958ee -> 
  custom:scripting/monoscript/fileName/TestCompare.cs: d1d09ed6974a4f4d94c6b4ebd171ced5 -> 
  custom:video-encoder-webm-vp8: eb34c28f22e8b96e1ab97ce403110664 -> 
  custom:audio-decoder-ogg-vorbis: bf7c407c2cedff20999df2af8eb42d56 -> 
  custom:scripting/monoscript/fileName/PowerUpsObject.cs: b571f3528db386ba0ea50f58df874678 -> 
  custom:audio-encoder-webm-vorbis: bf7c407c2cedff20999df2af8eb42d56 -> 
========================================================================
Received Import Request.
  Time since last request: 27288.141723 seconds.
  path: Assets/ToonExplosion v1.0
  artifactKey: Guid(cccb6554133eb804197e3b9e63dac85a) Importer(815301076,1909f56bfc062723c751e8b465ee728b)
Start importing Assets/ToonExplosion v1.0 using Guid(cccb6554133eb804197e3b9e63dac85a) Importer(815301076,1909f56bfc062723c751e8b465ee728b)  -> (artifact id: '608299afc839d35997e8633c2090e6ca') in 0.004892 seconds
Number of updated asset objects reloaded before import = 0
Number of asset objects unloaded after import = 0
