Using pre-set license
Built from '2022.3/staging' branch; Version is '2022.3.7f1 (b16b3b16c7a0) revision 11627323'; Using compiler version '192829333'; Build Type 'Release'
OS: 'Windows 11  (10.0.22631) 64bit Core' Language: 'da' Physical Memory: 16123 MB
BatchMode: 1, IsHumanControllingUs: 0, StartBugReporterOnCrash: 0, Is64bit: 1, IsPro: 1

COMMAND LINE ARGUMENTS:
C:\Program Files\Unity\Hub\Editor\2022.3.7f1\Editor\Unity.exe
-adb2
-batchMode
-noUpm
-name
AssetImportWorker37
-projectPath
C:/Users/patri/Space Invader
-logFile
Logs/AssetImportWorker37.log
-srvPort
57267
Successfully changed project path to: C:/Users/patri/Space Invader
C:/Users/patri/Space Invader
[UnityMemory] Configuration Parameters - Can be set up in boot.config
    "memorysetup-bucket-allocator-granularity=16"
    "memorysetup-bucket-allocator-bucket-count=8"
    "memorysetup-bucket-allocator-block-size=33554432"
    "memorysetup-bucket-allocator-block-count=8"
    "memorysetup-main-allocator-block-size=16777216"
    "memorysetup-thread-allocator-block-size=16777216"
    "memorysetup-gfx-main-allocator-block-size=16777216"
    "memorysetup-gfx-thread-allocator-block-size=16777216"
    "memorysetup-cache-allocator-block-size=4194304"
    "memorysetup-typetree-allocator-block-size=2097152"
    "memorysetup-profiler-bucket-allocator-granularity=16"
    "memorysetup-profiler-bucket-allocator-bucket-count=8"
    "memorysetup-profiler-bucket-allocator-block-size=33554432"
    "memorysetup-profiler-bucket-allocator-block-count=8"
    "memorysetup-profiler-allocator-block-size=16777216"
    "memorysetup-profiler-editor-allocator-block-size=1048576"
    "memorysetup-temp-allocator-size-main=16777216"
    "memorysetup-job-temp-allocator-block-size=2097152"
    "memorysetup-job-temp-allocator-block-size-background=1048576"
    "memorysetup-job-temp-allocator-reduction-small-platforms=262144"
    "memorysetup-allocator-temp-initial-block-size-main=262144"
    "memorysetup-allocator-temp-initial-block-size-worker=262144"
    "memorysetup-temp-allocator-size-background-worker=32768"
    "memorysetup-temp-allocator-size-job-worker=262144"
    "memorysetup-temp-allocator-size-preload-manager=33554432"
    "memorysetup-temp-allocator-size-nav-mesh-worker=65536"
    "memorysetup-temp-allocator-size-audio-worker=65536"
    "memorysetup-temp-allocator-size-cloud-worker=32768"
    "memorysetup-temp-allocator-size-gi-baking-worker=262144"
    "memorysetup-temp-allocator-size-gfx=262144"
Player connection [5044] Host "[IP] 192.168.230.1 [Port] 0 [Flags] 2 [Guid] 3106614715 [EditorId] 3106614715 [Version] 1048832 [Id] WindowsEditor(7,RexStarGame) [Debug] 1 [PackageName] WindowsEditor [ProjectName] Editor" joined multi-casting on [225.0.0.222:54997]...

Player connection [5044] Host "[IP] 192.168.230.1 [Port] 0 [Flags] 2 [Guid] 3106614715 [EditorId] 3106614715 [Version] 1048832 [Id] WindowsEditor(7,RexStarGame) [Debug] 1 [PackageName] WindowsEditor [ProjectName] Editor" joined alternative multi-casting on [225.0.0.222:34997]...

Refreshing native plugins compatible for Editor in 37.12 ms, found 4 plugins.
Preloading 0 native plugins for Editor in 0.00 ms.
Initialize engine version: 2022.3.7f1 (b16b3b16c7a0)
[Subsystems] Discovering subsystems at path C:/Program Files/Unity/Hub/Editor/2022.3.7f1/Editor/Data/Resources/UnitySubsystems
[Subsystems] Discovering subsystems at path C:/Users/patri/Space Invader/Assets
GfxDevice: creating device client; threaded=0; jobified=0
Direct3D:
    Version:  Direct3D 11.0 [level 11.1]
    Renderer: NVIDIA GeForce RTX 4070 Laptop GPU (ID=0x2860)
    Vendor:   NVIDIA
    VRAM:     7962 MB
    Driver:   31.0.15.3210
Initialize mono
Mono path[0] = 'C:/Program Files/Unity/Hub/Editor/2022.3.7f1/Editor/Data/Managed'
Mono path[1] = 'C:/Program Files/Unity/Hub/Editor/2022.3.7f1/Editor/Data/MonoBleedingEdge/lib/mono/unityjit-win32'
Mono config path = 'C:/Program Files/Unity/Hub/Editor/2022.3.7f1/Editor/Data/MonoBleedingEdge/etc'
Using monoOptions --debugger-agent=transport=dt_socket,embedding=1,server=y,suspend=n,address=127.0.0.1:56400
Begin MonoManager ReloadAssembly
Registering precompiled unity dll's ...
Register platform support module: C:/Program Files/Unity/Hub/Editor/2022.3.7f1/Editor/Data/PlaybackEngines/AndroidPlayer/UnityEditor.Android.Extensions.dll
Register platform support module: C:/Program Files/Unity/Hub/Editor/2022.3.7f1/Editor/Data/PlaybackEngines/WindowsStandaloneSupport/UnityEditor.WindowsStandalone.Extensions.dll
Registered in 0.015117 seconds.
- Loaded All Assemblies, in  0.273 seconds
Native extension for WindowsStandalone target not found
Native extension for Android target not found
Android Extension - Scanning For ADB Devices 451 ms
Mono: successfully reloaded assembly
- Finished resetting the current domain, in  0.671 seconds
Domain Reload Profiling: 939ms
	BeginReloadAssembly (85ms)
		ExecutionOrderSort (0ms)
		DisableScriptedObjects (0ms)
		BackupInstance (0ms)
		ReleaseScriptingObjects (0ms)
		CreateAndSetChildDomain (0ms)
	RebuildCommonClasses (22ms)
	RebuildNativeTypeToScriptingClass (7ms)
	initialDomainReloadingComplete (62ms)
	LoadAllAssembliesAndSetupDomain (93ms)
		LoadAssemblies (81ms)
		RebuildTransferFunctionScriptingTraits (0ms)
		AnalyzeDomain (91ms)
			TypeCache.Refresh (90ms)
				TypeCache.ScanAssembly (81ms)
			ScanForSourceGeneratedMonoScriptInfo (0ms)
			ResolveRequiredComponents (0ms)
	FinalizeReload (671ms)
		ReleaseScriptCaches (0ms)
		RebuildScriptCaches (0ms)
		SetupLoadedEditorAssemblies (635ms)
			LogAssemblyErrors (0ms)
			InitializePlatformSupportModulesInManaged (545ms)
			SetLoadedEditorAssemblies (3ms)
			RefreshPlugins (0ms)
			BeforeProcessingInitializeOnLoad (1ms)
			ProcessInitializeOnLoadAttributes (57ms)
			ProcessInitializeOnLoadMethodAttributes (29ms)
			AfterProcessingInitializeOnLoad (0ms)
			EditorAssembliesLoaded (0ms)
		ExecutionOrderSort2 (0ms)
		AwakeInstancesAfterBackupRestoration (0ms)
========================================================================
Worker process is ready to serve import requests
Begin MonoManager ReloadAssembly
Symbol file LoadedFromMemory doesn't match image C:\Users\patri\Space Invader\Library\PackageCache\com.unity.visualscripting@1.8.0\Editor\VisualScripting.Core\Dependencies\YamlDotNet\Unity.VisualScripting.YamlDotNet.dll
Symbol file LoadedFromMemory doesn't match image C:\Users\patri\Space Invader\Library\PackageCache\com.unity.visualscripting@1.8.0\Editor\VisualScripting.Core\Dependencies\DotNetZip\Unity.VisualScripting.IonicZip.dll
- Loaded All Assemblies, in  0.653 seconds
Refreshing native plugins compatible for Editor in 4.48 ms, found 4 plugins.
Native extension for WindowsStandalone target not found
Native extension for Android target not found
Mono: successfully reloaded assembly
- Finished resetting the current domain, in  0.410 seconds
Domain Reload Profiling: 1057ms
	BeginReloadAssembly (112ms)
		ExecutionOrderSort (0ms)
		DisableScriptedObjects (3ms)
		BackupInstance (0ms)
		ReleaseScriptingObjects (0ms)
		CreateAndSetChildDomain (15ms)
	RebuildCommonClasses (21ms)
	RebuildNativeTypeToScriptingClass (6ms)
	initialDomainReloadingComplete (43ms)
	LoadAllAssembliesAndSetupDomain (465ms)
		LoadAssemblies (415ms)
		RebuildTransferFunctionScriptingTraits (0ms)
		AnalyzeDomain (115ms)
			TypeCache.Refresh (98ms)
				TypeCache.ScanAssembly (86ms)
			ScanForSourceGeneratedMonoScriptInfo (13ms)
			ResolveRequiredComponents (3ms)
	FinalizeReload (411ms)
		ReleaseScriptCaches (0ms)
		RebuildScriptCaches (0ms)
		SetupLoadedEditorAssemblies (294ms)
			LogAssemblyErrors (0ms)
			InitializePlatformSupportModulesInManaged (19ms)
			SetLoadedEditorAssemblies (3ms)
			RefreshPlugins (0ms)
			BeforeProcessingInitializeOnLoad (57ms)
			ProcessInitializeOnLoadAttributes (180ms)
			ProcessInitializeOnLoadMethodAttributes (24ms)
			AfterProcessingInitializeOnLoad (11ms)
			EditorAssembliesLoaded (0ms)
		ExecutionOrderSort2 (0ms)
		AwakeInstancesAfterBackupRestoration (8ms)
Launched and connected shader compiler UnityShaderCompiler.exe after 0.05 seconds
Refreshing native plugins compatible for Editor in 8.07 ms, found 4 plugins.
Preloading 0 native plugins for Editor in 0.00 ms.
Unloading 4109 Unused Serialized files (Serialized files now loaded: 0)
Unloading 63 unused Assets / (60.7 KB). Loaded Objects now: 4581.
Memory consumption went from 150.9 MB to 150.9 MB.
Total: 3.359000 ms (FindLiveObjects: 0.211600 ms CreateObjectMapping: 0.092500 ms MarkObjects: 2.845200 ms  DeleteObjects: 0.208700 ms)

AssetImportParameters requested are different than current active one (requested -> active):
  custom:scripting/monoscript/fileName/RankManager.cs: 24645d1ede8a91362888d054032edad7 -> 
  custom:container-demuxer-ogg: 62fdf1f143b41e24485cea50d1cbac27 -> 
  custom:scripting/monoscript/fileName/SavingManger.cs: 9f2c9ab29eeea47eb8da8df12ad98a3e -> 
  custom:video-codec-MediaFoundation-h265: 746d11721c4dcdbdad8f713fa42b33f4 -> 
  custom:scripting/monoscript/fileName/DataSaver.cs: e5681b44ae8383125a80832a4035ce35 -> 
  custom:scripting/monoscript/fileName/ScoreBoard.cs: 2ca190c64ec05b6119eb41d7e54ba2d4 -> 
  custom:video-decoder-ogg-theora: a1e56fd34408186e4bbccfd4996cb3dc -> 
  custom:framework-win-MediaFoundation: 216162199b28c13a410421893ffa2e32 -> 
  custom:scripting/monoscript/fileName/HighscoreTable.cs: 4cdff648e39922ecd1f5acb83bde9a5f -> 
  custom:scripting/monoscript/fileName/LeaderboardController.cs: 02cb9b4f5eaf82a61d8494d0b042e884 -> 
  custom:scripting/monoscript/fileName/ConfirmScoreNickName.cs: e43e1510442a8c1218a159d3caef3301 -> 
  custom:scripting/monoscript/fileName/PlayerData.cs: e4b7b96b5a8bcbcb4be40bfb1d4ff5c1 -> 
  custom:CustomObjectIndexerAttribute: 756ad292c208cfabdd7b50bc23989ffe -> 
  custom:container-demuxer-webm: 4f35f7cbe854078d1ac9338744f61a02 -> 
  custom:scripting/monoscript/fileName/PowerUps.cs: 7c757ecc48ed423bf7bd18effe0bc5d3 -> 
  custom:container-muxer-webm: aa71ff27fc2769a1b78a27578f13a17b -> 
  custom:scripting/monoscript/fileName/ReloadSpeedBuff.cs: 750500572565b29ddd6a8336b79f9c13 -> 
  custom:video-decoder-webm-vp8: 9c59270c3fd7afecdb556c50c9e8de78 -> 
  custom:SearchIndexIgnoredProperties: e643bd26f0fe6173181afceb89e7c659 -> 
  custom:AudioImporter_EditorPlatform: d09bf68614088b80899f8185d706f6e7 -> 
  custom:scripting/monoscript/fileName/Group.cs: 903723bd4660a2f6afba1f16e84958ee -> 
  custom:scripting/monoscript/fileName/TestCompare.cs: d1d09ed6974a4f4d94c6b4ebd171ced5 -> 
  custom:video-encoder-webm-vp8: eb34c28f22e8b96e1ab97ce403110664 -> 
  custom:audio-decoder-ogg-vorbis: bf7c407c2cedff20999df2af8eb42d56 -> 
  custom:scripting/monoscript/fileName/PowerUpsObject.cs: b571f3528db386ba0ea50f58df874678 -> 
  custom:audio-encoder-webm-vorbis: bf7c407c2cedff20999df2af8eb42d56 -> 
========================================================================
Received Import Request.
  Time since last request: 209306.273252 seconds.
  path: Assets/Simple Vector Icons/Icons_White/PSD icons_white/Graph PSD/Diagram 2.psd
  artifactKey: Guid(0f1ad7dd9504ab54085567793f62c44e) Importer(815301076,1909f56bfc062723c751e8b465ee728b)
Start importing Assets/Simple Vector Icons/Icons_White/PSD icons_white/Graph PSD/Diagram 2.psd using Guid(0f1ad7dd9504ab54085567793f62c44e) Importer(815301076,1909f56bfc062723c751e8b465ee728b)  -> (artifact id: 'ded8170ca2b4a13078209f3feed99c72') in 0.077461 seconds
Number of updated asset objects reloaded before import = 0
Number of asset objects unloaded after import = 3
========================================================================
Received Import Request.
  Time since last request: 0.000014 seconds.
  path: Assets/Simple Vector Icons/Icons_White/PNG icons_white/Graph PNG/Diagram 3.png
  artifactKey: Guid(cd75f1899f952a84e8bba4cd17e3b481) Importer(815301076,1909f56bfc062723c751e8b465ee728b)
Start importing Assets/Simple Vector Icons/Icons_White/PNG icons_white/Graph PNG/Diagram 3.png using Guid(cd75f1899f952a84e8bba4cd17e3b481) Importer(815301076,1909f56bfc062723c751e8b465ee728b)  -> (artifact id: 'b262e60e2d2d6dea362af508194e97ab') in 0.032862 seconds
Number of updated asset objects reloaded before import = 0
Number of asset objects unloaded after import = 3
========================================================================
Received Import Request.
  Time since last request: 0.315879 seconds.
  path: Assets/Simple Vector Icons/Icons_Black outline/PSD icons_black outline/Graph PSD/Diagram 5.psd
  artifactKey: Guid(46625a5329661ee49946f85a2091cbf5) Importer(815301076,1909f56bfc062723c751e8b465ee728b)
Start importing Assets/Simple Vector Icons/Icons_Black outline/PSD icons_black outline/Graph PSD/Diagram 5.psd using Guid(46625a5329661ee49946f85a2091cbf5) Importer(815301076,1909f56bfc062723c751e8b465ee728b)  -> (artifact id: '76a587bd11a4c8a85d9780dd711ff734') in 0.030825 seconds
Number of updated asset objects reloaded before import = 0
Number of asset objects unloaded after import = 3
========================================================================
Received Import Request.
  Time since last request: 0.038313 seconds.
  path: Assets/Simple Vector Icons/Icons_White/PNG icons_white/Game and Toys PNG/Diamond.png
  artifactKey: Guid(2093a09c3b758994fb3baf317b1794bd) Importer(815301076,1909f56bfc062723c751e8b465ee728b)
Start importing Assets/Simple Vector Icons/Icons_White/PNG icons_white/Game and Toys PNG/Diamond.png using Guid(2093a09c3b758994fb3baf317b1794bd) Importer(815301076,1909f56bfc062723c751e8b465ee728b)  -> (artifact id: 'a0bd79978cedc92027d48982dc752f84') in 0.029245 seconds
Number of updated asset objects reloaded before import = 0
Number of asset objects unloaded after import = 3
========================================================================
Received Import Request.
  Time since last request: 0.000041 seconds.
  path: Assets/Simple Vector Icons/Icons_White/PNG icons_white/Money PNG/Diamond.png
  artifactKey: Guid(d382a74fa6cdb9f4d88b256413dfcfe5) Importer(815301076,1909f56bfc062723c751e8b465ee728b)
Start importing Assets/Simple Vector Icons/Icons_White/PNG icons_white/Money PNG/Diamond.png using Guid(d382a74fa6cdb9f4d88b256413dfcfe5) Importer(815301076,1909f56bfc062723c751e8b465ee728b)  -> (artifact id: '416b0146a1910cffec959a978b01e70c') in 0.027853 seconds
Number of updated asset objects reloaded before import = 0
Number of asset objects unloaded after import = 3
========================================================================
Received Import Request.
  Time since last request: 0.513666 seconds.
  path: Assets/Simple Vector Icons/Icons_White/PSD icons_white/Dice PSD/Dice 1.psd
  artifactKey: Guid(33dba564861e8ae4e8265864bb1c0b51) Importer(815301076,1909f56bfc062723c751e8b465ee728b)
Start importing Assets/Simple Vector Icons/Icons_White/PSD icons_white/Dice PSD/Dice 1.psd using Guid(33dba564861e8ae4e8265864bb1c0b51) Importer(815301076,1909f56bfc062723c751e8b465ee728b)  -> (artifact id: '7cd3d9aca19ad9a8b66484484804e94b') in 0.038460 seconds
Number of updated asset objects reloaded before import = 0
Number of asset objects unloaded after import = 3
========================================================================
Received Import Request.
  Time since last request: 0.000192 seconds.
  path: Assets/Simple Vector Icons/Icons_White/PNG icons_white/Dice PNG/Dice 3.png
  artifactKey: Guid(7d3098d05479ce241b1be309886eab70) Importer(815301076,1909f56bfc062723c751e8b465ee728b)
Start importing Assets/Simple Vector Icons/Icons_White/PNG icons_white/Dice PNG/Dice 3.png using Guid(7d3098d05479ce241b1be309886eab70) Importer(815301076,1909f56bfc062723c751e8b465ee728b)  -> (artifact id: 'e660ebbb6a283ed2b0dc77147113cbd3') in 0.045999 seconds
Number of updated asset objects reloaded before import = 0
Number of asset objects unloaded after import = 3
========================================================================
Received Import Request.
  Time since last request: 0.013649 seconds.
  path: Assets/Simple Vector Icons/Icons_Black outline/PSD icons_black outline/Dice PSD/Dice 3.psd
  artifactKey: Guid(4d839ea164315cb4998e7836cf101582) Importer(815301076,1909f56bfc062723c751e8b465ee728b)
Start importing Assets/Simple Vector Icons/Icons_Black outline/PSD icons_black outline/Dice PSD/Dice 3.psd using Guid(4d839ea164315cb4998e7836cf101582) Importer(815301076,1909f56bfc062723c751e8b465ee728b)  -> (artifact id: '2a1ab9819babc59aee83d14e85e6325a') in 0.042545 seconds
Number of updated asset objects reloaded before import = 0
Number of asset objects unloaded after import = 3
========================================================================
Received Import Request.
  Time since last request: 0.000221 seconds.
  path: Assets/Simple Vector Icons/Icons_White/PSD icons_white/Dice PSD/Dice 4.psd
  artifactKey: Guid(6f8df361aff96eb4cb6487eb05cfaebc) Importer(815301076,1909f56bfc062723c751e8b465ee728b)
Start importing Assets/Simple Vector Icons/Icons_White/PSD icons_white/Dice PSD/Dice 4.psd using Guid(6f8df361aff96eb4cb6487eb05cfaebc) Importer(815301076,1909f56bfc062723c751e8b465ee728b)  -> (artifact id: 'f8ae3049d65378c96bb8621e824f66ce') in 0.022749 seconds
Number of updated asset objects reloaded before import = 0
Number of asset objects unloaded after import = 3
========================================================================
Received Import Request.
  Time since last request: 0.248688 seconds.
  path: Assets/Simple Vector Icons/Icons_White/PNG icons_white/Dice PNG/Dice 5.png
  artifactKey: Guid(4dcb1bc11ff59dc4489c03b0dc74420d) Importer(815301076,1909f56bfc062723c751e8b465ee728b)
Start importing Assets/Simple Vector Icons/Icons_White/PNG icons_white/Dice PNG/Dice 5.png using Guid(4dcb1bc11ff59dc4489c03b0dc74420d) Importer(815301076,1909f56bfc062723c751e8b465ee728b)  -> (artifact id: '48d588d27cf65fbb0e7e3769bda71ca1') in 0.034143 seconds
Number of updated asset objects reloaded before import = 0
Number of asset objects unloaded after import = 3
========================================================================
Received Import Request.
  Time since last request: 0.000013 seconds.
  path: Assets/Simple Vector Icons/Icons_Black outline/PSD icons_black outline/Social media PSD/Discord.psd
  artifactKey: Guid(3c832befe1dd946599f6ae5e4fd3853e) Importer(815301076,1909f56bfc062723c751e8b465ee728b)
Start importing Assets/Simple Vector Icons/Icons_Black outline/PSD icons_black outline/Social media PSD/Discord.psd using Guid(3c832befe1dd946599f6ae5e4fd3853e) Importer(815301076,1909f56bfc062723c751e8b465ee728b)  -> (artifact id: 'bd52c26d3d85d9e40776ff4d914fd045') in 0.032277 seconds
Number of updated asset objects reloaded before import = 0
Number of asset objects unloaded after import = 3
========================================================================
Received Import Request.
  Time since last request: 0.328314 seconds.
  path: Assets/Simple Vector Icons/Icons_White/PNG icons_white/On Off PNG/Dislike.png
  artifactKey: Guid(cfade77723ffa76499eb7606733fde05) Importer(815301076,1909f56bfc062723c751e8b465ee728b)
Start importing Assets/Simple Vector Icons/Icons_White/PNG icons_white/On Off PNG/Dislike.png using Guid(cfade77723ffa76499eb7606733fde05) Importer(815301076,1909f56bfc062723c751e8b465ee728b)  -> (artifact id: 'd6d9f7465892786b7c969ee54c5be825') in 0.043393 seconds
Number of updated asset objects reloaded before import = 0
Number of asset objects unloaded after import = 3
========================================================================
Received Import Request.
  Time since last request: 0.000109 seconds.
  path: Assets/Simple Vector Icons/Icons_Black outline/PSD icons_black outline/UI PSD/Document.psd
  artifactKey: Guid(5333b46d2d071b340a1da9c2d5eb0cf4) Importer(815301076,1909f56bfc062723c751e8b465ee728b)
Start importing Assets/Simple Vector Icons/Icons_Black outline/PSD icons_black outline/UI PSD/Document.psd using Guid(5333b46d2d071b340a1da9c2d5eb0cf4) Importer(815301076,1909f56bfc062723c751e8b465ee728b)  -> (artifact id: '02c9b1ff82ddcbe234384fc5add66e66') in 0.032738 seconds
Number of updated asset objects reloaded before import = 0
Number of asset objects unloaded after import = 3
========================================================================
Received Import Request.
  Time since last request: 0.028122 seconds.
  path: Assets/Simple Vector Icons/Icons_White/PSD icons_white/Animals PSD/Dog.psd
  artifactKey: Guid(44cb308b3faa7c1498b989df88a0a45e) Importer(815301076,1909f56bfc062723c751e8b465ee728b)
Start importing Assets/Simple Vector Icons/Icons_White/PSD icons_white/Animals PSD/Dog.psd using Guid(44cb308b3faa7c1498b989df88a0a45e) Importer(815301076,1909f56bfc062723c751e8b465ee728b)  -> (artifact id: 'b8e6ef240e5b70450e07e8dd0ca825de') in 0.038287 seconds
Number of updated asset objects reloaded before import = 0
Number of asset objects unloaded after import = 3
========================================================================
Received Import Request.
  Time since last request: 0.000138 seconds.
  path: Assets/Simple Vector Icons/Icons_White/PNG icons_white/Animals PNG/Dog kennel.png
  artifactKey: Guid(dbc934a06a6fd02418229f0f7b6cadaa) Importer(815301076,1909f56bfc062723c751e8b465ee728b)
Start importing Assets/Simple Vector Icons/Icons_White/PNG icons_white/Animals PNG/Dog kennel.png using Guid(dbc934a06a6fd02418229f0f7b6cadaa) Importer(815301076,1909f56bfc062723c751e8b465ee728b)  -> (artifact id: '278bf53c3ccdcd8b6312255e69209ce2') in 0.026894 seconds
Number of updated asset objects reloaded before import = 0
Number of asset objects unloaded after import = 3
========================================================================
Received Import Request.
  Time since last request: 0.269593 seconds.
  path: Assets/Simple Vector Icons/Icons_White/PSD icons_white/Money PSD/Dollars.psd
  artifactKey: Guid(c16d550ea77d4fe438c45d3b141f3e4e) Importer(815301076,1909f56bfc062723c751e8b465ee728b)
Start importing Assets/Simple Vector Icons/Icons_White/PSD icons_white/Money PSD/Dollars.psd using Guid(c16d550ea77d4fe438c45d3b141f3e4e) Importer(815301076,1909f56bfc062723c751e8b465ee728b)  -> (artifact id: 'e1e22ba3b13241a19132850c44be15e3') in 0.020094 seconds
Number of updated asset objects reloaded before import = 0
Number of asset objects unloaded after import = 3
========================================================================
Received Import Request.
  Time since last request: 0.000163 seconds.
  path: Assets/Simple Vector Icons/Icons_Black outline/PNG icons_black outline/Home PNG/Door 1.png
  artifactKey: Guid(206de4051292bb34c87dd6359840ad28) Importer(815301076,1909f56bfc062723c751e8b465ee728b)
Start importing Assets/Simple Vector Icons/Icons_Black outline/PNG icons_black outline/Home PNG/Door 1.png using Guid(206de4051292bb34c87dd6359840ad28) Importer(815301076,1909f56bfc062723c751e8b465ee728b)  -> (artifact id: 'addaa088fd4a3b1d7a03a5b54ef34fb3') in 0.012759 seconds
Number of updated asset objects reloaded before import = 0
Number of asset objects unloaded after import = 3
========================================================================
Received Import Request.
  Time since last request: 0.000016 seconds.
  path: Assets/Simple Vector Icons/Icons_Black outline/PNG icons_black outline/Home PNG/Door 2.png
  artifactKey: Guid(13499867eb734eb489b0f470d833119d) Importer(815301076,1909f56bfc062723c751e8b465ee728b)
Start importing Assets/Simple Vector Icons/Icons_Black outline/PNG icons_black outline/Home PNG/Door 2.png using Guid(13499867eb734eb489b0f470d833119d) Importer(815301076,1909f56bfc062723c751e8b465ee728b)  -> (artifact id: '90fa14c373cd7ca2cada1f5de52d1c62') in 0.026077 seconds
Number of updated asset objects reloaded before import = 0
Number of asset objects unloaded after import = 3
========================================================================
Received Import Request.
  Time since last request: 0.307605 seconds.
  path: Assets/Simple Vector Icons/Icons_White/PSD icons_white/Home PSD/Door 2.psd
  artifactKey: Guid(2018498183a024742bf1c72fc84b919b) Importer(815301076,1909f56bfc062723c751e8b465ee728b)
Start importing Assets/Simple Vector Icons/Icons_White/PSD icons_white/Home PSD/Door 2.psd using Guid(2018498183a024742bf1c72fc84b919b) Importer(815301076,1909f56bfc062723c751e8b465ee728b)  -> (artifact id: '73488d512bc7ba6c1d17aa2d2e217e64') in 0.017108 seconds
Number of updated asset objects reloaded before import = 0
Number of asset objects unloaded after import = 3
========================================================================
Received Import Request.
  Time since last request: 0.568354 seconds.
  path: Assets/Simple Vector Icons/Icons_Black outline/PSD icons_black outline/Symbol PSD/Double quotes U.psd
  artifactKey: Guid(89efd879d65d6a043b77dfb303a1cf1f) Importer(815301076,1909f56bfc062723c751e8b465ee728b)
Start importing Assets/Simple Vector Icons/Icons_Black outline/PSD icons_black outline/Symbol PSD/Double quotes U.psd using Guid(89efd879d65d6a043b77dfb303a1cf1f) Importer(815301076,1909f56bfc062723c751e8b465ee728b)  -> (artifact id: 'e205716d161ab2ca5853c909785484e6') in 0.033655 seconds
Number of updated asset objects reloaded before import = 0
Number of asset objects unloaded after import = 3
========================================================================
Received Import Request.
  Time since last request: 0.000089 seconds.
  path: Assets/Simple Vector Icons/Icons_White/PNG icons_white/Animals PNG/Dove Pigeon.png
  artifactKey: Guid(650bdf01aa4e6da41bbf0367827d6209) Importer(815301076,1909f56bfc062723c751e8b465ee728b)
Start importing Assets/Simple Vector Icons/Icons_White/PNG icons_white/Animals PNG/Dove Pigeon.png using Guid(650bdf01aa4e6da41bbf0367827d6209) Importer(815301076,1909f56bfc062723c751e8b465ee728b)  -> (artifact id: '1573e193b3758f23ecda809188e1c1c8') in 0.012594 seconds
Number of updated asset objects reloaded before import = 0
Number of asset objects unloaded after import = 3
========================================================================
Received Import Request.
  Time since last request: 0.039143 seconds.
  path: Assets/Simple Vector Icons/Icons_White/PSD icons_white/IT PSD/Download.psd
  artifactKey: Guid(24d3a248a8b33b9499af9b8250047930) Importer(815301076,1909f56bfc062723c751e8b465ee728b)
Start importing Assets/Simple Vector Icons/Icons_White/PSD icons_white/IT PSD/Download.psd using Guid(24d3a248a8b33b9499af9b8250047930) Importer(815301076,1909f56bfc062723c751e8b465ee728b)  -> (artifact id: '9ad82091a70ee61daee308ca92bef44a') in 0.028204 seconds
Number of updated asset objects reloaded before import = 0
Number of asset objects unloaded after import = 3
========================================================================
Received Import Request.
  Time since last request: 0.000129 seconds.
  path: Assets/Simple Vector Icons/Icons_White/PNG icons_white/Clothes PNG/Dress.png
  artifactKey: Guid(cb7e29948939c784a8892d226eee9e34) Importer(815301076,1909f56bfc062723c751e8b465ee728b)
Start importing Assets/Simple Vector Icons/Icons_White/PNG icons_white/Clothes PNG/Dress.png using Guid(cb7e29948939c784a8892d226eee9e34) Importer(815301076,1909f56bfc062723c751e8b465ee728b)  -> (artifact id: '5ce45d17ef34228815f1fd5c4cda8fc6') in 0.025974 seconds
Number of updated asset objects reloaded before import = 0
Number of asset objects unloaded after import = 3
========================================================================
Received Import Request.
  Time since last request: 0.775840 seconds.
  path: Assets/Simple Vector Icons/Icons_Black outline/PSD icons_black outline/Logo PSD/Drive.psd
  artifactKey: Guid(423ec853291f12d40afb6ad96114e755) Importer(815301076,1909f56bfc062723c751e8b465ee728b)
Start importing Assets/Simple Vector Icons/Icons_Black outline/PSD icons_black outline/Logo PSD/Drive.psd using Guid(423ec853291f12d40afb6ad96114e755) Importer(815301076,1909f56bfc062723c751e8b465ee728b)  -> (artifact id: 'f521eae593bf903382fe2946a049f8e7') in 0.026098 seconds
Number of updated asset objects reloaded before import = 0
Number of asset objects unloaded after import = 3
========================================================================
Received Import Request.
  Time since last request: 0.036831 seconds.
  path: Assets/Simple Vector Icons/Icons_Black outline/PNG icons_black outline/Transport PNG/Drive.png
  artifactKey: Guid(87c41aaa16a613c41905ef01ec488c67) Importer(815301076,1909f56bfc062723c751e8b465ee728b)
Start importing Assets/Simple Vector Icons/Icons_Black outline/PNG icons_black outline/Transport PNG/Drive.png using Guid(87c41aaa16a613c41905ef01ec488c67) Importer(815301076,1909f56bfc062723c751e8b465ee728b)  -> (artifact id: 'b3cd0a3abc9fb3932a99c62955162df6') in 0.029176 seconds
Number of updated asset objects reloaded before import = 0
Number of asset objects unloaded after import = 3
========================================================================
Received Import Request.
  Time since last request: 0.000012 seconds.
  path: Assets/Simple Vector Icons/Icons_White/PSD icons_white/Weather PSD/Drop.psd
  artifactKey: Guid(4ec9f8884c002814ab38689c4125467e) Importer(815301076,1909f56bfc062723c751e8b465ee728b)
Start importing Assets/Simple Vector Icons/Icons_White/PSD icons_white/Weather PSD/Drop.psd using Guid(4ec9f8884c002814ab38689c4125467e) Importer(815301076,1909f56bfc062723c751e8b465ee728b)  -> (artifact id: 'd48e1fe340ba38b22accdf5f579626e6') in 0.034844 seconds
Number of updated asset objects reloaded before import = 0
Number of asset objects unloaded after import = 3
========================================================================
Received Import Request.
  Time since last request: 0.358906 seconds.
  path: Assets/Simple Vector Icons/Icons_Black outline/PSD icons_black outline/Animals PSD/Duck.psd
  artifactKey: Guid(2b4b9ae5a0ef8bd4db01318882f2f65d) Importer(815301076,1909f56bfc062723c751e8b465ee728b)
Start importing Assets/Simple Vector Icons/Icons_Black outline/PSD icons_black outline/Animals PSD/Duck.psd using Guid(2b4b9ae5a0ef8bd4db01318882f2f65d) Importer(815301076,1909f56bfc062723c751e8b465ee728b)  -> (artifact id: 'f85c2b0d3d3f2a17594f432ed35cf2f4') in 0.038467 seconds
Number of updated asset objects reloaded before import = 0
Number of asset objects unloaded after import = 3
========================================================================
Received Import Request.
  Time since last request: 0.000013 seconds.
  path: Assets/Simple Vector Icons/Icons_Black outline/PSD icons_black outline/Keyboard PSD/E.psd
  artifactKey: Guid(3f56eb44e3a830b45aeb9331bea44745) Importer(815301076,1909f56bfc062723c751e8b465ee728b)
Start importing Assets/Simple Vector Icons/Icons_Black outline/PSD icons_black outline/Keyboard PSD/E.psd using Guid(3f56eb44e3a830b45aeb9331bea44745) Importer(815301076,1909f56bfc062723c751e8b465ee728b)  -> (artifact id: 'debc00169a4a551c6217309ea15c1b4f') in 0.030983 seconds
Number of updated asset objects reloaded before import = 0
Number of asset objects unloaded after import = 3
========================================================================
Received Import Request.
  Time since last request: 0.459991 seconds.
  path: Assets/Simple Vector Icons/Icons_Black outline/PNG icons_black outline/Body PNG/Ear.png
  artifactKey: Guid(368ea78eaa5214145bc0beadd32d9503) Importer(815301076,1909f56bfc062723c751e8b465ee728b)
Start importing Assets/Simple Vector Icons/Icons_Black outline/PNG icons_black outline/Body PNG/Ear.png using Guid(368ea78eaa5214145bc0beadd32d9503) Importer(815301076,1909f56bfc062723c751e8b465ee728b)  -> (artifact id: '9c219359698635f6fc9b5149e45856fc') in 0.034279 seconds
Number of updated asset objects reloaded before import = 0
Number of asset objects unloaded after import = 3
========================================================================
Received Import Request.
  Time since last request: 0.049222 seconds.
  path: Assets/Simple Vector Icons/Icons_White/PNG icons_white/Graphics editor PNG/Edit.png
  artifactKey: Guid(e50cb48d97a69814ebf471e2d92b3e86) Importer(815301076,1909f56bfc062723c751e8b465ee728b)
Start importing Assets/Simple Vector Icons/Icons_White/PNG icons_white/Graphics editor PNG/Edit.png using Guid(e50cb48d97a69814ebf471e2d92b3e86) Importer(815301076,1909f56bfc062723c751e8b465ee728b)  -> (artifact id: 'cfe8a29952d375c7004fcae4beb55164') in 0.029249 seconds
Number of updated asset objects reloaded before import = 0
Number of asset objects unloaded after import = 3
========================================================================
Received Import Request.
  Time since last request: 0.000128 seconds.
  path: Assets/Simple Vector Icons/Icons_White/PNG icons_white/Graphics editor PNG/Edit 1.png
  artifactKey: Guid(5b38ef23554ff7942bf19b54115e4541) Importer(815301076,1909f56bfc062723c751e8b465ee728b)
Start importing Assets/Simple Vector Icons/Icons_White/PNG icons_white/Graphics editor PNG/Edit 1.png using Guid(5b38ef23554ff7942bf19b54115e4541) Importer(815301076,1909f56bfc062723c751e8b465ee728b)  -> (artifact id: 'af2a8f55ded1e2a3bd5ab1fc76fd2069') in 0.030153 seconds
Number of updated asset objects reloaded before import = 0
Number of asset objects unloaded after import = 3
========================================================================
Received Import Request.
  Time since last request: 0.266013 seconds.
  path: Assets/Simple Vector Icons/Icons_White/PSD icons_white/Graphics editor PSD/Edit 1.psd
  artifactKey: Guid(ee6b855de0675cf469e3395c7bf9ad1b) Importer(815301076,1909f56bfc062723c751e8b465ee728b)
Start importing Assets/Simple Vector Icons/Icons_White/PSD icons_white/Graphics editor PSD/Edit 1.psd using Guid(ee6b855de0675cf469e3395c7bf9ad1b) Importer(815301076,1909f56bfc062723c751e8b465ee728b)  -> (artifact id: '3262d361b39b8cb2bec82f0ef4275498') in 0.017941 seconds
Number of updated asset objects reloaded before import = 0
Number of asset objects unloaded after import = 3
========================================================================
Received Import Request.
  Time since last request: 0.001389 seconds.
  path: Assets/Simple Vector Icons/Icons_White/PNG icons_white/Hazard signs PNG/Electricity.png
  artifactKey: Guid(97d7c41ec0476f94e9459587b85416e7) Importer(815301076,1909f56bfc062723c751e8b465ee728b)
Start importing Assets/Simple Vector Icons/Icons_White/PNG icons_white/Hazard signs PNG/Electricity.png using Guid(97d7c41ec0476f94e9459587b85416e7) Importer(815301076,1909f56bfc062723c751e8b465ee728b)  -> (artifact id: '63318b320a840b736f00fdeb5a08e994') in 0.031918 seconds
Number of updated asset objects reloaded before import = 0
Number of asset objects unloaded after import = 3
========================================================================
Received Import Request.
  Time since last request: 0.028547 seconds.
  path: Assets/Simple Vector Icons/Icons_Black outline/PNG icons_black outline/Hazard signs PNG/Electricity Symbol.png
  artifactKey: Guid(d7765a86c86a88d4fa78ae279d0112ea) Importer(815301076,1909f56bfc062723c751e8b465ee728b)
Start importing Assets/Simple Vector Icons/Icons_Black outline/PNG icons_black outline/Hazard signs PNG/Electricity Symbol.png using Guid(d7765a86c86a88d4fa78ae279d0112ea) Importer(815301076,1909f56bfc062723c751e8b465ee728b)  -> (artifact id: 'caff167050ba6d188068aa5618d32794') in 0.024432 seconds
Number of updated asset objects reloaded before import = 0
Number of asset objects unloaded after import = 3
========================================================================
Received Import Request.
  Time since last request: 0.000023 seconds.
  path: Assets/Simple Vector Icons/Icons_Black outline/PSD icons_black outline/Hazard signs PSD/Electrocution risk.psd
  artifactKey: Guid(7a69e237c380a324182fb58de47ebf76) Importer(815301076,1909f56bfc062723c751e8b465ee728b)
Start importing Assets/Simple Vector Icons/Icons_Black outline/PSD icons_black outline/Hazard signs PSD/Electrocution risk.psd using Guid(7a69e237c380a324182fb58de47ebf76) Importer(815301076,1909f56bfc062723c751e8b465ee728b)  -> (artifact id: '2d75dd1a03e3752337db9a1457ed60c0') in 0.045401 seconds
Number of updated asset objects reloaded before import = 0
Number of asset objects unloaded after import = 3
========================================================================
Received Import Request.
  Time since last request: 0.247761 seconds.
  path: Assets/Simple Vector Icons/Icons_Black outline/PNG icons_black outline/Hazard signs PNG/Electrocution risk Symbol.png
  artifactKey: Guid(9c4c860a749f1b84987ea85d4bc76434) Importer(815301076,1909f56bfc062723c751e8b465ee728b)
Start importing Assets/Simple Vector Icons/Icons_Black outline/PNG icons_black outline/Hazard signs PNG/Electrocution risk Symbol.png using Guid(9c4c860a749f1b84987ea85d4bc76434) Importer(815301076,1909f56bfc062723c751e8b465ee728b)  -> (artifact id: 'c8affbf89760844781768d40a18a1ab4') in 0.034780 seconds
Number of updated asset objects reloaded before import = 0
Number of asset objects unloaded after import = 3
========================================================================
Received Import Request.
  Time since last request: 0.000222 seconds.
  path: Assets/Simple Vector Icons/Icons_White/PNG icons_white/Hazard signs PNG/Entrapment risk.png
  artifactKey: Guid(d0ca73db1266cc14398841d421401afe) Importer(815301076,1909f56bfc062723c751e8b465ee728b)
Start importing Assets/Simple Vector Icons/Icons_White/PNG icons_white/Hazard signs PNG/Entrapment risk.png using Guid(d0ca73db1266cc14398841d421401afe) Importer(815301076,1909f56bfc062723c751e8b465ee728b)  -> (artifact id: '31358e69f28a2b640d385762f710e1e8') in 0.032919 seconds
Number of updated asset objects reloaded before import = 0
Number of asset objects unloaded after import = 3
========================================================================
Received Import Request.
  Time since last request: 0.320956 seconds.
  path: Assets/Simple Vector Icons/Icons_Black outline/PSD icons_black outline/Hazard signs PSD/Entrapment risk.psd
  artifactKey: Guid(9ea5bc08dd6a3b64580364f7a36d65cc) Importer(815301076,1909f56bfc062723c751e8b465ee728b)
Start importing Assets/Simple Vector Icons/Icons_Black outline/PSD icons_black outline/Hazard signs PSD/Entrapment risk.psd using Guid(9ea5bc08dd6a3b64580364f7a36d65cc) Importer(815301076,1909f56bfc062723c751e8b465ee728b)  -> (artifact id: 'a4b3f7c882ce6aec7bd13449449f2b35') in 0.028058 seconds
Number of updated asset objects reloaded before import = 0
Number of asset objects unloaded after import = 3
========================================================================
Received Import Request.
  Time since last request: 0.000011 seconds.
  path: Assets/Simple Vector Icons/Icons_Black outline/PSD icons_black outline/Hazard signs PSD/Entrapment risk Symbol.psd
  artifactKey: Guid(09eda76795ac1a24abb90f3bac215477) Importer(815301076,1909f56bfc062723c751e8b465ee728b)
Start importing Assets/Simple Vector Icons/Icons_Black outline/PSD icons_black outline/Hazard signs PSD/Entrapment risk Symbol.psd using Guid(09eda76795ac1a24abb90f3bac215477) Importer(815301076,1909f56bfc062723c751e8b465ee728b)  -> (artifact id: '458a62f20e34b4f6607d70572f1f6a2f') in 0.030126 seconds
Number of updated asset objects reloaded before import = 0
Number of asset objects unloaded after import = 3
========================================================================
Received Import Request.
  Time since last request: 0.029523 seconds.
  path: Assets/Simple Vector Icons/Icons_White/PSD icons_white/Hazard signs PSD/Environmental hazard Symbol.psd
  artifactKey: Guid(b6f833e936ae36e4fad5cebaed932636) Importer(815301076,1909f56bfc062723c751e8b465ee728b)
Start importing Assets/Simple Vector Icons/Icons_White/PSD icons_white/Hazard signs PSD/Environmental hazard Symbol.psd using Guid(b6f833e936ae36e4fad5cebaed932636) Importer(815301076,1909f56bfc062723c751e8b465ee728b)  -> (artifact id: '63222ae2e21540f31499c0a265339d18') in 0.034365 seconds
Number of updated asset objects reloaded before import = 0
Number of asset objects unloaded after import = 3
========================================================================
Received Import Request.
  Time since last request: 0.000013 seconds.
  path: Assets/Simple Vector Icons/Icons_Black outline/PSD icons_black outline/Office PSD/Erase.psd
  artifactKey: Guid(21f5d28d87d30c748a4de922e44670d3) Importer(815301076,1909f56bfc062723c751e8b465ee728b)
Start importing Assets/Simple Vector Icons/Icons_Black outline/PSD icons_black outline/Office PSD/Erase.psd using Guid(21f5d28d87d30c748a4de922e44670d3) Importer(815301076,1909f56bfc062723c751e8b465ee728b)  -> (artifact id: '6d497b745f54eddc4696ab8cb9cf79df') in 0.026334 seconds
Number of updated asset objects reloaded before import = 0
Number of asset objects unloaded after import = 3
========================================================================
Received Import Request.
  Time since last request: 0.411882 seconds.
  path: Assets/Simple Vector Icons/Icons_White/PSD icons_white/Keyboard PSD/Esc.psd
  artifactKey: Guid(b4e13fd74a72ca741b6d1e55dd7c7825) Importer(815301076,1909f56bfc062723c751e8b465ee728b)
Start importing Assets/Simple Vector Icons/Icons_White/PSD icons_white/Keyboard PSD/Esc.psd using Guid(b4e13fd74a72ca741b6d1e55dd7c7825) Importer(815301076,1909f56bfc062723c751e8b465ee728b)  -> (artifact id: '4a84fbc7d57cb94b4b78865e88008694') in 0.030288 seconds
Number of updated asset objects reloaded before import = 0
Number of asset objects unloaded after import = 3
========================================================================
Received Import Request.
  Time since last request: 0.000013 seconds.
  path: Assets/Simple Vector Icons/Icons_Black outline/PSD icons_black outline/Money PSD/Euro.psd
  artifactKey: Guid(23d7b69f15027934096f2820c90b38c0) Importer(815301076,1909f56bfc062723c751e8b465ee728b)
Start importing Assets/Simple Vector Icons/Icons_Black outline/PSD icons_black outline/Money PSD/Euro.psd using Guid(23d7b69f15027934096f2820c90b38c0) Importer(815301076,1909f56bfc062723c751e8b465ee728b)  -> (artifact id: 'f4cb2af80956d409da350e64aa8f2657') in 0.027966 seconds
Number of updated asset objects reloaded before import = 0
Number of asset objects unloaded after import = 3
========================================================================
Received Import Request.
  Time since last request: 0.040328 seconds.
  path: Assets/Simple Vector Icons/Icons_Black outline/PSD icons_black outline/Other PSD/Explosion.psd
  artifactKey: Guid(ab98357b5f2ad4f48b671b5aa86c1271) Importer(815301076,1909f56bfc062723c751e8b465ee728b)
Start importing Assets/Simple Vector Icons/Icons_Black outline/PSD icons_black outline/Other PSD/Explosion.psd using Guid(ab98357b5f2ad4f48b671b5aa86c1271) Importer(815301076,1909f56bfc062723c751e8b465ee728b)  -> (artifact id: 'b71468eef05e3d020080a8ff8d13444f') in 0.046096 seconds
Number of updated asset objects reloaded before import = 0
Number of asset objects unloaded after import = 3
========================================================================
Received Import Request.
  Time since last request: 0.483811 seconds.
  path: Assets/Simple Vector Icons/Icons_Black outline/PNG icons_black outline/Hazard signs PNG/Explosion risk.png
  artifactKey: Guid(3c4394b4a96cb3a40ab5f3fa26cacbe0) Importer(815301076,1909f56bfc062723c751e8b465ee728b)
Start importing Assets/Simple Vector Icons/Icons_Black outline/PNG icons_black outline/Hazard signs PNG/Explosion risk.png using Guid(3c4394b4a96cb3a40ab5f3fa26cacbe0) Importer(815301076,1909f56bfc062723c751e8b465ee728b)  -> (artifact id: '48d25cadbbe213038b0a7eed8cce3397') in 0.041943 seconds
Number of updated asset objects reloaded before import = 0
Number of asset objects unloaded after import = 3
========================================================================
Received Import Request.
  Time since last request: 0.000198 seconds.
  path: Assets/Simple Vector Icons/Icons_Black outline/PNG icons_black outline/Hazard signs PNG/Explosion risk Symbol.png
  artifactKey: Guid(8a0e02ece3e103a4c9a56fae8e191109) Importer(815301076,1909f56bfc062723c751e8b465ee728b)
Start importing Assets/Simple Vector Icons/Icons_Black outline/PNG icons_black outline/Hazard signs PNG/Explosion risk Symbol.png using Guid(8a0e02ece3e103a4c9a56fae8e191109) Importer(815301076,1909f56bfc062723c751e8b465ee728b)  -> (artifact id: '0db76129c54a7f6c8997ee54cea18ba7') in 0.028183 seconds
Number of updated asset objects reloaded before import = 0
Number of asset objects unloaded after import = 3
========================================================================
Received Import Request.
  Time since last request: 0.767717 seconds.
  path: Assets/Simple Vector Icons/Icons_White/PNG icons_white/On Off PNG/Eye off.png
  artifactKey: Guid(07bc4dc044efd714783017597a369014) Importer(815301076,1909f56bfc062723c751e8b465ee728b)
Start importing Assets/Simple Vector Icons/Icons_White/PNG icons_white/On Off PNG/Eye off.png using Guid(07bc4dc044efd714783017597a369014) Importer(815301076,1909f56bfc062723c751e8b465ee728b)  -> (artifact id: '56a38e105e97f11352c84d0ce58716fb') in 0.028561 seconds
Number of updated asset objects reloaded before import = 0
Number of asset objects unloaded after import = 3
========================================================================
Received Import Request.
  Time since last request: 0.050637 seconds.
  path: Assets/Simple Vector Icons/Icons_Black outline/PNG icons_black outline/On Off PNG/Eye on.png
  artifactKey: Guid(a40d94b474d826043ba34fda37f270c3) Importer(815301076,1909f56bfc062723c751e8b465ee728b)
Start importing Assets/Simple Vector Icons/Icons_Black outline/PNG icons_black outline/On Off PNG/Eye on.png using Guid(a40d94b474d826043ba34fda37f270c3) Importer(815301076,1909f56bfc062723c751e8b465ee728b)  -> (artifact id: 'a50d5323e10fd3324d93cde58a186ec2') in 0.030597 seconds
Number of updated asset objects reloaded before import = 0
Number of asset objects unloaded after import = 3
========================================================================
Received Import Request.
  Time since last request: 0.000146 seconds.
  path: Assets/Simple Vector Icons/Icons_Black outline/PNG icons_black outline/Body PNG/Eye open.png
  artifactKey: Guid(7ca4ce64aecba4fc0a7703cf2443e1bd) Importer(815301076,1909f56bfc062723c751e8b465ee728b)
Start importing Assets/Simple Vector Icons/Icons_Black outline/PNG icons_black outline/Body PNG/Eye open.png using Guid(7ca4ce64aecba4fc0a7703cf2443e1bd) Importer(815301076,1909f56bfc062723c751e8b465ee728b)  -> (artifact id: 'd5c08511510af460b1b9ac4be2fc0795') in 0.029517 seconds
Number of updated asset objects reloaded before import = 0
Number of asset objects unloaded after import = 3
========================================================================
Received Import Request.
  Time since last request: 0.227147 seconds.
  path: Assets/Simple Vector Icons/Icons_Black outline/PSD icons_black outline/Keyboard PSD/F.psd
  artifactKey: Guid(be225b92645379641bada9c6117b9363) Importer(815301076,1909f56bfc062723c751e8b465ee728b)
Start importing Assets/Simple Vector Icons/Icons_Black outline/PSD icons_black outline/Keyboard PSD/F.psd using Guid(be225b92645379641bada9c6117b9363) Importer(815301076,1909f56bfc062723c751e8b465ee728b)  -> (artifact id: 'ec1d7dee8b21bffd67af90657e7e1dc8') in 0.033170 seconds
Number of updated asset objects reloaded before import = 0
Number of asset objects unloaded after import = 3
========================================================================
Received Import Request.
  Time since last request: 0.000011 seconds.
  path: Assets/Simple Vector Icons/Icons_Black outline/PNG icons_black outline/Keyboard PNG/F1.png
  artifactKey: Guid(fd54d4bed6251df4c92099d28d3b001c) Importer(815301076,1909f56bfc062723c751e8b465ee728b)
Start importing Assets/Simple Vector Icons/Icons_Black outline/PNG icons_black outline/Keyboard PNG/F1.png using Guid(fd54d4bed6251df4c92099d28d3b001c) Importer(815301076,1909f56bfc062723c751e8b465ee728b)  -> (artifact id: 'f52fec1e7aff8c65ab8f32ac995d70d3') in 0.034337 seconds
Number of updated asset objects reloaded before import = 0
Number of asset objects unloaded after import = 3
========================================================================
Received Import Request.
  Time since last request: 0.376653 seconds.
  path: Assets/Simple Vector Icons/Icons_White/PSD icons_white/Keyboard PSD/F2.psd
  artifactKey: Guid(9778ef45d2d11554b8546cd9bd1b74d4) Importer(815301076,1909f56bfc062723c751e8b465ee728b)
Start importing Assets/Simple Vector Icons/Icons_White/PSD icons_white/Keyboard PSD/F2.psd using Guid(9778ef45d2d11554b8546cd9bd1b74d4) Importer(815301076,1909f56bfc062723c751e8b465ee728b)  -> (artifact id: '3100bb298e9c92fe50cb088f336709f9') in 0.029184 seconds
Number of updated asset objects reloaded before import = 0
Number of asset objects unloaded after import = 3
========================================================================
Received Import Request.
  Time since last request: 0.050343 seconds.
  path: Assets/Simple Vector Icons/Icons_Black outline/PSD icons_black outline/Keyboard PSD/F4.psd
  artifactKey: Guid(f405556a382019b4f94b0262b39ced8e) Importer(815301076,1909f56bfc062723c751e8b465ee728b)
Start importing Assets/Simple Vector Icons/Icons_Black outline/PSD icons_black outline/Keyboard PSD/F4.psd using Guid(f405556a382019b4f94b0262b39ced8e) Importer(815301076,1909f56bfc062723c751e8b465ee728b)  -> (artifact id: 'f31489e9826a0589990620ca3b08dae7') in 0.017402 seconds
Number of updated asset objects reloaded before import = 0
Number of asset objects unloaded after import = 3
========================================================================
Received Import Request.
  Time since last request: 0.001899 seconds.
  path: Assets/Simple Vector Icons/Icons_Black outline/PSD icons_black outline/Keyboard PSD/F6.psd
  artifactKey: Guid(9ab54cc30cf6e39498e089cd83c93541) Importer(815301076,1909f56bfc062723c751e8b465ee728b)
Start importing Assets/Simple Vector Icons/Icons_Black outline/PSD icons_black outline/Keyboard PSD/F6.psd using Guid(9ab54cc30cf6e39498e089cd83c93541) Importer(815301076,1909f56bfc062723c751e8b465ee728b)  -> (artifact id: '61315e60843e5706b1707e08babaa35d') in 0.026000 seconds
Number of updated asset objects reloaded before import = 0
Number of asset objects unloaded after import = 3
========================================================================
Received Import Request.
  Time since last request: 0.376336 seconds.
  path: Assets/Simple Vector Icons/Icons_Black outline/PNG icons_black outline/Keyboard PNG/F7.png
  artifactKey: Guid(e7cf907b2e26f16459ddb1a455ebdd43) Importer(815301076,1909f56bfc062723c751e8b465ee728b)
Start importing Assets/Simple Vector Icons/Icons_Black outline/PNG icons_black outline/Keyboard PNG/F7.png using Guid(e7cf907b2e26f16459ddb1a455ebdd43) Importer(815301076,1909f56bfc062723c751e8b465ee728b)  -> (artifact id: 'd60713d8b1a09119bafba0020de13fba') in 0.030416 seconds
Number of updated asset objects reloaded before import = 0
Number of asset objects unloaded after import = 3
========================================================================
Received Import Request.
  Time since last request: 0.379384 seconds.
  path: Assets/Simple Vector Icons/Icons_White/PSD icons_white/Keyboard PSD/F9.psd
  artifactKey: Guid(3e4041c0c6a24534bb52a872e6d6bc3b) Importer(815301076,1909f56bfc062723c751e8b465ee728b)
Start importing Assets/Simple Vector Icons/Icons_White/PSD icons_white/Keyboard PSD/F9.psd using Guid(3e4041c0c6a24534bb52a872e6d6bc3b) Importer(815301076,1909f56bfc062723c751e8b465ee728b)  -> (artifact id: 'a0a7ce88940d103eb7e3bbd479f5efbb') in 0.031580 seconds
Number of updated asset objects reloaded before import = 0
Number of asset objects unloaded after import = 3
========================================================================
Received Import Request.
  Time since last request: 0.000112 seconds.
  path: Assets/Simple Vector Icons/Icons_White/PSD icons_white/Keyboard PSD/F11.psd
  artifactKey: Guid(2bfa55bdd87b75e48bca7660a44473da) Importer(815301076,1909f56bfc062723c751e8b465ee728b)
Start importing Assets/Simple Vector Icons/Icons_White/PSD icons_white/Keyboard PSD/F11.psd using Guid(2bfa55bdd87b75e48bca7660a44473da) Importer(815301076,1909f56bfc062723c751e8b465ee728b)  -> (artifact id: 'd681dd38d7f9977a81aab2fb327f3553') in 0.027178 seconds
Number of updated asset objects reloaded before import = 0
Number of asset objects unloaded after import = 3
========================================================================
Received Import Request.
  Time since last request: 0.007508 seconds.
  path: Assets/Simple Vector Icons/Icons_Black outline/PSD icons_black outline/Keyboard PSD/F11.psd
  artifactKey: Guid(b00ad6b539d0a5f4e91127ddbc8bffbd) Importer(815301076,1909f56bfc062723c751e8b465ee728b)
Start importing Assets/Simple Vector Icons/Icons_Black outline/PSD icons_black outline/Keyboard PSD/F11.psd using Guid(b00ad6b539d0a5f4e91127ddbc8bffbd) Importer(815301076,1909f56bfc062723c751e8b465ee728b)  -> (artifact id: 'de231cd25d8d06c224a8f16813112d35') in 0.027564 seconds
Number of updated asset objects reloaded before import = 0
Number of asset objects unloaded after import = 3
========================================================================
Received Import Request.
  Time since last request: 0.000102 seconds.
  path: Assets/Simple Vector Icons/Icons_Black outline/PNG icons_black outline/Social media PNG/Facebook.png
  artifactKey: Guid(dc9eaf0f749c1f2469a4f188b2626893) Importer(815301076,1909f56bfc062723c751e8b465ee728b)
Start importing Assets/Simple Vector Icons/Icons_Black outline/PNG icons_black outline/Social media PNG/Facebook.png using Guid(dc9eaf0f749c1f2469a4f188b2626893) Importer(815301076,1909f56bfc062723c751e8b465ee728b)  -> (artifact id: '21af67e973f35ecfb70ff145dece907b') in 0.025492 seconds
Number of updated asset objects reloaded before import = 0
Number of asset objects unloaded after import = 3
========================================================================
Received Import Request.
  Time since last request: 0.410645 seconds.
  path: Assets/Simple Vector Icons/Icons_Black outline/PSD icons_black outline/Social media PSD/Facebook.psd
  artifactKey: Guid(657a4c83565005640a5801eb4dd7e4e0) Importer(815301076,1909f56bfc062723c751e8b465ee728b)
Start importing Assets/Simple Vector Icons/Icons_Black outline/PSD icons_black outline/Social media PSD/Facebook.psd using Guid(657a4c83565005640a5801eb4dd7e4e0) Importer(815301076,1909f56bfc062723c751e8b465ee728b)  -> (artifact id: 'fce129f6840a1d4561fb79c68de5b9aa') in 0.017106 seconds
Number of updated asset objects reloaded before import = 0
Number of asset objects unloaded after import = 3
========================================================================
Received Import Request.
  Time since last request: 0.002979 seconds.
  path: Assets/Simple Vector Icons/Icons_White/PSD icons_white/Hazard signs PSD/Falling object.psd
  artifactKey: Guid(b9140815d5838024daef0c15131b59f0) Importer(815301076,1909f56bfc062723c751e8b465ee728b)
Start importing Assets/Simple Vector Icons/Icons_White/PSD icons_white/Hazard signs PSD/Falling object.psd using Guid(b9140815d5838024daef0c15131b59f0) Importer(815301076,1909f56bfc062723c751e8b465ee728b)  -> (artifact id: '59e53a1ead764d94466524ea1f56518a') in 0.025561 seconds
Number of updated asset objects reloaded before import = 0
Number of asset objects unloaded after import = 3
========================================================================
Received Import Request.
  Time since last request: 0.318933 seconds.
  path: Assets/Simple Vector Icons/Icons_Black outline/PNG icons_black outline/Animals PNG/Feather.png
  artifactKey: Guid(a32b7744c5b282343af631452e9a8a7b) Importer(815301076,1909f56bfc062723c751e8b465ee728b)
Start importing Assets/Simple Vector Icons/Icons_Black outline/PNG icons_black outline/Animals PNG/Feather.png using Guid(a32b7744c5b282343af631452e9a8a7b) Importer(815301076,1909f56bfc062723c751e8b465ee728b)  -> (artifact id: 'ccc98561d2045033b467a72b321c97eb') in 0.024659 seconds
Number of updated asset objects reloaded before import = 0
Number of asset objects unloaded after import = 3
========================================================================
Received Import Request.
  Time since last request: 0.026925 seconds.
  path: Assets/Simple Vector Icons/Icons_Black outline/PSD icons_black outline/Home PSD/Fence.psd
  artifactKey: Guid(d667a4513fd22304a96ccca4f7294065) Importer(815301076,1909f56bfc062723c751e8b465ee728b)
Start importing Assets/Simple Vector Icons/Icons_Black outline/PSD icons_black outline/Home PSD/Fence.psd using Guid(d667a4513fd22304a96ccca4f7294065) Importer(815301076,1909f56bfc062723c751e8b465ee728b)  -> (artifact id: '7411b5c79ace46730bf7e4671042e9a4') in 0.028979 seconds
Number of updated asset objects reloaded before import = 0
Number of asset objects unloaded after import = 3
========================================================================
Received Import Request.
  Time since last request: 0.000012 seconds.
  path: Assets/Simple Vector Icons/Icons_White/PNG icons_white/UI PNG/Filter.png
  artifactKey: Guid(1f2b0be3e06e32c45bd5f3e4c103568d) Importer(815301076,1909f56bfc062723c751e8b465ee728b)
Start importing Assets/Simple Vector Icons/Icons_White/PNG icons_white/UI PNG/Filter.png using Guid(1f2b0be3e06e32c45bd5f3e4c103568d) Importer(815301076,1909f56bfc062723c751e8b465ee728b)  -> (artifact id: 'f21c46e00cd06ced084c2acc72378f25') in 0.017339 seconds
Number of updated asset objects reloaded before import = 0
Number of asset objects unloaded after import = 3
========================================================================
Received Import Request.
  Time since last request: 0.329404 seconds.
  path: Assets/Simple Vector Icons/Icons_White/PSD icons_white/Health and beauty PSD/First aid kit.psd
  artifactKey: Guid(7af143fcf3636c84f81213ed46499044) Importer(815301076,1909f56bfc062723c751e8b465ee728b)
Start importing Assets/Simple Vector Icons/Icons_White/PSD icons_white/Health and beauty PSD/First aid kit.psd using Guid(7af143fcf3636c84f81213ed46499044) Importer(815301076,1909f56bfc062723c751e8b465ee728b)  -> (artifact id: '858cfe7acef97495e3904542c43048e6') in 0.029821 seconds
Number of updated asset objects reloaded before import = 0
Number of asset objects unloaded after import = 3
========================================================================
Received Import Request.
  Time since last request: 0.256000 seconds.
  path: Assets/Simple Vector Icons/Icons_Black outline/PNG icons_black outline/Kitchen PNG/Fish.png
  artifactKey: Guid(3c02dc9dcf6b26a46a5332ceb02ba784) Importer(815301076,1909f56bfc062723c751e8b465ee728b)
Start importing Assets/Simple Vector Icons/Icons_Black outline/PNG icons_black outline/Kitchen PNG/Fish.png using Guid(3c02dc9dcf6b26a46a5332ceb02ba784) Importer(815301076,1909f56bfc062723c751e8b465ee728b)  -> (artifact id: '6e0848955973601ef98f736d4763fc1a') in 0.039543 seconds
Number of updated asset objects reloaded before import = 0
Number of asset objects unloaded after import = 3
========================================================================
Received Import Request.
  Time since last request: 1.543015 seconds.
  path: Assets/Simple Vector Icons/Icons_Black outline/PSD icons_black outline/Other PSD/Flag.psd
  artifactKey: Guid(7f0a8ff5e235a5b48a195269d4d4f066) Importer(815301076,1909f56bfc062723c751e8b465ee728b)
Start importing Assets/Simple Vector Icons/Icons_Black outline/PSD icons_black outline/Other PSD/Flag.psd using Guid(7f0a8ff5e235a5b48a195269d4d4f066) Importer(815301076,1909f56bfc062723c751e8b465ee728b)  -> (artifact id: 'cc5c030719151ba21fa6c7673a5c4bd0') in 0.028126 seconds
Number of updated asset objects reloaded before import = 0
Number of asset objects unloaded after import = 3
========================================================================
Received Import Request.
  Time since last request: 0.002186 seconds.
  path: Assets/Simple Vector Icons/Icons_White/PNG icons_white/Hazard signs PNG/Flammable materials.png
  artifactKey: Guid(b9ddc985fa9117641af8f45fd0b3adf9) Importer(815301076,1909f56bfc062723c751e8b465ee728b)
Start importing Assets/Simple Vector Icons/Icons_White/PNG icons_white/Hazard signs PNG/Flammable materials.png using Guid(b9ddc985fa9117641af8f45fd0b3adf9) Importer(815301076,1909f56bfc062723c751e8b465ee728b)  -> (artifact id: 'd50dbd18595772069418ad865fda14c1') in 0.026786 seconds
Number of updated asset objects reloaded before import = 0
Number of asset objects unloaded after import = 3
========================================================================
Received Import Request.
  Time since last request: 0.000242 seconds.
  path: Assets/Simple Vector Icons/Icons_Black outline/PSD icons_black outline/Hazard signs PSD/Flammable materials Symbol.psd
  artifactKey: Guid(d9a777661227160419f49884b87ce5e2) Importer(815301076,1909f56bfc062723c751e8b465ee728b)
Start importing Assets/Simple Vector Icons/Icons_Black outline/PSD icons_black outline/Hazard signs PSD/Flammable materials Symbol.psd using Guid(d9a777661227160419f49884b87ce5e2) Importer(815301076,1909f56bfc062723c751e8b465ee728b)  -> (artifact id: '09aa9138d2f973fbe3b277b74750af49') in 0.032580 seconds
Number of updated asset objects reloaded before import = 0
Number of asset objects unloaded after import = 3
========================================================================
Received Import Request.
  Time since last request: 0.152452 seconds.
  path: Assets/Simple Vector Icons/Icons_Black outline/PNG icons_black outline/Body PNG/Nose.png
  artifactKey: Guid(5b85ff8115f8e44a48e840af7b49cebe) Importer(815301076,1909f56bfc062723c751e8b465ee728b)
Start importing Assets/Simple Vector Icons/Icons_Black outline/PNG icons_black outline/Body PNG/Nose.png using Guid(5b85ff8115f8e44a48e840af7b49cebe) Importer(815301076,1909f56bfc062723c751e8b465ee728b)  -> (artifact id: '2ee73a27d22b849d616891fe410ebad5') in 0.030415 seconds
Number of updated asset objects reloaded before import = 0
Number of asset objects unloaded after import = 3
========================================================================
Received Import Request.
  Time since last request: 0.000182 seconds.
  path: Assets/Simple Vector Icons/Icons_White/PNG icons_white/Other PNG/Oil.png
  artifactKey: Guid(5f33c9b5ac1199b4c93ad6a38df96cd0) Importer(815301076,1909f56bfc062723c751e8b465ee728b)
Start importing Assets/Simple Vector Icons/Icons_White/PNG icons_white/Other PNG/Oil.png using Guid(5f33c9b5ac1199b4c93ad6a38df96cd0) Importer(815301076,1909f56bfc062723c751e8b465ee728b)  -> (artifact id: '6b329d91f64124cfec5f7cd771654ce9') in 0.032951 seconds
Number of updated asset objects reloaded before import = 0
Number of asset objects unloaded after import = 3
========================================================================
Received Import Request.
  Time since last request: 0.840872 seconds.
  path: Assets/Simple Vector Icons/Icons_White/PNG icons_white/Player PNG/Stop.png
  artifactKey: Guid(26b6cac72bdc80843b915a484ddea0b2) Importer(815301076,1909f56bfc062723c751e8b465ee728b)
Start importing Assets/Simple Vector Icons/Icons_White/PNG icons_white/Player PNG/Stop.png using Guid(26b6cac72bdc80843b915a484ddea0b2) Importer(815301076,1909f56bfc062723c751e8b465ee728b)  -> (artifact id: '52e687acc6f16aa9069605db5b6b0e83') in 0.028741 seconds
Number of updated asset objects reloaded before import = 0
Number of asset objects unloaded after import = 3
========================================================================
Received Import Request.
  Time since last request: 0.005809 seconds.
  path: Assets/Simple Vector Icons/Icons_White/PSD icons_white/Transport PSD/STOP.psd
  artifactKey: Guid(3b626cf6028411d46afe1382cfc23ac0) Importer(815301076,1909f56bfc062723c751e8b465ee728b)
Start importing Assets/Simple Vector Icons/Icons_White/PSD icons_white/Transport PSD/STOP.psd using Guid(3b626cf6028411d46afe1382cfc23ac0) Importer(815301076,1909f56bfc062723c751e8b465ee728b)  -> (artifact id: '2cc61cf6fac0528834b7b2df57fd9dea') in 0.026513 seconds
Number of updated asset objects reloaded before import = 0
Number of asset objects unloaded after import = 3
========================================================================
Received Import Request.
  Time since last request: 0.000027 seconds.
  path: Assets/Simple Vector Icons/Icons_Black outline/PNG icons_black outline/Weather PNG/Sun.png
  artifactKey: Guid(baa69dfaeea8e9c409d3648273fb7684) Importer(815301076,1909f56bfc062723c751e8b465ee728b)
Start importing Assets/Simple Vector Icons/Icons_Black outline/PNG icons_black outline/Weather PNG/Sun.png using Guid(baa69dfaeea8e9c409d3648273fb7684) Importer(815301076,1909f56bfc062723c751e8b465ee728b)  -> (artifact id: '74399984d444dbab949de018ec568c7f') in 0.036255 seconds
Number of updated asset objects reloaded before import = 0
Number of asset objects unloaded after import = 3
========================================================================
Received Import Request.
  Time since last request: 0.000024 seconds.
  path: Assets/Simple Vector Icons/Icons_Black outline/PSD icons_black outline/Clothes PSD/Swimsuit.psd
  artifactKey: Guid(5ea7439cf9a0d7243951a161d40c2676) Importer(815301076,1909f56bfc062723c751e8b465ee728b)
Start importing Assets/Simple Vector Icons/Icons_Black outline/PSD icons_black outline/Clothes PSD/Swimsuit.psd using Guid(5ea7439cf9a0d7243951a161d40c2676) Importer(815301076,1909f56bfc062723c751e8b465ee728b)  -> (artifact id: '14e7892748568fe86e2cab4bd26f2d48') in 0.032059 seconds
Number of updated asset objects reloaded before import = 0
Number of asset objects unloaded after import = 3
========================================================================
Received Import Request.
  Time since last request: 0.000011 seconds.
  path: Assets/Simple Vector Icons/Icons_Black outline/PNG icons_black outline/On Off PNG/Switch on.png
  artifactKey: Guid(c456f6955b91d104086e68b239384043) Importer(815301076,1909f56bfc062723c751e8b465ee728b)
Start importing Assets/Simple Vector Icons/Icons_Black outline/PNG icons_black outline/On Off PNG/Switch on.png using Guid(c456f6955b91d104086e68b239384043) Importer(815301076,1909f56bfc062723c751e8b465ee728b)  -> (artifact id: '98f55198c638902fd1e1d9ce45e4e762') in 0.033205 seconds
Number of updated asset objects reloaded before import = 0
Number of asset objects unloaded after import = 3
========================================================================
Received Import Request.
  Time since last request: 0.007338 seconds.
  path: Assets/Simple Vector Icons/Icons_White/PNG icons_white/Arrows PNG/Thin arrow U.png
  artifactKey: Guid(dfbed30adb08ffd4397d7ee35380f0a2) Importer(815301076,1909f56bfc062723c751e8b465ee728b)
Start importing Assets/Simple Vector Icons/Icons_White/PNG icons_white/Arrows PNG/Thin arrow U.png using Guid(dfbed30adb08ffd4397d7ee35380f0a2) Importer(815301076,1909f56bfc062723c751e8b465ee728b)  -> (artifact id: '4ee8572c6df49c87f38aa6da91c0f979') in 0.030731 seconds
Number of updated asset objects reloaded before import = 0
Number of asset objects unloaded after import = 3
========================================================================
Received Import Request.
  Time since last request: 14.502319 seconds.
  path: Assets/Simple Vector Icons/Icons_White/PSD icons_white/Clothes PSD/T-shirt.psd
  artifactKey: Guid(7730152651b892c4f87e9a195f3f62a9) Importer(815301076,1909f56bfc062723c751e8b465ee728b)
Start importing Assets/Simple Vector Icons/Icons_White/PSD icons_white/Clothes PSD/T-shirt.psd using Guid(7730152651b892c4f87e9a195f3f62a9) Importer(815301076,1909f56bfc062723c751e8b465ee728b)  -> (artifact id: 'f6d84f64b213e0c2e99a96906a225ebe') in 0.024476 seconds
Number of updated asset objects reloaded before import = 0
Number of asset objects unloaded after import = 3
========================================================================
Received Import Request.
  Time since last request: 0.054949 seconds.
  path: Assets/Simple Vector Icons/Icons_Black outline/PSD icons_black outline/Military PSD/Sword 1.psd
  artifactKey: Guid(7b30cc289e3cc4c43acb664304fd5f3c) Importer(815301076,1909f56bfc062723c751e8b465ee728b)
Start importing Assets/Simple Vector Icons/Icons_Black outline/PSD icons_black outline/Military PSD/Sword 1.psd using Guid(7b30cc289e3cc4c43acb664304fd5f3c) Importer(815301076,1909f56bfc062723c751e8b465ee728b)  -> (artifact id: 'f68baa73a229d020d042ac0f06c7cbb5') in 0.024850 seconds
Number of updated asset objects reloaded before import = 0
Number of asset objects unloaded after import = 3
========================================================================
Received Import Request.
  Time since last request: 0.000142 seconds.
  path: Assets/Simple Vector Icons/Icons_Black outline/PNG icons_black outline/Keyboard PNG/T.png
  artifactKey: Guid(37bbd3528f8178740b170eaa0e42ca04) Importer(815301076,1909f56bfc062723c751e8b465ee728b)
Start importing Assets/Simple Vector Icons/Icons_Black outline/PNG icons_black outline/Keyboard PNG/T.png using Guid(37bbd3528f8178740b170eaa0e42ca04) Importer(815301076,1909f56bfc062723c751e8b465ee728b)  -> (artifact id: 'd072375a874b3d3e4588ec601a1a3f34') in 0.020108 seconds
Number of updated asset objects reloaded before import = 0
Number of asset objects unloaded after import = 3
========================================================================
Received Import Request.
  Time since last request: 3.176436 seconds.
  path: Assets/Simple Vector Icons/Icons_White/PNG icons_white/Transport PNG/Steering wheel.png
  artifactKey: Guid(69ddc1706b5d1ee4ca1a4966c797ffef) Importer(815301076,1909f56bfc062723c751e8b465ee728b)
Start importing Assets/Simple Vector Icons/Icons_White/PNG icons_white/Transport PNG/Steering wheel.png using Guid(69ddc1706b5d1ee4ca1a4966c797ffef) Importer(815301076,1909f56bfc062723c751e8b465ee728b)  -> (artifact id: 'b4662f1cf177b29f4f41a66fae345c82') in 0.031403 seconds
Number of updated asset objects reloaded before import = 0
Number of asset objects unloaded after import = 3
========================================================================
Received Prepare
Begin MonoManager ReloadAssembly
Symbol file LoadedFromMemory doesn't match image C:\Users\patri\Space Invader\Library\PackageCache\com.unity.visualscripting@1.8.0\Editor\VisualScripting.Core\Dependencies\YamlDotNet\Unity.VisualScripting.YamlDotNet.dll
Symbol file LoadedFromMemory doesn't match image C:\Users\patri\Space Invader\Library\PackageCache\com.unity.visualscripting@1.8.0\Editor\VisualScripting.Core\Dependencies\DotNetZip\Unity.VisualScripting.IonicZip.dll
- Loaded All Assemblies, in  0.390 seconds
Refreshing native plugins compatible for Editor in 5.16 ms, found 4 plugins.
Native extension for WindowsStandalone target not found
Native extension for Android target not found
Mono: successfully reloaded assembly
- Finished resetting the current domain, in  0.729 seconds
Domain Reload Profiling: 1110ms
	BeginReloadAssembly (124ms)
		ExecutionOrderSort (0ms)
		DisableScriptedObjects (7ms)
		BackupInstance (0ms)
		ReleaseScriptingObjects (0ms)
		CreateAndSetChildDomain (25ms)
	RebuildCommonClasses (28ms)
	RebuildNativeTypeToScriptingClass (8ms)
	initialDomainReloadingComplete (32ms)
	LoadAllAssembliesAndSetupDomain (189ms)
		LoadAssemblies (243ms)
		RebuildTransferFunctionScriptingTraits (0ms)
		AnalyzeDomain (8ms)
			TypeCache.Refresh (4ms)
				TypeCache.ScanAssembly (0ms)
			ScanForSourceGeneratedMonoScriptInfo (0ms)
			ResolveRequiredComponents (3ms)
	FinalizeReload (729ms)
		ReleaseScriptCaches (0ms)
		RebuildScriptCaches (0ms)
		SetupLoadedEditorAssemblies (235ms)
			LogAssemblyErrors (0ms)
			InitializePlatformSupportModulesInManaged (20ms)
			SetLoadedEditorAssemblies (2ms)
			RefreshPlugins (0ms)
			BeforeProcessingInitializeOnLoad (60ms)
			ProcessInitializeOnLoadAttributes (127ms)
			ProcessInitializeOnLoadMethodAttributes (17ms)
			AfterProcessingInitializeOnLoad (9ms)
			EditorAssembliesLoaded (0ms)
		ExecutionOrderSort2 (0ms)
		AwakeInstancesAfterBackupRestoration (7ms)
Refreshing native plugins compatible for Editor in 9.05 ms, found 4 plugins.
Preloading 0 native plugins for Editor in 0.00 ms.
Unloading 4077 Unused Serialized files (Serialized files now loaded: 0)
Unloading 35 unused Assets / (34.7 KB). Loaded Objects now: 4591.
Memory consumption went from 142.7 MB to 142.7 MB.
Total: 3.775400 ms (FindLiveObjects: 0.386400 ms CreateObjectMapping: 0.137300 ms MarkObjects: 3.202400 ms  DeleteObjects: 0.047700 ms)

Prepare: number of updated asset objects reloaded= 0
AssetImportParameters requested are different than current active one (requested -> active):
  custom:scripting/monoscript/fileName/RankManager.cs: 24645d1ede8a91362888d054032edad7 -> 
  custom:container-demuxer-ogg: 62fdf1f143b41e24485cea50d1cbac27 -> 
  custom:scripting/monoscript/fileName/SavingManger.cs: 9f2c9ab29eeea47eb8da8df12ad98a3e -> 
  custom:video-codec-MediaFoundation-h265: 746d11721c4dcdbdad8f713fa42b33f4 -> 
  custom:scripting/monoscript/fileName/DataSaver.cs: e5681b44ae8383125a80832a4035ce35 -> 
  custom:scripting/monoscript/fileName/ScoreBoard.cs: 2ca190c64ec05b6119eb41d7e54ba2d4 -> 
  custom:video-decoder-ogg-theora: a1e56fd34408186e4bbccfd4996cb3dc -> 
  custom:framework-win-MediaFoundation: 216162199b28c13a410421893ffa2e32 -> 
  custom:scripting/monoscript/fileName/HighscoreTable.cs: 4cdff648e39922ecd1f5acb83bde9a5f -> 
  custom:scripting/monoscript/fileName/LeaderboardController.cs: 02cb9b4f5eaf82a61d8494d0b042e884 -> 
  custom:scripting/monoscript/fileName/ConfirmScoreNickName.cs: e43e1510442a8c1218a159d3caef3301 -> 
  custom:scripting/monoscript/fileName/PlayerData.cs: e4b7b96b5a8bcbcb4be40bfb1d4ff5c1 -> 
  custom:CustomObjectIndexerAttribute: 756ad292c208cfabdd7b50bc23989ffe -> 
  custom:container-demuxer-webm: 4f35f7cbe854078d1ac9338744f61a02 -> 
  custom:scripting/monoscript/fileName/PowerUps.cs: 7c757ecc48ed423bf7bd18effe0bc5d3 -> 
  custom:container-muxer-webm: aa71ff27fc2769a1b78a27578f13a17b -> 
  custom:scripting/monoscript/fileName/ReloadSpeedBuff.cs: 750500572565b29ddd6a8336b79f9c13 -> 
  custom:video-decoder-webm-vp8: 9c59270c3fd7afecdb556c50c9e8de78 -> 
  custom:SearchIndexIgnoredProperties: e643bd26f0fe6173181afceb89e7c659 -> 
  custom:AudioImporter_EditorPlatform: d09bf68614088b80899f8185d706f6e7 -> 
  custom:scripting/monoscript/fileName/Group.cs: 903723bd4660a2f6afba1f16e84958ee -> 
  custom:scripting/monoscript/fileName/TestCompare.cs: d1d09ed6974a4f4d94c6b4ebd171ced5 -> 
  custom:video-encoder-webm-vp8: eb34c28f22e8b96e1ab97ce403110664 -> 
  custom:audio-decoder-ogg-vorbis: bf7c407c2cedff20999df2af8eb42d56 -> 
  custom:scripting/monoscript/fileName/PowerUpsObject.cs: b571f3528db386ba0ea50f58df874678 -> 
  custom:audio-encoder-webm-vorbis: bf7c407c2cedff20999df2af8eb42d56 -> 
Editor requested this worker to shutdown with reason: Scaling down because of idle timeout
TcpMessagingSession - receive error: operation aborted. errorcode: 995, details: I/O-handlingen er blevet afbrudt pga. en afsluttende trd eller programanmodning.
AssetImportWorker is now disconnected from the server
Process exiting
Exiting without the bug reporter. Application will terminate with return code 0