Using pre-set license
Built from '2022.3/staging' branch; Version is '2022.3.7f1 (b16b3b16c7a0) revision 11627323'; Using compiler version '192829333'; Build Type 'Release'
OS: 'Windows 11  (10.0.22631) 64bit Core' Language: 'da' Physical Memory: 16123 MB
BatchMode: 1, IsHumanControllingUs: 0, StartBugReporterOnCrash: 0, Is64bit: 1, IsPro: 1

COMMAND LINE ARGUMENTS:
C:\Program Files\Unity\Hub\Editor\2022.3.7f1\Editor\Unity.exe
-adb2
-batchMode
-noUpm
-name
AssetImportWorker7
-projectPath
C:/Users/patri/Space Invader
-logFile
Logs/AssetImportWorker7.log
-srvPort
57267
Successfully changed project path to: C:/Users/patri/Space Invader
C:/Users/patri/Space Invader
[UnityMemory] Configuration Parameters - Can be set up in boot.config
    "memorysetup-bucket-allocator-granularity=16"
    "memorysetup-bucket-allocator-bucket-count=8"
    "memorysetup-bucket-allocator-block-size=33554432"
    "memorysetup-bucket-allocator-block-count=8"
    "memorysetup-main-allocator-block-size=16777216"
    "memorysetup-thread-allocator-block-size=16777216"
    "memorysetup-gfx-main-allocator-block-size=16777216"
    "memorysetup-gfx-thread-allocator-block-size=16777216"
    "memorysetup-cache-allocator-block-size=4194304"
    "memorysetup-typetree-allocator-block-size=2097152"
    "memorysetup-profiler-bucket-allocator-granularity=16"
    "memorysetup-profiler-bucket-allocator-bucket-count=8"
    "memorysetup-profiler-bucket-allocator-block-size=33554432"
    "memorysetup-profiler-bucket-allocator-block-count=8"
    "memorysetup-profiler-allocator-block-size=16777216"
    "memorysetup-profiler-editor-allocator-block-size=1048576"
    "memorysetup-temp-allocator-size-main=16777216"
    "memorysetup-job-temp-allocator-block-size=2097152"
    "memorysetup-job-temp-allocator-block-size-background=1048576"
    "memorysetup-job-temp-allocator-reduction-small-platforms=262144"
    "memorysetup-allocator-temp-initial-block-size-main=262144"
    "memorysetup-allocator-temp-initial-block-size-worker=262144"
    "memorysetup-temp-allocator-size-background-worker=32768"
    "memorysetup-temp-allocator-size-job-worker=262144"
    "memorysetup-temp-allocator-size-preload-manager=33554432"
    "memorysetup-temp-allocator-size-nav-mesh-worker=65536"
    "memorysetup-temp-allocator-size-audio-worker=65536"
    "memorysetup-temp-allocator-size-cloud-worker=32768"
    "memorysetup-temp-allocator-size-gi-baking-worker=262144"
    "memorysetup-temp-allocator-size-gfx=262144"
Player connection [36388] Host "[IP] 192.168.230.1 [Port] 0 [Flags] 2 [Guid] 2309474307 [EditorId] 2309474307 [Version] 1048832 [Id] WindowsEditor(7,RexStarGame) [Debug] 1 [PackageName] WindowsEditor [ProjectName] Editor" joined multi-casting on [225.0.0.222:54997]...

Player connection [36388] Host "[IP] 192.168.230.1 [Port] 0 [Flags] 2 [Guid] 2309474307 [EditorId] 2309474307 [Version] 1048832 [Id] WindowsEditor(7,RexStarGame) [Debug] 1 [PackageName] WindowsEditor [ProjectName] Editor" joined alternative multi-casting on [225.0.0.222:34997]...

Refreshing native plugins compatible for Editor in 24.88 ms, found 4 plugins.
Preloading 0 native plugins for Editor in 0.00 ms.
Initialize engine version: 2022.3.7f1 (b16b3b16c7a0)
[Subsystems] Discovering subsystems at path C:/Program Files/Unity/Hub/Editor/2022.3.7f1/Editor/Data/Resources/UnitySubsystems
[Subsystems] Discovering subsystems at path C:/Users/patri/Space Invader/Assets
GfxDevice: creating device client; threaded=0; jobified=0
Direct3D:
    Version:  Direct3D 11.0 [level 11.1]
    Renderer: NVIDIA GeForce RTX 4070 Laptop GPU (ID=0x2860)
    Vendor:   NVIDIA
    VRAM:     7962 MB
    Driver:   31.0.15.3210
Initialize mono
Mono path[0] = 'C:/Program Files/Unity/Hub/Editor/2022.3.7f1/Editor/Data/Managed'
Mono path[1] = 'C:/Program Files/Unity/Hub/Editor/2022.3.7f1/Editor/Data/MonoBleedingEdge/lib/mono/unityjit-win32'
Mono config path = 'C:/Program Files/Unity/Hub/Editor/2022.3.7f1/Editor/Data/MonoBleedingEdge/etc'
Using monoOptions --debugger-agent=transport=dt_socket,embedding=1,server=y,suspend=n,address=127.0.0.1:56936
Begin MonoManager ReloadAssembly
Registering precompiled unity dll's ...
Register platform support module: C:/Program Files/Unity/Hub/Editor/2022.3.7f1/Editor/Data/PlaybackEngines/AndroidPlayer/UnityEditor.Android.Extensions.dll
Register platform support module: C:/Program Files/Unity/Hub/Editor/2022.3.7f1/Editor/Data/PlaybackEngines/WindowsStandaloneSupport/UnityEditor.WindowsStandalone.Extensions.dll
Registered in 0.012740 seconds.
- Loaded All Assemblies, in  0.272 seconds
Native extension for WindowsStandalone target not found
Native extension for Android target not found
Android Extension - Scanning For ADB Devices 429 ms
Mono: successfully reloaded assembly
- Finished resetting the current domain, in  0.652 seconds
Domain Reload Profiling: 922ms
	BeginReloadAssembly (99ms)
		ExecutionOrderSort (0ms)
		DisableScriptedObjects (0ms)
		BackupInstance (0ms)
		ReleaseScriptingObjects (0ms)
		CreateAndSetChildDomain (1ms)
	RebuildCommonClasses (22ms)
	RebuildNativeTypeToScriptingClass (6ms)
	initialDomainReloadingComplete (52ms)
	LoadAllAssembliesAndSetupDomain (90ms)
		LoadAssemblies (95ms)
		RebuildTransferFunctionScriptingTraits (0ms)
		AnalyzeDomain (89ms)
			TypeCache.Refresh (88ms)
				TypeCache.ScanAssembly (79ms)
			ScanForSourceGeneratedMonoScriptInfo (0ms)
			ResolveRequiredComponents (0ms)
	FinalizeReload (652ms)
		ReleaseScriptCaches (0ms)
		RebuildScriptCaches (0ms)
		SetupLoadedEditorAssemblies (615ms)
			LogAssemblyErrors (0ms)
			InitializePlatformSupportModulesInManaged (523ms)
			SetLoadedEditorAssemblies (2ms)
			RefreshPlugins (0ms)
			BeforeProcessingInitializeOnLoad (1ms)
			ProcessInitializeOnLoadAttributes (58ms)
			ProcessInitializeOnLoadMethodAttributes (31ms)
			AfterProcessingInitializeOnLoad (0ms)
			EditorAssembliesLoaded (0ms)
		ExecutionOrderSort2 (0ms)
		AwakeInstancesAfterBackupRestoration (0ms)
========================================================================
Worker process is ready to serve import requests
Begin MonoManager ReloadAssembly
Symbol file LoadedFromMemory doesn't match image C:\Users\patri\Space Invader\Library\PackageCache\com.unity.visualscripting@1.8.0\Editor\VisualScripting.Core\Dependencies\YamlDotNet\Unity.VisualScripting.YamlDotNet.dll
Symbol file LoadedFromMemory doesn't match image C:\Users\patri\Space Invader\Library\PackageCache\com.unity.visualscripting@1.8.0\Editor\VisualScripting.Core\Dependencies\DotNetZip\Unity.VisualScripting.IonicZip.dll
- Loaded All Assemblies, in  5.315 seconds
Refreshing native plugins compatible for Editor in 14.66 ms, found 4 plugins.
Native extension for WindowsStandalone target not found
Native extension for Android target not found
Mono: successfully reloaded assembly
- Finished resetting the current domain, in  0.748 seconds
Domain Reload Profiling: 6037ms
	BeginReloadAssembly (172ms)
		ExecutionOrderSort (0ms)
		DisableScriptedObjects (3ms)
		BackupInstance (0ms)
		ReleaseScriptingObjects (0ms)
		CreateAndSetChildDomain (18ms)
	RebuildCommonClasses (23ms)
	RebuildNativeTypeToScriptingClass (6ms)
	initialDomainReloadingComplete (72ms)
	LoadAllAssembliesAndSetupDomain (5015ms)
		LoadAssemblies (4673ms)
		RebuildTransferFunctionScriptingTraits (0ms)
		AnalyzeDomain (459ms)
			TypeCache.Refresh (438ms)
				TypeCache.ScanAssembly (424ms)
			ScanForSourceGeneratedMonoScriptInfo (15ms)
			ResolveRequiredComponents (3ms)
	FinalizeReload (748ms)
		ReleaseScriptCaches (0ms)
		RebuildScriptCaches (0ms)
		SetupLoadedEditorAssemblies (596ms)
			LogAssemblyErrors (0ms)
			InitializePlatformSupportModulesInManaged (38ms)
			SetLoadedEditorAssemblies (4ms)
			RefreshPlugins (0ms)
			BeforeProcessingInitializeOnLoad (122ms)
			ProcessInitializeOnLoadAttributes (346ms)
			ProcessInitializeOnLoadMethodAttributes (37ms)
			AfterProcessingInitializeOnLoad (49ms)
			EditorAssembliesLoaded (0ms)
		ExecutionOrderSort2 (0ms)
		AwakeInstancesAfterBackupRestoration (8ms)
Launched and connected shader compiler UnityShaderCompiler.exe after 0.35 seconds
Refreshing native plugins compatible for Editor in 20.26 ms, found 4 plugins.
Preloading 0 native plugins for Editor in 0.00 ms.
Unloading 4111 Unused Serialized files (Serialized files now loaded: 0)
Unloading 63 unused Assets / (60.5 KB). Loaded Objects now: 4583.
Memory consumption went from 150.9 MB to 150.9 MB.
Total: 3.835400 ms (FindLiveObjects: 0.362100 ms CreateObjectMapping: 0.138900 ms MarkObjects: 3.197000 ms  DeleteObjects: 0.136200 ms)

AssetImportParameters requested are different than current active one (requested -> active):
  custom:scripting/monoscript/fileName/RankManager.cs: 24645d1ede8a91362888d054032edad7 -> 
  custom:container-demuxer-ogg: 62fdf1f143b41e24485cea50d1cbac27 -> 
  custom:scripting/monoscript/fileName/SavingManger.cs: 9f2c9ab29eeea47eb8da8df12ad98a3e -> 
  custom:video-codec-MediaFoundation-h265: 746d11721c4dcdbdad8f713fa42b33f4 -> 
  custom:scripting/monoscript/fileName/DataSaver.cs: e5681b44ae8383125a80832a4035ce35 -> 
  custom:scripting/monoscript/fileName/ScoreBoard.cs: 2ca190c64ec05b6119eb41d7e54ba2d4 -> 
  custom:video-decoder-ogg-theora: a1e56fd34408186e4bbccfd4996cb3dc -> 
  custom:framework-win-MediaFoundation: 216162199b28c13a410421893ffa2e32 -> 
  custom:scripting/monoscript/fileName/LeaderboardController.cs: 02cb9b4f5eaf82a61d8494d0b042e884 -> 
  custom:scripting/monoscript/fileName/ConfirmScoreNickName.cs: e43e1510442a8c1218a159d3caef3301 -> 
  custom:scripting/monoscript/fileName/PlayerData.cs: e4b7b96b5a8bcbcb4be40bfb1d4ff5c1 -> 
  custom:CustomObjectIndexerAttribute: 756ad292c208cfabdd7b50bc23989ffe -> 
  custom:container-demuxer-webm: 4f35f7cbe854078d1ac9338744f61a02 -> 
  custom:container-muxer-webm: aa71ff27fc2769a1b78a27578f13a17b -> 
  custom:video-decoder-webm-vp8: 9c59270c3fd7afecdb556c50c9e8de78 -> 
  custom:SearchIndexIgnoredProperties: e643bd26f0fe6173181afceb89e7c659 -> 
  custom:AudioImporter_EditorPlatform: d09bf68614088b80899f8185d706f6e7 -> 
  custom:scripting/monoscript/fileName/Group.cs: 903723bd4660a2f6afba1f16e84958ee -> 
  custom:scripting/monoscript/fileName/TestCompare.cs: d1d09ed6974a4f4d94c6b4ebd171ced5 -> 
  custom:video-encoder-webm-vp8: eb34c28f22e8b96e1ab97ce403110664 -> 
  custom:audio-decoder-ogg-vorbis: bf7c407c2cedff20999df2af8eb42d56 -> 
  custom:audio-encoder-webm-vorbis: bf7c407c2cedff20999df2af8eb42d56 -> 
========================================================================
Received Import Request.
  Time since last request: 194611.865700 seconds.
  path: Assets/JMO Assets/Cartoon FX (legacy)/CFX2 Prefabs/Misc/CFX2_Wandering_Spirits.prefab
  artifactKey: Guid(daa6cceb1b087d74aad6916dac2805ea) Importer(815301076,1909f56bfc062723c751e8b465ee728b)
Start importing Assets/JMO Assets/Cartoon FX (legacy)/CFX2 Prefabs/Misc/CFX2_Wandering_Spirits.prefab using Guid(daa6cceb1b087d74aad6916dac2805ea) Importer(815301076,1909f56bfc062723c751e8b465ee728b)  -> (artifact id: 'f9ebe4090cec4616e3dce562c29f3017') in 0.143960 seconds
Number of updated asset objects reloaded before import = 0
Number of asset objects unloaded after import = 11
========================================================================
Received Import Request.
  Time since last request: 0.000033 seconds.
  path: Assets/JMO Assets/Cartoon FX (legacy)/CFX2 Prefabs/Explosions/CFX2_WWExplosion_C.prefab
  artifactKey: Guid(aa8d6482d70a23445b4b2a928ed1b845) Importer(815301076,1909f56bfc062723c751e8b465ee728b)
Start importing Assets/JMO Assets/Cartoon FX (legacy)/CFX2 Prefabs/Explosions/CFX2_WWExplosion_C.prefab using Guid(aa8d6482d70a23445b4b2a928ed1b845) Importer(815301076,1909f56bfc062723c751e8b465ee728b)  -> (artifact id: '4eef094ba632b410d955c9e4f12cbea5') in 0.128849 seconds
Number of updated asset objects reloaded before import = 0
Number of asset objects unloaded after import = 92
========================================================================
Received Import Request.
  Time since last request: 0.000018 seconds.
  path: Assets/JMO Assets/Cartoon FX Remaster/CFXR Assets/Meshes/cfxr electric_barrier.fbx
  artifactKey: Guid(1a6345b23d834ab4290d4498136e1abc) Importer(815301076,1909f56bfc062723c751e8b465ee728b)
Start importing Assets/JMO Assets/Cartoon FX Remaster/CFXR Assets/Meshes/cfxr electric_barrier.fbx using Guid(1a6345b23d834ab4290d4498136e1abc) Importer(815301076,1909f56bfc062723c751e8b465ee728b)  -> (artifact id: '8f166bc1cd2cac79b3668a56db03a511') in 0.304433 seconds
Number of updated asset objects reloaded before import = 0
Number of asset objects unloaded after import = 24
========================================================================
Received Import Request.
  Time since last request: 0.000024 seconds.
  path: Assets/JMO Assets/Cartoon FX Remaster/CFXR Prefabs/Eerie/CFXR2 WW Enemy Explosion.prefab
  artifactKey: Guid(7ec363c8df426644ea85f8d6d570561c) Importer(815301076,1909f56bfc062723c751e8b465ee728b)
Start importing Assets/JMO Assets/Cartoon FX Remaster/CFXR Prefabs/Eerie/CFXR2 WW Enemy Explosion.prefab using Guid(7ec363c8df426644ea85f8d6d570561c) Importer(815301076,1909f56bfc062723c751e8b465ee728b)  -> (artifact id: 'd372549fd6fa7488e0194fb2b776cd5f') in 0.203622 seconds
Number of updated asset objects reloaded before import = 0
Number of asset objects unloaded after import = 41
========================================================================
Received Import Request.
  Time since last request: 0.000025 seconds.
  path: Assets/JMO Assets/Cartoon FX (legacy)/CFX4 Prefabs/Water/CFX4 Environment Bubbles Denser.prefab
  artifactKey: Guid(37bd362d795dc334d8676f4781d66578) Importer(815301076,1909f56bfc062723c751e8b465ee728b)
Start importing Assets/JMO Assets/Cartoon FX (legacy)/CFX4 Prefabs/Water/CFX4 Environment Bubbles Denser.prefab using Guid(37bd362d795dc334d8676f4781d66578) Importer(815301076,1909f56bfc062723c751e8b465ee728b)  -> (artifact id: '5706dcce0a39329b1c0c66c66631e73b') in 0.008006 seconds
Number of updated asset objects reloaded before import = 0
Number of asset objects unloaded after import = 8
========================================================================
Received Import Request.
  Time since last request: 0.000015 seconds.
  path: Assets/JMO Assets/Cartoon FX Remaster/CFXR Prefabs/Liquids/CFXR4 Bubbles Breath Underwater Loop.prefab
  artifactKey: Guid(7f906c77905876d488e88e99d13c3d7d) Importer(815301076,1909f56bfc062723c751e8b465ee728b)
Start importing Assets/JMO Assets/Cartoon FX Remaster/CFXR Prefabs/Liquids/CFXR4 Bubbles Breath Underwater Loop.prefab using Guid(7f906c77905876d488e88e99d13c3d7d) Importer(815301076,1909f56bfc062723c751e8b465ee728b)  -> (artifact id: '317d7aea871c193304c20db4a042605a') in 0.055171 seconds
Number of updated asset objects reloaded before import = 0
Number of asset objects unloaded after import = 13
========================================================================
Received Import Request.
  Time since last request: 0.000022 seconds.
  path: Assets/JMO Assets/Cartoon FX Remaster/CFXR Prefabs/Fire/CFXR3 Hit Fire B (Air).prefab
  artifactKey: Guid(3ed0d324122d7b24eaec75c55c74aafc) Importer(815301076,1909f56bfc062723c751e8b465ee728b)
Start importing Assets/JMO Assets/Cartoon FX Remaster/CFXR Prefabs/Fire/CFXR3 Hit Fire B (Air).prefab using Guid(3ed0d324122d7b24eaec75c55c74aafc) Importer(815301076,1909f56bfc062723c751e8b465ee728b)  -> (artifact id: 'fbff50b6f944c8cfa7ddbf8bcf639021') in 0.115105 seconds
Number of updated asset objects reloaded before import = 0
Number of asset objects unloaded after import = 20
========================================================================
Received Import Request.
  Time since last request: 0.000022 seconds.
  path: Assets/TextMesh Pro/Examples & Extras/Prefabs/TextMeshPro - Prefab 2.prefab
  artifactKey: Guid(fdad9d952ae84cafb74c63f2e694d042) Importer(815301076,1909f56bfc062723c751e8b465ee728b)
Start importing Assets/TextMesh Pro/Examples & Extras/Prefabs/TextMeshPro - Prefab 2.prefab using Guid(fdad9d952ae84cafb74c63f2e694d042) Importer(815301076,1909f56bfc062723c751e8b465ee728b)  -> (artifact id: '21f145887ab67e9631a5c90439d768fe') in 0.038024 seconds
Number of updated asset objects reloaded before import = 0
Number of asset objects unloaded after import = 16
========================================================================
Received Import Request.
  Time since last request: 0.000016 seconds.
  path: Assets/JMO Assets/Cartoon FX (legacy)/CFX3 Prefabs/Magic Misc/CFX3_MagicAura_D_Runic.prefab
  artifactKey: Guid(e3d819d8722fa1f47a3f68574b56dfb3) Importer(815301076,1909f56bfc062723c751e8b465ee728b)
Start importing Assets/JMO Assets/Cartoon FX (legacy)/CFX3 Prefabs/Magic Misc/CFX3_MagicAura_D_Runic.prefab using Guid(e3d819d8722fa1f47a3f68574b56dfb3) Importer(815301076,1909f56bfc062723c751e8b465ee728b)  -> (artifact id: '43464ade5a6ba9f14fc2649ae9ca7348') in 0.032119 seconds
Number of updated asset objects reloaded before import = 0
Number of asset objects unloaded after import = 30
========================================================================
Received Import Request.
  Time since last request: 0.000025 seconds.
  path: Assets/@PaulosCreations/RoyalUI/Volume_2/1K/Canvas_RoyalV2_Menus_1K.prefab
  artifactKey: Guid(0dbeaaed37ee5ea4d9abe3041f0fdba5) Importer(815301076,1909f56bfc062723c751e8b465ee728b)
Start importing Assets/@PaulosCreations/RoyalUI/Volume_2/1K/Canvas_RoyalV2_Menus_1K.prefab using Guid(0dbeaaed37ee5ea4d9abe3041f0fdba5) Importer(815301076,1909f56bfc062723c751e8b465ee728b)  -> (artifact id: '65389976d6d8d4ce7f4f69efbd75a863') in 0.049233 seconds
Number of updated asset objects reloaded before import = 0
Number of asset objects unloaded after import = 714
========================================================================
Received Import Request.
  Time since last request: 0.000019 seconds.
  path: Assets/JMO Assets/Cartoon FX Remaster/CFXR Prefabs/Nature/CFXR4 Rain Falling.prefab
  artifactKey: Guid(f514474ff8e94554d8477de1f2f601b0) Importer(815301076,1909f56bfc062723c751e8b465ee728b)
Start importing Assets/JMO Assets/Cartoon FX Remaster/CFXR Prefabs/Nature/CFXR4 Rain Falling.prefab using Guid(f514474ff8e94554d8477de1f2f601b0) Importer(815301076,1909f56bfc062723c751e8b465ee728b)  -> (artifact id: 'bafb0f75fd21d9f2f10e91455d5caa46') in 0.049633 seconds
Number of updated asset objects reloaded before import = 0
Number of asset objects unloaded after import = 10
========================================================================
Received Import Request.
  Time since last request: 0.000017 seconds.
  path: Assets/JMO Assets/Cartoon FX Remaster/CFXR Prefabs/Explosions/CFXR4 Firework 1 Cyan-Purple (HDR).prefab
  artifactKey: Guid(ae07f2a45f14a82428409cfe410e6002) Importer(815301076,1909f56bfc062723c751e8b465ee728b)
Start importing Assets/JMO Assets/Cartoon FX Remaster/CFXR Prefabs/Explosions/CFXR4 Firework 1 Cyan-Purple (HDR).prefab using Guid(ae07f2a45f14a82428409cfe410e6002) Importer(815301076,1909f56bfc062723c751e8b465ee728b)  -> (artifact id: '098c1936b801b52eb79e0ecaf9a5ef5a') in 0.052814 seconds
Number of updated asset objects reloaded before import = 0
Number of asset objects unloaded after import = 13
========================================================================
Received Import Request.
  Time since last request: 0.000054 seconds.
  path: Assets/JMO Assets/Cartoon FX (legacy)/Mesh/CFX_Mesh_Circular2.FBX
  artifactKey: Guid(645a11d137d568d4bb4e5e97f259a333) Importer(815301076,1909f56bfc062723c751e8b465ee728b)
Start importing Assets/JMO Assets/Cartoon FX (legacy)/Mesh/CFX_Mesh_Circular2.FBX using Guid(645a11d137d568d4bb4e5e97f259a333) Importer(815301076,1909f56bfc062723c751e8b465ee728b)  -> (artifact id: '9eb5430046536fcf37749b8d43457baa') in 0.023545 seconds
Number of updated asset objects reloaded before import = 0
Number of asset objects unloaded after import = 8
========================================================================
Received Import Request.
  Time since last request: 0.000870 seconds.
  path: Assets/JMO Assets/Cartoon FX Remaster/CFXR Prefabs/Ice/CFXR3 Hit Ice B (Air).prefab
  artifactKey: Guid(6f34ef0d986e9db4199cf75805f79753) Importer(815301076,1909f56bfc062723c751e8b465ee728b)
Start importing Assets/JMO Assets/Cartoon FX Remaster/CFXR Prefabs/Ice/CFXR3 Hit Ice B (Air).prefab using Guid(6f34ef0d986e9db4199cf75805f79753) Importer(815301076,1909f56bfc062723c751e8b465ee728b)  -> (artifact id: '7b2d1b3f04929cb654ed47b380ca1507') in 0.141659 seconds
Number of updated asset objects reloaded before import = 0
Number of asset objects unloaded after import = 40
========================================================================
Received Import Request.
  Time since last request: 2.015902 seconds.
  path: Assets/JMO Assets/Cartoon FX Remaster/CFXR Prefabs/Sword Trails/Plain/CFXR4 Sword Trail PLAIN (360 Spiral).prefab
  artifactKey: Guid(95b8d3d65b5d7f1409c4ed1723887826) Importer(815301076,1909f56bfc062723c751e8b465ee728b)
Start importing Assets/JMO Assets/Cartoon FX Remaster/CFXR Prefabs/Sword Trails/Plain/CFXR4 Sword Trail PLAIN (360 Spiral).prefab using Guid(95b8d3d65b5d7f1409c4ed1723887826) Importer(815301076,1909f56bfc062723c751e8b465ee728b)  -> (artifact id: '4137c956944fb065804e6995a9fb2967') in 0.074689 seconds
Number of updated asset objects reloaded before import = 0
Number of asset objects unloaded after import = 11
========================================================================
Received Import Request.
  Time since last request: 0.000017 seconds.
  path: Assets/JMO Assets/Cartoon FX Remaster/CFXR Prefabs/Nature/CFXR4 Rain Splashes.prefab
  artifactKey: Guid(ac009bb7498fcfb4b96614c4fd1f735c) Importer(815301076,1909f56bfc062723c751e8b465ee728b)
Start importing Assets/JMO Assets/Cartoon FX Remaster/CFXR Prefabs/Nature/CFXR4 Rain Splashes.prefab using Guid(ac009bb7498fcfb4b96614c4fd1f735c) Importer(815301076,1909f56bfc062723c751e8b465ee728b)  -> (artifact id: '2d0af106b932e3bb310ae0df85ed2786') in 0.055241 seconds
Number of updated asset objects reloaded before import = 0
Number of asset objects unloaded after import = 15
========================================================================
Received Import Request.
  Time since last request: 19.384218 seconds.
  path: Packages/com.unity.2d.animation/Editor/Assets/EditorIcons/Light/Sprite_Mode@4x.png
  artifactKey: Guid(554a30a45860f494ca38586c54b7e5d9) Importer(815301076,1909f56bfc062723c751e8b465ee728b)
Start importing Packages/com.unity.2d.animation/Editor/Assets/EditorIcons/Light/Sprite_Mode@4x.png using Guid(554a30a45860f494ca38586c54b7e5d9) Importer(815301076,1909f56bfc062723c751e8b465ee728b)  -> (artifact id: '8808aadd7bc639900c5cd0e19c573e59') in 0.041248 seconds
Number of updated asset objects reloaded before import = 0
Number of asset objects unloaded after import = 3
========================================================================
Received Import Request.
  Time since last request: 31.840197 seconds.
  path: Assets/Simple Vector Icons/Icons_Black outline/PSD icons_black outline/UI PSD/Rectangle Ad.psd
  artifactKey: Guid(68906bd1ad3cbcf49bbfafca5d0863ca) Importer(815301076,1909f56bfc062723c751e8b465ee728b)
Start importing Assets/Simple Vector Icons/Icons_Black outline/PSD icons_black outline/UI PSD/Rectangle Ad.psd using Guid(68906bd1ad3cbcf49bbfafca5d0863ca) Importer(815301076,1909f56bfc062723c751e8b465ee728b)  -> (artifact id: 'b603b7b3ed23bb0fc1ef5a73d6e99f9d') in 0.046182 seconds
Number of updated asset objects reloaded before import = 0
Number of asset objects unloaded after import = 3
========================================================================
Received Import Request.
  Time since last request: 5.842957 seconds.
  path: Assets/Simple Vector Icons/Icons_White/PSD icons_white/Transport PSD/Plane.psd
  artifactKey: Guid(be8627c1170ea45449a172743ff67a85) Importer(815301076,1909f56bfc062723c751e8b465ee728b)
Start importing Assets/Simple Vector Icons/Icons_White/PSD icons_white/Transport PSD/Plane.psd using Guid(be8627c1170ea45449a172743ff67a85) Importer(815301076,1909f56bfc062723c751e8b465ee728b)  -> (artifact id: '1803a693f75dcbc97b6ab4ac4e719be0') in 0.036866 seconds
Number of updated asset objects reloaded before import = 0
Number of asset objects unloaded after import = 3
========================================================================
Received Import Request.
  Time since last request: 1.675496 seconds.
  path: Assets/Simple Vector Icons/Icons_Black outline/PNG icons_black outline/Devices PNG/Phone.png
  artifactKey: Guid(bd38be498092ac84d95b105ef0973e79) Importer(815301076,1909f56bfc062723c751e8b465ee728b)
Start importing Assets/Simple Vector Icons/Icons_Black outline/PNG icons_black outline/Devices PNG/Phone.png using Guid(bd38be498092ac84d95b105ef0973e79) Importer(815301076,1909f56bfc062723c751e8b465ee728b)  -> (artifact id: 'afaf9a451e23f024f0c7166ef70e0477') in 0.041694 seconds
Number of updated asset objects reloaded before import = 0
Number of asset objects unloaded after import = 3
========================================================================
Received Import Request.
  Time since last request: 1.626650 seconds.
  path: Packages/com.unity.2d.animation/Editor/Assets/EditorIcons/Light/Paste@3x.png
  artifactKey: Guid(2b072f285a732f747b9be104aae155b2) Importer(815301076,1909f56bfc062723c751e8b465ee728b)
Start importing Packages/com.unity.2d.animation/Editor/Assets/EditorIcons/Light/Paste@3x.png using Guid(2b072f285a732f747b9be104aae155b2) Importer(815301076,1909f56bfc062723c751e8b465ee728b)  -> (artifact id: '9d74f6532272891264455decc1b7921f') in 0.032654 seconds
Number of updated asset objects reloaded before import = 0
Number of asset objects unloaded after import = 3
========================================================================
Received Import Request.
  Time since last request: 0.342813 seconds.
  path: Packages/com.unity.2d.animation/Editor/Assets/EditorIcons/Light/Parent_Bone@3x.png
  artifactKey: Guid(a316f87205656c949a135f4c7ae8d5f2) Importer(815301076,1909f56bfc062723c751e8b465ee728b)
Start importing Packages/com.unity.2d.animation/Editor/Assets/EditorIcons/Light/Parent_Bone@3x.png using Guid(a316f87205656c949a135f4c7ae8d5f2) Importer(815301076,1909f56bfc062723c751e8b465ee728b)  -> (artifact id: '2a0f66f92c9b879a011593ecc9e07a2b') in 0.041748 seconds
Number of updated asset objects reloaded before import = 0
Number of asset objects unloaded after import = 3
========================================================================
Received Import Request.
  Time since last request: 0.464615 seconds.
  path: Assets/Simple Vector Icons/Icons_Black outline/PNG icons_black outline/Hazard signs PNG/Oxidizing Symbol.png
  artifactKey: Guid(6c24c620f5104c04c8862df54e246ae2) Importer(815301076,1909f56bfc062723c751e8b465ee728b)
Start importing Assets/Simple Vector Icons/Icons_Black outline/PNG icons_black outline/Hazard signs PNG/Oxidizing Symbol.png using Guid(6c24c620f5104c04c8862df54e246ae2) Importer(815301076,1909f56bfc062723c751e8b465ee728b)  -> (artifact id: 'e6aa66a1ac299878783f96c813cbc654') in 0.031801 seconds
Number of updated asset objects reloaded before import = 0
Number of asset objects unloaded after import = 3
Editor requested this worker to shutdown with reason: Scaling down because of idle timeout
TcpMessagingSession - receive error: operation aborted. errorcode: 995, details: I/O-handlingen er blevet afbrudt pga. en afsluttende tråd eller programanmodning.
AssetImportWorker is now disconnected from the server
Process exiting
Exiting without the bug reporter. Application will terminate with return code 0