Using pre-set license
Built from '2022.3/staging' branch; Version is '2022.3.7f1 (b16b3b16c7a0) revision 11627323'; Using compiler version '192829333'; Build Type 'Release'
OS: 'Windows 11  (10.0.22631) 64bit Core' Language: 'da' Physical Memory: 16123 MB
BatchMode: 1, IsHumanControllingUs: 0, StartBugReporterOnCrash: 0, Is64bit: 1, IsPro: 1

COMMAND LINE ARGUMENTS:
C:\Program Files\Unity\Hub\Editor\2022.3.7f1\Editor\Unity.exe
-adb2
-batchMode
-noUpm
-name
AssetImportWorker35
-projectPath
C:/Users/patri/Space Invader
-logFile
Logs/AssetImportWorker35.log
-srvPort
57267
Successfully changed project path to: C:/Users/patri/Space Invader
C:/Users/patri/Space Invader
[UnityMemory] Configuration Parameters - Can be set up in boot.config
    "memorysetup-bucket-allocator-granularity=16"
    "memorysetup-bucket-allocator-bucket-count=8"
    "memorysetup-bucket-allocator-block-size=33554432"
    "memorysetup-bucket-allocator-block-count=8"
    "memorysetup-main-allocator-block-size=16777216"
    "memorysetup-thread-allocator-block-size=16777216"
    "memorysetup-gfx-main-allocator-block-size=16777216"
    "memorysetup-gfx-thread-allocator-block-size=16777216"
    "memorysetup-cache-allocator-block-size=4194304"
    "memorysetup-typetree-allocator-block-size=2097152"
    "memorysetup-profiler-bucket-allocator-granularity=16"
    "memorysetup-profiler-bucket-allocator-bucket-count=8"
    "memorysetup-profiler-bucket-allocator-block-size=33554432"
    "memorysetup-profiler-bucket-allocator-block-count=8"
    "memorysetup-profiler-allocator-block-size=16777216"
    "memorysetup-profiler-editor-allocator-block-size=1048576"
    "memorysetup-temp-allocator-size-main=16777216"
    "memorysetup-job-temp-allocator-block-size=2097152"
    "memorysetup-job-temp-allocator-block-size-background=1048576"
    "memorysetup-job-temp-allocator-reduction-small-platforms=262144"
    "memorysetup-allocator-temp-initial-block-size-main=262144"
    "memorysetup-allocator-temp-initial-block-size-worker=262144"
    "memorysetup-temp-allocator-size-background-worker=32768"
    "memorysetup-temp-allocator-size-job-worker=262144"
    "memorysetup-temp-allocator-size-preload-manager=33554432"
    "memorysetup-temp-allocator-size-nav-mesh-worker=65536"
    "memorysetup-temp-allocator-size-audio-worker=65536"
    "memorysetup-temp-allocator-size-cloud-worker=32768"
    "memorysetup-temp-allocator-size-gi-baking-worker=262144"
    "memorysetup-temp-allocator-size-gfx=262144"
Player connection [26440] Host "[IP] 192.168.230.1 [Port] 0 [Flags] 2 [Guid] 1613503640 [EditorId] 1613503640 [Version] 1048832 [Id] WindowsEditor(7,RexStarGame) [Debug] 1 [PackageName] WindowsEditor [ProjectName] Editor" joined multi-casting on [225.0.0.222:54997]...

Player connection [26440] Host "[IP] 192.168.230.1 [Port] 0 [Flags] 2 [Guid] 1613503640 [EditorId] 1613503640 [Version] 1048832 [Id] WindowsEditor(7,RexStarGame) [Debug] 1 [PackageName] WindowsEditor [ProjectName] Editor" joined alternative multi-casting on [225.0.0.222:34997]...

Refreshing native plugins compatible for Editor in 16.91 ms, found 4 plugins.
Preloading 0 native plugins for Editor in 0.00 ms.
Initialize engine version: 2022.3.7f1 (b16b3b16c7a0)
[Subsystems] Discovering subsystems at path C:/Program Files/Unity/Hub/Editor/2022.3.7f1/Editor/Data/Resources/UnitySubsystems
[Subsystems] Discovering subsystems at path C:/Users/patri/Space Invader/Assets
GfxDevice: creating device client; threaded=0; jobified=0
Direct3D:
    Version:  Direct3D 11.0 [level 11.1]
    Renderer: NVIDIA GeForce RTX 4070 Laptop GPU (ID=0x2860)
    Vendor:   NVIDIA
    VRAM:     7962 MB
    Driver:   31.0.15.3210
Initialize mono
Mono path[0] = 'C:/Program Files/Unity/Hub/Editor/2022.3.7f1/Editor/Data/Managed'
Mono path[1] = 'C:/Program Files/Unity/Hub/Editor/2022.3.7f1/Editor/Data/MonoBleedingEdge/lib/mono/unityjit-win32'
Mono config path = 'C:/Program Files/Unity/Hub/Editor/2022.3.7f1/Editor/Data/MonoBleedingEdge/etc'
Using monoOptions --debugger-agent=transport=dt_socket,embedding=1,server=y,suspend=n,address=127.0.0.1:56316
Begin MonoManager ReloadAssembly
Registering precompiled unity dll's ...
Register platform support module: C:/Program Files/Unity/Hub/Editor/2022.3.7f1/Editor/Data/PlaybackEngines/AndroidPlayer/UnityEditor.Android.Extensions.dll
Register platform support module: C:/Program Files/Unity/Hub/Editor/2022.3.7f1/Editor/Data/PlaybackEngines/WindowsStandaloneSupport/UnityEditor.WindowsStandalone.Extensions.dll
Registered in 0.014132 seconds.
- Loaded All Assemblies, in  0.259 seconds
Native extension for WindowsStandalone target not found
Native extension for Android target not found
Android Extension - Scanning For ADB Devices 429 ms
Mono: successfully reloaded assembly
- Finished resetting the current domain, in  0.629 seconds
Domain Reload Profiling: 885ms
	BeginReloadAssembly (83ms)
		ExecutionOrderSort (0ms)
		DisableScriptedObjects (0ms)
		BackupInstance (0ms)
		ReleaseScriptingObjects (0ms)
		CreateAndSetChildDomain (0ms)
	RebuildCommonClasses (21ms)
	RebuildNativeTypeToScriptingClass (6ms)
	initialDomainReloadingComplete (53ms)
	LoadAllAssembliesAndSetupDomain (92ms)
		LoadAssemblies (79ms)
		RebuildTransferFunctionScriptingTraits (0ms)
		AnalyzeDomain (90ms)
			TypeCache.Refresh (89ms)
				TypeCache.ScanAssembly (80ms)
			ScanForSourceGeneratedMonoScriptInfo (0ms)
			ResolveRequiredComponents (0ms)
	FinalizeReload (629ms)
		ReleaseScriptCaches (0ms)
		RebuildScriptCaches (0ms)
		SetupLoadedEditorAssemblies (594ms)
			LogAssemblyErrors (0ms)
			InitializePlatformSupportModulesInManaged (509ms)
			SetLoadedEditorAssemblies (3ms)
			RefreshPlugins (0ms)
			BeforeProcessingInitializeOnLoad (1ms)
			ProcessInitializeOnLoadAttributes (53ms)
			ProcessInitializeOnLoadMethodAttributes (28ms)
			AfterProcessingInitializeOnLoad (0ms)
			EditorAssembliesLoaded (0ms)
		ExecutionOrderSort2 (0ms)
		AwakeInstancesAfterBackupRestoration (0ms)
========================================================================
Worker process is ready to serve import requests
Begin MonoManager ReloadAssembly
Symbol file LoadedFromMemory doesn't match image C:\Users\patri\Space Invader\Library\PackageCache\com.unity.visualscripting@1.8.0\Editor\VisualScripting.Core\Dependencies\YamlDotNet\Unity.VisualScripting.YamlDotNet.dll
Symbol file LoadedFromMemory doesn't match image C:\Users\patri\Space Invader\Library\PackageCache\com.unity.visualscripting@1.8.0\Editor\VisualScripting.Core\Dependencies\DotNetZip\Unity.VisualScripting.IonicZip.dll
- Loaded All Assemblies, in  0.543 seconds
Refreshing native plugins compatible for Editor in 4.64 ms, found 4 plugins.
Native extension for WindowsStandalone target not found
Native extension for Android target not found
Mono: successfully reloaded assembly
- Finished resetting the current domain, in  0.436 seconds
Domain Reload Profiling: 974ms
	BeginReloadAssembly (128ms)
		ExecutionOrderSort (0ms)
		DisableScriptedObjects (3ms)
		BackupInstance (0ms)
		ReleaseScriptingObjects (0ms)
		CreateAndSetChildDomain (21ms)
	RebuildCommonClasses (27ms)
	RebuildNativeTypeToScriptingClass (8ms)
	initialDomainReloadingComplete (42ms)
	LoadAllAssembliesAndSetupDomain (332ms)
		LoadAssemblies (286ms)
		RebuildTransferFunctionScriptingTraits (0ms)
		AnalyzeDomain (125ms)
			TypeCache.Refresh (108ms)
				TypeCache.ScanAssembly (95ms)
			ScanForSourceGeneratedMonoScriptInfo (13ms)
			ResolveRequiredComponents (3ms)
	FinalizeReload (437ms)
		ReleaseScriptCaches (0ms)
		RebuildScriptCaches (0ms)
		SetupLoadedEditorAssemblies (318ms)
			LogAssemblyErrors (0ms)
			InitializePlatformSupportModulesInManaged (24ms)
			SetLoadedEditorAssemblies (5ms)
			RefreshPlugins (0ms)
			BeforeProcessingInitializeOnLoad (72ms)
			ProcessInitializeOnLoadAttributes (175ms)
			ProcessInitializeOnLoadMethodAttributes (24ms)
			AfterProcessingInitializeOnLoad (19ms)
			EditorAssembliesLoaded (0ms)
		ExecutionOrderSort2 (0ms)
		AwakeInstancesAfterBackupRestoration (5ms)
Launched and connected shader compiler UnityShaderCompiler.exe after 0.05 seconds
Refreshing native plugins compatible for Editor in 9.80 ms, found 4 plugins.
Preloading 0 native plugins for Editor in 0.00 ms.
Unloading 4109 Unused Serialized files (Serialized files now loaded: 0)
Unloading 63 unused Assets / (60.5 KB). Loaded Objects now: 4581.
Memory consumption went from 150.9 MB to 150.8 MB.
Total: 4.343700 ms (FindLiveObjects: 0.367700 ms CreateObjectMapping: 0.120800 ms MarkObjects: 3.710900 ms  DeleteObjects: 0.142900 ms)

AssetImportParameters requested are different than current active one (requested -> active):
  custom:scripting/monoscript/fileName/RankManager.cs: 24645d1ede8a91362888d054032edad7 -> 
  custom:container-demuxer-ogg: 62fdf1f143b41e24485cea50d1cbac27 -> 
  custom:scripting/monoscript/fileName/SavingManger.cs: 9f2c9ab29eeea47eb8da8df12ad98a3e -> 
  custom:video-codec-MediaFoundation-h265: 746d11721c4dcdbdad8f713fa42b33f4 -> 
  custom:scripting/monoscript/fileName/DataSaver.cs: e5681b44ae8383125a80832a4035ce35 -> 
  custom:scripting/monoscript/fileName/ScoreBoard.cs: 2ca190c64ec05b6119eb41d7e54ba2d4 -> 
  custom:video-decoder-ogg-theora: a1e56fd34408186e4bbccfd4996cb3dc -> 
  custom:framework-win-MediaFoundation: 216162199b28c13a410421893ffa2e32 -> 
  custom:scripting/monoscript/fileName/HighscoreTable.cs: 4cdff648e39922ecd1f5acb83bde9a5f -> 
  custom:scripting/monoscript/fileName/LeaderboardController.cs: 02cb9b4f5eaf82a61d8494d0b042e884 -> 
  custom:scripting/monoscript/fileName/ConfirmScoreNickName.cs: e43e1510442a8c1218a159d3caef3301 -> 
  custom:scripting/monoscript/fileName/PlayerData.cs: e4b7b96b5a8bcbcb4be40bfb1d4ff5c1 -> 
  custom:CustomObjectIndexerAttribute: 756ad292c208cfabdd7b50bc23989ffe -> 
  custom:container-demuxer-webm: 4f35f7cbe854078d1ac9338744f61a02 -> 
  custom:scripting/monoscript/fileName/PowerUps.cs: 7c757ecc48ed423bf7bd18effe0bc5d3 -> 
  custom:container-muxer-webm: aa71ff27fc2769a1b78a27578f13a17b -> 
  custom:scripting/monoscript/fileName/ReloadSpeedBuff.cs: 750500572565b29ddd6a8336b79f9c13 -> 
  custom:video-decoder-webm-vp8: 9c59270c3fd7afecdb556c50c9e8de78 -> 
  custom:SearchIndexIgnoredProperties: e643bd26f0fe6173181afceb89e7c659 -> 
  custom:AudioImporter_EditorPlatform: d09bf68614088b80899f8185d706f6e7 -> 
  custom:scripting/monoscript/fileName/Group.cs: 903723bd4660a2f6afba1f16e84958ee -> 
  custom:scripting/monoscript/fileName/TestCompare.cs: d1d09ed6974a4f4d94c6b4ebd171ced5 -> 
  custom:video-encoder-webm-vp8: eb34c28f22e8b96e1ab97ce403110664 -> 
  custom:audio-decoder-ogg-vorbis: bf7c407c2cedff20999df2af8eb42d56 -> 
  custom:scripting/monoscript/fileName/PowerUpsObject.cs: b571f3528db386ba0ea50f58df874678 -> 
  custom:audio-encoder-webm-vorbis: bf7c407c2cedff20999df2af8eb42d56 -> 
========================================================================
Received Import Request.
  Time since last request: 208562.299286 seconds.
  path: Assets/Simple Vector Icons/Icons_Black outline/PNG icons_black outline/Other PNG/VS.png
  artifactKey: Guid(68cbe31425b5a894a958f631c2e1a1a2) Importer(815301076,1909f56bfc062723c751e8b465ee728b)
Start importing Assets/Simple Vector Icons/Icons_Black outline/PNG icons_black outline/Other PNG/VS.png using Guid(68cbe31425b5a894a958f631c2e1a1a2) Importer(815301076,1909f56bfc062723c751e8b465ee728b)  -> (artifact id: '2b420db30f1cb2961282c88354da6254') in 0.065939 seconds
Number of updated asset objects reloaded before import = 0
Number of asset objects unloaded after import = 3
========================================================================
Received Import Request.
  Time since last request: 0.002112 seconds.
  path: Assets/Simple Vector Icons/Icons_White/PNG icons_white/Money PNG/Wallet 1.png
  artifactKey: Guid(246f0c669ebead34b86e6819373a3d26) Importer(815301076,1909f56bfc062723c751e8b465ee728b)
Start importing Assets/Simple Vector Icons/Icons_White/PNG icons_white/Money PNG/Wallet 1.png using Guid(246f0c669ebead34b86e6819373a3d26) Importer(815301076,1909f56bfc062723c751e8b465ee728b)  -> (artifact id: '9db41c92029287f6de7936dbfc46ee05') in 0.025966 seconds
Number of updated asset objects reloaded before import = 0
Number of asset objects unloaded after import = 3
========================================================================
Received Import Request.
  Time since last request: 0.001078 seconds.
  path: Assets/Simple Vector Icons/Icons_Black outline/PNG icons_black outline/Home PNG/Warehouse.png
  artifactKey: Guid(0ea487674fe259c4fb43a9e8d3ff409f) Importer(815301076,1909f56bfc062723c751e8b465ee728b)
Start importing Assets/Simple Vector Icons/Icons_Black outline/PNG icons_black outline/Home PNG/Warehouse.png using Guid(0ea487674fe259c4fb43a9e8d3ff409f) Importer(815301076,1909f56bfc062723c751e8b465ee728b)  -> (artifact id: 'da58299205fde3f24716e3e3f3c7d903') in 0.027839 seconds
Number of updated asset objects reloaded before import = 0
Number of asset objects unloaded after import = 3
========================================================================
Received Import Request.
  Time since last request: 0.288317 seconds.
  path: Assets/Simple Vector Icons/Icons_Black outline/PNG icons_black outline/Hazard signs PNG/Warning Symbol.png
  artifactKey: Guid(aebfa25f78c5e86479c6d8e12840e188) Importer(815301076,1909f56bfc062723c751e8b465ee728b)
Start importing Assets/Simple Vector Icons/Icons_Black outline/PNG icons_black outline/Hazard signs PNG/Warning Symbol.png using Guid(aebfa25f78c5e86479c6d8e12840e188) Importer(815301076,1909f56bfc062723c751e8b465ee728b)  -> (artifact id: 'a6f588a4d7326967bc75b89136f3d7e6') in 0.027973 seconds
Number of updated asset objects reloaded before import = 0
Number of asset objects unloaded after import = 3
========================================================================
Received Import Request.
  Time since last request: 0.000011 seconds.
  path: Assets/Simple Vector Icons/Icons_White/PSD icons_white/Hazard signs PSD/Watch your step.psd
  artifactKey: Guid(6e57c8a1dbaf9604b9394b70de322674) Importer(815301076,1909f56bfc062723c751e8b465ee728b)
Start importing Assets/Simple Vector Icons/Icons_White/PSD icons_white/Hazard signs PSD/Watch your step.psd using Guid(6e57c8a1dbaf9604b9394b70de322674) Importer(815301076,1909f56bfc062723c751e8b465ee728b)  -> (artifact id: 'c200bba18266c8d1b3e36eae9bb06229') in 0.030846 seconds
Number of updated asset objects reloaded before import = 0
Number of asset objects unloaded after import = 3
========================================================================
Received Import Request.
  Time since last request: 0.523167 seconds.
  path: Assets/Simple Vector Icons/Icons_White/PNG icons_white/Hazard signs PNG/Watch your step Symbol.png
  artifactKey: Guid(a01a7fbbd2703314580a00104f15625c) Importer(815301076,1909f56bfc062723c751e8b465ee728b)
Start importing Assets/Simple Vector Icons/Icons_White/PNG icons_white/Hazard signs PNG/Watch your step Symbol.png using Guid(a01a7fbbd2703314580a00104f15625c) Importer(815301076,1909f56bfc062723c751e8b465ee728b)  -> (artifact id: 'fadb86ecc6ad53f7c2efdd9b008a7a3f') in 0.029342 seconds
Number of updated asset objects reloaded before import = 0
Number of asset objects unloaded after import = 3
========================================================================
Received Import Request.
  Time since last request: 0.002727 seconds.
  path: Assets/Simple Vector Icons/Icons_White/PNG icons_white/Transport PNG/Wheel.png
  artifactKey: Guid(cfdf924b03f89b546bbfda5ca4bd31da) Importer(815301076,1909f56bfc062723c751e8b465ee728b)
Start importing Assets/Simple Vector Icons/Icons_White/PNG icons_white/Transport PNG/Wheel.png using Guid(cfdf924b03f89b546bbfda5ca4bd31da) Importer(815301076,1909f56bfc062723c751e8b465ee728b)  -> (artifact id: '86573755c8d2e87558f6df2f17f88148') in 0.023365 seconds
Number of updated asset objects reloaded before import = 0
Number of asset objects unloaded after import = 3
========================================================================
Received Import Request.
  Time since last request: 0.002149 seconds.
  path: Assets/Simple Vector Icons/Icons_Black outline/PSD icons_black outline/Transport PSD/Wheel.psd
  artifactKey: Guid(54e7fd5da2fadaa429486cef556585ea) Importer(815301076,1909f56bfc062723c751e8b465ee728b)
Start importing Assets/Simple Vector Icons/Icons_Black outline/PSD icons_black outline/Transport PSD/Wheel.psd using Guid(54e7fd5da2fadaa429486cef556585ea) Importer(815301076,1909f56bfc062723c751e8b465ee728b)  -> (artifact id: '236b8106c104a47eb46a89f06e2074d9') in 0.027460 seconds
Number of updated asset objects reloaded before import = 0
Number of asset objects unloaded after import = 3
========================================================================
Received Import Request.
  Time since last request: 0.263687 seconds.
  path: Assets/Simple Vector Icons/Icons_White/PNG icons_white/Wi-Fi PNG/Wi-fi 1.png
  artifactKey: Guid(11e3e80f2c6c08144a774956bf60344a) Importer(815301076,1909f56bfc062723c751e8b465ee728b)
Start importing Assets/Simple Vector Icons/Icons_White/PNG icons_white/Wi-Fi PNG/Wi-fi 1.png using Guid(11e3e80f2c6c08144a774956bf60344a) Importer(815301076,1909f56bfc062723c751e8b465ee728b)  -> (artifact id: 'd408b0c946a689a4fa52b00075dd82f0') in 0.027579 seconds
Number of updated asset objects reloaded before import = 0
Number of asset objects unloaded after import = 3
========================================================================
Received Import Request.
  Time since last request: 0.000011 seconds.
  path: Assets/Simple Vector Icons/Icons_White/PNG icons_white/Wi-Fi PNG/Wi-fi 3.png
  artifactKey: Guid(edff49e09a1a6884eb652275f8ef26dd) Importer(815301076,1909f56bfc062723c751e8b465ee728b)
Start importing Assets/Simple Vector Icons/Icons_White/PNG icons_white/Wi-Fi PNG/Wi-fi 3.png using Guid(edff49e09a1a6884eb652275f8ef26dd) Importer(815301076,1909f56bfc062723c751e8b465ee728b)  -> (artifact id: 'd8271e33ceb082c4f796beb294e463f7') in 0.026077 seconds
Number of updated asset objects reloaded before import = 0
Number of asset objects unloaded after import = 3
========================================================================
Received Import Request.
  Time since last request: 0.271445 seconds.
  path: Assets/Simple Vector Icons/Icons_Black outline/PSD icons_black outline/Wi-Fi PSD/Wi-fi 3.psd
  artifactKey: Guid(0479078a31d9e1d4fb43b9664e5dc3b3) Importer(815301076,1909f56bfc062723c751e8b465ee728b)
Start importing Assets/Simple Vector Icons/Icons_Black outline/PSD icons_black outline/Wi-Fi PSD/Wi-fi 3.psd using Guid(0479078a31d9e1d4fb43b9664e5dc3b3) Importer(815301076,1909f56bfc062723c751e8b465ee728b)  -> (artifact id: '2697184784a21b465e1ddf4ca4f7e6b0') in 0.026538 seconds
Number of updated asset objects reloaded before import = 0
Number of asset objects unloaded after import = 3
========================================================================
Received Import Request.
  Time since last request: 0.050813 seconds.
  path: Assets/Simple Vector Icons/Icons_Black outline/PSD icons_black outline/Arrows PSD/Wide arrow D.psd
  artifactKey: Guid(8bd14c5c1e83e884087eb1958d18f888) Importer(815301076,1909f56bfc062723c751e8b465ee728b)
Start importing Assets/Simple Vector Icons/Icons_Black outline/PSD icons_black outline/Arrows PSD/Wide arrow D.psd using Guid(8bd14c5c1e83e884087eb1958d18f888) Importer(815301076,1909f56bfc062723c751e8b465ee728b)  -> (artifact id: '0bc3d77ce376c5c5efed94f3ef625438') in 0.025805 seconds
Number of updated asset objects reloaded before import = 0
Number of asset objects unloaded after import = 3
========================================================================
Received Import Request.
  Time since last request: 0.199169 seconds.
  path: Assets/Simple Vector Icons/Icons_White/PSD icons_white/Arrows PSD/Wide arrow R.psd
  artifactKey: Guid(9af29b6caa67faf4cba90d195b2aefb9) Importer(815301076,1909f56bfc062723c751e8b465ee728b)
Start importing Assets/Simple Vector Icons/Icons_White/PSD icons_white/Arrows PSD/Wide arrow R.psd using Guid(9af29b6caa67faf4cba90d195b2aefb9) Importer(815301076,1909f56bfc062723c751e8b465ee728b)  -> (artifact id: '92bd4bed1c209d6df4da8b83755706ec') in 0.026928 seconds
Number of updated asset objects reloaded before import = 0
Number of asset objects unloaded after import = 3
========================================================================
Received Import Request.
  Time since last request: 0.000574 seconds.
  path: Assets/Simple Vector Icons/Icons_Black outline/PNG icons_black outline/Arrows PNG/Wide arrow U.png
  artifactKey: Guid(6ffce86e31da620499961efd923d0413) Importer(815301076,1909f56bfc062723c751e8b465ee728b)
Start importing Assets/Simple Vector Icons/Icons_Black outline/PNG icons_black outline/Arrows PNG/Wide arrow U.png using Guid(6ffce86e31da620499961efd923d0413) Importer(815301076,1909f56bfc062723c751e8b465ee728b)  -> (artifact id: '7705a4a590c6f5674c7e2f4ba6dfce84') in 0.022459 seconds
Number of updated asset objects reloaded before import = 0
Number of asset objects unloaded after import = 3
========================================================================
Received Import Request.
  Time since last request: 0.002068 seconds.
  path: Assets/Simple Vector Icons/Icons_Black outline/PNG icons_black outline/Weather PNG/Wind.png
  artifactKey: Guid(d241c8e705888c7439cd47a57018632e) Importer(815301076,1909f56bfc062723c751e8b465ee728b)
Start importing Assets/Simple Vector Icons/Icons_Black outline/PNG icons_black outline/Weather PNG/Wind.png using Guid(d241c8e705888c7439cd47a57018632e) Importer(815301076,1909f56bfc062723c751e8b465ee728b)  -> (artifact id: '9f3c66a120843342eee62abe63a2576b') in 0.024539 seconds
Number of updated asset objects reloaded before import = 0
Number of asset objects unloaded after import = 3
========================================================================
Received Import Request.
  Time since last request: 0.002168 seconds.
  path: Assets/Simple Vector Icons/Icons_Black outline/PNG icons_black outline/Logo PNG/Windows logo.png
  artifactKey: Guid(ce10d61fa570c3e4fbe7ebbb9530526e) Importer(815301076,1909f56bfc062723c751e8b465ee728b)
Start importing Assets/Simple Vector Icons/Icons_Black outline/PNG icons_black outline/Logo PNG/Windows logo.png using Guid(ce10d61fa570c3e4fbe7ebbb9530526e) Importer(815301076,1909f56bfc062723c751e8b465ee728b)  -> (artifact id: '8f8b32623fee116cc5155f1a98af0792') in 0.028721 seconds
Number of updated asset objects reloaded before import = 0
Number of asset objects unloaded after import = 3
========================================================================
Received Import Request.
  Time since last request: 0.221047 seconds.
  path: Assets/Simple Vector Icons/Icons_White/PNG icons_white/Logo PNG/Windows logo.png
  artifactKey: Guid(f5930e93a89d9ae42ade20039a34e909) Importer(815301076,1909f56bfc062723c751e8b465ee728b)
Start importing Assets/Simple Vector Icons/Icons_White/PNG icons_white/Logo PNG/Windows logo.png using Guid(f5930e93a89d9ae42ade20039a34e909) Importer(815301076,1909f56bfc062723c751e8b465ee728b)  -> (artifact id: '73636c012251e15e253e9b54d30997bb') in 0.026613 seconds
Number of updated asset objects reloaded before import = 0
Number of asset objects unloaded after import = 3
========================================================================
Received Import Request.
  Time since last request: 0.000219 seconds.
  path: Assets/Simple Vector Icons/Icons_Black outline/PNG icons_black outline/Kitchen PNG/Wineglass 1.png
  artifactKey: Guid(47ea15b75cd6d394fbb671ed9436bc2a) Importer(815301076,1909f56bfc062723c751e8b465ee728b)
Start importing Assets/Simple Vector Icons/Icons_Black outline/PNG icons_black outline/Kitchen PNG/Wineglass 1.png using Guid(47ea15b75cd6d394fbb671ed9436bc2a) Importer(815301076,1909f56bfc062723c751e8b465ee728b)  -> (artifact id: '3814cadafef506a073cb8480cdac05f4') in 0.034639 seconds
Number of updated asset objects reloaded before import = 0
Number of asset objects unloaded after import = 3
========================================================================
Received Import Request.
  Time since last request: 0.002554 seconds.
  path: Assets/Simple Vector Icons/Icons_Black outline/PNG icons_black outline/People PNG/Woman.png
  artifactKey: Guid(d40cb7fbdf04d1e4ea6ac065ab259927) Importer(815301076,1909f56bfc062723c751e8b465ee728b)
Start importing Assets/Simple Vector Icons/Icons_Black outline/PNG icons_black outline/People PNG/Woman.png using Guid(d40cb7fbdf04d1e4ea6ac065ab259927) Importer(815301076,1909f56bfc062723c751e8b465ee728b)  -> (artifact id: 'b825aa4116a283b2b81a08f45bfaabf0') in 0.022330 seconds
Number of updated asset objects reloaded before import = 0
Number of asset objects unloaded after import = 3
========================================================================
Received Import Request.
  Time since last request: 0.224359 seconds.
  path: Assets/Simple Vector Icons/Icons_White/PNG icons_white/Tools PNG/Workbench.png
  artifactKey: Guid(5f73aa566d35db540bef2c09a2283309) Importer(815301076,1909f56bfc062723c751e8b465ee728b)
Start importing Assets/Simple Vector Icons/Icons_White/PNG icons_white/Tools PNG/Workbench.png using Guid(5f73aa566d35db540bef2c09a2283309) Importer(815301076,1909f56bfc062723c751e8b465ee728b)  -> (artifact id: 'da13a22ed7ee5456115656e8c3552b55') in 0.031435 seconds
Number of updated asset objects reloaded before import = 0
Number of asset objects unloaded after import = 3
========================================================================
Received Import Request.
  Time since last request: 0.001192 seconds.
  path: Assets/Simple Vector Icons/Icons_White/PSD icons_white/Devices PSD/Wrist Watch.psd
  artifactKey: Guid(d1b95deade6000f4e99a89ef8debeb66) Importer(815301076,1909f56bfc062723c751e8b465ee728b)
Start importing Assets/Simple Vector Icons/Icons_White/PSD icons_white/Devices PSD/Wrist Watch.psd using Guid(d1b95deade6000f4e99a89ef8debeb66) Importer(815301076,1909f56bfc062723c751e8b465ee728b)  -> (artifact id: '6e56e29665d7b079c8bf7a8dcede2e28') in 0.026940 seconds
Number of updated asset objects reloaded before import = 0
Number of asset objects unloaded after import = 3
========================================================================
Received Import Request.
  Time since last request: 0.567126 seconds.
  path: Assets/Simple Vector Icons/Icons_Black outline/PSD icons_black outline/Devices PSD/Wrist Watch.psd
  artifactKey: Guid(8df3eaafe77ce5a45b31a1d971619b33) Importer(815301076,1909f56bfc062723c751e8b465ee728b)
Start importing Assets/Simple Vector Icons/Icons_Black outline/PSD icons_black outline/Devices PSD/Wrist Watch.psd using Guid(8df3eaafe77ce5a45b31a1d971619b33) Importer(815301076,1909f56bfc062723c751e8b465ee728b)  -> (artifact id: '5db55018693942b3ecf48b07a38c0f8e') in 0.025832 seconds
Number of updated asset objects reloaded before import = 0
Number of asset objects unloaded after import = 3
========================================================================
Received Import Request.
  Time since last request: 0.006762 seconds.
  path: Assets/Simple Vector Icons/Icons_White/PSD icons_white/Devices PSD/Wrist Watch 1.psd
  artifactKey: Guid(66f2d3fbba9292f4b91787212b64aa52) Importer(815301076,1909f56bfc062723c751e8b465ee728b)
Start importing Assets/Simple Vector Icons/Icons_White/PSD icons_white/Devices PSD/Wrist Watch 1.psd using Guid(66f2d3fbba9292f4b91787212b64aa52) Importer(815301076,1909f56bfc062723c751e8b465ee728b)  -> (artifact id: '7fc21e848f21769b7d97b1111c9d77b9') in 0.016210 seconds
Number of updated asset objects reloaded before import = 0
Number of asset objects unloaded after import = 3
========================================================================
Received Import Request.
  Time since last request: 0.962330 seconds.
  path: Assets/Simple Vector Icons/Icons_Black outline/PNG icons_black outline/Clothes PNG/Graduation cap.png
  artifactKey: Guid(639587276d1e5644a8024c239e7c399f) Importer(815301076,1909f56bfc062723c751e8b465ee728b)
Start importing Assets/Simple Vector Icons/Icons_Black outline/PNG icons_black outline/Clothes PNG/Graduation cap.png using Guid(639587276d1e5644a8024c239e7c399f) Importer(815301076,1909f56bfc062723c751e8b465ee728b)  -> (artifact id: '08bc0c59af7e04b659266a6554646094') in 0.030169 seconds
Number of updated asset objects reloaded before import = 0
Number of asset objects unloaded after import = 3
========================================================================
Received Import Request.
  Time since last request: 0.013564 seconds.
  path: Assets/Simple Vector Icons/Icons_Black outline/PSD icons_black outline/Graph PSD/Graph.psd
  artifactKey: Guid(1a9e212fecd87fb458b0d241edf51c35) Importer(815301076,1909f56bfc062723c751e8b465ee728b)
Start importing Assets/Simple Vector Icons/Icons_Black outline/PSD icons_black outline/Graph PSD/Graph.psd using Guid(1a9e212fecd87fb458b0d241edf51c35) Importer(815301076,1909f56bfc062723c751e8b465ee728b)  -> (artifact id: 'bc0b575d1d017957c28ed1132380bb63') in 0.025396 seconds
Number of updated asset objects reloaded before import = 0
Number of asset objects unloaded after import = 3
========================================================================
Received Import Request.
  Time since last request: 0.036283 seconds.
  path: Assets/Simple Vector Icons/Icons_White/PSD icons_white/Tools PSD/Hammer.psd
  artifactKey: Guid(9f52c1d999545af468f87f785bd3e013) Importer(815301076,1909f56bfc062723c751e8b465ee728b)
Start importing Assets/Simple Vector Icons/Icons_White/PSD icons_white/Tools PSD/Hammer.psd using Guid(9f52c1d999545af468f87f785bd3e013) Importer(815301076,1909f56bfc062723c751e8b465ee728b)  -> (artifact id: '34af37db7e3f3c92850bc42ceafe3b39') in 0.024505 seconds
Number of updated asset objects reloaded before import = 0
Number of asset objects unloaded after import = 3
========================================================================
Received Import Request.
  Time since last request: 0.015258 seconds.
  path: Assets/Simple Vector Icons/Icons_White/PNG icons_white/Body PNG/Hand.png
  artifactKey: Guid(5f922689bebcc4ceba4898daa41d87c6) Importer(815301076,1909f56bfc062723c751e8b465ee728b)
Start importing Assets/Simple Vector Icons/Icons_White/PNG icons_white/Body PNG/Hand.png using Guid(5f922689bebcc4ceba4898daa41d87c6) Importer(815301076,1909f56bfc062723c751e8b465ee728b)  -> (artifact id: '1c573fe398d468c39330835b1e49f628') in 0.025245 seconds
Number of updated asset objects reloaded before import = 0
Number of asset objects unloaded after import = 3
========================================================================
Received Prepare
Begin MonoManager ReloadAssembly
Symbol file LoadedFromMemory doesn't match image C:\Users\patri\Space Invader\Library\PackageCache\com.unity.visualscripting@1.8.0\Editor\VisualScripting.Core\Dependencies\YamlDotNet\Unity.VisualScripting.YamlDotNet.dll
Symbol file LoadedFromMemory doesn't match image C:\Users\patri\Space Invader\Library\PackageCache\com.unity.visualscripting@1.8.0\Editor\VisualScripting.Core\Dependencies\DotNetZip\Unity.VisualScripting.IonicZip.dll
- Loaded All Assemblies, in  0.331 seconds
Refreshing native plugins compatible for Editor in 5.12 ms, found 4 plugins.
Native extension for WindowsStandalone target not found
Native extension for Android target not found
Mono: successfully reloaded assembly
- Finished resetting the current domain, in  0.662 seconds
Domain Reload Profiling: 986ms
	BeginReloadAssembly (108ms)
		ExecutionOrderSort (0ms)
		DisableScriptedObjects (6ms)
		BackupInstance (0ms)
		ReleaseScriptingObjects (0ms)
		CreateAndSetChildDomain (24ms)
	RebuildCommonClasses (18ms)
	RebuildNativeTypeToScriptingClass (6ms)
	initialDomainReloadingComplete (23ms)
	LoadAllAssembliesAndSetupDomain (169ms)
		LoadAssemblies (215ms)
		RebuildTransferFunctionScriptingTraits (0ms)
		AnalyzeDomain (8ms)
			TypeCache.Refresh (4ms)
				TypeCache.ScanAssembly (0ms)
			ScanForSourceGeneratedMonoScriptInfo (0ms)
			ResolveRequiredComponents (3ms)
	FinalizeReload (663ms)
		ReleaseScriptCaches (0ms)
		RebuildScriptCaches (0ms)
		SetupLoadedEditorAssemblies (223ms)
			LogAssemblyErrors (0ms)
			InitializePlatformSupportModulesInManaged (17ms)
			SetLoadedEditorAssemblies (4ms)
			RefreshPlugins (0ms)
			BeforeProcessingInitializeOnLoad (54ms)
			ProcessInitializeOnLoadAttributes (120ms)
			ProcessInitializeOnLoadMethodAttributes (17ms)
			AfterProcessingInitializeOnLoad (11ms)
			EditorAssembliesLoaded (0ms)
		ExecutionOrderSort2 (0ms)
		AwakeInstancesAfterBackupRestoration (7ms)
Refreshing native plugins compatible for Editor in 4.74 ms, found 4 plugins.
Preloading 0 native plugins for Editor in 0.00 ms.
Unloading 4077 Unused Serialized files (Serialized files now loaded: 0)
Unloading 35 unused Assets / (34.7 KB). Loaded Objects now: 4591.
Memory consumption went from 142.6 MB to 142.6 MB.
Total: 2.737400 ms (FindLiveObjects: 0.166300 ms CreateObjectMapping: 0.058400 ms MarkObjects: 2.449500 ms  DeleteObjects: 0.062200 ms)

Prepare: number of updated asset objects reloaded= 0
AssetImportParameters requested are different than current active one (requested -> active):
  custom:scripting/monoscript/fileName/RankManager.cs: 24645d1ede8a91362888d054032edad7 -> 
  custom:container-demuxer-ogg: 62fdf1f143b41e24485cea50d1cbac27 -> 
  custom:scripting/monoscript/fileName/SavingManger.cs: 9f2c9ab29eeea47eb8da8df12ad98a3e -> 
  custom:video-codec-MediaFoundation-h265: 746d11721c4dcdbdad8f713fa42b33f4 -> 
  custom:scripting/monoscript/fileName/DataSaver.cs: e5681b44ae8383125a80832a4035ce35 -> 
  custom:scripting/monoscript/fileName/ScoreBoard.cs: 2ca190c64ec05b6119eb41d7e54ba2d4 -> 
  custom:video-decoder-ogg-theora: a1e56fd34408186e4bbccfd4996cb3dc -> 
  custom:framework-win-MediaFoundation: 216162199b28c13a410421893ffa2e32 -> 
  custom:scripting/monoscript/fileName/HighscoreTable.cs: 4cdff648e39922ecd1f5acb83bde9a5f -> 
  custom:scripting/monoscript/fileName/LeaderboardController.cs: 02cb9b4f5eaf82a61d8494d0b042e884 -> 
  custom:scripting/monoscript/fileName/ConfirmScoreNickName.cs: e43e1510442a8c1218a159d3caef3301 -> 
  custom:scripting/monoscript/fileName/PlayerData.cs: e4b7b96b5a8bcbcb4be40bfb1d4ff5c1 -> 
  custom:CustomObjectIndexerAttribute: 756ad292c208cfabdd7b50bc23989ffe -> 
  custom:container-demuxer-webm: 4f35f7cbe854078d1ac9338744f61a02 -> 
  custom:scripting/monoscript/fileName/PowerUps.cs: 7c757ecc48ed423bf7bd18effe0bc5d3 -> 
  custom:container-muxer-webm: aa71ff27fc2769a1b78a27578f13a17b -> 
  custom:scripting/monoscript/fileName/ReloadSpeedBuff.cs: 750500572565b29ddd6a8336b79f9c13 -> 
  custom:video-decoder-webm-vp8: 9c59270c3fd7afecdb556c50c9e8de78 -> 
  custom:SearchIndexIgnoredProperties: e643bd26f0fe6173181afceb89e7c659 -> 
  custom:AudioImporter_EditorPlatform: d09bf68614088b80899f8185d706f6e7 -> 
  custom:scripting/monoscript/fileName/Group.cs: 903723bd4660a2f6afba1f16e84958ee -> 
  custom:scripting/monoscript/fileName/TestCompare.cs: d1d09ed6974a4f4d94c6b4ebd171ced5 -> 
  custom:video-encoder-webm-vp8: eb34c28f22e8b96e1ab97ce403110664 -> 
  custom:audio-decoder-ogg-vorbis: bf7c407c2cedff20999df2af8eb42d56 -> 
  custom:scripting/monoscript/fileName/PowerUpsObject.cs: b571f3528db386ba0ea50f58df874678 -> 
  custom:audio-encoder-webm-vorbis: bf7c407c2cedff20999df2af8eb42d56 -> 
========================================================================
Received Prepare
Begin MonoManager ReloadAssembly
Symbol file LoadedFromMemory doesn't match image C:\Users\patri\Space Invader\Library\PackageCache\com.unity.visualscripting@1.8.0\Editor\VisualScripting.Core\Dependencies\YamlDotNet\Unity.VisualScripting.YamlDotNet.dll
Symbol file LoadedFromMemory doesn't match image C:\Users\patri\Space Invader\Library\PackageCache\com.unity.visualscripting@1.8.0\Editor\VisualScripting.Core\Dependencies\DotNetZip\Unity.VisualScripting.IonicZip.dll
- Loaded All Assemblies, in  0.347 seconds
Refreshing native plugins compatible for Editor in 4.07 ms, found 4 plugins.
Native extension for WindowsStandalone target not found
Native extension for Android target not found
Mono: successfully reloaded assembly
- Finished resetting the current domain, in  0.657 seconds
Domain Reload Profiling: 999ms
	BeginReloadAssembly (113ms)
		ExecutionOrderSort (0ms)
		DisableScriptedObjects (7ms)
		BackupInstance (0ms)
		ReleaseScriptingObjects (0ms)
		CreateAndSetChildDomain (22ms)
	RebuildCommonClasses (20ms)
	RebuildNativeTypeToScriptingClass (11ms)
	initialDomainReloadingComplete (26ms)
	LoadAllAssembliesAndSetupDomain (173ms)
		LoadAssemblies (220ms)
		RebuildTransferFunctionScriptingTraits (0ms)
		AnalyzeDomain (8ms)
			TypeCache.Refresh (4ms)
				TypeCache.ScanAssembly (0ms)
			ScanForSourceGeneratedMonoScriptInfo (0ms)
			ResolveRequiredComponents (3ms)
	FinalizeReload (657ms)
		ReleaseScriptCaches (0ms)
		RebuildScriptCaches (0ms)
		SetupLoadedEditorAssemblies (225ms)
			LogAssemblyErrors (0ms)
			InitializePlatformSupportModulesInManaged (17ms)
			SetLoadedEditorAssemblies (4ms)
			RefreshPlugins (0ms)
			BeforeProcessingInitializeOnLoad (54ms)
			ProcessInitializeOnLoadAttributes (127ms)
			ProcessInitializeOnLoadMethodAttributes (17ms)
			AfterProcessingInitializeOnLoad (8ms)
			EditorAssembliesLoaded (0ms)
		ExecutionOrderSort2 (0ms)
		AwakeInstancesAfterBackupRestoration (7ms)
Refreshing native plugins compatible for Editor in 4.07 ms, found 4 plugins.
Preloading 0 native plugins for Editor in 0.00 ms.
Unloading 4078 Unused Serialized files (Serialized files now loaded: 0)
Unloading 35 unused Assets / (34.7 KB). Loaded Objects now: 4595.
Memory consumption went from 142.9 MB to 142.8 MB.
Total: 3.478200 ms (FindLiveObjects: 0.175500 ms CreateObjectMapping: 0.072300 ms MarkObjects: 3.179300 ms  DeleteObjects: 0.050300 ms)

Prepare: number of updated asset objects reloaded= 0
AssetImportParameters requested are different than current active one (requested -> active):
  custom:scripting/monoscript/fileName/RankManager.cs: 24645d1ede8a91362888d054032edad7 -> 
  custom:container-demuxer-ogg: 62fdf1f143b41e24485cea50d1cbac27 -> 
  custom:scripting/monoscript/fileName/SavingManger.cs: 9f2c9ab29eeea47eb8da8df12ad98a3e -> 
  custom:video-codec-MediaFoundation-h265: 746d11721c4dcdbdad8f713fa42b33f4 -> 
  custom:scripting/monoscript/fileName/DataSaver.cs: e5681b44ae8383125a80832a4035ce35 -> 
  custom:scripting/monoscript/fileName/ScoreBoard.cs: 2ca190c64ec05b6119eb41d7e54ba2d4 -> 
  custom:video-decoder-ogg-theora: a1e56fd34408186e4bbccfd4996cb3dc -> 
  custom:framework-win-MediaFoundation: 216162199b28c13a410421893ffa2e32 -> 
  custom:scripting/monoscript/fileName/HighscoreTable.cs: 4cdff648e39922ecd1f5acb83bde9a5f -> 
  custom:scripting/monoscript/fileName/LeaderboardController.cs: 02cb9b4f5eaf82a61d8494d0b042e884 -> 
  custom:scripting/monoscript/fileName/ConfirmScoreNickName.cs: e43e1510442a8c1218a159d3caef3301 -> 
  custom:scripting/monoscript/fileName/PlayerData.cs: e4b7b96b5a8bcbcb4be40bfb1d4ff5c1 -> 
  custom:CustomObjectIndexerAttribute: 756ad292c208cfabdd7b50bc23989ffe -> 
  custom:container-demuxer-webm: 4f35f7cbe854078d1ac9338744f61a02 -> 
  custom:scripting/monoscript/fileName/PowerUps.cs: 7c757ecc48ed423bf7bd18effe0bc5d3 -> 
  custom:container-muxer-webm: aa71ff27fc2769a1b78a27578f13a17b -> 
  custom:scripting/monoscript/fileName/ReloadSpeedBuff.cs: 750500572565b29ddd6a8336b79f9c13 -> 
  custom:video-decoder-webm-vp8: 9c59270c3fd7afecdb556c50c9e8de78 -> 
  custom:SearchIndexIgnoredProperties: e643bd26f0fe6173181afceb89e7c659 -> 
  custom:AudioImporter_EditorPlatform: d09bf68614088b80899f8185d706f6e7 -> 
  custom:scripting/monoscript/fileName/Group.cs: 903723bd4660a2f6afba1f16e84958ee -> 
  custom:scripting/monoscript/fileName/TestCompare.cs: d1d09ed6974a4f4d94c6b4ebd171ced5 -> 
  custom:video-encoder-webm-vp8: eb34c28f22e8b96e1ab97ce403110664 -> 
  custom:audio-decoder-ogg-vorbis: bf7c407c2cedff20999df2af8eb42d56 -> 
  custom:scripting/monoscript/fileName/PowerUpsObject.cs: b571f3528db386ba0ea50f58df874678 -> 
  custom:audio-encoder-webm-vorbis: bf7c407c2cedff20999df2af8eb42d56 -> 
========================================================================
Received Prepare
Begin MonoManager ReloadAssembly
Symbol file LoadedFromMemory doesn't match image C:\Users\patri\Space Invader\Library\PackageCache\com.unity.visualscripting@1.8.0\Editor\VisualScripting.Core\Dependencies\YamlDotNet\Unity.VisualScripting.YamlDotNet.dll
Symbol file LoadedFromMemory doesn't match image C:\Users\patri\Space Invader\Library\PackageCache\com.unity.visualscripting@1.8.0\Editor\VisualScripting.Core\Dependencies\DotNetZip\Unity.VisualScripting.IonicZip.dll
- Loaded All Assemblies, in  0.340 seconds
Refreshing native plugins compatible for Editor in 4.40 ms, found 4 plugins.
Native extension for WindowsStandalone target not found
Native extension for Android target not found
Mono: successfully reloaded assembly
- Finished resetting the current domain, in  0.640 seconds
Domain Reload Profiling: 975ms
	BeginReloadAssembly (108ms)
		ExecutionOrderSort (0ms)
		DisableScriptedObjects (7ms)
		BackupInstance (0ms)
		ReleaseScriptingObjects (0ms)
		CreateAndSetChildDomain (23ms)
	RebuildCommonClasses (19ms)
	RebuildNativeTypeToScriptingClass (6ms)
	initialDomainReloadingComplete (27ms)
	LoadAllAssembliesAndSetupDomain (173ms)
		LoadAssemblies (219ms)
		RebuildTransferFunctionScriptingTraits (0ms)
		AnalyzeDomain (8ms)
			TypeCache.Refresh (4ms)
				TypeCache.ScanAssembly (0ms)
			ScanForSourceGeneratedMonoScriptInfo (0ms)
			ResolveRequiredComponents (3ms)
	FinalizeReload (641ms)
		ReleaseScriptCaches (0ms)
		RebuildScriptCaches (0ms)
		SetupLoadedEditorAssemblies (215ms)
			LogAssemblyErrors (0ms)
			InitializePlatformSupportModulesInManaged (16ms)
			SetLoadedEditorAssemblies (3ms)
			RefreshPlugins (0ms)
			BeforeProcessingInitializeOnLoad (51ms)
			ProcessInitializeOnLoadAttributes (121ms)
			ProcessInitializeOnLoadMethodAttributes (16ms)
			AfterProcessingInitializeOnLoad (7ms)
			EditorAssembliesLoaded (0ms)
		ExecutionOrderSort2 (0ms)
		AwakeInstancesAfterBackupRestoration (7ms)
Refreshing native plugins compatible for Editor in 3.87 ms, found 4 plugins.
Preloading 0 native plugins for Editor in 0.00 ms.
Unloading 4078 Unused Serialized files (Serialized files now loaded: 0)
Unloading 35 unused Assets / (34.6 KB). Loaded Objects now: 4599.
Memory consumption went from 142.9 MB to 142.8 MB.
Total: 2.938300 ms (FindLiveObjects: 0.167500 ms CreateObjectMapping: 0.056500 ms MarkObjects: 2.672300 ms  DeleteObjects: 0.041300 ms)

Prepare: number of updated asset objects reloaded= 0
AssetImportParameters requested are different than current active one (requested -> active):
  custom:scripting/monoscript/fileName/RankManager.cs: 24645d1ede8a91362888d054032edad7 -> 
  custom:container-demuxer-ogg: 62fdf1f143b41e24485cea50d1cbac27 -> 
  custom:scripting/monoscript/fileName/SavingManger.cs: 9f2c9ab29eeea47eb8da8df12ad98a3e -> 
  custom:video-codec-MediaFoundation-h265: 746d11721c4dcdbdad8f713fa42b33f4 -> 
  custom:scripting/monoscript/fileName/DataSaver.cs: e5681b44ae8383125a80832a4035ce35 -> 
  custom:scripting/monoscript/fileName/ScoreBoard.cs: 2ca190c64ec05b6119eb41d7e54ba2d4 -> 
  custom:video-decoder-ogg-theora: a1e56fd34408186e4bbccfd4996cb3dc -> 
  custom:framework-win-MediaFoundation: 216162199b28c13a410421893ffa2e32 -> 
  custom:scripting/monoscript/fileName/HighscoreTable.cs: 4cdff648e39922ecd1f5acb83bde9a5f -> 
  custom:scripting/monoscript/fileName/LeaderboardController.cs: 02cb9b4f5eaf82a61d8494d0b042e884 -> 
  custom:scripting/monoscript/fileName/ConfirmScoreNickName.cs: e43e1510442a8c1218a159d3caef3301 -> 
  custom:scripting/monoscript/fileName/PlayerData.cs: e4b7b96b5a8bcbcb4be40bfb1d4ff5c1 -> 
  custom:CustomObjectIndexerAttribute: 756ad292c208cfabdd7b50bc23989ffe -> 
  custom:container-demuxer-webm: 4f35f7cbe854078d1ac9338744f61a02 -> 
  custom:scripting/monoscript/fileName/PowerUps.cs: 7c757ecc48ed423bf7bd18effe0bc5d3 -> 
  custom:container-muxer-webm: aa71ff27fc2769a1b78a27578f13a17b -> 
  custom:scripting/monoscript/fileName/ReloadSpeedBuff.cs: 750500572565b29ddd6a8336b79f9c13 -> 
  custom:video-decoder-webm-vp8: 9c59270c3fd7afecdb556c50c9e8de78 -> 
  custom:SearchIndexIgnoredProperties: e643bd26f0fe6173181afceb89e7c659 -> 
  custom:AudioImporter_EditorPlatform: d09bf68614088b80899f8185d706f6e7 -> 
  custom:scripting/monoscript/fileName/Group.cs: 903723bd4660a2f6afba1f16e84958ee -> 
  custom:scripting/monoscript/fileName/TestCompare.cs: d1d09ed6974a4f4d94c6b4ebd171ced5 -> 
  custom:video-encoder-webm-vp8: eb34c28f22e8b96e1ab97ce403110664 -> 
  custom:audio-decoder-ogg-vorbis: bf7c407c2cedff20999df2af8eb42d56 -> 
  custom:scripting/monoscript/fileName/PowerUpsObject.cs: b571f3528db386ba0ea50f58df874678 -> 
  custom:audio-encoder-webm-vorbis: bf7c407c2cedff20999df2af8eb42d56 -> 
========================================================================
Received Import Request.
  Time since last request: 664.805910 seconds.
  path: Assets/Simple Vector Icons/Icons_Black outline/PSD icons_black outline/Keyboard PSD/Tab.psd
  artifactKey: Guid(90867bfabf0c6bf40aff508ed176d41a) Importer(815301076,1909f56bfc062723c751e8b465ee728b)
Start importing Assets/Simple Vector Icons/Icons_Black outline/PSD icons_black outline/Keyboard PSD/Tab.psd using Guid(90867bfabf0c6bf40aff508ed176d41a) Importer(815301076,1909f56bfc062723c751e8b465ee728b)  -> (artifact id: 'fb98e3320fc3eef84d3d1546ad200ae8') in 0.062141 seconds
Number of updated asset objects reloaded before import = 0
Number of asset objects unloaded after import = 3
========================================================================
Received Import Request.
  Time since last request: 0.014510 seconds.
  path: Assets/Simple Vector Icons/Icons_Black outline/PSD icons_black outline/Social media PSD/Telegram.psd
  artifactKey: Guid(1d35edaa9f9ef604683b5c482ffe503b) Importer(815301076,1909f56bfc062723c751e8b465ee728b)
Start importing Assets/Simple Vector Icons/Icons_Black outline/PSD icons_black outline/Social media PSD/Telegram.psd using Guid(1d35edaa9f9ef604683b5c482ffe503b) Importer(815301076,1909f56bfc062723c751e8b465ee728b)  -> (artifact id: 'd0e98f708f68ab7a4e2697044988899c') in 0.027961 seconds
Number of updated asset objects reloaded before import = 0
Number of asset objects unloaded after import = 3
========================================================================
Received Import Request.
  Time since last request: 0.014189 seconds.
  path: Assets/Simple Vector Icons/Icons_White/PSD icons_white/Social media PSD/Telegram.psd
  artifactKey: Guid(56ce0b91ab50ca842a9634bac7e8105c) Importer(815301076,1909f56bfc062723c751e8b465ee728b)
Start importing Assets/Simple Vector Icons/Icons_White/PSD icons_white/Social media PSD/Telegram.psd using Guid(56ce0b91ab50ca842a9634bac7e8105c) Importer(815301076,1909f56bfc062723c751e8b465ee728b)  -> (artifact id: 'ebf032fec4cf8750507939359be70fdb') in 0.030814 seconds
Number of updated asset objects reloaded before import = 0
Number of asset objects unloaded after import = 3
========================================================================
Received Import Request.
  Time since last request: 0.005938 seconds.
  path: Assets/Simple Vector Icons/Icons_Black outline/PNG icons_black outline/Temperature PNG/Temperature 2.png
  artifactKey: Guid(c268f3208049dff45891ce8505b1edbb) Importer(815301076,1909f56bfc062723c751e8b465ee728b)
Start importing Assets/Simple Vector Icons/Icons_Black outline/PNG icons_black outline/Temperature PNG/Temperature 2.png using Guid(c268f3208049dff45891ce8505b1edbb) Importer(815301076,1909f56bfc062723c751e8b465ee728b)  -> (artifact id: '8402f330ea4c90aadc1b03055e1b80a3') in 0.033383 seconds
Number of updated asset objects reloaded before import = 0
Number of asset objects unloaded after import = 3
========================================================================
Received Import Request.
  Time since last request: 0.000011 seconds.
  path: Assets/Simple Vector Icons/Icons_Black outline/PNG icons_black outline/Temperature PNG/Temperature 3.png
  artifactKey: Guid(89fb39ba08faeba43a2b2d417b31a9ed) Importer(815301076,1909f56bfc062723c751e8b465ee728b)
Start importing Assets/Simple Vector Icons/Icons_Black outline/PNG icons_black outline/Temperature PNG/Temperature 3.png using Guid(89fb39ba08faeba43a2b2d417b31a9ed) Importer(815301076,1909f56bfc062723c751e8b465ee728b)  -> (artifact id: 'a79ed69a2db9607f9e3937192e8420cd') in 0.029302 seconds
Number of updated asset objects reloaded before import = 0
Number of asset objects unloaded after import = 3
========================================================================
Received Import Request.
  Time since last request: 0.014692 seconds.
  path: Assets/Simple Vector Icons/Icons_White/PSD icons_white/Graphics editor PSD/Text.psd
  artifactKey: Guid(60b8d5726df88bb4abb757c74754206d) Importer(815301076,1909f56bfc062723c751e8b465ee728b)
Start importing Assets/Simple Vector Icons/Icons_White/PSD icons_white/Graphics editor PSD/Text.psd using Guid(60b8d5726df88bb4abb757c74754206d) Importer(815301076,1909f56bfc062723c751e8b465ee728b)  -> (artifact id: 'a3c4e2b78904dd4e7eb480e309d8d945') in 0.031925 seconds
Number of updated asset objects reloaded before import = 0
Number of asset objects unloaded after import = 3
========================================================================
Received Import Request.
  Time since last request: 0.011473 seconds.
  path: Assets/Simple Vector Icons/Icons_White/PNG icons_white/Arrows PNG/Thin arrow D.png
  artifactKey: Guid(6131ffb2cc43af94d87b3907b6df19e6) Importer(815301076,1909f56bfc062723c751e8b465ee728b)
Start importing Assets/Simple Vector Icons/Icons_White/PNG icons_white/Arrows PNG/Thin arrow D.png using Guid(6131ffb2cc43af94d87b3907b6df19e6) Importer(815301076,1909f56bfc062723c751e8b465ee728b)  -> (artifact id: '22047e2ecf4f2e5c4fabeecd2d61abf2') in 0.028407 seconds
Number of updated asset objects reloaded before import = 0
Number of asset objects unloaded after import = 3
========================================================================
Received Import Request.
  Time since last request: 0.000155 seconds.
  path: Assets/Simple Vector Icons/Icons_White/PSD icons_white/Arrows PSD/Thin arrow L.psd
  artifactKey: Guid(a443a05769eede149b555fac3c93e2bd) Importer(815301076,1909f56bfc062723c751e8b465ee728b)
Start importing Assets/Simple Vector Icons/Icons_White/PSD icons_white/Arrows PSD/Thin arrow L.psd using Guid(a443a05769eede149b555fac3c93e2bd) Importer(815301076,1909f56bfc062723c751e8b465ee728b)  -> (artifact id: 'ba1dd67ec3b8f486868f9485c853f6b2') in 0.065469 seconds
Number of updated asset objects reloaded before import = 0
Number of asset objects unloaded after import = 3
========================================================================
Received Import Request.
  Time since last request: 0.000106 seconds.
  path: Assets/Simple Vector Icons/Icons_White/PNG icons_white/Social media PNG/Telegram.png
  artifactKey: Guid(b4d53b459b994ea4387f1b60ff3dc3d0) Importer(815301076,1909f56bfc062723c751e8b465ee728b)
Start importing Assets/Simple Vector Icons/Icons_White/PNG icons_white/Social media PNG/Telegram.png using Guid(b4d53b459b994ea4387f1b60ff3dc3d0) Importer(815301076,1909f56bfc062723c751e8b465ee728b)  -> (artifact id: '7f713e1f8f8538290a003085ce00714d') in 0.023987 seconds
Number of updated asset objects reloaded before import = 0
Number of asset objects unloaded after import = 3
========================================================================
Received Import Request.
  Time since last request: 0.000009 seconds.
  path: Assets/Simple Vector Icons/Icons_Black outline/PNG icons_black outline/Keyboard PNG/Tab.png
  artifactKey: Guid(7068a586529623149b6e86cba525fe5f) Importer(815301076,1909f56bfc062723c751e8b465ee728b)
Start importing Assets/Simple Vector Icons/Icons_Black outline/PNG icons_black outline/Keyboard PNG/Tab.png using Guid(7068a586529623149b6e86cba525fe5f) Importer(815301076,1909f56bfc062723c751e8b465ee728b)  -> (artifact id: '142b1819dc2d1dea2ded4e718df42b13') in 0.025965 seconds
Number of updated asset objects reloaded before import = 0
Number of asset objects unloaded after import = 3
========================================================================
Received Import Request.
  Time since last request: 0.000277 seconds.
  path: Assets/Simple Vector Icons/Icons_Black outline/PNG icons_black outline/Arrows PNG/Thin arrow D.png
  artifactKey: Guid(59eef45fb750dae428532971b564d86a) Importer(815301076,1909f56bfc062723c751e8b465ee728b)
Start importing Assets/Simple Vector Icons/Icons_Black outline/PNG icons_black outline/Arrows PNG/Thin arrow D.png using Guid(59eef45fb750dae428532971b564d86a) Importer(815301076,1909f56bfc062723c751e8b465ee728b)  -> (artifact id: 'af1c8efbb9ee73bb76b1c35131c04f48') in 0.028523 seconds
Number of updated asset objects reloaded before import = 0
Number of asset objects unloaded after import = 3
========================================================================
Received Import Request.
  Time since last request: 0.000238 seconds.
  path: Assets/Simple Vector Icons/Icons_Black outline/PNG icons_black outline/Graphics editor PNG/Text.png
  artifactKey: Guid(9e99e7c930ab0744485369b6b6afd1b3) Importer(815301076,1909f56bfc062723c751e8b465ee728b)
Start importing Assets/Simple Vector Icons/Icons_Black outline/PNG icons_black outline/Graphics editor PNG/Text.png using Guid(9e99e7c930ab0744485369b6b6afd1b3) Importer(815301076,1909f56bfc062723c751e8b465ee728b)  -> (artifact id: '2bdc61bedccc303f6be717f8169e367b') in 0.022437 seconds
Number of updated asset objects reloaded before import = 0
Number of asset objects unloaded after import = 3
========================================================================
Received Import Request.
  Time since last request: 0.000263 seconds.
  path: Assets/Simple Vector Icons/Icons_Black outline/PSD icons_black outline/Temperature PSD/Temperature 1.psd
  artifactKey: Guid(22b158539f5208842861d7a0dd1d65f8) Importer(815301076,1909f56bfc062723c751e8b465ee728b)
Start importing Assets/Simple Vector Icons/Icons_Black outline/PSD icons_black outline/Temperature PSD/Temperature 1.psd using Guid(22b158539f5208842861d7a0dd1d65f8) Importer(815301076,1909f56bfc062723c751e8b465ee728b)  -> (artifact id: '5cafe35d497c92751673e465ecd03b90') in 0.061562 seconds
Number of updated asset objects reloaded before import = 0
Number of asset objects unloaded after import = 3
========================================================================
Received Import Request.
  Time since last request: 0.000086 seconds.
  path: Assets/Simple Vector Icons/Icons_Black outline/PNG icons_black outline/Temperature PNG/Temperature 1.png
  artifactKey: Guid(3910bf802aa0dd94e92fa70ddbee050d) Importer(815301076,1909f56bfc062723c751e8b465ee728b)
Start importing Assets/Simple Vector Icons/Icons_Black outline/PNG icons_black outline/Temperature PNG/Temperature 1.png using Guid(3910bf802aa0dd94e92fa70ddbee050d) Importer(815301076,1909f56bfc062723c751e8b465ee728b)  -> (artifact id: '45c9df5bac716abb4df2ee424e32cd0a') in 0.031802 seconds
Number of updated asset objects reloaded before import = 0
Number of asset objects unloaded after import = 3
Editor requested this worker to shutdown with reason: Scaling down because of idle timeout
TcpMessagingSession - receive error: operation aborted. errorcode: 995, details: I/O-handlingen er blevet afbrudt pga. en afsluttende trd eller programanmodning.
AssetImportWorker is now disconnected from the server
Process exiting
Exiting without the bug reporter. Application will terminate with return code 0