Using pre-set license
Built from '2022.3/staging' branch; Version is '2022.3.7f1 (b16b3b16c7a0) revision 11627323'; Using compiler version '192829333'; Build Type 'Release'
OS: 'Windows 11  (10.0.22631) 64bit Core' Language: 'da' Physical Memory: 16123 MB
BatchMode: 1, IsHumanControllingUs: 0, StartBugReporterOnCrash: 0, Is64bit: 1, IsPro: 1

COMMAND LINE ARGUMENTS:
C:\Program Files\Unity\Hub\Editor\2022.3.7f1\Editor\Unity.exe
-adb2
-batchMode
-noUpm
-name
AssetImportWorker30
-projectPath
C:/Users/patri/Space Invader
-logFile
Logs/AssetImportWorker30.log
-srvPort
57267
Successfully changed project path to: C:/Users/patri/Space Invader
C:/Users/patri/Space Invader
[UnityMemory] Configuration Parameters - Can be set up in boot.config
    "memorysetup-bucket-allocator-granularity=16"
    "memorysetup-bucket-allocator-bucket-count=8"
    "memorysetup-bucket-allocator-block-size=33554432"
    "memorysetup-bucket-allocator-block-count=8"
    "memorysetup-main-allocator-block-size=16777216"
    "memorysetup-thread-allocator-block-size=16777216"
    "memorysetup-gfx-main-allocator-block-size=16777216"
    "memorysetup-gfx-thread-allocator-block-size=16777216"
    "memorysetup-cache-allocator-block-size=4194304"
    "memorysetup-typetree-allocator-block-size=2097152"
    "memorysetup-profiler-bucket-allocator-granularity=16"
    "memorysetup-profiler-bucket-allocator-bucket-count=8"
    "memorysetup-profiler-bucket-allocator-block-size=33554432"
    "memorysetup-profiler-bucket-allocator-block-count=8"
    "memorysetup-profiler-allocator-block-size=16777216"
    "memorysetup-profiler-editor-allocator-block-size=1048576"
    "memorysetup-temp-allocator-size-main=16777216"
    "memorysetup-job-temp-allocator-block-size=2097152"
    "memorysetup-job-temp-allocator-block-size-background=1048576"
    "memorysetup-job-temp-allocator-reduction-small-platforms=262144"
    "memorysetup-allocator-temp-initial-block-size-main=262144"
    "memorysetup-allocator-temp-initial-block-size-worker=262144"
    "memorysetup-temp-allocator-size-background-worker=32768"
    "memorysetup-temp-allocator-size-job-worker=262144"
    "memorysetup-temp-allocator-size-preload-manager=33554432"
    "memorysetup-temp-allocator-size-nav-mesh-worker=65536"
    "memorysetup-temp-allocator-size-audio-worker=65536"
    "memorysetup-temp-allocator-size-cloud-worker=32768"
    "memorysetup-temp-allocator-size-gi-baking-worker=262144"
    "memorysetup-temp-allocator-size-gfx=262144"
Player connection [27172] Host "[IP] 192.168.230.1 [Port] 0 [Flags] 2 [Guid] 3510107183 [EditorId] 3510107183 [Version] 1048832 [Id] WindowsEditor(7,RexStarGame) [Debug] 1 [PackageName] WindowsEditor [ProjectName] Editor" joined multi-casting on [225.0.0.222:54997]...

Player connection [27172] Host "[IP] 192.168.230.1 [Port] 0 [Flags] 2 [Guid] 3510107183 [EditorId] 3510107183 [Version] 1048832 [Id] WindowsEditor(7,RexStarGame) [Debug] 1 [PackageName] WindowsEditor [ProjectName] Editor" joined alternative multi-casting on [225.0.0.222:34997]...

Refreshing native plugins compatible for Editor in 9.87 ms, found 4 plugins.
Preloading 0 native plugins for Editor in 0.00 ms.
Initialize engine version: 2022.3.7f1 (b16b3b16c7a0)
[Subsystems] Discovering subsystems at path C:/Program Files/Unity/Hub/Editor/2022.3.7f1/Editor/Data/Resources/UnitySubsystems
[Subsystems] Discovering subsystems at path C:/Users/patri/Space Invader/Assets
GfxDevice: creating device client; threaded=0; jobified=0
Direct3D:
    Version:  Direct3D 11.0 [level 11.1]
    Renderer: NVIDIA GeForce RTX 4070 Laptop GPU (ID=0x2860)
    Vendor:   NVIDIA
    VRAM:     7962 MB
    Driver:   31.0.15.3210
Initialize mono
Mono path[0] = 'C:/Program Files/Unity/Hub/Editor/2022.3.7f1/Editor/Data/Managed'
Mono path[1] = 'C:/Program Files/Unity/Hub/Editor/2022.3.7f1/Editor/Data/MonoBleedingEdge/lib/mono/unityjit-win32'
Mono config path = 'C:/Program Files/Unity/Hub/Editor/2022.3.7f1/Editor/Data/MonoBleedingEdge/etc'
Using monoOptions --debugger-agent=transport=dt_socket,embedding=1,server=y,suspend=n,address=127.0.0.1:56592
Begin MonoManager ReloadAssembly
Registering precompiled unity dll's ...
Register platform support module: C:/Program Files/Unity/Hub/Editor/2022.3.7f1/Editor/Data/PlaybackEngines/AndroidPlayer/UnityEditor.Android.Extensions.dll
Register platform support module: C:/Program Files/Unity/Hub/Editor/2022.3.7f1/Editor/Data/PlaybackEngines/WindowsStandaloneSupport/UnityEditor.WindowsStandalone.Extensions.dll
Registered in 0.014093 seconds.
- Loaded All Assemblies, in  0.261 seconds
Native extension for WindowsStandalone target not found
Native extension for Android target not found
Android Extension - Scanning For ADB Devices 270 ms
Mono: successfully reloaded assembly
- Finished resetting the current domain, in  0.470 seconds
Domain Reload Profiling: 725ms
	BeginReloadAssembly (76ms)
		ExecutionOrderSort (0ms)
		DisableScriptedObjects (0ms)
		BackupInstance (0ms)
		ReleaseScriptingObjects (0ms)
		CreateAndSetChildDomain (0ms)
	RebuildCommonClasses (19ms)
	RebuildNativeTypeToScriptingClass (7ms)
	initialDomainReloadingComplete (64ms)
	LoadAllAssembliesAndSetupDomain (89ms)
		LoadAssemblies (74ms)
		RebuildTransferFunctionScriptingTraits (0ms)
		AnalyzeDomain (87ms)
			TypeCache.Refresh (86ms)
				TypeCache.ScanAssembly (77ms)
			ScanForSourceGeneratedMonoScriptInfo (0ms)
			ResolveRequiredComponents (0ms)
	FinalizeReload (471ms)
		ReleaseScriptCaches (0ms)
		RebuildScriptCaches (0ms)
		SetupLoadedEditorAssemblies (437ms)
			LogAssemblyErrors (0ms)
			InitializePlatformSupportModulesInManaged (357ms)
			SetLoadedEditorAssemblies (2ms)
			RefreshPlugins (0ms)
			BeforeProcessingInitializeOnLoad (1ms)
			ProcessInitializeOnLoadAttributes (51ms)
			ProcessInitializeOnLoadMethodAttributes (25ms)
			AfterProcessingInitializeOnLoad (0ms)
			EditorAssembliesLoaded (0ms)
		ExecutionOrderSort2 (0ms)
		AwakeInstancesAfterBackupRestoration (0ms)
========================================================================
Worker process is ready to serve import requests
Begin MonoManager ReloadAssembly
Symbol file LoadedFromMemory doesn't match image C:\Users\patri\Space Invader\Library\PackageCache\com.unity.visualscripting@1.8.0\Editor\VisualScripting.Core\Dependencies\YamlDotNet\Unity.VisualScripting.YamlDotNet.dll
Symbol file LoadedFromMemory doesn't match image C:\Users\patri\Space Invader\Library\PackageCache\com.unity.visualscripting@1.8.0\Editor\VisualScripting.Core\Dependencies\DotNetZip\Unity.VisualScripting.IonicZip.dll
- Loaded All Assemblies, in  0.420 seconds
Refreshing native plugins compatible for Editor in 4.17 ms, found 4 plugins.
Native extension for WindowsStandalone target not found
Native extension for Android target not found
Mono: successfully reloaded assembly
- Finished resetting the current domain, in  0.356 seconds
Domain Reload Profiling: 771ms
	BeginReloadAssembly (88ms)
		ExecutionOrderSort (0ms)
		DisableScriptedObjects (3ms)
		BackupInstance (0ms)
		ReleaseScriptingObjects (0ms)
		CreateAndSetChildDomain (12ms)
	RebuildCommonClasses (19ms)
	RebuildNativeTypeToScriptingClass (5ms)
	initialDomainReloadingComplete (29ms)
	LoadAllAssembliesAndSetupDomain (274ms)
		LoadAssemblies (224ms)
		RebuildTransferFunctionScriptingTraits (0ms)
		AnalyzeDomain (103ms)
			TypeCache.Refresh (87ms)
				TypeCache.ScanAssembly (76ms)
			ScanForSourceGeneratedMonoScriptInfo (13ms)
			ResolveRequiredComponents (3ms)
	FinalizeReload (356ms)
		ReleaseScriptCaches (0ms)
		RebuildScriptCaches (0ms)
		SetupLoadedEditorAssemblies (256ms)
			LogAssemblyErrors (0ms)
			InitializePlatformSupportModulesInManaged (16ms)
			SetLoadedEditorAssemblies (4ms)
			RefreshPlugins (0ms)
			BeforeProcessingInitializeOnLoad (47ms)
			ProcessInitializeOnLoadAttributes (162ms)
			ProcessInitializeOnLoadMethodAttributes (19ms)
			AfterProcessingInitializeOnLoad (8ms)
			EditorAssembliesLoaded (0ms)
		ExecutionOrderSort2 (0ms)
		AwakeInstancesAfterBackupRestoration (4ms)
Launched and connected shader compiler UnityShaderCompiler.exe after 0.03 seconds
Refreshing native plugins compatible for Editor in 7.50 ms, found 4 plugins.
Preloading 0 native plugins for Editor in 0.00 ms.
Unloading 4109 Unused Serialized files (Serialized files now loaded: 0)
Unloading 63 unused Assets / (60.5 KB). Loaded Objects now: 4581.
Memory consumption went from 150.9 MB to 150.8 MB.
Total: 2.835600 ms (FindLiveObjects: 0.162000 ms CreateObjectMapping: 0.055700 ms MarkObjects: 2.528100 ms  DeleteObjects: 0.087800 ms)

AssetImportParameters requested are different than current active one (requested -> active):
  custom:scripting/monoscript/fileName/RankManager.cs: 24645d1ede8a91362888d054032edad7 -> 
  custom:container-demuxer-ogg: 62fdf1f143b41e24485cea50d1cbac27 -> 
  custom:scripting/monoscript/fileName/SavingManger.cs: 9f2c9ab29eeea47eb8da8df12ad98a3e -> 
  custom:video-codec-MediaFoundation-h265: 746d11721c4dcdbdad8f713fa42b33f4 -> 
  custom:scripting/monoscript/fileName/DataSaver.cs: e5681b44ae8383125a80832a4035ce35 -> 
  custom:scripting/monoscript/fileName/ScoreBoard.cs: 2ca190c64ec05b6119eb41d7e54ba2d4 -> 
  custom:video-decoder-ogg-theora: a1e56fd34408186e4bbccfd4996cb3dc -> 
  custom:framework-win-MediaFoundation: 216162199b28c13a410421893ffa2e32 -> 
  custom:scripting/monoscript/fileName/HighscoreTable.cs: 4cdff648e39922ecd1f5acb83bde9a5f -> 
  custom:scripting/monoscript/fileName/LeaderboardController.cs: 02cb9b4f5eaf82a61d8494d0b042e884 -> 
  custom:scripting/monoscript/fileName/ConfirmScoreNickName.cs: e43e1510442a8c1218a159d3caef3301 -> 
  custom:scripting/monoscript/fileName/PlayerData.cs: e4b7b96b5a8bcbcb4be40bfb1d4ff5c1 -> 
  custom:CustomObjectIndexerAttribute: 756ad292c208cfabdd7b50bc23989ffe -> 
  custom:container-demuxer-webm: 4f35f7cbe854078d1ac9338744f61a02 -> 
  custom:scripting/monoscript/fileName/PowerUps.cs: 7c757ecc48ed423bf7bd18effe0bc5d3 -> 
  custom:container-muxer-webm: aa71ff27fc2769a1b78a27578f13a17b -> 
  custom:scripting/monoscript/fileName/ReloadSpeedBuff.cs: 750500572565b29ddd6a8336b79f9c13 -> 
  custom:video-decoder-webm-vp8: 9c59270c3fd7afecdb556c50c9e8de78 -> 
  custom:SearchIndexIgnoredProperties: e643bd26f0fe6173181afceb89e7c659 -> 
  custom:AudioImporter_EditorPlatform: d09bf68614088b80899f8185d706f6e7 -> 
  custom:scripting/monoscript/fileName/Group.cs: 903723bd4660a2f6afba1f16e84958ee -> 
  custom:scripting/monoscript/fileName/TestCompare.cs: d1d09ed6974a4f4d94c6b4ebd171ced5 -> 
  custom:video-encoder-webm-vp8: eb34c28f22e8b96e1ab97ce403110664 -> 
  custom:audio-decoder-ogg-vorbis: bf7c407c2cedff20999df2af8eb42d56 -> 
  custom:scripting/monoscript/fileName/PowerUpsObject.cs: b571f3528db386ba0ea50f58df874678 -> 
  custom:audio-encoder-webm-vorbis: bf7c407c2cedff20999df2af8eb42d56 -> 
========================================================================
Received Import Request.
  Time since last request: 208557.683961 seconds.
  path: Assets/Simple Vector Icons/Icons_White/PSD icons_white/Social media PSD/Tiktok.psd
  artifactKey: Guid(58b2e001b304133489b4ee39db399df0) Importer(815301076,1909f56bfc062723c751e8b465ee728b)
Start importing Assets/Simple Vector Icons/Icons_White/PSD icons_white/Social media PSD/Tiktok.psd using Guid(58b2e001b304133489b4ee39db399df0) Importer(815301076,1909f56bfc062723c751e8b465ee728b)  -> (artifact id: '4e7de6a3c7b94760355f6196657fdc5c') in 0.085726 seconds
Number of updated asset objects reloaded before import = 0
Number of asset objects unloaded after import = 3
========================================================================
Received Import Request.
  Time since last request: 0.000016 seconds.
  path: Assets/Simple Vector Icons/Icons_White/PSD icons_white/Tools PSD/Tools.psd
  artifactKey: Guid(159a7e7ff1aba5a438640d6eef572c8e) Importer(815301076,1909f56bfc062723c751e8b465ee728b)
Start importing Assets/Simple Vector Icons/Icons_White/PSD icons_white/Tools PSD/Tools.psd using Guid(159a7e7ff1aba5a438640d6eef572c8e) Importer(815301076,1909f56bfc062723c751e8b465ee728b)  -> (artifact id: '7560c2986bde66fd57436ee75535fb15') in 0.020501 seconds
Number of updated asset objects reloaded before import = 0
Number of asset objects unloaded after import = 3
========================================================================
Received Import Request.
  Time since last request: 0.019099 seconds.
  path: Assets/Simple Vector Icons/Icons_White/PNG icons_white/Body PNG/Tooth.png
  artifactKey: Guid(d76179734790472438f06e1671fce4ef) Importer(815301076,1909f56bfc062723c751e8b465ee728b)
Start importing Assets/Simple Vector Icons/Icons_White/PNG icons_white/Body PNG/Tooth.png using Guid(d76179734790472438f06e1671fce4ef) Importer(815301076,1909f56bfc062723c751e8b465ee728b)  -> (artifact id: '0a6a559ddafbe83d22c808061c2e982d') in 0.030440 seconds
Number of updated asset objects reloaded before import = 0
Number of asset objects unloaded after import = 3
========================================================================
Received Import Request.
  Time since last request: 0.006181 seconds.
  path: Assets/Simple Vector Icons/Icons_White/PNG icons_white/People PNG/Tourist.png
  artifactKey: Guid(30e17d0e1e15f6a409a71fb86aacaefc) Importer(815301076,1909f56bfc062723c751e8b465ee728b)
Start importing Assets/Simple Vector Icons/Icons_White/PNG icons_white/People PNG/Tourist.png using Guid(30e17d0e1e15f6a409a71fb86aacaefc) Importer(815301076,1909f56bfc062723c751e8b465ee728b)  -> (artifact id: 'aa5fb6230853756d1814a2b83945cda6') in 0.030230 seconds
Number of updated asset objects reloaded before import = 0
Number of asset objects unloaded after import = 3
========================================================================
Received Import Request.
  Time since last request: 0.013262 seconds.
  path: Assets/Simple Vector Icons/Icons_White/PNG icons_white/Hazard signs PNG/Toxic Symbol.png
  artifactKey: Guid(204d46c66c7a53b4c94ddd28a86b6237) Importer(815301076,1909f56bfc062723c751e8b465ee728b)
Start importing Assets/Simple Vector Icons/Icons_White/PNG icons_white/Hazard signs PNG/Toxic Symbol.png using Guid(204d46c66c7a53b4c94ddd28a86b6237) Importer(815301076,1909f56bfc062723c751e8b465ee728b)  -> (artifact id: '519a91e6cedd2ed0e84da75f3faba633') in 0.026743 seconds
Number of updated asset objects reloaded before import = 0
Number of asset objects unloaded after import = 3
========================================================================
Received Import Request.
  Time since last request: 0.000402 seconds.
  path: Assets/Simple Vector Icons/Icons_White/PSD icons_white/People PSD/Tourist.psd
  artifactKey: Guid(ad17478813cb41a42a01991eddd42222) Importer(815301076,1909f56bfc062723c751e8b465ee728b)
Start importing Assets/Simple Vector Icons/Icons_White/PSD icons_white/People PSD/Tourist.psd using Guid(ad17478813cb41a42a01991eddd42222) Importer(815301076,1909f56bfc062723c751e8b465ee728b)  -> (artifact id: 'cc7d9f547f6a458501ebda6ff662d67d') in 0.022412 seconds
Number of updated asset objects reloaded before import = 0
Number of asset objects unloaded after import = 3
========================================================================
Received Import Request.
  Time since last request: 0.000013 seconds.
  path: Assets/Simple Vector Icons/Icons_Black outline/PNG icons_black outline/Body PNG/Tooth.png
  artifactKey: Guid(2df59bb29c2647a42a2ca79efad81447) Importer(815301076,1909f56bfc062723c751e8b465ee728b)
Start importing Assets/Simple Vector Icons/Icons_Black outline/PNG icons_black outline/Body PNG/Tooth.png using Guid(2df59bb29c2647a42a2ca79efad81447) Importer(815301076,1909f56bfc062723c751e8b465ee728b)  -> (artifact id: 'b9f2702f47eff4e0dc4b88d47bc6ffa0') in 0.060706 seconds
Number of updated asset objects reloaded before import = 0
Number of asset objects unloaded after import = 3
========================================================================
Received Import Request.
  Time since last request: 0.000368 seconds.
  path: Assets/Simple Vector Icons/Icons_White/PNG icons_white/Hazard signs PNG/Toxic.png
  artifactKey: Guid(a52d8346399ec0241a020e0956c099c5) Importer(815301076,1909f56bfc062723c751e8b465ee728b)
Start importing Assets/Simple Vector Icons/Icons_White/PNG icons_white/Hazard signs PNG/Toxic.png using Guid(a52d8346399ec0241a020e0956c099c5) Importer(815301076,1909f56bfc062723c751e8b465ee728b)  -> (artifact id: 'f62210df21e2b30855db97338edfa5eb') in 0.046464 seconds
Number of updated asset objects reloaded before import = 0
Number of asset objects unloaded after import = 3
========================================================================
Received Import Request.
  Time since last request: 0.000072 seconds.
  path: Assets/Simple Vector Icons/Icons_Black outline/PNG icons_black outline/Tools PNG/Tools.png
  artifactKey: Guid(14460d1e834487849b2ab4de9c09e456) Importer(815301076,1909f56bfc062723c751e8b465ee728b)
Start importing Assets/Simple Vector Icons/Icons_Black outline/PNG icons_black outline/Tools PNG/Tools.png using Guid(14460d1e834487849b2ab4de9c09e456) Importer(815301076,1909f56bfc062723c751e8b465ee728b)  -> (artifact id: '66495f845796b1050dbd0109968ab35f') in 0.025075 seconds
Number of updated asset objects reloaded before import = 0
Number of asset objects unloaded after import = 3
========================================================================
Received Import Request.
  Time since last request: 0.000220 seconds.
  path: Assets/Simple Vector Icons/Icons_Black outline/PNG icons_black outline/Hazard signs PNG/Toxic Symbol.png
  artifactKey: Guid(34000633ed8bf344abe63c5dbd1af082) Importer(815301076,1909f56bfc062723c751e8b465ee728b)
Start importing Assets/Simple Vector Icons/Icons_Black outline/PNG icons_black outline/Hazard signs PNG/Toxic Symbol.png using Guid(34000633ed8bf344abe63c5dbd1af082) Importer(815301076,1909f56bfc062723c751e8b465ee728b)  -> (artifact id: '990e53d8a97485fdde199583ec146549') in 0.030518 seconds
Number of updated asset objects reloaded before import = 0
Number of asset objects unloaded after import = 3
========================================================================
Received Import Request.
  Time since last request: 0.000055 seconds.
  path: Assets/Simple Vector Icons/Icons_Black outline/PSD icons_black outline/People PSD/Tourist.psd
  artifactKey: Guid(3d9771260aeb5c547a9157cb055de383) Importer(815301076,1909f56bfc062723c751e8b465ee728b)
Start importing Assets/Simple Vector Icons/Icons_Black outline/PSD icons_black outline/People PSD/Tourist.psd using Guid(3d9771260aeb5c547a9157cb055de383) Importer(815301076,1909f56bfc062723c751e8b465ee728b)  -> (artifact id: 'b2b69267b978b22dba7ee086a44a080c') in 0.029177 seconds
Number of updated asset objects reloaded before import = 0
Number of asset objects unloaded after import = 3
========================================================================
Received Import Request.
  Time since last request: 0.638964 seconds.
  path: Assets/Simple Vector Icons/Icons_Black outline/PSD icons_black outline/Logo PSD/Translator.psd
  artifactKey: Guid(8709909267b8fae41b49205a38c2fc0c) Importer(815301076,1909f56bfc062723c751e8b465ee728b)
Start importing Assets/Simple Vector Icons/Icons_Black outline/PSD icons_black outline/Logo PSD/Translator.psd using Guid(8709909267b8fae41b49205a38c2fc0c) Importer(815301076,1909f56bfc062723c751e8b465ee728b)  -> (artifact id: 'd83b5b44d3108f33cd73e411aea4d217') in 0.026867 seconds
Number of updated asset objects reloaded before import = 0
Number of asset objects unloaded after import = 3
========================================================================
Received Import Request.
  Time since last request: 0.000303 seconds.
  path: Assets/Simple Vector Icons/Icons_Black outline/PNG icons_black outline/Transport PNG/Transmission 1.png
  artifactKey: Guid(562eb1bba54fe2c4b8ba5ea4b52172ce) Importer(815301076,1909f56bfc062723c751e8b465ee728b)
Start importing Assets/Simple Vector Icons/Icons_Black outline/PNG icons_black outline/Transport PNG/Transmission 1.png using Guid(562eb1bba54fe2c4b8ba5ea4b52172ce) Importer(815301076,1909f56bfc062723c751e8b465ee728b)  -> (artifact id: '1f79d12ddd0a4e3b96cd9c95567669ca') in 0.034983 seconds
Number of updated asset objects reloaded before import = 0
Number of asset objects unloaded after import = 3
========================================================================
Received Import Request.
  Time since last request: 0.002016 seconds.
  path: Assets/Simple Vector Icons/Icons_Black outline/PSD icons_black outline/Transport PSD/Transmission 2.psd
  artifactKey: Guid(7becc33d9deb0d44ca1e9c3d1b2d1357) Importer(815301076,1909f56bfc062723c751e8b465ee728b)
Start importing Assets/Simple Vector Icons/Icons_Black outline/PSD icons_black outline/Transport PSD/Transmission 2.psd using Guid(7becc33d9deb0d44ca1e9c3d1b2d1357) Importer(815301076,1909f56bfc062723c751e8b465ee728b)  -> (artifact id: '2a0ad85bf87dc7b300f3b7941a2aefda') in 0.026812 seconds
Number of updated asset objects reloaded before import = 0
Number of asset objects unloaded after import = 3
========================================================================
Received Import Request.
  Time since last request: 0.000014 seconds.
  path: Assets/Simple Vector Icons/Icons_White/PSD icons_white/Transport PSD/Transmission 2.psd
  artifactKey: Guid(818e4848eecf87342ae99356457f7273) Importer(815301076,1909f56bfc062723c751e8b465ee728b)
Start importing Assets/Simple Vector Icons/Icons_White/PSD icons_white/Transport PSD/Transmission 2.psd using Guid(818e4848eecf87342ae99356457f7273) Importer(815301076,1909f56bfc062723c751e8b465ee728b)  -> (artifact id: '1cf56c1a7be68afa899a521afdd41d99') in 0.023987 seconds
Number of updated asset objects reloaded before import = 0
Number of asset objects unloaded after import = 3
========================================================================
Received Import Request.
  Time since last request: 0.000085 seconds.
  path: Assets/Simple Vector Icons/Icons_White/PSD icons_white/Nature PSD/Tree 1.psd
  artifactKey: Guid(e3f3e5be0c7d3b34aa2628062e44698b) Importer(815301076,1909f56bfc062723c751e8b465ee728b)
Start importing Assets/Simple Vector Icons/Icons_White/PSD icons_white/Nature PSD/Tree 1.psd using Guid(e3f3e5be0c7d3b34aa2628062e44698b) Importer(815301076,1909f56bfc062723c751e8b465ee728b)  -> (artifact id: 'd84ccd37d4852e2d98a39f3a3d1e544e') in 0.026449 seconds
Number of updated asset objects reloaded before import = 0
Number of asset objects unloaded after import = 3
========================================================================
Received Import Request.
  Time since last request: 0.590040 seconds.
  path: Assets/Simple Vector Icons/Icons_Black outline/PSD icons_black outline/Nature PSD/Tree 2.psd
  artifactKey: Guid(bfac461aee8070849998e2c805d086b0) Importer(815301076,1909f56bfc062723c751e8b465ee728b)
Start importing Assets/Simple Vector Icons/Icons_Black outline/PSD icons_black outline/Nature PSD/Tree 2.psd using Guid(bfac461aee8070849998e2c805d086b0) Importer(815301076,1909f56bfc062723c751e8b465ee728b)  -> (artifact id: '102d7e3cf15461dd188bf45777b6725a') in 0.035228 seconds
Number of updated asset objects reloaded before import = 0
Number of asset objects unloaded after import = 3
========================================================================
Received Import Request.
  Time since last request: 0.000135 seconds.
  path: Assets/Simple Vector Icons/Icons_White/PNG icons_white/Nature PNG/Tree 2.png
  artifactKey: Guid(639f02d5be98f93439803649544ceba9) Importer(815301076,1909f56bfc062723c751e8b465ee728b)
Start importing Assets/Simple Vector Icons/Icons_White/PNG icons_white/Nature PNG/Tree 2.png using Guid(639f02d5be98f93439803649544ceba9) Importer(815301076,1909f56bfc062723c751e8b465ee728b)  -> (artifact id: '9a87fafbfcf23790887e954863c22733') in 0.054543 seconds
Number of updated asset objects reloaded before import = 0
Number of asset objects unloaded after import = 3
========================================================================
Received Import Request.
  Time since last request: 0.000211 seconds.
  path: Assets/Simple Vector Icons/Icons_Black outline/PNG icons_black outline/Gamepad PNG/Triangle.png
  artifactKey: Guid(b8bc3ef6fe981204097772304474b9f7) Importer(815301076,1909f56bfc062723c751e8b465ee728b)
Start importing Assets/Simple Vector Icons/Icons_Black outline/PNG icons_black outline/Gamepad PNG/Triangle.png using Guid(b8bc3ef6fe981204097772304474b9f7) Importer(815301076,1909f56bfc062723c751e8b465ee728b)  -> (artifact id: '10bafac60994b5819d8fea8d20007ae9') in 0.059628 seconds
Number of updated asset objects reloaded before import = 0
Number of asset objects unloaded after import = 3
========================================================================
Received Import Request.
  Time since last request: 0.167501 seconds.
  path: Assets/Simple Vector Icons/Icons_Black outline/PNG icons_black outline/UI PNG/Trolley.png
  artifactKey: Guid(62a277092f687ed4390c0a9d99afa66e) Importer(815301076,1909f56bfc062723c751e8b465ee728b)
Start importing Assets/Simple Vector Icons/Icons_Black outline/PNG icons_black outline/UI PNG/Trolley.png using Guid(62a277092f687ed4390c0a9d99afa66e) Importer(815301076,1909f56bfc062723c751e8b465ee728b)  -> (artifact id: '5effd042276190683c3f3eee989e7577') in 0.047969 seconds
Number of updated asset objects reloaded before import = 0
Number of asset objects unloaded after import = 3
========================================================================
Received Import Request.
  Time since last request: 0.000070 seconds.
  path: Assets/Simple Vector Icons/Icons_Black outline/PNG icons_black outline/Transport PNG/Truck.png
  artifactKey: Guid(f92fada08e25f394aba5086c03a6bbb8) Importer(815301076,1909f56bfc062723c751e8b465ee728b)
Start importing Assets/Simple Vector Icons/Icons_Black outline/PNG icons_black outline/Transport PNG/Truck.png using Guid(f92fada08e25f394aba5086c03a6bbb8) Importer(815301076,1909f56bfc062723c751e8b465ee728b)  -> (artifact id: 'd8b081267fc8ba24397125819f9c08f1') in 0.061270 seconds
Number of updated asset objects reloaded before import = 0
Number of asset objects unloaded after import = 3
========================================================================
Received Import Request.
  Time since last request: 0.000214 seconds.
  path: Assets/Simple Vector Icons/Icons_White/PNG icons_white/UI PNG/Trolley.png
  artifactKey: Guid(ec1fc9b875fb1774c8449a0c099b264a) Importer(815301076,1909f56bfc062723c751e8b465ee728b)
Start importing Assets/Simple Vector Icons/Icons_White/PNG icons_white/UI PNG/Trolley.png using Guid(ec1fc9b875fb1774c8449a0c099b264a) Importer(815301076,1909f56bfc062723c751e8b465ee728b)  -> (artifact id: 'a601ee8509b198c38f13973ef73a8270') in 0.062843 seconds
Number of updated asset objects reloaded before import = 0
Number of asset objects unloaded after import = 3
========================================================================
Received Import Request.
  Time since last request: 0.000013 seconds.
  path: Assets/Simple Vector Icons/Icons_Black outline/PSD icons_black outline/Transport PSD/Truck.psd
  artifactKey: Guid(07155d21697df3d43a2f91abd577b89f) Importer(815301076,1909f56bfc062723c751e8b465ee728b)
Start importing Assets/Simple Vector Icons/Icons_Black outline/PSD icons_black outline/Transport PSD/Truck.psd using Guid(07155d21697df3d43a2f91abd577b89f) Importer(815301076,1909f56bfc062723c751e8b465ee728b)  -> (artifact id: 'c4981ffc63e17aeeaeea4422abd1c5e1') in 0.055036 seconds
Number of updated asset objects reloaded before import = 0
Number of asset objects unloaded after import = 3
========================================================================
Received Import Request.
  Time since last request: 0.000013 seconds.
  path: Assets/Simple Vector Icons/Icons_White/PSD icons_white/UI PSD/Trolley.psd
  artifactKey: Guid(dd72329b9a337e449a73df865a5189d9) Importer(815301076,1909f56bfc062723c751e8b465ee728b)
Start importing Assets/Simple Vector Icons/Icons_White/PSD icons_white/UI PSD/Trolley.psd using Guid(dd72329b9a337e449a73df865a5189d9) Importer(815301076,1909f56bfc062723c751e8b465ee728b)  -> (artifact id: '28a3d820d6ae69a00b197f496385cd5c') in 0.037990 seconds
Number of updated asset objects reloaded before import = 0
Number of asset objects unloaded after import = 3
========================================================================
Received Import Request.
  Time since last request: 0.000141 seconds.
  path: Assets/Simple Vector Icons/Icons_White/PSD icons_white/Transport PSD/Truck.psd
  artifactKey: Guid(c35ed88da5a842d40885eb936ef07187) Importer(815301076,1909f56bfc062723c751e8b465ee728b)
Start importing Assets/Simple Vector Icons/Icons_White/PSD icons_white/Transport PSD/Truck.psd using Guid(c35ed88da5a842d40885eb936ef07187) Importer(815301076,1909f56bfc062723c751e8b465ee728b)  -> (artifact id: 'c655f3283f5720796c77f389361c0ece') in 0.019673 seconds
Number of updated asset objects reloaded before import = 0
Number of asset objects unloaded after import = 3
========================================================================
Received Import Request.
  Time since last request: 0.000174 seconds.
  path: Assets/Simple Vector Icons/Icons_Black outline/PSD icons_black outline/Arrows PSD/Turn 1 L.psd
  artifactKey: Guid(5fd5c9f5816ae854cb05f0c058abe6e2) Importer(815301076,1909f56bfc062723c751e8b465ee728b)
Start importing Assets/Simple Vector Icons/Icons_Black outline/PSD icons_black outline/Arrows PSD/Turn 1 L.psd using Guid(5fd5c9f5816ae854cb05f0c058abe6e2) Importer(815301076,1909f56bfc062723c751e8b465ee728b)  -> (artifact id: '5ac0ae099995e8acfd84325a7c94530f') in 0.041361 seconds
Number of updated asset objects reloaded before import = 0
Number of asset objects unloaded after import = 3
========================================================================
Received Import Request.
  Time since last request: 0.000015 seconds.
  path: Assets/Simple Vector Icons/Icons_Black outline/PNG icons_black outline/Arrows PNG/Turn R.png
  artifactKey: Guid(1260959af5cc94349b986d6905d4d786) Importer(815301076,1909f56bfc062723c751e8b465ee728b)
Start importing Assets/Simple Vector Icons/Icons_Black outline/PNG icons_black outline/Arrows PNG/Turn R.png using Guid(1260959af5cc94349b986d6905d4d786) Importer(815301076,1909f56bfc062723c751e8b465ee728b)  -> (artifact id: '2a539d0e5e6e441aa9ac85b37de94e53') in 0.051972 seconds
Number of updated asset objects reloaded before import = 0
Number of asset objects unloaded after import = 3
========================================================================
Received Import Request.
  Time since last request: 0.000014 seconds.
  path: Assets/Simple Vector Icons/Icons_White/PSD icons_white/Arrows PSD/Turn R.psd
  artifactKey: Guid(33ef71c1aff058947bb69ae7be26e74a) Importer(815301076,1909f56bfc062723c751e8b465ee728b)
Start importing Assets/Simple Vector Icons/Icons_White/PSD icons_white/Arrows PSD/Turn R.psd using Guid(33ef71c1aff058947bb69ae7be26e74a) Importer(815301076,1909f56bfc062723c751e8b465ee728b)  -> (artifact id: '487e6ac5c32c856a6c852f27bfda5275') in 0.043866 seconds
Number of updated asset objects reloaded before import = 0
Number of asset objects unloaded after import = 3
========================================================================
Received Import Request.
  Time since last request: 0.000013 seconds.
  path: Assets/Simple Vector Icons/Icons_Black outline/PSD icons_black outline/Social media PSD/Twitter.psd
  artifactKey: Guid(03b4cb01e9bb9c54886bf808d4747bbc) Importer(815301076,1909f56bfc062723c751e8b465ee728b)
Start importing Assets/Simple Vector Icons/Icons_Black outline/PSD icons_black outline/Social media PSD/Twitter.psd using Guid(03b4cb01e9bb9c54886bf808d4747bbc) Importer(815301076,1909f56bfc062723c751e8b465ee728b)  -> (artifact id: 'f4d83e448e5852842772bb37709703b9') in 0.046283 seconds
Number of updated asset objects reloaded before import = 0
Number of asset objects unloaded after import = 3
========================================================================
Received Import Request.
  Time since last request: 0.000014 seconds.
  path: Assets/Simple Vector Icons/Icons_Black outline/PSD icons_black outline/Arrows PSD/Turn R.psd
  artifactKey: Guid(8ffe254cfb3a8514b911be472013e666) Importer(815301076,1909f56bfc062723c751e8b465ee728b)
Start importing Assets/Simple Vector Icons/Icons_Black outline/PSD icons_black outline/Arrows PSD/Turn R.psd using Guid(8ffe254cfb3a8514b911be472013e666) Importer(815301076,1909f56bfc062723c751e8b465ee728b)  -> (artifact id: '959ed420bff3f97e7393feacab5a60b9') in 0.035143 seconds
Number of updated asset objects reloaded before import = 0
Number of asset objects unloaded after import = 3
========================================================================
Received Import Request.
  Time since last request: 0.000018 seconds.
  path: Assets/Simple Vector Icons/Icons_White/PNG icons_white/Arrows PNG/Turn 1 R.png
  artifactKey: Guid(c04ec7b42cbc49848a48b90102539401) Importer(815301076,1909f56bfc062723c751e8b465ee728b)
Start importing Assets/Simple Vector Icons/Icons_White/PNG icons_white/Arrows PNG/Turn 1 R.png using Guid(c04ec7b42cbc49848a48b90102539401) Importer(815301076,1909f56bfc062723c751e8b465ee728b)  -> (artifact id: '2f32a9f8277bcf3c3f7aa9d5f753f640') in 0.033797 seconds
Number of updated asset objects reloaded before import = 0
Number of asset objects unloaded after import = 3
========================================================================
Received Import Request.
  Time since last request: 0.000109 seconds.
  path: Assets/Simple Vector Icons/Icons_Black outline/PSD icons_black outline/Social media PSD/Twitch.psd
  artifactKey: Guid(73bb9c2ea26e2a248b911a26116570d4) Importer(815301076,1909f56bfc062723c751e8b465ee728b)
Start importing Assets/Simple Vector Icons/Icons_Black outline/PSD icons_black outline/Social media PSD/Twitch.psd using Guid(73bb9c2ea26e2a248b911a26116570d4) Importer(815301076,1909f56bfc062723c751e8b465ee728b)  -> (artifact id: '0cee95a7c3e4d5e2fd05090172188167') in 0.049538 seconds
Number of updated asset objects reloaded before import = 0
Number of asset objects unloaded after import = 3
========================================================================
Received Import Request.
  Time since last request: 0.001147 seconds.
  path: Assets/Simple Vector Icons/Icons_Black outline/PSD icons_black outline/Social media PSD/Twitter 1.psd
  artifactKey: Guid(630b332d0393a224ca9fb2def1a1cb8d) Importer(815301076,1909f56bfc062723c751e8b465ee728b)
Start importing Assets/Simple Vector Icons/Icons_Black outline/PSD icons_black outline/Social media PSD/Twitter 1.psd using Guid(630b332d0393a224ca9fb2def1a1cb8d) Importer(815301076,1909f56bfc062723c751e8b465ee728b)  -> (artifact id: 'ac355e950b187cf7695283f0c6c7e043') in 0.043382 seconds
Number of updated asset objects reloaded before import = 0
Number of asset objects unloaded after import = 3
========================================================================
Received Import Request.
  Time since last request: 0.000012 seconds.
  path: Assets/Simple Vector Icons/Icons_White/PNG icons_white/Social media PNG/Twitter 2.png
  artifactKey: Guid(69aaf99c6959ab740a15017b02c8ac4d) Importer(815301076,1909f56bfc062723c751e8b465ee728b)
Start importing Assets/Simple Vector Icons/Icons_White/PNG icons_white/Social media PNG/Twitter 2.png using Guid(69aaf99c6959ab740a15017b02c8ac4d) Importer(815301076,1909f56bfc062723c751e8b465ee728b)  -> (artifact id: 'ed09162f0265cebdb73099ff2e96e8d8') in 0.051686 seconds
Number of updated asset objects reloaded before import = 0
Number of asset objects unloaded after import = 3
========================================================================
Received Import Request.
  Time since last request: 0.000135 seconds.
  path: Assets/Simple Vector Icons/Icons_Black outline/PNG icons_black outline/Social media PNG/Twitter 2.png
  artifactKey: Guid(746dd89651904e048ae932f9a78f459c) Importer(815301076,1909f56bfc062723c751e8b465ee728b)
Start importing Assets/Simple Vector Icons/Icons_Black outline/PNG icons_black outline/Social media PNG/Twitter 2.png using Guid(746dd89651904e048ae932f9a78f459c) Importer(815301076,1909f56bfc062723c751e8b465ee728b)  -> (artifact id: '3680412c7e08bb5f7ef3a130615bbbc2') in 0.054033 seconds
Number of updated asset objects reloaded before import = 0
Number of asset objects unloaded after import = 3
========================================================================
Received Import Request.
  Time since last request: 0.000102 seconds.
  path: Assets/Simple Vector Icons/Icons_White/PNG icons_white/Arrows PNG/Two way arrow horizontal.png
  artifactKey: Guid(abbf7815956c7ed4c970c97136c6199c) Importer(815301076,1909f56bfc062723c751e8b465ee728b)
Start importing Assets/Simple Vector Icons/Icons_White/PNG icons_white/Arrows PNG/Two way arrow horizontal.png using Guid(abbf7815956c7ed4c970c97136c6199c) Importer(815301076,1909f56bfc062723c751e8b465ee728b)  -> (artifact id: '716550a486e647e71f1d8a2897339813') in 0.051968 seconds
Number of updated asset objects reloaded before import = 0
Number of asset objects unloaded after import = 3
========================================================================
Received Import Request.
  Time since last request: 0.000259 seconds.
  path: Assets/Simple Vector Icons/Icons_White/PSD icons_white/Arrows PSD/Two way arrow horizontal.psd
  artifactKey: Guid(4a8685b5620d53d4d90b2744f19b942f) Importer(815301076,1909f56bfc062723c751e8b465ee728b)
Start importing Assets/Simple Vector Icons/Icons_White/PSD icons_white/Arrows PSD/Two way arrow horizontal.psd using Guid(4a8685b5620d53d4d90b2744f19b942f) Importer(815301076,1909f56bfc062723c751e8b465ee728b)  -> (artifact id: 'e7e67f3ec4a3ddc7959386343ca03a58') in 0.047579 seconds
Number of updated asset objects reloaded before import = 0
Number of asset objects unloaded after import = 3
========================================================================
Received Import Request.
  Time since last request: 0.000104 seconds.
  path: Assets/Simple Vector Icons/Icons_White/PSD icons_white/Social media PSD/Twitter 2.psd
  artifactKey: Guid(a20cff3d046658a408c24a337658d84e) Importer(815301076,1909f56bfc062723c751e8b465ee728b)
Start importing Assets/Simple Vector Icons/Icons_White/PSD icons_white/Social media PSD/Twitter 2.psd using Guid(a20cff3d046658a408c24a337658d84e) Importer(815301076,1909f56bfc062723c751e8b465ee728b)  -> (artifact id: '3ab5d3496ebcf40b2aeb85ed5c11a124') in 0.044435 seconds
Number of updated asset objects reloaded before import = 0
Number of asset objects unloaded after import = 3
========================================================================
Received Import Request.
  Time since last request: 0.023070 seconds.
  path: Assets/Simple Vector Icons/Icons_Black outline/PNG icons_black outline/Keyboard PNG/U.png
  artifactKey: Guid(a6c856a78e4528446a2660552652cd23) Importer(815301076,1909f56bfc062723c751e8b465ee728b)
Start importing Assets/Simple Vector Icons/Icons_Black outline/PNG icons_black outline/Keyboard PNG/U.png using Guid(a6c856a78e4528446a2660552652cd23) Importer(815301076,1909f56bfc062723c751e8b465ee728b)  -> (artifact id: '8571688a5247bab9a03cc07f51337d57') in 0.041823 seconds
Number of updated asset objects reloaded before import = 0
Number of asset objects unloaded after import = 3
========================================================================
Received Import Request.
  Time since last request: 0.000052 seconds.
  path: Assets/Simple Vector Icons/Icons_White/PSD icons_white/Weather PSD/Umbrella.psd
  artifactKey: Guid(3f97319617f73f44d9bfc14a1c362827) Importer(815301076,1909f56bfc062723c751e8b465ee728b)
Start importing Assets/Simple Vector Icons/Icons_White/PSD icons_white/Weather PSD/Umbrella.psd using Guid(3f97319617f73f44d9bfc14a1c362827) Importer(815301076,1909f56bfc062723c751e8b465ee728b)  -> (artifact id: 'ac39455905210925625502fc5dad4466') in 0.049669 seconds
Number of updated asset objects reloaded before import = 0
Number of asset objects unloaded after import = 3
========================================================================
Received Import Request.
  Time since last request: 0.000012 seconds.
  path: Assets/Simple Vector Icons/Icons_White/PSD icons_white/On Off PSD/Unlocked.psd
  artifactKey: Guid(1d344e8b5611cd44a8b1ae1a3e837195) Importer(815301076,1909f56bfc062723c751e8b465ee728b)
Start importing Assets/Simple Vector Icons/Icons_White/PSD icons_white/On Off PSD/Unlocked.psd using Guid(1d344e8b5611cd44a8b1ae1a3e837195) Importer(815301076,1909f56bfc062723c751e8b465ee728b)  -> (artifact id: 'e67b6782a3a1ffdacb2c5fe55e248dc4') in 0.048017 seconds
Number of updated asset objects reloaded before import = 0
Number of asset objects unloaded after import = 3
========================================================================
Received Import Request.
  Time since last request: 0.000012 seconds.
  path: Assets/Simple Vector Icons/Icons_Black outline/PSD icons_black outline/On Off PSD/Unlocked.psd
  artifactKey: Guid(676e6b1783e8a6945a2e531f47c7574a) Importer(815301076,1909f56bfc062723c751e8b465ee728b)
Start importing Assets/Simple Vector Icons/Icons_Black outline/PSD icons_black outline/On Off PSD/Unlocked.psd using Guid(676e6b1783e8a6945a2e531f47c7574a) Importer(815301076,1909f56bfc062723c751e8b465ee728b)  -> (artifact id: 'd68a9159bf9098c660862cad712b2a3e') in 0.060574 seconds
Number of updated asset objects reloaded before import = 0
Number of asset objects unloaded after import = 3
========================================================================
Received Import Request.
  Time since last request: 0.000302 seconds.
  path: Assets/Simple Vector Icons/Icons_Black outline/PSD icons_black outline/Weather PSD/Umbrella.psd
  artifactKey: Guid(f6c00d0b57a280345be87f65569c3f68) Importer(815301076,1909f56bfc062723c751e8b465ee728b)
Start importing Assets/Simple Vector Icons/Icons_Black outline/PSD icons_black outline/Weather PSD/Umbrella.psd using Guid(f6c00d0b57a280345be87f65569c3f68) Importer(815301076,1909f56bfc062723c751e8b465ee728b)  -> (artifact id: '5b32edaf965985e240da549e8326eb73') in 0.045216 seconds
Number of updated asset objects reloaded before import = 0
Number of asset objects unloaded after import = 3
========================================================================
Received Import Request.
  Time since last request: 0.000016 seconds.
  path: Assets/Simple Vector Icons/Icons_Black outline/PNG icons_black outline/On Off PNG/Unlocked.png
  artifactKey: Guid(1f14258b68dd5cb40949bde74dae7013) Importer(815301076,1909f56bfc062723c751e8b465ee728b)
Start importing Assets/Simple Vector Icons/Icons_Black outline/PNG icons_black outline/On Off PNG/Unlocked.png using Guid(1f14258b68dd5cb40949bde74dae7013) Importer(815301076,1909f56bfc062723c751e8b465ee728b)  -> (artifact id: 'b2900b83adca606f028f4039efd51067') in 0.035519 seconds
Number of updated asset objects reloaded before import = 0
Number of asset objects unloaded after import = 3
========================================================================
Received Import Request.
  Time since last request: 0.040968 seconds.
  path: Assets/Simple Vector Icons/Icons_Black outline/PSD icons_black outline/On Off PSD/Unlocked 1.psd
  artifactKey: Guid(a3f0ddc2f9c69ac4fb2a0456c1ab2a3f) Importer(815301076,1909f56bfc062723c751e8b465ee728b)
Start importing Assets/Simple Vector Icons/Icons_Black outline/PSD icons_black outline/On Off PSD/Unlocked 1.psd using Guid(a3f0ddc2f9c69ac4fb2a0456c1ab2a3f) Importer(815301076,1909f56bfc062723c751e8b465ee728b)  -> (artifact id: '86eea805675d670f1ea7e4e4a2463f7a') in 0.044703 seconds
Number of updated asset objects reloaded before import = 0
Number of asset objects unloaded after import = 3
========================================================================
Received Import Request.
  Time since last request: 0.000233 seconds.
  path: Assets/Simple Vector Icons/Icons_White/PNG icons_white/Devices PNG/USB.png
  artifactKey: Guid(7afea791dad0cbe49a968cbbc505cd96) Importer(815301076,1909f56bfc062723c751e8b465ee728b)
Start importing Assets/Simple Vector Icons/Icons_White/PNG icons_white/Devices PNG/USB.png using Guid(7afea791dad0cbe49a968cbbc505cd96) Importer(815301076,1909f56bfc062723c751e8b465ee728b)  -> (artifact id: 'aef038a0659b04ac68a7c33a2c07835a') in 0.033494 seconds
Number of updated asset objects reloaded before import = 0
Number of asset objects unloaded after import = 3
========================================================================
Received Import Request.
  Time since last request: 0.000013 seconds.
  path: Assets/Simple Vector Icons/Icons_White/PSD icons_white/On Off PSD/Unlocked 1.psd
  artifactKey: Guid(bca68d615fb12c4438ef6e439e2ca388) Importer(815301076,1909f56bfc062723c751e8b465ee728b)
Start importing Assets/Simple Vector Icons/Icons_White/PSD icons_white/On Off PSD/Unlocked 1.psd using Guid(bca68d615fb12c4438ef6e439e2ca388) Importer(815301076,1909f56bfc062723c751e8b465ee728b)  -> (artifact id: '31ce96e8006addf1a511f1583b569470') in 0.016741 seconds
Number of updated asset objects reloaded before import = 0
Number of asset objects unloaded after import = 3
========================================================================
Received Import Request.
  Time since last request: 0.165523 seconds.
  path: Assets/Simple Vector Icons/Icons_Black outline/PNG icons_black outline/Devices PNG/USB.png
  artifactKey: Guid(a15c623986e424e4aab438885614b1dd) Importer(815301076,1909f56bfc062723c751e8b465ee728b)
Start importing Assets/Simple Vector Icons/Icons_Black outline/PNG icons_black outline/Devices PNG/USB.png using Guid(a15c623986e424e4aab438885614b1dd) Importer(815301076,1909f56bfc062723c751e8b465ee728b)  -> (artifact id: '9c4295a735d40e6225e6892ac74fc912') in 0.035002 seconds
Number of updated asset objects reloaded before import = 0
Number of asset objects unloaded after import = 3
========================================================================
Received Import Request.
  Time since last request: 0.000015 seconds.
  path: Assets/Simple Vector Icons/Icons_Black outline/PNG icons_black outline/IT PNG/USB logo.png
  artifactKey: Guid(7377523d06c05bc429a1c5aa786a90da) Importer(815301076,1909f56bfc062723c751e8b465ee728b)
Start importing Assets/Simple Vector Icons/Icons_Black outline/PNG icons_black outline/IT PNG/USB logo.png using Guid(7377523d06c05bc429a1c5aa786a90da) Importer(815301076,1909f56bfc062723c751e8b465ee728b)  -> (artifact id: '4d80bfa7922a5a4a1c2fd7d0d3499e10') in 0.033176 seconds
Number of updated asset objects reloaded before import = 0
Number of asset objects unloaded after import = 3
========================================================================
Received Import Request.
  Time since last request: 0.000015 seconds.
  path: Assets/Simple Vector Icons/Icons_Black outline/PSD icons_black outline/Keyboard PSD/V.psd
  artifactKey: Guid(e2beb1df97b91b040a4259d94491fb36) Importer(815301076,1909f56bfc062723c751e8b465ee728b)
Start importing Assets/Simple Vector Icons/Icons_Black outline/PSD icons_black outline/Keyboard PSD/V.psd using Guid(e2beb1df97b91b040a4259d94491fb36) Importer(815301076,1909f56bfc062723c751e8b465ee728b)  -> (artifact id: '20284c863d915398b3c612ea4d57a45c') in 0.031400 seconds
Number of updated asset objects reloaded before import = 0
Number of asset objects unloaded after import = 3
========================================================================
Received Import Request.
  Time since last request: 0.000191 seconds.
  path: Assets/Simple Vector Icons/Icons_Black outline/PSD icons_black outline/Devices PSD/USB.psd
  artifactKey: Guid(ab31ef90e85c3cb40bd227332c3a036d) Importer(815301076,1909f56bfc062723c751e8b465ee728b)
Start importing Assets/Simple Vector Icons/Icons_Black outline/PSD icons_black outline/Devices PSD/USB.psd using Guid(ab31ef90e85c3cb40bd227332c3a036d) Importer(815301076,1909f56bfc062723c751e8b465ee728b)  -> (artifact id: '2bb0a7adc8433cd3c1b6592128031577') in 0.027323 seconds
Number of updated asset objects reloaded before import = 0
Number of asset objects unloaded after import = 3
========================================================================
Received Import Request.
  Time since last request: 0.159798 seconds.
  path: Assets/Simple Vector Icons/Icons_White/PSD icons_white/Keyboard PSD/V.psd
  artifactKey: Guid(54b1f43c68e3d4946a9ccefa28fe3945) Importer(815301076,1909f56bfc062723c751e8b465ee728b)
Start importing Assets/Simple Vector Icons/Icons_White/PSD icons_white/Keyboard PSD/V.psd using Guid(54b1f43c68e3d4946a9ccefa28fe3945) Importer(815301076,1909f56bfc062723c751e8b465ee728b)  -> (artifact id: '908e86106ed37493cada58c096faa6b2') in 0.020775 seconds
Number of updated asset objects reloaded before import = 0
Number of asset objects unloaded after import = 3
========================================================================
Received Import Request.
  Time since last request: 0.000194 seconds.
  path: Assets/Simple Vector Icons/Icons_Black outline/PNG icons_black outline/Social media PNG/Viber.png
  artifactKey: Guid(512a1abf469dbee4ebc84ba9ebcfed1a) Importer(815301076,1909f56bfc062723c751e8b465ee728b)
Start importing Assets/Simple Vector Icons/Icons_Black outline/PNG icons_black outline/Social media PNG/Viber.png using Guid(512a1abf469dbee4ebc84ba9ebcfed1a) Importer(815301076,1909f56bfc062723c751e8b465ee728b)  -> (artifact id: 'a30af7dcaf58409a445f455d12bd8c3e') in 0.032730 seconds
Number of updated asset objects reloaded before import = 0
Number of asset objects unloaded after import = 3
========================================================================
Received Import Request.
  Time since last request: 0.000171 seconds.
  path: Assets/Simple Vector Icons/Icons_Black outline/PSD icons_black outline/Social media PSD/Viber.psd
  artifactKey: Guid(54bf05908e2aca248b9e038e3264a3c7) Importer(815301076,1909f56bfc062723c751e8b465ee728b)
Start importing Assets/Simple Vector Icons/Icons_Black outline/PSD icons_black outline/Social media PSD/Viber.psd using Guid(54bf05908e2aca248b9e038e3264a3c7) Importer(815301076,1909f56bfc062723c751e8b465ee728b)  -> (artifact id: '94105e8cf5e356a4fecb7ac283401b62') in 0.027293 seconds
Number of updated asset objects reloaded before import = 0
Number of asset objects unloaded after import = 3
========================================================================
Received Import Request.
  Time since last request: 0.000018 seconds.
  path: Assets/Simple Vector Icons/Icons_White/PSD icons_white/Graphics editor PSD/Video.psd
  artifactKey: Guid(40775c3286b61104ea33a83b4e976205) Importer(815301076,1909f56bfc062723c751e8b465ee728b)
Start importing Assets/Simple Vector Icons/Icons_White/PSD icons_white/Graphics editor PSD/Video.psd using Guid(40775c3286b61104ea33a83b4e976205) Importer(815301076,1909f56bfc062723c751e8b465ee728b)  -> (artifact id: 'a5383f48128a147d337c1c236817f1b3') in 0.023002 seconds
Number of updated asset objects reloaded before import = 0
Number of asset objects unloaded after import = 3
========================================================================
Received Import Request.
  Time since last request: 0.219639 seconds.
  path: Assets/Simple Vector Icons/Icons_Black outline/PSD icons_black outline/UI PSD/Vip.psd
  artifactKey: Guid(499646c57f1bf3e4db35bd13e6d76dc2) Importer(815301076,1909f56bfc062723c751e8b465ee728b)
Start importing Assets/Simple Vector Icons/Icons_Black outline/PSD icons_black outline/UI PSD/Vip.psd using Guid(499646c57f1bf3e4db35bd13e6d76dc2) Importer(815301076,1909f56bfc062723c751e8b465ee728b)  -> (artifact id: 'd9431b6f3d7e9f82b0d1f82d8d575645') in 0.036300 seconds
Number of updated asset objects reloaded before import = 0
Number of asset objects unloaded after import = 3
========================================================================
Received Import Request.
  Time since last request: 0.000262 seconds.
  path: Assets/Simple Vector Icons/Icons_Black outline/PNG icons_black outline/UI PNG/Vip.png
  artifactKey: Guid(ab6cf16581bc49e4eb1a08bd9d4983cd) Importer(815301076,1909f56bfc062723c751e8b465ee728b)
Start importing Assets/Simple Vector Icons/Icons_Black outline/PNG icons_black outline/UI PNG/Vip.png using Guid(ab6cf16581bc49e4eb1a08bd9d4983cd) Importer(815301076,1909f56bfc062723c751e8b465ee728b)  -> (artifact id: '74705b68e471bf5c1da9e4a5c20aaedb') in 0.037099 seconds
Number of updated asset objects reloaded before import = 0
Number of asset objects unloaded after import = 3
========================================================================
Received Import Request.
  Time since last request: 0.000028 seconds.
  path: Assets/Simple Vector Icons/Icons_White/PNG icons_white/Social media PNG/vk.png
  artifactKey: Guid(f457be4259e5b0e4d89b93f917cb02cb) Importer(815301076,1909f56bfc062723c751e8b465ee728b)
Start importing Assets/Simple Vector Icons/Icons_White/PNG icons_white/Social media PNG/vk.png using Guid(f457be4259e5b0e4d89b93f917cb02cb) Importer(815301076,1909f56bfc062723c751e8b465ee728b)  -> (artifact id: '35a53302f6dfdf92a51c0ae74a098f7a') in 0.024566 seconds
Number of updated asset objects reloaded before import = 0
Number of asset objects unloaded after import = 3
========================================================================
Received Import Request.
  Time since last request: 0.000050 seconds.
  path: Assets/Simple Vector Icons/Icons_Black outline/PNG icons_black outline/Hazard signs PNG/Voltage Symbol.png
  artifactKey: Guid(4757b575dc5758d418f68cc0ed91a323) Importer(815301076,1909f56bfc062723c751e8b465ee728b)
Start importing Assets/Simple Vector Icons/Icons_Black outline/PNG icons_black outline/Hazard signs PNG/Voltage Symbol.png using Guid(4757b575dc5758d418f68cc0ed91a323) Importer(815301076,1909f56bfc062723c751e8b465ee728b)  -> (artifact id: '1405b3d52fde9ebcb79b7fa215ae7791') in 0.028520 seconds
Number of updated asset objects reloaded before import = 0
Number of asset objects unloaded after import = 3
========================================================================
Received Import Request.
  Time since last request: 0.000095 seconds.
  path: Assets/Simple Vector Icons/Icons_Black outline/PSD icons_black outline/Money PSD/VISA.psd
  artifactKey: Guid(0b63cf3b199b3b745bb2e473b1fc9ea9) Importer(815301076,1909f56bfc062723c751e8b465ee728b)
Start importing Assets/Simple Vector Icons/Icons_Black outline/PSD icons_black outline/Money PSD/VISA.psd using Guid(0b63cf3b199b3b745bb2e473b1fc9ea9) Importer(815301076,1909f56bfc062723c751e8b465ee728b)  -> (artifact id: 'bddff40d80759b89fc36acbcd6f55658') in 0.030550 seconds
Number of updated asset objects reloaded before import = 0
Number of asset objects unloaded after import = 3
========================================================================
Received Import Request.
  Time since last request: 0.000107 seconds.
  path: Assets/Simple Vector Icons/Icons_White/PSD icons_white/Hazard signs PSD/Voltage Symbol.psd
  artifactKey: Guid(e3a6c2f294d1a59429e67486f9251b7c) Importer(815301076,1909f56bfc062723c751e8b465ee728b)
Start importing Assets/Simple Vector Icons/Icons_White/PSD icons_white/Hazard signs PSD/Voltage Symbol.psd using Guid(e3a6c2f294d1a59429e67486f9251b7c) Importer(815301076,1909f56bfc062723c751e8b465ee728b)  -> (artifact id: '1f6da07c43fb9cac6af720df0bbbfc2b') in 0.033293 seconds
Number of updated asset objects reloaded before import = 0
Number of asset objects unloaded after import = 3
========================================================================
Received Import Request.
  Time since last request: 0.000024 seconds.
  path: Assets/Simple Vector Icons/Icons_White/PSD icons_white/Social media PSD/vk.psd
  artifactKey: Guid(724bf2bb3902f764c8cb00941b03c163) Importer(815301076,1909f56bfc062723c751e8b465ee728b)
Start importing Assets/Simple Vector Icons/Icons_White/PSD icons_white/Social media PSD/vk.psd using Guid(724bf2bb3902f764c8cb00941b03c163) Importer(815301076,1909f56bfc062723c751e8b465ee728b)  -> (artifact id: 'ad31a0ac8979e467cdd15c0ebfd7d054') in 0.017807 seconds
Number of updated asset objects reloaded before import = 0
Number of asset objects unloaded after import = 3
========================================================================
Received Import Request.
  Time since last request: 0.000020 seconds.
  path: Assets/Simple Vector Icons/Icons_Black outline/PNG icons_black outline/Money PNG/VISA.png
  artifactKey: Guid(bbb662dbee473164eb35d5055ee6b380) Importer(815301076,1909f56bfc062723c751e8b465ee728b)
Start importing Assets/Simple Vector Icons/Icons_Black outline/PNG icons_black outline/Money PNG/VISA.png using Guid(bbb662dbee473164eb35d5055ee6b380) Importer(815301076,1909f56bfc062723c751e8b465ee728b)  -> (artifact id: '0583e424ddbb10a365c2c63496bcf678') in 0.027717 seconds
Number of updated asset objects reloaded before import = 0
Number of asset objects unloaded after import = 3
========================================================================
Received Import Request.
  Time since last request: 0.113357 seconds.
  path: Assets/Simple Vector Icons/Icons_Black outline/PSD icons_black outline/Money PSD/Wallet.psd
  artifactKey: Guid(510fbaf4325e062498212e7b4ba7ea5e) Importer(815301076,1909f56bfc062723c751e8b465ee728b)
Start importing Assets/Simple Vector Icons/Icons_Black outline/PSD icons_black outline/Money PSD/Wallet.psd using Guid(510fbaf4325e062498212e7b4ba7ea5e) Importer(815301076,1909f56bfc062723c751e8b465ee728b)  -> (artifact id: '06b7dbe9820fdfc42f77f40bd88968d3') in 0.027375 seconds
Number of updated asset objects reloaded before import = 0
Number of asset objects unloaded after import = 3
========================================================================
Received Import Request.
  Time since last request: 0.019002 seconds.
  path: Assets/Simple Vector Icons/Icons_Black outline/PSD icons_black outline/Money PSD/Wallet 1.psd
  artifactKey: Guid(6740edfc2afe7af4abbbbe737b792bb0) Importer(815301076,1909f56bfc062723c751e8b465ee728b)
Start importing Assets/Simple Vector Icons/Icons_Black outline/PSD icons_black outline/Money PSD/Wallet 1.psd using Guid(6740edfc2afe7af4abbbbe737b792bb0) Importer(815301076,1909f56bfc062723c751e8b465ee728b)  -> (artifact id: 'b228b26ec7cd303c9227e24377bdca78') in 0.024233 seconds
Number of updated asset objects reloaded before import = 0
Number of asset objects unloaded after import = 3
========================================================================
Received Import Request.
  Time since last request: 0.327231 seconds.
  path: Assets/Simple Vector Icons/Icons_White/PSD icons_white/Hazard signs PSD/Warning Symbol.psd
  artifactKey: Guid(0ab0acf73de2d4e419211319bc351767) Importer(815301076,1909f56bfc062723c751e8b465ee728b)
Start importing Assets/Simple Vector Icons/Icons_White/PSD icons_white/Hazard signs PSD/Warning Symbol.psd using Guid(0ab0acf73de2d4e419211319bc351767) Importer(815301076,1909f56bfc062723c751e8b465ee728b)  -> (artifact id: 'b7a11042a8274d0b9f1b993f49f6303b') in 0.028600 seconds
Number of updated asset objects reloaded before import = 0
Number of asset objects unloaded after import = 3
========================================================================
Received Import Request.
  Time since last request: 0.556226 seconds.
  path: Assets/Simple Vector Icons/Icons_White/PSD icons_white/Weather PSD/Wave.psd
  artifactKey: Guid(4f086c4b48d88db4fa92a3919d24cd8d) Importer(815301076,1909f56bfc062723c751e8b465ee728b)
Start importing Assets/Simple Vector Icons/Icons_White/PSD icons_white/Weather PSD/Wave.psd using Guid(4f086c4b48d88db4fa92a3919d24cd8d) Importer(815301076,1909f56bfc062723c751e8b465ee728b)  -> (artifact id: 'eaf8598f362e077afba969895369dbd3') in 0.025107 seconds
Number of updated asset objects reloaded before import = 0
Number of asset objects unloaded after import = 3
========================================================================
Received Import Request.
  Time since last request: 0.019822 seconds.
  path: Assets/Simple Vector Icons/Icons_White/PNG icons_white/Other PNG/Whip.png
  artifactKey: Guid(10380169fab06da4b95fc4b29208247d) Importer(815301076,1909f56bfc062723c751e8b465ee728b)
Start importing Assets/Simple Vector Icons/Icons_White/PNG icons_white/Other PNG/Whip.png using Guid(10380169fab06da4b95fc4b29208247d) Importer(815301076,1909f56bfc062723c751e8b465ee728b)  -> (artifact id: '079fd598ac534532f191992f89a5cfa6') in 0.026299 seconds
Number of updated asset objects reloaded before import = 0
Number of asset objects unloaded after import = 3
========================================================================
Received Import Request.
  Time since last request: 0.274369 seconds.
  path: Assets/Simple Vector Icons/Icons_Black outline/PNG icons_black outline/Wi-Fi PNG/Wi-fi 2.png
  artifactKey: Guid(6ce5b470230293244b39214cb5cb257e) Importer(815301076,1909f56bfc062723c751e8b465ee728b)
Start importing Assets/Simple Vector Icons/Icons_Black outline/PNG icons_black outline/Wi-Fi PNG/Wi-fi 2.png using Guid(6ce5b470230293244b39214cb5cb257e) Importer(815301076,1909f56bfc062723c751e8b465ee728b)  -> (artifact id: '134c3dbf117ee4a19c4f4f86b3d7545b') in 0.025514 seconds
Number of updated asset objects reloaded before import = 0
Number of asset objects unloaded after import = 3
========================================================================
Received Import Request.
  Time since last request: 0.383314 seconds.
  path: Assets/Simple Vector Icons/Icons_White/PSD icons_white/Arrows PSD/Wide arrow L.psd
  artifactKey: Guid(1a32784d8bcfc864b91da0fc40919d4f) Importer(815301076,1909f56bfc062723c751e8b465ee728b)
Start importing Assets/Simple Vector Icons/Icons_White/PSD icons_white/Arrows PSD/Wide arrow L.psd using Guid(1a32784d8bcfc864b91da0fc40919d4f) Importer(815301076,1909f56bfc062723c751e8b465ee728b)  -> (artifact id: 'a9c283b9dacfeb493a5a592fe75ae499') in 0.036261 seconds
Number of updated asset objects reloaded before import = 0
Number of asset objects unloaded after import = 3
========================================================================
Received Import Request.
  Time since last request: 0.236922 seconds.
  path: Assets/Simple Vector Icons/Icons_Black outline/PSD icons_black outline/Home PSD/Window.psd
  artifactKey: Guid(25533a259be42354e95237d7ad5e8e8c) Importer(815301076,1909f56bfc062723c751e8b465ee728b)
Start importing Assets/Simple Vector Icons/Icons_Black outline/PSD icons_black outline/Home PSD/Window.psd using Guid(25533a259be42354e95237d7ad5e8e8c) Importer(815301076,1909f56bfc062723c751e8b465ee728b)  -> (artifact id: '35c2406be1ee30fc80684ba658f69a0f') in 0.025522 seconds
Number of updated asset objects reloaded before import = 0
Number of asset objects unloaded after import = 3
========================================================================
Received Import Request.
  Time since last request: 0.251278 seconds.
  path: Assets/Simple Vector Icons/Icons_White/PNG icons_white/Kitchen PNG/Wineglass.png
  artifactKey: Guid(b92b850831f1bc64abf8f5edccfdca37) Importer(815301076,1909f56bfc062723c751e8b465ee728b)
Start importing Assets/Simple Vector Icons/Icons_White/PNG icons_white/Kitchen PNG/Wineglass.png using Guid(b92b850831f1bc64abf8f5edccfdca37) Importer(815301076,1909f56bfc062723c751e8b465ee728b)  -> (artifact id: '8623b648be0bec50b63eff4e27596b5f') in 0.032762 seconds
Number of updated asset objects reloaded before import = 0
Number of asset objects unloaded after import = 3
========================================================================
Received Import Request.
  Time since last request: 0.011275 seconds.
  path: Assets/Simple Vector Icons/Icons_White/PNG icons_white/People PNG/Woman.png
  artifactKey: Guid(69ba6c969a356d64790d4a474d92511a) Importer(815301076,1909f56bfc062723c751e8b465ee728b)
Start importing Assets/Simple Vector Icons/Icons_White/PNG icons_white/People PNG/Woman.png using Guid(69ba6c969a356d64790d4a474d92511a) Importer(815301076,1909f56bfc062723c751e8b465ee728b)  -> (artifact id: '15644cc537d8e27f663b12034181526a') in 0.024605 seconds
Number of updated asset objects reloaded before import = 0
Number of asset objects unloaded after import = 3
========================================================================
Received Import Request.
  Time since last request: 0.003222 seconds.
  path: Assets/Simple Vector Icons/Icons_White/PSD icons_white/Money PSD/Won.psd
  artifactKey: Guid(aaf2f4a9bcadf8a44b0a03c067c153d2) Importer(815301076,1909f56bfc062723c751e8b465ee728b)
Start importing Assets/Simple Vector Icons/Icons_White/PSD icons_white/Money PSD/Won.psd using Guid(aaf2f4a9bcadf8a44b0a03c067c153d2) Importer(815301076,1909f56bfc062723c751e8b465ee728b)  -> (artifact id: 'e8bff3bb7c463dd2480f354f4b0abf71') in 0.014019 seconds
Number of updated asset objects reloaded before import = 0
Number of asset objects unloaded after import = 3
========================================================================
Received Import Request.
  Time since last request: 0.224492 seconds.
  path: Assets/Simple Vector Icons/Icons_Black outline/PNG icons_black outline/Tools PNG/Workbench.png
  artifactKey: Guid(a6745ae6f135bff45ba4cb47d7ccaa18) Importer(815301076,1909f56bfc062723c751e8b465ee728b)
Start importing Assets/Simple Vector Icons/Icons_Black outline/PNG icons_black outline/Tools PNG/Workbench.png using Guid(a6745ae6f135bff45ba4cb47d7ccaa18) Importer(815301076,1909f56bfc062723c751e8b465ee728b)  -> (artifact id: '5eea57d5d4e389938da136bb8e361709') in 0.029822 seconds
Number of updated asset objects reloaded before import = 0
Number of asset objects unloaded after import = 3
========================================================================
Received Import Request.
  Time since last request: 0.609421 seconds.
  path: Assets/Simple Vector Icons/Icons_Black outline/PSD icons_black outline/Devices PSD/Wrist Watch 1.psd
  artifactKey: Guid(3a27996c053afd9499be8f42f7030847) Importer(815301076,1909f56bfc062723c751e8b465ee728b)
Start importing Assets/Simple Vector Icons/Icons_Black outline/PSD icons_black outline/Devices PSD/Wrist Watch 1.psd using Guid(3a27996c053afd9499be8f42f7030847) Importer(815301076,1909f56bfc062723c751e8b465ee728b)  -> (artifact id: 'b58675821ba47ef60756f979f460c0a7') in 0.026210 seconds
Number of updated asset objects reloaded before import = 0
Number of asset objects unloaded after import = 3
========================================================================
Received Import Request.
  Time since last request: 1.024488 seconds.
  path: Assets/Simple Vector Icons/Icons_White/PSD icons_white/Military PSD/Gun.psd
  artifactKey: Guid(a56a54d473ae6fa468c4507bf524da68) Importer(815301076,1909f56bfc062723c751e8b465ee728b)
Start importing Assets/Simple Vector Icons/Icons_White/PSD icons_white/Military PSD/Gun.psd using Guid(a56a54d473ae6fa468c4507bf524da68) Importer(815301076,1909f56bfc062723c751e8b465ee728b)  -> (artifact id: 'ebd82a983fdc7f258945eb2d1ad0ed8b') in 0.026414 seconds
Number of updated asset objects reloaded before import = 0
Number of asset objects unloaded after import = 3
Editor requested this worker to shutdown with reason: Scaling down because of idle timeout
TcpMessagingSession - receive error: operation aborted. errorcode: 995, details: I/O-handlingen er blevet afbrudt pga. en afsluttende trd eller programanmodning.
AssetImportWorker is now disconnected from the server
Process exiting
Exiting without the bug reporter. Application will terminate with return code 0