Using pre-set license
Built from '2022.3/staging' branch; Version is '2022.3.7f1 (b16b3b16c7a0) revision 11627323'; Using compiler version '192829333'; Build Type 'Release'
OS: 'Windows 11  (10.0.22631) 64bit Core' Language: 'da' Physical Memory: 16123 MB
BatchMode: 1, IsHumanControllingUs: 0, StartBugReporterOnCrash: 0, Is64bit: 1, IsPro: 1

COMMAND LINE ARGUMENTS:
C:\Program Files\Unity\Hub\Editor\2022.3.7f1\Editor\Unity.exe
-adb2
-batchMode
-noUpm
-name
AssetImportWorker19
-projectPath
C:/Users/patri/Space Invader
-logFile
Logs/AssetImportWorker19.log
-srvPort
57267
Successfully changed project path to: C:/Users/patri/Space Invader
C:/Users/patri/Space Invader
[UnityMemory] Configuration Parameters - Can be set up in boot.config
    "memorysetup-bucket-allocator-granularity=16"
    "memorysetup-bucket-allocator-bucket-count=8"
    "memorysetup-bucket-allocator-block-size=33554432"
    "memorysetup-bucket-allocator-block-count=8"
    "memorysetup-main-allocator-block-size=16777216"
    "memorysetup-thread-allocator-block-size=16777216"
    "memorysetup-gfx-main-allocator-block-size=16777216"
    "memorysetup-gfx-thread-allocator-block-size=16777216"
    "memorysetup-cache-allocator-block-size=4194304"
    "memorysetup-typetree-allocator-block-size=2097152"
    "memorysetup-profiler-bucket-allocator-granularity=16"
    "memorysetup-profiler-bucket-allocator-bucket-count=8"
    "memorysetup-profiler-bucket-allocator-block-size=33554432"
    "memorysetup-profiler-bucket-allocator-block-count=8"
    "memorysetup-profiler-allocator-block-size=16777216"
    "memorysetup-profiler-editor-allocator-block-size=1048576"
    "memorysetup-temp-allocator-size-main=16777216"
    "memorysetup-job-temp-allocator-block-size=2097152"
    "memorysetup-job-temp-allocator-block-size-background=1048576"
    "memorysetup-job-temp-allocator-reduction-small-platforms=262144"
    "memorysetup-allocator-temp-initial-block-size-main=262144"
    "memorysetup-allocator-temp-initial-block-size-worker=262144"
    "memorysetup-temp-allocator-size-background-worker=32768"
    "memorysetup-temp-allocator-size-job-worker=262144"
    "memorysetup-temp-allocator-size-preload-manager=33554432"
    "memorysetup-temp-allocator-size-nav-mesh-worker=65536"
    "memorysetup-temp-allocator-size-audio-worker=65536"
    "memorysetup-temp-allocator-size-cloud-worker=32768"
    "memorysetup-temp-allocator-size-gi-baking-worker=262144"
    "memorysetup-temp-allocator-size-gfx=262144"
Player connection [34084] Host "[IP] 192.168.230.1 [Port] 0 [Flags] 2 [Guid] 2265681430 [EditorId] 2265681430 [Version] 1048832 [Id] WindowsEditor(7,RexStarGame) [Debug] 1 [PackageName] WindowsEditor [ProjectName] Editor" joined multi-casting on [225.0.0.222:54997]...

Player connection [34084] Host "[IP] 192.168.230.1 [Port] 0 [Flags] 2 [Guid] 2265681430 [EditorId] 2265681430 [Version] 1048832 [Id] WindowsEditor(7,RexStarGame) [Debug] 1 [PackageName] WindowsEditor [ProjectName] Editor" joined alternative multi-casting on [225.0.0.222:34997]...

Refreshing native plugins compatible for Editor in 393.40 ms, found 4 plugins.
Preloading 0 native plugins for Editor in 0.00 ms.
Initialize engine version: 2022.3.7f1 (b16b3b16c7a0)
[Subsystems] Discovering subsystems at path C:/Program Files/Unity/Hub/Editor/2022.3.7f1/Editor/Data/Resources/UnitySubsystems
[Subsystems] Discovering subsystems at path C:/Users/patri/Space Invader/Assets
GfxDevice: creating device client; threaded=0; jobified=0
Direct3D:
    Version:  Direct3D 11.0 [level 11.1]
    Renderer: NVIDIA GeForce RTX 4070 Laptop GPU (ID=0x2860)
    Vendor:   NVIDIA
    VRAM:     7962 MB
    Driver:   31.0.15.3210
Initialize mono
Mono path[0] = 'C:/Program Files/Unity/Hub/Editor/2022.3.7f1/Editor/Data/Managed'
Mono path[1] = 'C:/Program Files/Unity/Hub/Editor/2022.3.7f1/Editor/Data/MonoBleedingEdge/lib/mono/unityjit-win32'
Mono config path = 'C:/Program Files/Unity/Hub/Editor/2022.3.7f1/Editor/Data/MonoBleedingEdge/etc'
Using monoOptions --debugger-agent=transport=dt_socket,embedding=1,server=y,suspend=n,address=127.0.0.1:56372
Begin MonoManager ReloadAssembly
Registering precompiled unity dll's ...
Register platform support module: C:/Program Files/Unity/Hub/Editor/2022.3.7f1/Editor/Data/PlaybackEngines/AndroidPlayer/UnityEditor.Android.Extensions.dll
Register platform support module: C:/Program Files/Unity/Hub/Editor/2022.3.7f1/Editor/Data/PlaybackEngines/WindowsStandaloneSupport/UnityEditor.WindowsStandalone.Extensions.dll
Registered in 0.041174 seconds.
- Loaded All Assemblies, in  1.857 seconds
Native extension for WindowsStandalone target not found
Native extension for Android target not found
Android Extension - Scanning For ADB Devices 373 ms
Mono: successfully reloaded assembly
- Finished resetting the current domain, in  0.590 seconds
Domain Reload Profiling: 2442ms
	BeginReloadAssembly (107ms)
		ExecutionOrderSort (0ms)
		DisableScriptedObjects (0ms)
		BackupInstance (0ms)
		ReleaseScriptingObjects (0ms)
		CreateAndSetChildDomain (0ms)
	RebuildCommonClasses (424ms)
	RebuildNativeTypeToScriptingClass (6ms)
	initialDomainReloadingComplete (114ms)
	LoadAllAssembliesAndSetupDomain (1201ms)
		LoadAssemblies (101ms)
		RebuildTransferFunctionScriptingTraits (0ms)
		AnalyzeDomain (1199ms)
			TypeCache.Refresh (1198ms)
				TypeCache.ScanAssembly (1189ms)
			ScanForSourceGeneratedMonoScriptInfo (0ms)
			ResolveRequiredComponents (0ms)
	FinalizeReload (591ms)
		ReleaseScriptCaches (0ms)
		RebuildScriptCaches (0ms)
		SetupLoadedEditorAssemblies (554ms)
			LogAssemblyErrors (0ms)
			InitializePlatformSupportModulesInManaged (470ms)
			SetLoadedEditorAssemblies (2ms)
			RefreshPlugins (0ms)
			BeforeProcessingInitializeOnLoad (1ms)
			ProcessInitializeOnLoadAttributes (54ms)
			ProcessInitializeOnLoadMethodAttributes (27ms)
			AfterProcessingInitializeOnLoad (0ms)
			EditorAssembliesLoaded (0ms)
		ExecutionOrderSort2 (0ms)
		AwakeInstancesAfterBackupRestoration (0ms)
========================================================================
Worker process is ready to serve import requests
Begin MonoManager ReloadAssembly
Symbol file LoadedFromMemory doesn't match image C:\Users\patri\Space Invader\Library\PackageCache\com.unity.visualscripting@1.8.0\Editor\VisualScripting.Core\Dependencies\YamlDotNet\Unity.VisualScripting.YamlDotNet.dll
Symbol file LoadedFromMemory doesn't match image C:\Users\patri\Space Invader\Library\PackageCache\com.unity.visualscripting@1.8.0\Editor\VisualScripting.Core\Dependencies\DotNetZip\Unity.VisualScripting.IonicZip.dll
- Loaded All Assemblies, in  0.690 seconds
Refreshing native plugins compatible for Editor in 11.14 ms, found 4 plugins.
Native extension for WindowsStandalone target not found
Native extension for Android target not found
Mono: successfully reloaded assembly
- Finished resetting the current domain, in  0.403 seconds
Domain Reload Profiling: 1087ms
	BeginReloadAssembly (101ms)
		ExecutionOrderSort (0ms)
		DisableScriptedObjects (3ms)
		BackupInstance (0ms)
		ReleaseScriptingObjects (0ms)
		CreateAndSetChildDomain (14ms)
	RebuildCommonClasses (22ms)
	RebuildNativeTypeToScriptingClass (7ms)
	initialDomainReloadingComplete (36ms)
	LoadAllAssembliesAndSetupDomain (518ms)
		LoadAssemblies (263ms)
		RebuildTransferFunctionScriptingTraits (0ms)
		AnalyzeDomain (317ms)
			TypeCache.Refresh (301ms)
				TypeCache.ScanAssembly (285ms)
			ScanForSourceGeneratedMonoScriptInfo (12ms)
			ResolveRequiredComponents (3ms)
	FinalizeReload (403ms)
		ReleaseScriptCaches (0ms)
		RebuildScriptCaches (0ms)
		SetupLoadedEditorAssemblies (290ms)
			LogAssemblyErrors (0ms)
			InitializePlatformSupportModulesInManaged (18ms)
			SetLoadedEditorAssemblies (3ms)
			RefreshPlugins (0ms)
			BeforeProcessingInitializeOnLoad (58ms)
			ProcessInitializeOnLoadAttributes (175ms)
			ProcessInitializeOnLoadMethodAttributes (22ms)
			AfterProcessingInitializeOnLoad (13ms)
			EditorAssembliesLoaded (0ms)
		ExecutionOrderSort2 (0ms)
		AwakeInstancesAfterBackupRestoration (6ms)
Launched and connected shader compiler UnityShaderCompiler.exe after 0.07 seconds
Refreshing native plugins compatible for Editor in 13.43 ms, found 4 plugins.
Preloading 0 native plugins for Editor in 0.00 ms.
Unloading 4109 Unused Serialized files (Serialized files now loaded: 0)
Unloading 63 unused Assets / (60.5 KB). Loaded Objects now: 4581.
Memory consumption went from 150.9 MB to 150.8 MB.
Total: 4.278200 ms (FindLiveObjects: 0.225300 ms CreateObjectMapping: 0.065100 ms MarkObjects: 3.844600 ms  DeleteObjects: 0.142500 ms)

AssetImportParameters requested are different than current active one (requested -> active):
  custom:scripting/monoscript/fileName/RankManager.cs: 24645d1ede8a91362888d054032edad7 -> 
  custom:container-demuxer-ogg: 62fdf1f143b41e24485cea50d1cbac27 -> 
  custom:scripting/monoscript/fileName/SavingManger.cs: 9f2c9ab29eeea47eb8da8df12ad98a3e -> 
  custom:video-codec-MediaFoundation-h265: 746d11721c4dcdbdad8f713fa42b33f4 -> 
  custom:scripting/monoscript/fileName/DataSaver.cs: e5681b44ae8383125a80832a4035ce35 -> 
  custom:scripting/monoscript/fileName/ScoreBoard.cs: 2ca190c64ec05b6119eb41d7e54ba2d4 -> 
  custom:video-decoder-ogg-theora: a1e56fd34408186e4bbccfd4996cb3dc -> 
  custom:framework-win-MediaFoundation: 216162199b28c13a410421893ffa2e32 -> 
  custom:scripting/monoscript/fileName/HighscoreTable.cs: 4cdff648e39922ecd1f5acb83bde9a5f -> 
  custom:scripting/monoscript/fileName/LeaderboardController.cs: 02cb9b4f5eaf82a61d8494d0b042e884 -> 
  custom:scripting/monoscript/fileName/ConfirmScoreNickName.cs: e43e1510442a8c1218a159d3caef3301 -> 
  custom:scripting/monoscript/fileName/PlayerData.cs: e4b7b96b5a8bcbcb4be40bfb1d4ff5c1 -> 
  custom:CustomObjectIndexerAttribute: 756ad292c208cfabdd7b50bc23989ffe -> 
  custom:container-demuxer-webm: 4f35f7cbe854078d1ac9338744f61a02 -> 
  custom:scripting/monoscript/fileName/PowerUps.cs: 7c757ecc48ed423bf7bd18effe0bc5d3 -> 
  custom:container-muxer-webm: aa71ff27fc2769a1b78a27578f13a17b -> 
  custom:scripting/monoscript/fileName/ReloadSpeedBuff.cs: 750500572565b29ddd6a8336b79f9c13 -> 
  custom:video-decoder-webm-vp8: 9c59270c3fd7afecdb556c50c9e8de78 -> 
  custom:SearchIndexIgnoredProperties: e643bd26f0fe6173181afceb89e7c659 -> 
  custom:AudioImporter_EditorPlatform: d09bf68614088b80899f8185d706f6e7 -> 
  custom:scripting/monoscript/fileName/Group.cs: 903723bd4660a2f6afba1f16e84958ee -> 
  custom:scripting/monoscript/fileName/TestCompare.cs: d1d09ed6974a4f4d94c6b4ebd171ced5 -> 
  custom:video-encoder-webm-vp8: eb34c28f22e8b96e1ab97ce403110664 -> 
  custom:audio-decoder-ogg-vorbis: bf7c407c2cedff20999df2af8eb42d56 -> 
  custom:scripting/monoscript/fileName/PowerUpsObject.cs: b571f3528db386ba0ea50f58df874678 -> 
  custom:audio-encoder-webm-vorbis: bf7c407c2cedff20999df2af8eb42d56 -> 
========================================================================
Received Import Request.
  Time since last request: 206914.853679 seconds.
  path: Assets/Simple Vector Icons/Icons_Black outline/PSD icons_black outline/Tools PSD/Anvil.psd
  artifactKey: Guid(f19eb424863915042b084b5e72e7513d) Importer(815301076,1909f56bfc062723c751e8b465ee728b)
Start importing Assets/Simple Vector Icons/Icons_Black outline/PSD icons_black outline/Tools PSD/Anvil.psd using Guid(f19eb424863915042b084b5e72e7513d) Importer(815301076,1909f56bfc062723c751e8b465ee728b)  -> (artifact id: 'd8cedbaf99defdcd41a45dfd60bd3be5') in 0.065922 seconds
Number of updated asset objects reloaded before import = 0
Number of asset objects unloaded after import = 3
========================================================================
Received Import Request.
  Time since last request: 0.289548 seconds.
  path: Assets/Simple Vector Icons/Icons_White/PSD icons_white/Arrows PSD/Arrow.psd
  artifactKey: Guid(7a85e14dba644264ba4048813a16b02d) Importer(815301076,1909f56bfc062723c751e8b465ee728b)
Start importing Assets/Simple Vector Icons/Icons_White/PSD icons_white/Arrows PSD/Arrow.psd using Guid(7a85e14dba644264ba4048813a16b02d) Importer(815301076,1909f56bfc062723c751e8b465ee728b)  -> (artifact id: '5a968e09a032108ec25d9a348665ab37') in 0.028355 seconds
Number of updated asset objects reloaded before import = 0
Number of asset objects unloaded after import = 3
========================================================================
Received Import Request.
  Time since last request: 0.053974 seconds.
  path: Assets/Simple Vector Icons/Icons_Black outline/PSD icons_black outline/Arrows PSD/Arrow 1 L.psd
  artifactKey: Guid(c06434130911fde43918cb8511a3aa31) Importer(815301076,1909f56bfc062723c751e8b465ee728b)
Start importing Assets/Simple Vector Icons/Icons_Black outline/PSD icons_black outline/Arrows PSD/Arrow 1 L.psd using Guid(c06434130911fde43918cb8511a3aa31) Importer(815301076,1909f56bfc062723c751e8b465ee728b)  -> (artifact id: '5a35a3757d5cc9464190c56e70a2501e') in 0.030023 seconds
Number of updated asset objects reloaded before import = 0
Number of asset objects unloaded after import = 3
========================================================================
Received Import Request.
  Time since last request: 3.319765 seconds.
  path: Assets/Simple Vector Icons/Icons_White/PSD icons_white/Arrows PSD/Arrow 2 L.psd
  artifactKey: Guid(170bd14e6cc83334a8624c051e22029d) Importer(815301076,1909f56bfc062723c751e8b465ee728b)
Start importing Assets/Simple Vector Icons/Icons_White/PSD icons_white/Arrows PSD/Arrow 2 L.psd using Guid(170bd14e6cc83334a8624c051e22029d) Importer(815301076,1909f56bfc062723c751e8b465ee728b)  -> (artifact id: '55ba88c6849fede212e286a0f57b545c') in 0.026754 seconds
Number of updated asset objects reloaded before import = 0
Number of asset objects unloaded after import = 3
========================================================================
Received Import Request.
  Time since last request: 0.032051 seconds.
  path: Assets/Simple Vector Icons/Icons_White/PNG icons_white/Arrows PNG/Arrow 3 L.png
  artifactKey: Guid(895d8cb747a431946bc376359d80e411) Importer(815301076,1909f56bfc062723c751e8b465ee728b)
Start importing Assets/Simple Vector Icons/Icons_White/PNG icons_white/Arrows PNG/Arrow 3 L.png using Guid(895d8cb747a431946bc376359d80e411) Importer(815301076,1909f56bfc062723c751e8b465ee728b)  -> (artifact id: '810eb24a7b53fc489d6a9b5c05dbe1c8') in 0.025494 seconds
Number of updated asset objects reloaded before import = 0
Number of asset objects unloaded after import = 3
========================================================================
Received Import Request.
  Time since last request: 3.043634 seconds.
  path: Assets/Simple Vector Icons/Icons_White/PSD icons_white/Arrows PSD/Arrows.psd
  artifactKey: Guid(90d6fd085ff13f242836bb15a637e81d) Importer(815301076,1909f56bfc062723c751e8b465ee728b)
Start importing Assets/Simple Vector Icons/Icons_White/PSD icons_white/Arrows PSD/Arrows.psd using Guid(90d6fd085ff13f242836bb15a637e81d) Importer(815301076,1909f56bfc062723c751e8b465ee728b)  -> (artifact id: '5942f7e533a82b66f54f2ea9460bfe57') in 0.024452 seconds
Number of updated asset objects reloaded before import = 0
Number of asset objects unloaded after import = 3
========================================================================
Received Import Request.
  Time since last request: 0.513791 seconds.
  path: Assets/Simple Vector Icons/Icons_White/PSD icons_white/Gamepad PSD/B button 1.psd
  artifactKey: Guid(8305ee4c5ffe0524cbed35588ba7470b) Importer(815301076,1909f56bfc062723c751e8b465ee728b)
Start importing Assets/Simple Vector Icons/Icons_White/PSD icons_white/Gamepad PSD/B button 1.psd using Guid(8305ee4c5ffe0524cbed35588ba7470b) Importer(815301076,1909f56bfc062723c751e8b465ee728b)  -> (artifact id: '84fcdd577e63f88c0f2b4f907867ab2a') in 0.024909 seconds
Number of updated asset objects reloaded before import = 0
Number of asset objects unloaded after import = 3
========================================================================
Received Import Request.
  Time since last request: 0.328314 seconds.
  path: Assets/Simple Vector Icons/Icons_Black outline/PSD icons_black outline/Graphics editor PSD/Background.psd
  artifactKey: Guid(6bb70a21628bd5b4a844d4de99b94d16) Importer(815301076,1909f56bfc062723c751e8b465ee728b)
Start importing Assets/Simple Vector Icons/Icons_Black outline/PSD icons_black outline/Graphics editor PSD/Background.psd using Guid(6bb70a21628bd5b4a844d4de99b94d16) Importer(815301076,1909f56bfc062723c751e8b465ee728b)  -> (artifact id: 'd90c2293d0e183a16b78f65efef00963') in 0.025671 seconds
Number of updated asset objects reloaded before import = 0
Number of asset objects unloaded after import = 3
========================================================================
Received Import Request.
  Time since last request: 0.869834 seconds.
  path: Assets/Simple Vector Icons/Icons_White/PSD icons_white/Bags PSD/Bag 1.psd
  artifactKey: Guid(c19ece83b716c1c42b3916e4acae5667) Importer(815301076,1909f56bfc062723c751e8b465ee728b)
Start importing Assets/Simple Vector Icons/Icons_White/PSD icons_white/Bags PSD/Bag 1.psd using Guid(c19ece83b716c1c42b3916e4acae5667) Importer(815301076,1909f56bfc062723c751e8b465ee728b)  -> (artifact id: '44785c9ff0ef89f39320089e76653a8d') in 0.027818 seconds
Number of updated asset objects reloaded before import = 0
Number of asset objects unloaded after import = 3
========================================================================
Received Import Request.
  Time since last request: 0.604313 seconds.
  path: Assets/Simple Vector Icons/Icons_Black outline/PNG icons_black outline/Bags PNG/Baggage.png
  artifactKey: Guid(d24d1eb538ccf864a8e70b6782dd29ff) Importer(815301076,1909f56bfc062723c751e8b465ee728b)
Start importing Assets/Simple Vector Icons/Icons_Black outline/PNG icons_black outline/Bags PNG/Baggage.png using Guid(d24d1eb538ccf864a8e70b6782dd29ff) Importer(815301076,1909f56bfc062723c751e8b465ee728b)  -> (artifact id: 'b914101af85d22fdbd28bb27cb8c0dd6') in 0.026064 seconds
Number of updated asset objects reloaded before import = 0
Number of asset objects unloaded after import = 3
========================================================================
Received Import Request.
  Time since last request: 0.060315 seconds.
  path: Assets/Simple Vector Icons/Icons_White/PNG icons_white/People PNG/Bandit.png
  artifactKey: Guid(ba1dcd7e17156b341bcefd0511a4fa9d) Importer(815301076,1909f56bfc062723c751e8b465ee728b)
Start importing Assets/Simple Vector Icons/Icons_White/PNG icons_white/People PNG/Bandit.png using Guid(ba1dcd7e17156b341bcefd0511a4fa9d) Importer(815301076,1909f56bfc062723c751e8b465ee728b)  -> (artifact id: 'be8220710256fffab67cbd4db306685e') in 0.025163 seconds
Number of updated asset objects reloaded before import = 0
Number of asset objects unloaded after import = 3
========================================================================
Received Import Request.
  Time since last request: 0.623103 seconds.
  path: Assets/Simple Vector Icons/Icons_White/PSD icons_white/Game and Toys PSD/Basketball.psd
  artifactKey: Guid(dfee88f9a9598304491d545152cf44ca) Importer(815301076,1909f56bfc062723c751e8b465ee728b)
Start importing Assets/Simple Vector Icons/Icons_White/PSD icons_white/Game and Toys PSD/Basketball.psd using Guid(dfee88f9a9598304491d545152cf44ca) Importer(815301076,1909f56bfc062723c751e8b465ee728b)  -> (artifact id: '48f7d1b554dc77e6d3509d82044ca5d8') in 0.031271 seconds
Number of updated asset objects reloaded before import = 0
Number of asset objects unloaded after import = 3
========================================================================
Received Import Request.
  Time since last request: 0.427919 seconds.
  path: Assets/Simple Vector Icons/Icons_Black outline/PSD icons_black outline/Devices PSD/Battery.psd
  artifactKey: Guid(441f9834a5fa72f498c6dce41451de03) Importer(815301076,1909f56bfc062723c751e8b465ee728b)
Start importing Assets/Simple Vector Icons/Icons_Black outline/PSD icons_black outline/Devices PSD/Battery.psd using Guid(441f9834a5fa72f498c6dce41451de03) Importer(815301076,1909f56bfc062723c751e8b465ee728b)  -> (artifact id: 'ca240ff658cd2a5cb7a0b23c8424bff1') in 0.022520 seconds
Number of updated asset objects reloaded before import = 0
Number of asset objects unloaded after import = 3
========================================================================
Received Import Request.
  Time since last request: 0.062174 seconds.
  path: Assets/Simple Vector Icons/Icons_White/PSD icons_white/Battery PSD/Battery 2.psd
  artifactKey: Guid(9312277a319230841952840e15c661e0) Importer(815301076,1909f56bfc062723c751e8b465ee728b)
Start importing Assets/Simple Vector Icons/Icons_White/PSD icons_white/Battery PSD/Battery 2.psd using Guid(9312277a319230841952840e15c661e0) Importer(815301076,1909f56bfc062723c751e8b465ee728b)  -> (artifact id: '26270b580de7ac998ab62f11789da0f2') in 0.015397 seconds
Number of updated asset objects reloaded before import = 0
Number of asset objects unloaded after import = 3
========================================================================
Received Import Request.
  Time since last request: 2.685811 seconds.
  path: Assets/Simple Vector Icons/Icons_White/PNG icons_white/Battery PNG/Battery 4.png
  artifactKey: Guid(d0ebdfac4fa34da4dbb5fad410710daa) Importer(815301076,1909f56bfc062723c751e8b465ee728b)
Start importing Assets/Simple Vector Icons/Icons_White/PNG icons_white/Battery PNG/Battery 4.png using Guid(d0ebdfac4fa34da4dbb5fad410710daa) Importer(815301076,1909f56bfc062723c751e8b465ee728b)  -> (artifact id: '5e3a3cce51226eafb4e97be80d5325fe') in 0.029329 seconds
Number of updated asset objects reloaded before import = 0
Number of asset objects unloaded after import = 3
========================================================================
Received Import Request.
  Time since last request: 0.776605 seconds.
  path: Assets/Simple Vector Icons/Icons_Black outline/PSD icons_black outline/Religion PSD/Bible.psd
  artifactKey: Guid(6af298d366df0ad4db7662ab72e6f61c) Importer(815301076,1909f56bfc062723c751e8b465ee728b)
Start importing Assets/Simple Vector Icons/Icons_Black outline/PSD icons_black outline/Religion PSD/Bible.psd using Guid(6af298d366df0ad4db7662ab72e6f61c) Importer(815301076,1909f56bfc062723c751e8b465ee728b)  -> (artifact id: 'e173bf51445e4ccdc30e24dd933544b7') in 0.029021 seconds
Number of updated asset objects reloaded before import = 0
Number of asset objects unloaded after import = 3
========================================================================
Received Import Request.
  Time since last request: 0.381775 seconds.
  path: Assets/Simple Vector Icons/Icons_White/PSD icons_white/Hazard signs PSD/Biohazard.psd
  artifactKey: Guid(5349ad2ab68f0934caa345ea4b45fbd8) Importer(815301076,1909f56bfc062723c751e8b465ee728b)
Start importing Assets/Simple Vector Icons/Icons_White/PSD icons_white/Hazard signs PSD/Biohazard.psd using Guid(5349ad2ab68f0934caa345ea4b45fbd8) Importer(815301076,1909f56bfc062723c751e8b465ee728b)  -> (artifact id: '27a521f684b8ee381b51fda58ee640ca') in 0.027470 seconds
Number of updated asset objects reloaded before import = 0
Number of asset objects unloaded after import = 3
========================================================================
Received Import Request.
  Time since last request: 0.549700 seconds.
  path: Assets/Simple Vector Icons/Icons_White/PSD icons_white/Kitchen PSD/Birthday cake.psd
  artifactKey: Guid(0a410bb6d5e6a0947a54aabd1bae022a) Importer(815301076,1909f56bfc062723c751e8b465ee728b)
Start importing Assets/Simple Vector Icons/Icons_White/PSD icons_white/Kitchen PSD/Birthday cake.psd using Guid(0a410bb6d5e6a0947a54aabd1bae022a) Importer(815301076,1909f56bfc062723c751e8b465ee728b)  -> (artifact id: 'f93d02fb0355439aa779e8379ac36fbf') in 0.023947 seconds
Number of updated asset objects reloaded before import = 0
Number of asset objects unloaded after import = 3
========================================================================
Received Import Request.
  Time since last request: 0.060830 seconds.
  path: Assets/@PaulosCreations/RoyalUI/Volume_1/1K/Blue-GoldP_1k.png
  artifactKey: Guid(1984dd25b9c54674f9979b963c31d6af) Importer(815301076,1909f56bfc062723c751e8b465ee728b)
Start importing Assets/@PaulosCreations/RoyalUI/Volume_1/1K/Blue-GoldP_1k.png using Guid(1984dd25b9c54674f9979b963c31d6af) Importer(815301076,1909f56bfc062723c751e8b465ee728b)  -> (artifact id: '39f8ee3056af5908bb6663955b1c421a') in 0.116235 seconds
Number of updated asset objects reloaded before import = 0
Number of asset objects unloaded after import = 24
========================================================================
Received Import Request.
  Time since last request: 2.696296 seconds.
  path: Assets/Simple Vector Icons/Icons_White/PNG icons_white/Bones PNG/Bone 1.png
  artifactKey: Guid(150d08197719ac54ba2302e2af0a9659) Importer(815301076,1909f56bfc062723c751e8b465ee728b)
Start importing Assets/Simple Vector Icons/Icons_White/PNG icons_white/Bones PNG/Bone 1.png using Guid(150d08197719ac54ba2302e2af0a9659) Importer(815301076,1909f56bfc062723c751e8b465ee728b)  -> (artifact id: 'cc63183854f7cbd67f2440d2f815f157') in 0.025610 seconds
Number of updated asset objects reloaded before import = 0
Number of asset objects unloaded after import = 3
========================================================================
Received Import Request.
  Time since last request: 0.352606 seconds.
  path: Assets/Simple Vector Icons/Icons_White/PNG icons_white/Office PNG/Book 1.png
  artifactKey: Guid(08d3a69311d330e488a8a782e8c4d7bd) Importer(815301076,1909f56bfc062723c751e8b465ee728b)
Start importing Assets/Simple Vector Icons/Icons_White/PNG icons_white/Office PNG/Book 1.png using Guid(08d3a69311d330e488a8a782e8c4d7bd) Importer(815301076,1909f56bfc062723c751e8b465ee728b)  -> (artifact id: '68d82d0f27a5b227b5bc4722c0ef2219') in 0.033619 seconds
Number of updated asset objects reloaded before import = 0
Number of asset objects unloaded after import = 3
========================================================================
Received Import Request.
  Time since last request: 0.019098 seconds.
  path: Assets/Simple Vector Icons/Icons_White/PSD icons_white/Other PSD/Box.psd
  artifactKey: Guid(fe930e4d16663ee47be4a171e23d0b39) Importer(815301076,1909f56bfc062723c751e8b465ee728b)
Start importing Assets/Simple Vector Icons/Icons_White/PSD icons_white/Other PSD/Box.psd using Guid(fe930e4d16663ee47be4a171e23d0b39) Importer(815301076,1909f56bfc062723c751e8b465ee728b)  -> (artifact id: '712e09fa8530fecb29d1e8c745e8ab54') in 0.027249 seconds
Number of updated asset objects reloaded before import = 0
Number of asset objects unloaded after import = 3
========================================================================
Received Import Request.
  Time since last request: 0.000211 seconds.
  path: Assets/Simple Vector Icons/Icons_Black outline/PNG icons_black outline/Body PNG/Brain.png
  artifactKey: Guid(898c9f010b94346bdad31158265dce5f) Importer(815301076,1909f56bfc062723c751e8b465ee728b)
Start importing Assets/Simple Vector Icons/Icons_Black outline/PNG icons_black outline/Body PNG/Brain.png using Guid(898c9f010b94346bdad31158265dce5f) Importer(815301076,1909f56bfc062723c751e8b465ee728b)  -> (artifact id: '8fb8a1aaea1210f8c844df923163b601') in 0.028360 seconds
Number of updated asset objects reloaded before import = 0
Number of asset objects unloaded after import = 3
========================================================================
Received Import Request.
  Time since last request: 0.387111 seconds.
  path: Assets/Simple Vector Icons/Icons_White/PNG icons_white/Body PNG/Brain 1.png
  artifactKey: Guid(929a1d1ae84b9440bb6f0dbf4a4fa6db) Importer(815301076,1909f56bfc062723c751e8b465ee728b)
Start importing Assets/Simple Vector Icons/Icons_White/PNG icons_white/Body PNG/Brain 1.png using Guid(929a1d1ae84b9440bb6f0dbf4a4fa6db) Importer(815301076,1909f56bfc062723c751e8b465ee728b)  -> (artifact id: '0392ae9a78a03ec18f333344d0706416') in 0.025275 seconds
Number of updated asset objects reloaded before import = 0
Number of asset objects unloaded after import = 3
========================================================================
Received Import Request.
  Time since last request: 0.470340 seconds.
  path: Assets/Simple Vector Icons/Icons_White/PNG icons_white/Transport PNG/Brake 1.png
  artifactKey: Guid(02dbb001828f74f4cacdb8aa1c88e85a) Importer(815301076,1909f56bfc062723c751e8b465ee728b)
Start importing Assets/Simple Vector Icons/Icons_White/PNG icons_white/Transport PNG/Brake 1.png using Guid(02dbb001828f74f4cacdb8aa1c88e85a) Importer(815301076,1909f56bfc062723c751e8b465ee728b)  -> (artifact id: 'b4ccf7d5903d17259ec210b00c6e695c') in 0.034579 seconds
Number of updated asset objects reloaded before import = 0
Number of asset objects unloaded after import = 3
Editor requested this worker to shutdown with reason: Scaling down because of idle timeout
TcpMessagingSession - receive error: operation aborted. errorcode: 995, details: I/O-handlingen er blevet afbrudt pga. en afsluttende tråd eller programanmodning.
AssetImportWorker is now disconnected from the server
Process exiting
Exiting without the bug reporter. Application will terminate with return code 0